[22:55:08] ^5[INFO]^7 Aucun joueur à proximité du groupe : ^3facile^7
[22:55:18] ^5[INFO]^7 Aucun joueur à proximité du groupe : ^3facile^7
[22:55:28] ^5[INFO]^7 Aucun joueur à proximité du groupe : ^3facile^7
[22:55:38] ^5[INFO]^7 Aucun joueur à proximité du groupe : ^3facile^7
[22:55:48] ^5[INFO]^7 Aucun joueur à proximité du groupe : ^3facile^7
[22:55:58] ^5[INFO]^7 Aucun joueur à proximité du groupe : ^3facile^7
[22:56:08] ^5[INFO]^7 Aucun joueur à proximité du groupe : ^3facile^7
[22:56:18] ^5[INFO]^7 Aucun joueur à proximité du groupe : ^3facile^7
[22:56:29] ^5[INFO]^7 Aucun joueur à proximité du groupe : ^3facile^7
[22:56:39] ^5[INFO]^7 Aucun joueur à proximité du groupe : ^3facile^7
[22:56:49] ^5[INFO]^7 Aucun joueur à proximité du groupe : ^3facile^7
[22:56:59] ^5[INFO]^7 Aucun joueur à proximité du groupe : ^3facile^7
[22:57:09] ^5[INFO]^7 Aucun joueur à proximité du groupe : ^3facile^7
[22:57:19] ^5[INFO]^7 Aucun joueur à proximité du groupe : ^3facile^7
[22:57:29] ^5[INFO]^7 Aucun joueur à proximité du groupe : ^3facile^7
[22:57:39] ^5[INFO]^7 Aucun joueur à proximité du groupe : ^3facile^7
[22:57:49] ^5[INFO]^7 Aucun joueur à proximité du groupe : ^3facile^7
[22:57:59] ^5[INFO]^7 Aucun joueur à proximité du groupe : ^3facile^7
[22:58:09] ^5[INFO]^7 Aucun joueur à proximité du groupe : ^3facile^7
[22:58:19] ^5[INFO]^7 Aucun joueur à proximité du groupe : ^3facile^7
[22:58:29] ^5[INFO]^7 Aucun joueur à proximité du groupe : ^3facile^7
[22:58:39] ^5[INFO]^7 Aucun joueur à proximité du groupe : ^3facile^7
[22:58:49] ^5[INFO]^7 Aucun joueur à proximité du groupe : ^3facile^7
[22:58:59] ^5[INFO]^7 Aucun joueur à proximité du groupe : ^3facile^7
[22:59:09] ^5[INFO]^7 Aucun joueur à proximité du groupe : ^3facile^7
[22:59:19] ^5[INFO]^7 Aucun joueur à proximité du groupe : ^3facile^7
[22:59:29] ^5[INFO]^7 Aucun joueur à proximité du groupe : ^3facile^7
[22:59:39] ^5[INFO]^7 Aucun joueur à proximité du groupe : ^3facile^7
[22:59:49] ^5[INFO]^7 Aucun joueur à proximité du groupe : ^3facile^7
[22:59:59] ^5[INFO]^7 Aucun joueur à proximité du groupe : ^3facile^7
[23:00:09] ^5[INFO]^7 Aucun joueur à proximité du groupe : ^3facile^7
[23:00:19] ^5[INFO]^7 Aucun joueur à proximité du groupe : ^3facile^7
[23:00:29] ^5[INFO]^7 Aucun joueur à proximité du groupe : ^3facile^7
[23:00:39] ^5[INFO]^7 Aucun joueur à proximité du groupe : ^3facile^7
[23:00:49] ^5[INFO]^7 Aucun joueur à proximité du groupe : ^3facile^7
[23:00:59] ^5[INFO]^7 Aucun joueur à proximité du groupe : ^3facile^7
[23:01:09] ^5[INFO]^7 Aucun joueur à proximité du groupe : ^3facile^7
[23:01:19] ^5[INFO]^7 Aucun joueur à proximité du groupe : ^3facile^7
[23:01:29] ^5[INFO]^7 Aucun joueur à proximité du groupe : ^3facile^7
[23:01:39] ^5[INFO]^7 Aucun joueur à proximité du groupe : ^3facile^7
[23:01:49] ^5[INFO]^7 Aucun joueur à proximité du groupe : ^3facile^7
[23:01:59] ^5[INFO]^7 Aucun joueur à proximité du groupe : ^3facile^7
[23:02:09] ^5[INFO]^7 Aucun joueur à proximité du groupe : ^3facile^7
[23:02:19] ^5[INFO]^7 Aucun joueur à proximité du groupe : ^3facile^7
[23:02:30] ^5[INFO]^7 Aucun joueur à proximité du groupe : ^3facile^7
[23:02:40] ^5[INFO]^7 Aucun joueur à proximité du groupe : ^3facile^7
[23:02:50] ^5[INFO]^7 Aucun joueur à proximité du groupe : ^3facile^7
[23:03:00] ^5[INFO]^7 Aucun joueur à proximité du groupe : ^3facile^7
[23:03:10] ^5[INFO]^7 Aucun joueur à proximité du groupe : ^3facile^7
[23:03:20] ^5[INFO]^7 Aucun joueur à proximité du groupe : ^3facile^7
[23:03:30] ^5[INFO]^7 Aucun joueur à proximité du groupe : ^3facile^7
[23:03:40] ^5[INFO]^7 Aucun joueur à proximité du groupe : ^3facile^7
[23:03:50] ^5[INFO]^7 Aucun joueur à proximité du groupe : ^3facile^7
[23:04:00] ^2[SPAWN]^7 Groupe demandé pour spawn : ^3facile^7
[23:04:00] ^3[CONFIRMATION]^7 Le groupe ^2facile^7 est maintenant ^2ACTIF^7 (confirmation client)
[23:04:10] ^6[ACTIF]^7 Groupe ^3facile^7 encore actif, PNJ restants : ^21^7
[23:04:20] ^6[ACTIF]^7 Groupe ^3facile^7 encore actif, PNJ restants : ^21^7
[23:04:30] ^6[ACTIF]^7 Groupe ^3facile^7 encore actif, PNJ restants : ^21^7
[23:04:35] [SERVER] PNJ BIEN MORT pour le groupe :
[23:04:35] ^6[MORT]^7 PNJ restants pour le groupe ^3facile^7 : ^20^7
[23:04:35] [REWARD] function RewardPlayer lancée pour joueur ID :
[23:04:35] [GIVE] ^2burger^7 donné à ^3Ducratif^7
[23:04:35] ^2[REWARD]^7 Récompenses envoyées à tous les joueurs impliqués.
[23:04:35] [Serveur] Le groupe 'facile' sera réinitialisé dans 1.00 minutes...
[23:04:35] [Serveur] Le groupe 'facile' est déjà en cooldown.
[23:04:35] [Serveur] Le groupe 'facile' est déjà en cooldown.
[23:04:40] ^2[SPAWN]^7 Groupe demandé pour spawn : ^3facile^7
[23:04:40] ^3[CONFIRMATION]^7 Le groupe ^2facile^7 est maintenant ^2ACTIF^7 (confirmation client)
[23:04:50] ^6[ACTIF]^7 Groupe ^3facile^7 encore actif, PNJ restants : ^21^7
[23:05:00] ^6[ACTIF]^7 Groupe ^3facile^7 encore actif, PNJ restants : ^21^7
[23:05:10] ^6[ACTIF]^7 Groupe ^3facile^7 encore actif, PNJ restants : ^21^7
[23:05:20] ^6[ACTIF]^7 Groupe ^3facile^7 encore actif, PNJ restants : ^21^7
[23:05:30] ^6[ACTIF]^7 Groupe ^3facile^7 encore actif, PNJ restants : ^21^7
[23:05:40] ^6[ACTIF]^7 Groupe ^3facile^7 encore actif, PNJ restants : ^21^7
[23:05:50] ^6[ACTIF]^7 Groupe ^3facile^7 encore actif, PNJ restants : ^21^7
[23:06:00] ^6[ACTIF]^7 Groupe ^3facile^7 encore actif, PNJ restants : ^21^7
[23:06:10] ^6[ACTIF]^7 Groupe ^3facile^7 encore actif, PNJ restants : ^21^7
[23:06:20] ^6[ACTIF]^7 Groupe ^3facile^7 encore actif, PNJ restants : ^21^7
[23:06:30] ^6[ACTIF]^7 Groupe ^3facile^7 encore actif, PNJ restants : ^21^7
[23:06:40] ^6[ACTIF]^7 Groupe ^3facile^7 encore actif, PNJ restants : ^21^7
[23:06:50] ^6[ACTIF]^7 Groupe ^3facile^7 encore actif, PNJ restants : ^21^7
[23:07:00] ^6[ACTIF]^7 Groupe ^3facile^7 encore actif, PNJ restants : ^21^7
[23:07:10] ^6[ACTIF]^7 Groupe ^3facile^7 encore actif, PNJ restants : ^21^7
[23:07:20] ^6[ACTIF]^7 Groupe ^3facile^7 encore actif, PNJ restants : ^21^7
[23:07:30] ^6[ACTIF]^7 Groupe ^3facile^7 encore actif, PNJ restants : ^21^7
[23:07:40] ^6[ACTIF]^7 Groupe ^3facile^7 encore actif, PNJ restants : ^21^7
[23:07:50] ^6[ACTIF]^7 Groupe ^3facile^7 encore actif, PNJ restants : ^21^7
[23:08:01] ^6[ACTIF]^7 Groupe ^3facile^7 encore actif, PNJ restants : ^21^7
[23:08:11] ^6[ACTIF]^7 Groupe ^3facile^7 encore actif, PNJ restants : ^21^7
[23:08:21] ^6[ACTIF]^7 Groupe ^3facile^7 encore actif, PNJ restants : ^21^7
[23:08:31] ^6[ACTIF]^7 Groupe ^3facile^7 encore actif, PNJ restants : ^21^7
[23:08:41] ^6[ACTIF]^7 Groupe ^3facile^7 encore actif, PNJ restants : ^21^7
[23:08:51] ^6[ACTIF]^7 Groupe ^3facile^7 encore actif, PNJ restants : ^21^7
[23:09:01] ^6[ACTIF]^7 Groupe ^3facile^7 encore actif, PNJ restants : ^21^7
[23:09:11] ^6[ACTIF]^7 Groupe ^3facile^7 encore actif, PNJ restants : ^21^7
[23:09:21] ^6[ACTIF]^7 Groupe ^3facile^7 encore actif, PNJ restants : ^21^7
[23:09:31] ^6[ACTIF]^7 Groupe ^3facile^7 encore actif, PNJ restants : ^21^7
[23:09:41] ^6[ACTIF]^7 Groupe ^3facile^7 encore actif, PNJ restants : ^21^7
[23:09:51] ^6[ACTIF]^7 Groupe ^3facile^7 encore actif, PNJ restants : ^21^7
[23:10:01] ^6[ACTIF]^7 Groupe ^3facile^7 encore actif, PNJ restants : ^21^7
[23:10:11] ^6[ACTIF]^7 Groupe ^3facile^7 encore actif, PNJ restants : ^21^7
[23:10:21] ^6[ACTIF]^7 Groupe ^3facile^7 encore actif, PNJ restants : ^21^7
[23:10:31] ^6[ACTIF]^7 Groupe ^3facile^7 encore actif, PNJ restants : ^21^7
[23:10:41] ^6[ACTIF]^7 Groupe ^3facile^7 encore actif, PNJ restants : ^21^7
[23:10:51] ^6[ACTIF]^7 Groupe ^3facile^7 encore actif, PNJ restants : ^21^7
[23:11:01] ^6[ACTIF]^7 Groupe ^3facile^7 encore actif, PNJ restants : ^21^7
[23:11:11] ^6[ACTIF]^7 Groupe ^3facile^7 encore actif, PNJ restants : ^21^7
[23:11:21] ^6[ACTIF]^7 Groupe ^3facile^7 encore actif, PNJ restants : ^21^7
[23:11:31] ^6[ACTIF]^7 Groupe ^3facile^7 encore actif, PNJ restants : ^21^7
[23:11:41] ^6[ACTIF]^7 Groupe ^3facile^7 encore actif, PNJ restants : ^21^7
[23:11:51] ^6[ACTIF]^7 Groupe ^3facile^7 encore actif, PNJ restants : ^21^7
[23:12:01] ^6[ACTIF]^7 Groupe ^3facile^7 encore actif, PNJ restants : ^21^7
[23:12:11] ^6[ACTIF]^7 Groupe ^3facile^7 encore actif, PNJ restants : ^21^7
[23:12:21] ^6[ACTIF]^7 Groupe ^3facile^7 encore actif, PNJ restants : ^21^7
[23:12:31] ^6[ACTIF]^7 Groupe ^3facile^7 encore actif, PNJ restants : ^21^7
[23:12:41] ^6[ACTIF]^7 Groupe ^3facile^7 encore actif, PNJ restants : ^21^7
[23:12:51] ^6[ACTIF]^7 Groupe ^3facile^7 encore actif, PNJ restants : ^21^7
[23:13:01] ^6[ACTIF]^7 Groupe ^3facile^7 encore actif, PNJ restants : ^21^7
[23:13:11] ^6[ACTIF]^7 Groupe ^3facile^7 encore actif, PNJ restants : ^21^7
[23:13:21] ^6[ACTIF]^7 Groupe ^3facile^7 encore actif, PNJ restants : ^21^7
[23:13:31] ^6[ACTIF]^7 Groupe ^3facile^7 encore actif, PNJ restants : ^21^7
[23:13:41] ^6[ACTIF]^7 Groupe ^3facile^7 encore actif, PNJ restants : ^21^7
[23:13:51] ^6[ACTIF]^7 Groupe ^3facile^7 encore actif, PNJ restants : ^21^7
[23:14:01] ^6[ACTIF]^7 Groupe ^3facile^7 encore actif, PNJ restants : ^21^7
[23:14:12] ^6[ACTIF]^7 Groupe ^3facile^7 encore actif, PNJ restants : ^21^7
[23:14:22] ^6[ACTIF]^7 Groupe ^3facile^7 encore actif, PNJ restants : ^21^7
[23:14:32] ^6[ACTIF]^7 Groupe ^3facile^7 encore actif, PNJ restants : ^21^7
[23:14:42] ^6[ACTIF]^7 Groupe ^3facile^7 encore actif, PNJ restants : ^21^7
[23:14:52] ^6[ACTIF]^7 Groupe ^3facile^7 encore actif, PNJ restants : ^21^7
[23:15:02] ^6[ACTIF]^7 Groupe ^3facile^7 encore actif, PNJ restants : ^21^7
[23:15:12] ^6[ACTIF]^7 Groupe ^3facile^7 encore actif, PNJ restants : ^21^7
[23:15:22] ^6[ACTIF]^7 Groupe ^3facile^7 encore actif, PNJ restants : ^21^7
[23:15:32] ^6[ACTIF]^7 Groupe ^3facile^7 encore actif, PNJ restants : ^21^7
[23:15:42] ^6[ACTIF]^7 Groupe ^3facile^7 encore actif, PNJ restants : ^21^7
[23:15:52] ^6[ACTIF]^7 Groupe ^3facile^7 encore actif, PNJ restants : ^21^7
[23:16:02] ^6[ACTIF]^7 Groupe ^3facile^7 encore actif, PNJ restants : ^21^7
[23:16:12] ^6[ACTIF]^7 Groupe ^3facile^7 encore actif, PNJ restants : ^21^7
[23:16:22] ^6[ACTIF]^7 Groupe ^3facile^7 encore actif, PNJ restants : ^21^7
[23:16:32] ^6[ACTIF]^7 Groupe ^3facile^7 encore actif, PNJ restants : ^21^7
[23:16:42] ^6[ACTIF]^7 Groupe ^3facile^7 encore actif, PNJ restants : ^21^7
[23:16:52] ^6[ACTIF]^7 Groupe ^3facile^7 encore actif, PNJ restants : ^21^7
[23:17:02] ^6[ACTIF]^7 Groupe ^3facile^7 encore actif, PNJ restants : ^21^7
[23:17:12] ^6[ACTIF]^7 Groupe ^3facile^7 encore actif, PNJ restants : ^21^7
[23:17:22] ^6[ACTIF]^7 Groupe ^3facile^7 encore actif, PNJ restants : ^21^7
[23:17:32] ^6[ACTIF]^7 Groupe ^3facile^7 encore actif, PNJ restants : ^21^7
[23:17:42] ^6[ACTIF]^7 Groupe ^3facile^7 encore actif, PNJ restants : ^21^7
[23:17:52] ^6[ACTIF]^7 Groupe ^3facile^7 encore actif, PNJ restants : ^21^7
[23:18:02] ^6[ACTIF]^7 Groupe ^3facile^7 encore actif, PNJ restants : ^21^7
[23:18:12] ^6[ACTIF]^7 Groupe ^3facile^7 encore actif, PNJ restants : ^21^7
[23:18:22] ^6[ACTIF]^7 Groupe ^3facile^7 encore actif, PNJ restants : ^21^7
[23:18:32] ^6[ACTIF]^7 Groupe ^3facile^7 encore actif, PNJ restants : ^21^7
[23:18:42] ^6[ACTIF]^7 Groupe ^3facile^7 encore actif, PNJ restants : ^21^7
[23:18:52] ^6[ACTIF]^7 Groupe ^3facile^7 encore actif, PNJ restants : ^21^7
[23:19:02] ^6[ACTIF]^7 Groupe ^3facile^7 encore actif, PNJ restants : ^21^7
[23:19:12] ^6[ACTIF]^7 Groupe ^3facile^7 encore actif, PNJ restants : ^21^7
[23:19:22] ^6[ACTIF]^7 Groupe ^3facile^7 encore actif, PNJ restants : ^21^7
[23:19:32] ^6[ACTIF]^7 Groupe ^3facile^7 encore actif, PNJ restants : ^21^7
[23:19:42] ^6[ACTIF]^7 Groupe ^3facile^7 encore actif, PNJ restants : ^21^7
[23:19:52] ^6[ACTIF]^7 Groupe ^3facile^7 encore actif, PNJ restants : ^21^7
[23:20:02] ^6[ACTIF]^7 Groupe ^3facile^7 encore actif, PNJ restants : ^21^7
[23:20:13] ^6[ACTIF]^7 Groupe ^3facile^7 encore actif, PNJ restants : ^21^7
[23:20:23] ^6[ACTIF]^7 Groupe ^3facile^7 encore actif, PNJ restants : ^21^7
[23:20:33] ^6[ACTIF]^7 Groupe ^3facile^7 encore actif, PNJ restants : ^21^7
[23:20:43] ^6[ACTIF]^7 Groupe ^3facile^7 encore actif, PNJ restants : ^21^7
[23:20:53] ^6[ACTIF]^7 Groupe ^3facile^7 encore actif, PNJ restants : ^21^7
[23:21:03] ^6[ACTIF]^7 Groupe ^3facile^7 encore actif, PNJ restants : ^21^7
[23:21:13] ^6[ACTIF]^7 Groupe ^3facile^7 encore actif, PNJ restants : ^21^7
[23:21:23] ^6[ACTIF]^7 Groupe ^3facile^7 encore actif, PNJ restants : ^21^7
[23:21:33] ^6[ACTIF]^7 Groupe ^3facile^7 encore actif, PNJ restants : ^21^7
[23:21:43] ^6[ACTIF]^7 Groupe ^3facile^7 encore actif, PNJ restants : ^21^7
[23:21:53] ^6[ACTIF]^7 Groupe ^3facile^7 encore actif, PNJ restants : ^21^7
[23:22:03] ^6[ACTIF]^7 Groupe ^3facile^7 encore actif, PNJ restants : ^21^7
[23:22:13] ^6[ACTIF]^7 Groupe ^3facile^7 encore actif, PNJ restants : ^21^7
[23:22:23] ^6[ACTIF]^7 Groupe ^3facile^7 encore actif, PNJ restants : ^21^7
[23:22:33] ^6[ACTIF]^7 Groupe ^3facile^7 encore actif, PNJ restants : ^21^7
[23:22:43] ^6[ACTIF]^7 Groupe ^3facile^7 encore actif, PNJ restants : ^21^7
[23:22:53] ^6[ACTIF]^7 Groupe ^3facile^7 encore actif, PNJ restants : ^21^7
[23:23:03] ^6[ACTIF]^7 Groupe ^3facile^7 encore actif, PNJ restants : ^21^7
[23:23:13] ^6[ACTIF]^7 Groupe ^3facile^7 encore actif, PNJ restants : ^21^7
[23:23:23] ^6[ACTIF]^7 Groupe ^3facile^7 encore actif, PNJ restants : ^21^7
[23:23:33] ^6[ACTIF]^7 Groupe ^3facile^7 encore actif, PNJ restants : ^21^7
[23:23:43] ^6[ACTIF]^7 Groupe ^3facile^7 encore actif, PNJ restants : ^21^7
[23:23:53] ^6[ACTIF]^7 Groupe ^3facile^7 encore actif, PNJ restants : ^21^7
[23:24:03] ^6[ACTIF]^7 Groupe ^3facile^7 encore actif, PNJ restants : ^21^7
[23:24:13] ^6[ACTIF]^7 Groupe ^3facile^7 encore actif, PNJ restants : ^21^7
[23:24:23] ^6[ACTIF]^7 Groupe ^3facile^7 encore actif, PNJ restants : ^21^7
[23:24:33] ^6[ACTIF]^7 Groupe ^3facile^7 encore actif, PNJ restants : ^21^7
[23:24:43] ^6[ACTIF]^7 Groupe ^3facile^7 encore actif, PNJ restants : ^21^7
[23:24:53] ^6[ACTIF]^7 Groupe ^3facile^7 encore actif, PNJ restants : ^21^7
[23:25:03] ^6[ACTIF]^7 Groupe ^3facile^7 encore actif, PNJ restants : ^21^7
[23:25:13] ^6[ACTIF]^7 Groupe ^3facile^7 encore actif, PNJ restants : ^21^7
[23:25:23] ^6[ACTIF]^7 Groupe ^3facile^7 encore actif, PNJ restants : ^21^7
[23:25:33] ^6[ACTIF]^7 Groupe ^3facile^7 encore actif, PNJ restants : ^21^7
[23:25:43] ^6[ACTIF]^7 Groupe ^3facile^7 encore actif, PNJ restants : ^21^7
[23:25:53] ^6[ACTIF]^7 Groupe ^3facile^7 encore actif, PNJ restants : ^21^7
[23:26:03] ^6[ACTIF]^7 Groupe ^3facile^7 encore actif, PNJ restants : ^21^7
[23:26:13] ^6[ACTIF]^7 Groupe ^3facile^7 encore actif, PNJ restants : ^21^7
[23:26:23] ^6[ACTIF]^7 Groupe ^3facile^7 encore actif, PNJ restants : ^21^7
[23:26:33] ^6[ACTIF]^7 Groupe ^3facile^7 encore actif, PNJ restants : ^21^7
[23:26:43] ^6[ACTIF]^7 Groupe ^3facile^7 encore actif, PNJ restants : ^21^7
[23:26:51] [INFO] Aucun joueur à proximité du groupe : facile
[23:27:01] [INFO] Aucun joueur à proximité du groupe : facile
[23:27:11] [INFO] Aucun joueur à proximité du groupe : facile
[23:27:22] [INFO] Aucun joueur à proximité du groupe : facile
[23:27:32] [SPAWN] Groupe demandé pour spawn : facile
[23:27:32] [CONFIRMATION] Le groupe facile est maintenant ACTIF (confirmation client)
[23:27:42] [ACTIF] Groupe facile encore actif, PNJ restants : 1
[23:27:52] [ACTIF] Groupe facile encore actif, PNJ restants : 1
[23:28:02] [ACTIF] Groupe facile encore actif, PNJ restants : 1
[23:28:11] [COOLDOWN] Groupe facile terminé, lancement du délai de respawn...
[23:28:11] [COOLDOWN] Groupe facile réinitialisation prévue dans 1.00 minutes
[23:28:12] [SPAWN] Groupe demandé pour spawn : facile
[23:28:12] [CONFIRMATION] Le groupe facile est maintenant ACTIF (confirmation client)
[23:28:22] [ACTIF] Groupe facile encore actif, PNJ restants : 1
[23:28:32] [ACTIF] Groupe facile encore actif, PNJ restants : 1
[23:28:42] [ACTIF] Groupe facile encore actif, PNJ restants : 1
[23:28:52] [ACTIF] Groupe facile encore actif, PNJ restants : 1
[23:29:02] [ACTIF] Groupe facile encore actif, PNJ restants : 1
[23:29:06] [COOLDOWN] Groupe facile terminé, lancement du délai de respawn...
[23:29:06] [COOLDOWN] Groupe facile réinitialisation prévue dans 1.00 minutes
[23:29:11] [READY] Groupe facile prêt pour un nouveau spawn si un joueur est à proximité.
[23:29:12] [SPAWN] Groupe demandé pour spawn : facile
[23:29:12] [CONFIRMATION] Le groupe facile est maintenant ACTIF (confirmation client)
[23:29:17] [SERVER] PNJ BIEN MORT pour le groupe :
[23:29:17] [MORT] PNJ restants pour le groupe facile : 0
[23:29:17] [REWARD] function RewardPlayer lancée pour joueur ID :
[23:29:17] [GIVE] water donné à Ducratif
[23:29:17] [REWARD] Récompenses envoyées à tous les joueurs impliqués.
[23:29:17] [Serveur] Le groupe 'facile' sera réinitialisé dans 1.00 minutes...
[23:29:17] [Serveur] Le groupe 'facile' est déjà marqué comme mort. Il pourra respawn.
[23:29:18] [Serveur] Le groupe 'facile' est déjà marqué comme mort. Il pourra respawn.
[23:29:22] [SPAWN] Groupe demandé pour spawn : facile
[23:29:22] [CONFIRMATION] Le groupe facile est maintenant ACTIF (confirmation client)
[23:29:32] [ACTIF] Groupe facile encore actif, PNJ restants : 1
[23:29:42] [ACTIF] Groupe facile encore actif, PNJ restants : 1
[23:29:52] [ACTIF] Groupe facile encore actif, PNJ restants : 1
[23:30:02] [ACTIF] Groupe facile encore actif, PNJ restants : 1
[23:30:06] [READY] Groupe facile prêt pour un nouveau spawn si un joueur est à proximité.
[23:30:12] [SPAWN] Groupe demandé pour spawn : facile
[23:30:12] [CONFIRMATION] Le groupe facile est maintenant ACTIF (confirmation client)
[23:30:22] [ACTIF] Groupe facile encore actif, PNJ restants : 1
[23:30:32] [ACTIF] Groupe facile encore actif, PNJ restants : 1
[23:30:32] [SERVER] PNJ BIEN MORT pour le groupe :
[23:30:32] [MORT] PNJ restants pour le groupe facile : 0
[23:30:32] [REWARD] function RewardPlayer lancée pour joueur ID :
[23:30:32] [GIVE] water donné à Ducratif
[23:30:32] [GIVE] money donné à Ducratif
[23:30:32] [REWARD] Récompenses envoyées à tous les joueurs impliqués.
[23:30:32] [Serveur] Le groupe 'facile' sera réinitialisé dans 1.00 minutes...
[23:30:32] [Serveur] Le groupe 'facile' est déjà marqué comme mort. Il pourra respawn.
[23:30:32] [Serveur] Le groupe 'facile' est déjà marqué comme mort. Il pourra respawn.
[23:30:33] [Serveur] Le groupe 'facile' est déjà marqué comme mort. Il pourra respawn.
[23:30:34] [SERVER] PNJ BIEN MORT pour le groupe :
[23:30:34] [MORT] PNJ restants pour le groupe facile : -1
[23:30:42] [SPAWN] Groupe demandé pour spawn : facile
[23:30:42] [CONFIRMATION] Le groupe facile est maintenant ACTIF (confirmation client)
[23:30:52] [ACTIF] Groupe facile encore actif, PNJ restants : 1
[23:31:02] [ACTIF] Groupe facile encore actif, PNJ restants : 1
[23:31:12] [ACTIF] Groupe facile encore actif, PNJ restants : 1
[23:31:22] [ACTIF] Groupe facile encore actif, PNJ restants : 1
[23:31:32] [ACTIF] Groupe facile encore actif, PNJ restants : 1
[23:31:42] [ACTIF] Groupe facile encore actif, PNJ restants : 1
[23:31:52] [ACTIF] Groupe facile encore actif, PNJ restants : 1
[23:32:02] [ACTIF] Groupe facile encore actif, PNJ restants : 1
[23:32:12] [ACTIF] Groupe facile encore actif, PNJ restants : 1
[23:32:17] [SERVER] PNJ BIEN MORT pour le groupe :
[23:32:17] [MORT] PNJ restants pour le groupe facile : 0
[23:32:17] [REWARD] function RewardPlayer lancée pour joueur ID :
[23:32:17] [GIVE] burger donné à Ducratif
[23:32:17] [GIVE] burger donné à Ducratif
[23:32:17] [REWARD] Récompenses envoyées à tous les joueurs impliqués.
[23:32:17] [Serveur] Le groupe 'facile' sera réinitialisé dans 1.00 minutes...
[23:32:17] [Serveur] Le groupe 'facile' est déjà marqué comme mort. Il pourra respawn.
[23:32:17] [Serveur] Le groupe 'facile' est déjà marqué comme mort. Il pourra respawn.
[23:32:22] [SPAWN] Groupe demandé pour spawn : facile
[23:32:22] [CONFIRMATION] Le groupe facile est maintenant ACTIF (confirmation client)
[23:32:32] [ACTIF] Groupe facile encore actif, PNJ restants : 1
[23:32:42] [ACTIF] Groupe facile encore actif, PNJ restants : 1
[23:32:52] [ACTIF] Groupe facile encore actif, PNJ restants : 1
[23:33:02] [ACTIF] Groupe facile encore actif, PNJ restants : 1
[23:33:12] [ACTIF] Groupe facile encore actif, PNJ restants : 1
[23:33:22] [ACTIF] Groupe facile encore actif, PNJ restants : 1
[23:33:32] [ACTIF] Groupe facile encore actif, PNJ restants : 1
[23:33:42] [ACTIF] Groupe facile encore actif, PNJ restants : 1
[23:33:53] [ACTIF] Groupe facile encore actif, PNJ restants : 1
[23:34:03] [ACTIF] Groupe facile encore actif, PNJ restants : 1
[23:34:13] [ACTIF] Groupe facile encore actif, PNJ restants : 1
[23:34:23] [ACTIF] Groupe facile encore actif, PNJ restants : 1
[23:34:33] [ACTIF] Groupe facile encore actif, PNJ restants : 1
[23:34:43] [ACTIF] Groupe facile encore actif, PNJ restants : 1
[23:34:53] [ACTIF] Groupe facile encore actif, PNJ restants : 1
[23:34:56] [INFO] Aucun joueur à proximité du groupe : facile
[23:35:06] [INFO] Aucun joueur à proximité du groupe : facile
[23:35:16] [SPAWN] Groupe demandé pour spawn : facile
[23:35:16] [CONFIRMATION] Le groupe facile est maintenant ACTIF (confirmation client)
[23:35:26] [ACTIF] Groupe facile encore actif, PNJ restants : 1
[23:35:36] [ACTIF] Groupe facile encore actif, PNJ restants : 1
[23:35:37] [SERVER] PNJ BIEN MORT pour le groupe :
[23:35:37] [MORT] PNJ restants pour le groupe facile : 0
[23:35:37] [REWARD] function RewardPlayer lancée pour joueur ID :
[23:35:37] [GIVE] money donné à Ducratif
[23:35:37] [GIVE] water donné à Ducratif
[23:35:37] [REWARD] Récompenses envoyées à tous les joueurs impliqués.
[23:35:37] [Serveur] Le groupe 'facile' sera réinitialisé dans 1.00 minutes...
[23:35:37] [Serveur] Le groupe 'facile' est déjà marqué comme mort. Il pourra respawn.
[23:35:38] [Serveur] Le groupe 'facile' est déjà marqué comme mort. Il pourra respawn.
[23:35:46] [SPAWN] Groupe demandé pour spawn : facile
[23:35:47] [CONFIRMATION] Le groupe facile est maintenant ACTIF (confirmation client)
[23:35:56] [ACTIF] Groupe facile encore actif, PNJ restants : 1
[23:36:07] [ACTIF] Groupe facile encore actif, PNJ restants : 1
[23:36:17] [ACTIF] Groupe facile encore actif, PNJ restants : 1
[23:36:27] [ACTIF] Groupe facile encore actif, PNJ restants : 1
[23:36:28] [SERVER] PNJ BIEN MORT pour le groupe :
[23:36:28] [MORT] PNJ restants pour le groupe facile : 0
[23:36:28] [REWARD] function RewardPlayer lancée pour joueur ID :
[23:36:28] [GIVE] money donné à Ducratif
[23:36:28] [GIVE] burger donné à Ducratif
[23:36:28] [REWARD] Récompenses envoyées à tous les joueurs impliqués.
[23:36:28] [Serveur] Le groupe 'facile' sera réinitialisé dans 1.00 minutes...
[23:36:28] [Serveur] Le groupe 'facile' est déjà marqué comme mort. Il pourra respawn.
[23:36:28] [Serveur] Le groupe 'facile' est déjà marqué comme mort. Il pourra respawn.
[23:36:37] [SPAWN] Groupe demandé pour spawn : facile
[23:36:37] [CONFIRMATION] Le groupe facile est maintenant ACTIF (confirmation client)
[23:36:40] [SERVER] PNJ BIEN MORT pour le groupe :
[23:36:40] [MORT] PNJ restants pour le groupe facile : 0
[23:36:40] [REWARD] function RewardPlayer lancée pour joueur ID :
[23:36:40] [GIVE] water donné à Ducratif
[23:36:40] [REWARD] Récompenses envoyées à tous les joueurs impliqués.
[23:36:40] [Serveur] Le groupe 'facile' sera réinitialisé dans 1.00 minutes...
[23:36:40] [Serveur] Le groupe 'facile' est déjà marqué comme mort. Il pourra respawn.
[23:36:41] [Serveur] Le groupe 'facile' est déjà marqué comme mort. Il pourra respawn.
[23:36:47] [SPAWN] Groupe demandé pour spawn : facile
[23:36:47] [CONFIRMATION] Le groupe facile est maintenant ACTIF (confirmation client)
[23:36:57] [ACTIF] Groupe facile encore actif, PNJ restants : 1
[23:37:07] [ACTIF] Groupe facile encore actif, PNJ restants : 1
[23:37:17] [ACTIF] Groupe facile encore actif, PNJ restants : 1
[23:37:27] [ACTIF] Groupe facile encore actif, PNJ restants : 1
[23:37:37] [ACTIF] Groupe facile encore actif, PNJ restants : 1
[23:37:47] [ACTIF] Groupe facile encore actif, PNJ restants : 1
[23:37:57] [ACTIF] Groupe facile encore actif, PNJ restants : 1
[23:38:07] [ACTIF] Groupe facile encore actif, PNJ restants : 1
[23:38:17] [ACTIF] Groupe facile encore actif, PNJ restants : 1
[23:38:27] [ACTIF] Groupe facile encore actif, PNJ restants : 1
[23:38:37] [ACTIF] Groupe facile encore actif, PNJ restants : 1
[23:38:47] [ACTIF] Groupe facile encore actif, PNJ restants : 1
[23:38:57] [ACTIF] Groupe facile encore actif, PNJ restants : 1
[23:39:07] [ACTIF] Groupe facile encore actif, PNJ restants : 1
[23:39:17] [ACTIF] Groupe facile encore actif, PNJ restants : 1
[23:39:27] [ACTIF] Groupe facile encore actif, PNJ restants : 1
[23:39:37] [ACTIF] Groupe facile encore actif, PNJ restants : 1
[23:45:28] [INFO] Aucun joueur à proximité du groupe : facile
[23:45:38] [INFO] Aucun joueur à proximité du groupe : facile
[23:45:48] [INFO] Aucun joueur à proximité du groupe : facile
[23:45:58] [SPAWN] Groupe demandé pour spawn : facile
[23:45:58] [CONFIRMATION] Le groupe facile est maintenant ACTIF (confirmation client)
[23:46:08] [ACTIF] Groupe facile encore actif, PNJ restants : 1
[23:46:10] [COOLDOWN] Groupe facile terminé, lancement du délai de respawn...
[23:46:10] [SERVER] PNJ BIEN MORT pour le groupe :
[23:46:10] [MORT] PNJ restants pour le groupe facile : 0
[23:46:10] [REWARD] function RewardPlayer lancée pour joueur ID :
[23:46:10] [GIVE] water donné à Ducratif
[23:46:10] [REWARD] Récompenses envoyées à tous les joueurs impliqués.
[23:46:10] [Serveur] Le groupe 'facile' sera réinitialisé dans 1.00 minutes...
[23:46:10] [Serveur] Le groupe 'facile' est déjà marqué comme mort. Il pourra respawn.
[23:46:10] [COOLDOWN] Groupe facile réinitialisation prévue dans 1.00 minutes
[23:46:18] [SPAWN] Groupe demandé pour spawn : facile
[23:46:18] [CONFIRMATION] Le groupe facile est maintenant ACTIF (confirmation client)
[23:46:28] [ACTIF] Groupe facile encore actif, PNJ restants : 1
[23:46:38] [ACTIF] Groupe facile encore actif, PNJ restants : 1
[23:46:48] [ACTIF] Groupe facile encore actif, PNJ restants : 1
[23:46:58] [ACTIF] Groupe facile encore actif, PNJ restants : 1
[23:47:08] [ACTIF] Groupe facile encore actif, PNJ restants : 1
[23:47:10] [READY] Groupe facile prêt pour un nouveau spawn si un joueur est à proximité.
[23:47:18] [SPAWN] Groupe demandé pour spawn : facile
[23:47:18] [CONFIRMATION] Le groupe facile est maintenant ACTIF (confirmation client)
[23:47:28] [ACTIF] Groupe facile encore actif, PNJ restants : 1
[23:47:38] [ACTIF] Groupe facile encore actif, PNJ restants : 1
[23:47:48] [ACTIF] Groupe facile encore actif, PNJ restants : 1
[23:47:58] [ACTIF] Groupe facile encore actif, PNJ restants : 1
[23:47:59] [COOLDOWN] Groupe facile terminé, lancement du délai de respawn...
[23:47:59] [SERVER] PNJ BIEN MORT pour le groupe :
[23:47:59] [MORT] PNJ restants pour le groupe facile : 0
[23:47:59] [REWARD] function RewardPlayer lancée pour joueur ID :
[23:47:59] [GIVE] money donné à Ducratif
[23:47:59] [GIVE] water donné à Ducratif
[23:47:59] [REWARD] Récompenses envoyées à tous les joueurs impliqués.
[23:47:59] [Serveur] Le groupe 'facile' sera réinitialisé dans 1.00 minutes...
[23:47:59] [Serveur] Le groupe 'facile' est déjà marqué comme mort. Il pourra respawn.
[23:47:59] [COOLDOWN] Groupe facile réinitialisation prévue dans 1.00 minutes
[23:47:59] [Serveur] Le groupe 'facile' est déjà marqué comme mort. Il pourra respawn.
[23:48:00] [SERVER] PNJ BIEN MORT pour le groupe :
[23:48:00] [MORT] PNJ restants pour le groupe facile : -1
[23:48:08] [SPAWN] Groupe demandé pour spawn : facile
[23:48:08] [CONFIRMATION] Le groupe facile est maintenant ACTIF (confirmation client)
[23:48:18] [ACTIF] Groupe facile encore actif, PNJ restants : 1
[23:48:28] [ACTIF] Groupe facile encore actif, PNJ restants : 1
[23:48:38] [SERVER] PNJ BIEN MORT pour le groupe :
[23:48:38] [MORT] PNJ restants pour le groupe facile : 0
[23:48:38] [REWARD] function RewardPlayer lancée pour joueur ID :
[23:48:38] [GIVE] water donné à Ducratif
[23:48:38] [REWARD] Récompenses envoyées à tous les joueurs impliqués.
[23:48:38] [Serveur] Le groupe 'facile' sera réinitialisé dans 1.00 minutes...
[23:48:38] [Serveur] Le groupe 'facile' est déjà marqué comme mort. Il pourra respawn.
[23:48:39] [SPAWN] Groupe demandé pour spawn : facile
[23:48:39] [CONFIRMATION] Le groupe facile est maintenant ACTIF (confirmation client)
[23:48:41] [COOLDOWN] Groupe facile terminé, lancement du délai de respawn...
[23:48:41] [COOLDOWN] Groupe facile réinitialisation prévue dans 1.00 minutes
[23:48:41] [SERVER] PNJ BIEN MORT pour le groupe :
[23:48:41] [MORT] PNJ restants pour le groupe facile : 0
[23:48:41] [REWARD] function RewardPlayer lancée pour joueur ID :
[23:48:41] [GIVE] burger donné à Ducratif
[23:48:41] [GIVE] water donné à Ducratif
[23:48:41] [REWARD] Récompenses envoyées à tous les joueurs impliqués.
[23:48:41] [Serveur] Le groupe 'facile' sera réinitialisé dans 1.00 minutes...
[23:48:41] [Serveur] Le groupe 'facile' est déjà marqué comme mort. Il pourra respawn.
[23:48:41] [Serveur] Le groupe 'facile' est déjà marqué comme mort. Il pourra respawn.
[23:48:49] [SPAWN] Groupe demandé pour spawn : facile
[23:48:49] [CONFIRMATION] Le groupe facile est maintenant ACTIF (confirmation client)
[23:48:51] [SERVER] PNJ BIEN MORT pour le groupe :
[23:48:51] [MORT] PNJ restants pour le groupe facile : 0
[23:48:51] [REWARD] function RewardPlayer lancée pour joueur ID :
[23:48:51] [GIVE] ammo-shotgun donné à Ducratif
[23:48:51] [GIVE] ammo-sniper donné à Ducratif
[23:48:51] [GIVE] burger donné à Ducratif
[23:48:51] [GIVE] water donné à Ducratif
[23:48:51] [REWARD] Récompenses envoyées à tous les joueurs impliqués.
[23:48:51] [Serveur] Le groupe 'facile' sera réinitialisé dans 1.00 minutes...
[23:48:51] [Serveur] Le groupe 'facile' est déjà marqué comme mort. Il pourra respawn.
[23:48:52] [Serveur] Le groupe 'facile' est déjà marqué comme mort. Il pourra respawn.
[23:48:59] [SPAWN] Groupe demandé pour spawn : facile
[23:48:59] [CONFIRMATION] Le groupe facile est maintenant ACTIF (confirmation client)
[23:48:59] [READY] Groupe facile prêt pour un nouveau spawn si un joueur est à proximité.
[23:49:02] [SERVER] PNJ BIEN MORT pour le groupe :
[23:49:02] [SERVER] Le groupe
[23:49:03] [Serveur] Le groupe 'facile' n'existe pas ou a déjà été supprimé.
[23:49:09] [SPAWN] Groupe demandé pour spawn : facile
[23:49:09] [CONFIRMATION] Le groupe facile est maintenant ACTIF (confirmation client)
[23:49:19] [SERVER] PNJ BIEN MORT pour le groupe :
[23:49:19] [MORT] PNJ restants pour le groupe facile : 0
[23:49:19] [REWARD] function RewardPlayer lancée pour joueur ID :
[23:49:19] [GIVE] money donné à Ducratif
[23:49:19] [GIVE] burger donné à Ducratif
[23:49:19] [GIVE] burger donné à Ducratif
[23:49:19] [REWARD] Récompenses envoyées à tous les joueurs impliqués.
[23:49:19] [Serveur] Le groupe 'facile' sera réinitialisé dans 1.00 minutes...
[23:49:19] [Serveur] Le groupe 'facile' est déjà marqué comme mort. Il pourra respawn.
[23:49:19] [SPAWN] Groupe demandé pour spawn : facile
[23:49:19] [CONFIRMATION] Le groupe facile est maintenant ACTIF (confirmation client)
[23:49:24] [SERVER] PNJ BIEN MORT pour le groupe :
[23:49:24] [MORT] PNJ restants pour le groupe facile : 0
[23:49:24] [REWARD] function RewardPlayer lancée pour joueur ID :
[23:49:24] [GIVE] water donné à Ducratif
[23:49:24] [REWARD] Récompenses envoyées à tous les joueurs impliqués.
[23:49:24] [Serveur] Le groupe 'facile' sera réinitialisé dans 1.00 minutes...
[23:49:24] [Serveur] Le groupe 'facile' est déjà marqué comme mort. Il pourra respawn.
[23:49:25] [Serveur] Le groupe 'facile' est déjà marqué comme mort. Il pourra respawn.
[23:49:25] [Serveur] Le groupe 'facile' est déjà marqué comme mort. Il pourra respawn.
[23:49:29] [SPAWN] Groupe demandé pour spawn : facile
[23:49:29] [CONFIRMATION] Le groupe facile est maintenant ACTIF (confirmation client)
[23:49:39] [ACTIF] Groupe facile encore actif, PNJ restants : 1
[23:49:41] [READY] Groupe facile prêt pour un nouveau spawn si un joueur est à proximité.
[23:49:49] [SPAWN] Groupe demandé pour spawn : facile
[23:49:49] [CONFIRMATION] Le groupe facile est maintenant ACTIF (confirmation client)
[23:49:59] [ACTIF] Groupe facile encore actif, PNJ restants : 1
[23:50:09] [ACTIF] Groupe facile encore actif, PNJ restants : 1
[23:50:19] [ACTIF] Groupe facile encore actif, PNJ restants : 1
[23:50:29] [ACTIF] Groupe facile encore actif, PNJ restants : 1
[23:50:39] [ACTIF] Groupe facile encore actif, PNJ restants : 1
[23:50:49] [ACTIF] Groupe facile encore actif, PNJ restants : 1
[23:50:59] [ACTIF] Groupe facile encore actif, PNJ restants : 1
[23:51:09] [ACTIF] Groupe facile encore actif, PNJ restants : 1
[23:51:19] [ACTIF] Groupe facile encore actif, PNJ restants : 1
[23:51:29] [ACTIF] Groupe facile encore actif, PNJ restants : 1
[23:51:39] [ACTIF] Groupe facile encore actif, PNJ restants : 1
[23:51:49] [ACTIF] Groupe facile encore actif, PNJ restants : 1
[23:51:59] [ACTIF] Groupe facile encore actif, PNJ restants : 1
[23:52:09] [ACTIF] Groupe facile encore actif, PNJ restants : 1
[23:52:19] [ACTIF] Groupe facile encore actif, PNJ restants : 1
[23:52:29] [ACTIF] Groupe facile encore actif, PNJ restants : 1
[23:52:39] [ACTIF] Groupe facile encore actif, PNJ restants : 1
[23:52:49] [ACTIF] Groupe facile encore actif, PNJ restants : 1
[23:52:59] [ACTIF] Groupe facile encore actif, PNJ restants : 1
[23:53:09] [ACTIF] Groupe facile encore actif, PNJ restants : 1
[23:53:19] [ACTIF] Groupe facile encore actif, PNJ restants : 1
[23:53:29] [ACTIF] Groupe facile encore actif, PNJ restants : 1
[23:53:39] [ACTIF] Groupe facile encore actif, PNJ restants : 1
[23:53:49] [ACTIF] Groupe facile encore actif, PNJ restants : 1
[23:53:59] [ACTIF] Groupe facile encore actif, PNJ restants : 1
[23:54:10] [ACTIF] Groupe facile encore actif, PNJ restants : 1
[23:54:20] [ACTIF] Groupe facile encore actif, PNJ restants : 1
[23:54:30] [ACTIF] Groupe facile encore actif, PNJ restants : 1
[23:54:40] [ACTIF] Groupe facile encore actif, PNJ restants : 1
[23:54:50] [ACTIF] Groupe facile encore actif, PNJ restants : 1
[23:55:00] [ACTIF] Groupe facile encore actif, PNJ restants : 1
[23:55:10] [ACTIF] Groupe facile encore actif, PNJ restants : 1
[23:55:20] [ACTIF] Groupe facile encore actif, PNJ restants : 1
[23:55:30] [ACTIF] Groupe facile encore actif, PNJ restants : 1
[23:55:40] [ACTIF] Groupe facile encore actif, PNJ restants : 1
[23:55:50] [ACTIF] Groupe facile encore actif, PNJ restants : 1
[23:56:00] [ACTIF] Groupe facile encore actif, PNJ restants : 1
[23:56:10] [ACTIF] Groupe facile encore actif, PNJ restants : 1
[23:56:20] [ACTIF] Groupe facile encore actif, PNJ restants : 1
[23:56:30] [ACTIF] Groupe facile encore actif, PNJ restants : 1
[23:56:40] [ACTIF] Groupe facile encore actif, PNJ restants : 1
[23:56:50] [ACTIF] Groupe facile encore actif, PNJ restants : 1
[23:57:00] [ACTIF] Groupe facile encore actif, PNJ restants : 1
[23:57:10] [ACTIF] Groupe facile encore actif, PNJ restants : 1
[23:57:20] [ACTIF] Groupe facile encore actif, PNJ restants : 1
[23:57:27] [INFO] Aucun joueur à proximité du groupe : facile
[23:57:37] [INFO] Aucun joueur à proximité du groupe : facile
[23:57:47] [SPAWN] Groupe demandé pour spawn : facile
[23:57:47] [CONFIRMATION] Le groupe facile est maintenant ACTIF (confirmation client)
[23:57:57] [ACTIF] Groupe facile encore actif, PNJ restants : 1
[23:58:07] [ACTIF] Groupe facile encore actif, PNJ restants : 1
[23:58:15] [COOLDOWN] Groupe facile terminé, lancement du délai de respawn...
[23:58:15] [Serveur] Le groupe 'facile' est déjà en cooldown.
[23:58:15] [COOLDOWN] Groupe facile réinitialisation prévue dans 1.00 minutes
[23:58:16] [SERVER] PNJ BIEN MORT pour le groupe :
[23:58:16] [MORT] PNJ restants pour le groupe facile : 0
[23:58:16] [REWARD] function RewardPlayer lancée pour joueur ID :
[23:58:16] [GIVE] water donné à Ducratif
[23:58:16] [REWARD] Récompenses envoyées à tous les joueurs impliqués.
[23:58:16] [Serveur] Le groupe 'facile' sera réinitialisé dans 1.00 minutes...
[23:58:16] [Serveur] Le groupe 'facile' est déjà marqué comme mort. Il pourra respawn.
[23:58:17] [SPAWN] Groupe demandé pour spawn : facile
[23:58:17] [CONFIRMATION] Le groupe facile est maintenant ACTIF (confirmation client)
[23:58:27] [ACTIF] Groupe facile encore actif, PNJ restants : 1
[23:58:37] [ACTIF] Groupe facile encore actif, PNJ restants : 1
[23:58:47] [ACTIF] Groupe facile encore actif, PNJ restants : 1
[23:58:57] [ACTIF] Groupe facile encore actif, PNJ restants : 1
[23:59:07] [ACTIF] Groupe facile encore actif, PNJ restants : 1
[23:59:15] [READY] Groupe facile prêt pour un nouveau spawn si un joueur est à proximité.
[23:59:17] [SPAWN] Groupe demandé pour spawn : facile
[23:59:17] [CONFIRMATION] Le groupe facile est maintenant ACTIF (confirmation client)
[23:59:27] [ACTIF] Groupe facile encore actif, PNJ restants : 1
[23:59:37] [ACTIF] Groupe facile encore actif, PNJ restants : 1
[23:59:47] [ACTIF] Groupe facile encore actif, PNJ restants : 1
[23:59:57] [ACTIF] Groupe facile encore actif, PNJ restants : 1
