[20:36:06] [CHECK] Joueur 1 est à 1569.42 mètres du groupe ghost
[20:36:06] [CHECK] Joueur 1 est à 1654.40 mètres du groupe facile
[20:36:06] [CHECK] Joueur 1 est à 1343.94 mètres du groupe rude
[20:36:16] [CHECK] Joueur 1 est à 262.40 mètres du groupe ghost
[20:36:16] [CHECK] Joueur 1 est à 462.82 mètres du groupe facile
[20:36:16] [CHECK] Joueur 1 est à 146.54 mètres du groupe rude
[20:36:26] [CHECK] Joueur 1 est à 263.56 mètres du groupe ghost
[20:36:26] [CHECK] Joueur 1 est à 464.18 mètres du groupe facile
[20:36:26] [CHECK] Joueur 1 est à 151.06 mètres du groupe rude
[20:36:36] [CHECK] Joueur 1 est à 262.22 mètres du groupe ghost
[20:36:36] [CHECK] Joueur 1 est à 463.22 mètres du groupe facile
[20:36:36] [CHECK] Joueur 1 est à 160.92 mètres du groupe rude
[20:36:46] [CHECK] Joueur 1 est à 253.02 mètres du groupe ghost
[20:36:46] [CHECK] Joueur 1 est à 365.88 mètres du groupe facile
[20:36:46] [CHECK] Joueur 1 est à 155.44 mètres du groupe rude
[20:36:56] [CHECK] Joueur 1 est à 517.72 mètres du groupe ghost
[20:36:57] [CHECK] Joueur 1 est à 585.72 mètres du groupe facile
[20:36:57] [CHECK] Joueur 1 est à 365.42 mètres du groupe rude
[20:37:07] [CHECK] Joueur 1 est à 794.36 mètres du groupe ghost
[20:37:07] [CHECK] Joueur 1 est à 899.06 mètres du groupe facile
[20:37:07] [CHECK] Joueur 1 est à 566.14 mètres du groupe rude
[20:37:17] [CHECK] Joueur 1 est à 1025.54 mètres du groupe ghost
[20:37:17] [CHECK] Joueur 1 est à 1139.68 mètres du groupe facile
[20:37:17] [CHECK] Joueur 1 est à 782.50 mètres du groupe rude
[20:37:27] [CHECK] Joueur 1 est à 1129.56 mètres du groupe ghost
[20:37:27] [CHECK] Joueur 1 est à 1248.18 mètres du groupe facile
[20:37:27] [CHECK] Joueur 1 est à 882.22 mètres du groupe rude
[20:37:37] [CHECK] Joueur 1 est à 1185.94 mètres du groupe ghost
[20:37:37] [CHECK] Joueur 1 est à 1324.78 mètres du groupe facile
[20:37:37] [CHECK] Joueur 1 est à 925.54 mètres du groupe rude
[20:37:47] [CHECK] Joueur 1 est à 1229.60 mètres du groupe ghost
[20:37:47] [CHECK] Joueur 1 est à 1391.34 mètres du groupe facile
[20:37:47] [CHECK] Joueur 1 est à 962.98 mètres du groupe rude
[20:37:57] [CHECK] Joueur 1 est à 1323.68 mètres du groupe ghost
[20:37:57] [CHECK] Joueur 1 est à 1483.84 mètres du groupe facile
[20:37:57] [CHECK] Joueur 1 est à 1057.02 mètres du groupe rude
[20:38:07] [CHECK] Joueur 1 est à 1336.52 mètres du groupe ghost
[20:38:07] [CHECK] Joueur 1 est à 1484.20 mètres du groupe facile
[20:38:07] [CHECK] Joueur 1 est à 1072.12 mètres du groupe rude
[20:38:17] [CHECK] Joueur 1 est à 1336.52 mètres du groupe ghost
[20:38:17] [CHECK] Joueur 1 est à 1484.20 mètres du groupe facile
[20:38:17] [CHECK] Joueur 1 est à 1072.12 mètres du groupe rude
[20:38:27] [CHECK] Joueur 1 est à 1336.52 mètres du groupe ghost
[20:38:27] [CHECK] Joueur 1 est à 1484.20 mètres du groupe facile
[20:38:27] [CHECK] Joueur 1 est à 1072.12 mètres du groupe rude
[20:38:37] [CHECK] Joueur 1 est à 1336.52 mètres du groupe ghost
[20:38:37] [CHECK] Joueur 1 est à 1484.20 mètres du groupe facile
[20:38:37] [CHECK] Joueur 1 est à 1072.12 mètres du groupe rude
[20:38:47] [CHECK] Joueur 1 est à 1336.52 mètres du groupe ghost
[20:38:47] [CHECK] Joueur 1 est à 1484.20 mètres du groupe facile
[20:38:47] [CHECK] Joueur 1 est à 1072.12 mètres du groupe rude
[20:38:57] [CHECK] Joueur 1 est à 1336.52 mètres du groupe ghost
[20:38:57] [CHECK] Joueur 1 est à 1484.20 mètres du groupe facile
[20:38:57] [CHECK] Joueur 1 est à 1072.12 mètres du groupe rude
[20:39:07] [CHECK] Joueur 1 est à 1336.52 mètres du groupe ghost
[20:39:07] [CHECK] Joueur 1 est à 1484.20 mètres du groupe facile
[20:39:07] [CHECK] Joueur 1 est à 1072.12 mètres du groupe rude
[20:39:17] [CHECK] Joueur 1 est à 1336.52 mètres du groupe ghost
[20:39:17] [CHECK] Joueur 1 est à 1484.20 mètres du groupe facile
[20:39:17] [CHECK] Joueur 1 est à 1072.12 mètres du groupe rude
[20:39:27] [CHECK] Joueur 1 est à 1336.52 mètres du groupe ghost
[20:39:27] [CHECK] Joueur 1 est à 1484.20 mètres du groupe facile
[20:39:27] [CHECK] Joueur 1 est à 1072.12 mètres du groupe rude
[20:39:37] [CHECK] Joueur 1 est à 1357.62 mètres du groupe ghost
[20:39:37] [CHECK] Joueur 1 est à 1494.06 mètres du groupe facile
[20:39:37] [CHECK] Joueur 1 est à 1097.52 mètres du groupe rude
[20:39:47] [CHECK] Joueur 1 est à 1357.62 mètres du groupe ghost
[20:39:47] [CHECK] Joueur 1 est à 1493.64 mètres du groupe facile
[20:39:47] [CHECK] Joueur 1 est à 1097.74 mètres du groupe rude
[20:39:57] [CHECK] Joueur 1 est à 1231.98 mètres du groupe ghost
[20:39:57] [CHECK] Joueur 1 est à 1339.74 mètres du groupe facile
[20:39:57] [CHECK] Joueur 1 est à 991.16 mètres du groupe rude
[20:40:07] [CHECK] Joueur 1 est à 1278.38 mètres du groupe ghost
[20:40:07] [CHECK] Joueur 1 est à 1347.34 mètres du groupe facile
[20:40:07] [CHECK] Joueur 1 est à 1071.74 mètres du groupe rude
[20:40:17] [CHECK] Joueur 1 est à 1492.12 mètres du groupe ghost
[20:40:17] [CHECK] Joueur 1 est à 1543.96 mètres du groupe facile
[20:40:17] [CHECK] Joueur 1 est à 1299.10 mètres du groupe rude
[20:40:27] [CHECK] Joueur 1 est à 1437.74 mètres du groupe ghost
[20:40:27] [CHECK] Joueur 1 est à 1495.82 mètres du groupe facile
[20:40:27] [CHECK] Joueur 1 est à 1239.06 mètres du groupe rude
[20:40:37] [CHECK] Joueur 1 est à 1388.22 mètres du groupe ghost
[20:40:37] [CHECK] Joueur 1 est à 1451.10 mètres du groupe facile
[20:40:37] [CHECK] Joueur 1 est à 1185.62 mètres du groupe rude
[20:40:47] [CHECK] Joueur 1 est à 1378.44 mètres du groupe ghost
[20:40:47] [CHECK] Joueur 1 est à 1438.68 mètres du groupe facile
[20:40:47] [CHECK] Joueur 1 est à 1178.70 mètres du groupe rude
[20:40:57] [CHECK] Joueur 1 est à 1396.02 mètres du groupe ghost
[20:40:57] [CHECK] Joueur 1 est à 1457.24 mètres du groupe facile
[20:40:57] [CHECK] Joueur 1 est à 1194.94 mètres du groupe rude
[20:41:07] [CHECK] Joueur 1 est à 1392.66 mètres du groupe ghost
[20:41:07] [CHECK] Joueur 1 est à 1455.14 mètres du groupe facile
[20:41:07] [CHECK] Joueur 1 est à 1190.38 mètres du groupe rude
[20:41:17] [CHECK] Joueur 1 est à 1493.42 mètres du groupe ghost
[20:41:17] [CHECK] Joueur 1 est à 1544.98 mètres du groupe facile
[20:41:17] [CHECK] Joueur 1 est à 1300.44 mètres du groupe rude
[20:41:27] [CHECK] Joueur 1 est à 1407.96 mètres du groupe ghost
[20:41:27] [CHECK] Joueur 1 est à 1433.28 mètres du groupe facile
[20:41:27] [CHECK] Joueur 1 est à 1245.24 mètres du groupe rude
[20:41:37] [CHECK] Joueur 1 est à 1662.40 mètres du groupe ghost
[20:41:37] [CHECK] Joueur 1 est à 1660.52 mètres du groupe facile
[20:41:37] [CHECK] Joueur 1 est à 1525.82 mètres du groupe rude
[20:41:47] [CHECK] Joueur 1 est à 1767.16 mètres du groupe ghost
[20:41:47] [CHECK] Joueur 1 est à 1756.58 mètres du groupe facile
[20:41:47] [CHECK] Joueur 1 est à 1639.10 mètres du groupe rude
[20:41:57] [CHECK] Joueur 1 est à 1932.06 mètres du groupe ghost
[20:41:57] [CHECK] Joueur 1 est à 1884.78 mètres du groupe facile
[20:41:57] [CHECK] Joueur 1 est à 1847.32 mètres du groupe rude
[20:42:07] [CHECK] Joueur 1 est à 2068.90 mètres du groupe ghost
[20:42:07] [CHECK] Joueur 1 est à 2000.04 mètres du groupe facile
[20:42:07] [CHECK] Joueur 1 est à 2011.02 mètres du groupe rude
[20:42:17] [CHECK] Joueur 1 est à 2010.14 mètres du groupe ghost
[20:42:17] [CHECK] Joueur 1 est à 1934.34 mètres du groupe facile
[20:42:17] [CHECK] Joueur 1 est à 1962.74 mètres du groupe rude
[20:42:28] [CHECK] Joueur 1 est à 2059.16 mètres du groupe ghost
[20:42:28] [CHECK] Joueur 1 est à 1977.26 mètres du groupe facile
[20:42:28] [CHECK] Joueur 1 est à 2019.60 mètres du groupe rude
[20:42:38] [CHECK] Joueur 1 est à 2192.34 mètres du groupe ghost
[20:42:38] [CHECK] Joueur 1 est à 2105.28 mètres du groupe facile
[20:42:38] [CHECK] Joueur 1 est à 2159.42 mètres du groupe rude
[20:42:48] [CHECK] Joueur 1 est à 2511.30 mètres du groupe ghost
[20:42:48] [CHECK] Joueur 1 est à 2431.60 mètres du groupe facile
[20:42:48] [CHECK] Joueur 1 est à 2464.56 mètres du groupe rude
[20:42:58] [CHECK] Joueur 1 est à 2751.46 mètres du groupe ghost
[20:42:58] [CHECK] Joueur 1 est à 2676.70 mètres du groupe facile
[20:42:58] [CHECK] Joueur 1 est à 2694.58 mètres du groupe rude
[20:43:08] [CHECK] Joueur 1 est à 2748.14 mètres du groupe ghost
[20:43:08] [CHECK] Joueur 1 est à 2671.24 mètres du groupe facile
[20:43:08] [CHECK] Joueur 1 est à 2694.28 mètres du groupe rude
[20:43:18] [CHECK] Joueur 1 est à 2748.14 mètres du groupe ghost
[20:43:18] [CHECK] Joueur 1 est à 2671.24 mètres du groupe facile
[20:43:18] [CHECK] Joueur 1 est à 2694.28 mètres du groupe rude
[20:43:28] [CHECK] Joueur 1 est à 2748.14 mètres du groupe ghost
[20:43:28] [CHECK] Joueur 1 est à 2671.24 mètres du groupe facile
[20:43:28] [CHECK] Joueur 1 est à 2694.28 mètres du groupe rude
[20:43:38] [CHECK] Joueur 1 est à 2748.14 mètres du groupe ghost
[20:43:38] [CHECK] Joueur 1 est à 2671.24 mètres du groupe facile
[20:43:38] [CHECK] Joueur 1 est à 2694.28 mètres du groupe rude
[20:43:48] [CHECK] Joueur 1 est à 2748.14 mètres du groupe ghost
[20:43:48] [CHECK] Joueur 1 est à 2671.24 mètres du groupe facile
[20:43:48] [CHECK] Joueur 1 est à 2694.28 mètres du groupe rude
[20:43:58] [CHECK] Joueur 1 est à 2748.14 mètres du groupe ghost
[20:43:58] [CHECK] Joueur 1 est à 2671.24 mètres du groupe facile
[20:43:58] [CHECK] Joueur 1 est à 2694.28 mètres du groupe rude
[20:44:08] [CHECK] Joueur 1 est à 2748.14 mètres du groupe ghost
[20:44:08] [CHECK] Joueur 1 est à 2671.24 mètres du groupe facile
[20:44:08] [CHECK] Joueur 1 est à 2694.28 mètres du groupe rude
[20:44:18] [CHECK] Joueur 1 est à 2748.14 mètres du groupe ghost
[20:44:18] [CHECK] Joueur 1 est à 2671.24 mètres du groupe facile
[20:44:18] [CHECK] Joueur 1 est à 2694.28 mètres du groupe rude
[20:44:28] [CHECK] Joueur 1 est à 2748.14 mètres du groupe ghost
[20:44:28] [CHECK] Joueur 1 est à 2671.24 mètres du groupe facile
[20:44:28] [CHECK] Joueur 1 est à 2694.28 mètres du groupe rude
[20:44:38] [CHECK] Joueur 1 est à 2748.14 mètres du groupe ghost
[20:44:38] [CHECK] Joueur 1 est à 2671.24 mètres du groupe facile
[20:44:38] [CHECK] Joueur 1 est à 2694.28 mètres du groupe rude
[20:44:48] [CHECK] Joueur 1 est à 2748.14 mètres du groupe ghost
[20:44:48] [CHECK] Joueur 1 est à 2671.24 mètres du groupe facile
[20:44:48] [CHECK] Joueur 1 est à 2694.28 mètres du groupe rude
[20:44:58] [CHECK] Joueur 1 est à 2748.14 mètres du groupe ghost
[20:44:58] [CHECK] Joueur 1 est à 2671.24 mètres du groupe facile
[20:44:58] [CHECK] Joueur 1 est à 2694.28 mètres du groupe rude
[20:45:08] [CHECK] Joueur 1 est à 2748.14 mètres du groupe ghost
[20:45:08] [CHECK] Joueur 1 est à 2671.24 mètres du groupe facile
[20:45:08] [CHECK] Joueur 1 est à 2694.28 mètres du groupe rude
[20:45:18] [CHECK] Joueur 1 est à 2748.14 mètres du groupe ghost
[20:45:18] [CHECK] Joueur 1 est à 2671.24 mètres du groupe facile
[20:45:18] [CHECK] Joueur 1 est à 2694.28 mètres du groupe rude
[20:45:28] [CHECK] Joueur 1 est à 2748.14 mètres du groupe ghost
[20:45:28] [CHECK] Joueur 1 est à 2671.24 mètres du groupe facile
[20:45:28] [CHECK] Joueur 1 est à 2694.28 mètres du groupe rude
[20:45:38] [CHECK] Joueur 1 est à 2748.14 mètres du groupe ghost
[20:45:38] [CHECK] Joueur 1 est à 2671.24 mètres du groupe facile
[20:45:38] [CHECK] Joueur 1 est à 2694.28 mètres du groupe rude
[20:45:48] [CHECK] Joueur 1 est à 2748.14 mètres du groupe ghost
[20:45:48] [CHECK] Joueur 1 est à 2671.24 mètres du groupe facile
[20:45:48] [CHECK] Joueur 1 est à 2694.28 mètres du groupe rude
[20:45:58] [CHECK] Joueur 1 est à 2748.14 mètres du groupe ghost
[20:45:58] [CHECK] Joueur 1 est à 2671.24 mètres du groupe facile
[20:45:58] [CHECK] Joueur 1 est à 2694.28 mètres du groupe rude
[20:46:08] [CHECK] Joueur 1 est à 2748.14 mètres du groupe ghost
[20:46:08] [CHECK] Joueur 1 est à 2671.24 mètres du groupe facile
[20:46:08] [CHECK] Joueur 1 est à 2694.28 mètres du groupe rude
[20:46:18] [CHECK] Joueur 1 est à 2748.14 mètres du groupe ghost
[20:46:18] [CHECK] Joueur 1 est à 2671.24 mètres du groupe facile
[20:46:18] [CHECK] Joueur 1 est à 2694.28 mètres du groupe rude
[20:46:28] [CHECK] Joueur 1 est à 2748.14 mètres du groupe ghost
[20:46:28] [CHECK] Joueur 1 est à 2671.24 mètres du groupe facile
[20:46:28] [CHECK] Joueur 1 est à 2694.28 mètres du groupe rude
[20:46:38] [CHECK] Joueur 1 est à 2748.14 mètres du groupe ghost
[20:46:38] [CHECK] Joueur 1 est à 2671.24 mètres du groupe facile
[20:46:38] [CHECK] Joueur 1 est à 2694.28 mètres du groupe rude
[20:46:48] [CHECK] Joueur 1 est à 2748.14 mètres du groupe ghost
[20:46:48] [CHECK] Joueur 1 est à 2671.24 mètres du groupe facile
[20:46:48] [CHECK] Joueur 1 est à 2694.28 mètres du groupe rude
[20:46:58] [CHECK] Joueur 1 est à 2748.14 mètres du groupe ghost
[20:46:58] [CHECK] Joueur 1 est à 2671.24 mètres du groupe facile
[20:46:58] [CHECK] Joueur 1 est à 2694.28 mètres du groupe rude
[20:47:09] [CHECK] Joueur 1 est à 2748.14 mètres du groupe ghost
[20:47:09] [CHECK] Joueur 1 est à 2671.24 mètres du groupe facile
[20:47:09] [CHECK] Joueur 1 est à 2694.28 mètres du groupe rude
[20:47:19] [CHECK] Joueur 1 est à 2748.14 mètres du groupe ghost
[20:47:19] [CHECK] Joueur 1 est à 2671.24 mètres du groupe facile
[20:47:19] [CHECK] Joueur 1 est à 2694.28 mètres du groupe rude
[20:47:29] [CHECK] Joueur 1 est à 2713.78 mètres du groupe ghost
[20:47:29] [CHECK] Joueur 1 est à 2626.40 mètres du groupe facile
[20:47:29] [CHECK] Joueur 1 est à 2675.12 mètres du groupe rude
[20:47:39] [CHECK] Joueur 1 est à 2588.22 mètres du groupe ghost
[20:47:39] [CHECK] Joueur 1 est à 2496.78 mètres du groupe facile
[20:47:39] [CHECK] Joueur 1 est à 2556.52 mètres du groupe rude
[20:47:49] [CHECK] Joueur 1 est à 2587.62 mètres du groupe ghost
[20:47:49] [CHECK] Joueur 1 est à 2496.06 mètres du groupe facile
[20:47:49] [CHECK] Joueur 1 est à 2556.08 mètres du groupe rude
[20:47:59] [CHECK] Joueur 1 est à 2586.14 mètres du groupe ghost
[20:47:59] [CHECK] Joueur 1 est à 2494.14 mètres du groupe facile
[20:47:59] [CHECK] Joueur 1 est à 2555.28 mètres du groupe rude
[20:48:09] [CHECK] Joueur 1 est à 2585.44 mètres du groupe ghost
[20:48:09] [CHECK] Joueur 1 est à 2493.50 mètres du groupe facile
[20:48:09] [CHECK] Joueur 1 est à 2554.52 mètres du groupe rude
[20:48:19] [CHECK] Joueur 1 est à 2557.72 mètres du groupe ghost
[20:48:19] [CHECK] Joueur 1 est à 2462.72 mètres du groupe facile
[20:48:19] [CHECK] Joueur 1 est à 2531.54 mètres du groupe rude
[20:48:29] [CHECK] Joueur 1 est à 2658.18 mètres du groupe ghost
[20:48:29] [CHECK] Joueur 1 est à 2569.20 mètres du groupe facile
[20:48:29] [CHECK] Joueur 1 est à 2622.28 mètres du groupe rude
[20:48:39] [CHECK] Joueur 1 est à 2716.96 mètres du groupe ghost
[20:48:39] [CHECK] Joueur 1 est à 2635.02 mètres du groupe facile
[20:48:39] [CHECK] Joueur 1 est à 2670.44 mètres du groupe rude
[20:48:49] [CHECK] Joueur 1 est à 2742.06 mètres du groupe ghost
[20:48:49] [CHECK] Joueur 1 est à 2664.18 mètres du groupe facile
[20:48:49] [CHECK] Joueur 1 est à 2689.60 mètres du groupe rude
[20:48:59] [CHECK] Joueur 1 est à 2743.22 mètres du groupe ghost
[20:48:59] [CHECK] Joueur 1 est à 2665.74 mètres du groupe facile
[20:48:59] [CHECK] Joueur 1 est à 2690.22 mètres du groupe rude
[20:49:09] [CHECK] Joueur 1 est à 2697.68 mètres du groupe ghost
[20:49:09] [CHECK] Joueur 1 est à 2626.68 mètres du groupe facile
[20:49:09] [CHECK] Joueur 1 est à 2635.20 mètres du groupe rude
[20:49:19] [CHECK] Joueur 1 est à 2432.14 mètres du groupe ghost
[20:49:19] [CHECK] Joueur 1 est à 2347.94 mètres du groupe facile
[20:49:19] [CHECK] Joueur 1 est à 2391.40 mètres du groupe rude
[20:49:29] [CHECK] Joueur 1 est à 2101.54 mètres du groupe ghost
[20:49:29] [CHECK] Joueur 1 est à 2014.98 mètres du groupe facile
[20:49:29] [CHECK] Joueur 1 est à 2068.08 mètres du groupe rude
[20:49:39] [CHECK] Joueur 1 est à 1955.56 mètres du groupe ghost
[20:49:39] [CHECK] Joueur 1 est à 1869.90 mètres du groupe facile
[20:49:39] [CHECK] Joueur 1 est à 1922.94 mètres du groupe rude
[20:49:49] [CHECK] Joueur 1 est à 1748.96 mètres du groupe ghost
[20:49:49] [CHECK] Joueur 1 est à 1643.12 mètres du groupe facile
[20:49:49] [CHECK] Joueur 1 est à 1749.66 mètres du groupe rude
[20:49:59] [CHECK] Joueur 1 est à 1593.88 mètres du groupe ghost
[20:49:59] [CHECK] Joueur 1 est à 1476.38 mètres du groupe facile
[20:49:59] [CHECK] Joueur 1 est à 1615.72 mètres du groupe rude
[20:50:09] [CHECK] Joueur 1 est à 1726.24 mètres du groupe ghost
[20:50:09] [CHECK] Joueur 1 est à 1608.54 mètres du groupe facile
[20:50:09] [CHECK] Joueur 1 est à 1745.62 mètres du groupe rude
[20:50:19] [CHECK] Joueur 1 est à 1618.14 mètres du groupe ghost
[20:50:19] [CHECK] Joueur 1 est à 1522.70 mètres du groupe facile
[20:50:19] [CHECK] Joueur 1 est à 1606.16 mètres du groupe rude
[20:50:29] [CHECK] Joueur 1 est à 1604.26 mètres du groupe ghost
[20:50:29] [CHECK] Joueur 1 est à 1508.00 mètres du groupe facile
[20:50:29] [CHECK] Joueur 1 est à 1593.80 mètres du groupe rude
[20:50:39] [CHECK] Joueur 1 est à 1603.86 mètres du groupe ghost
[20:50:39] [CHECK] Joueur 1 est à 1507.58 mètres du groupe facile
[20:50:39] [CHECK] Joueur 1 est à 1593.42 mètres du groupe rude
[20:50:49] [CHECK] Joueur 1 est à 1603.76 mètres du groupe ghost
[20:50:49] [CHECK] Joueur 1 est à 1507.48 mètres du groupe facile
[20:50:49] [CHECK] Joueur 1 est à 1593.32 mètres du groupe rude
[20:50:59] [CHECK] Joueur 1 est à 1601.88 mètres du groupe ghost
[20:50:59] [CHECK] Joueur 1 est à 1505.70 mètres du groupe facile
[20:50:59] [CHECK] Joueur 1 est à 1591.38 mètres du groupe rude
[20:51:09] [CHECK] Joueur 1 est à 1539.96 mètres du groupe ghost
[20:51:09] [CHECK] Joueur 1 est à 1435.80 mètres du groupe facile
[20:51:09] [CHECK] Joueur 1 est à 1542.74 mètres du groupe rude
[20:51:19] [CHECK] Joueur 1 est à 1297.08 mètres du groupe ghost
[20:51:19] [CHECK] Joueur 1 est à 1203.94 mètres du groupe facile
[20:51:19] [CHECK] Joueur 1 est à 1291.02 mètres du groupe rude
[20:51:29] [CHECK] Joueur 1 est à 1080.52 mètres du groupe ghost
[20:51:29] [CHECK] Joueur 1 est à 997.56 mètres du groupe facile
[20:51:29] [CHECK] Joueur 1 est à 1068.58 mètres du groupe rude
[20:51:39] [CHECK] Joueur 1 est à 738.40 mètres du groupe ghost
[20:51:39] [CHECK] Joueur 1 est à 652.06 mètres du groupe facile
[20:51:39] [CHECK] Joueur 1 est à 758.02 mètres du groupe rude
[20:51:49] [CHECK] Joueur 1 est à 523.98 mètres du groupe ghost
[20:51:49] [CHECK] Joueur 1 est à 414.20 mètres du groupe facile
[20:51:49] [CHECK] Joueur 1 est à 604.72 mètres du groupe rude
[20:51:59] [CHECK] Joueur 1 est à 299.50 mètres du groupe ghost
[20:51:59] [CHECK] Joueur 1 est à 162.52 mètres du groupe facile
[20:51:59] [CHECK] Joueur 1 est à 465.80 mètres du groupe rude
[20:52:09] [CHECK] Joueur 1 est à 298.66 mètres du groupe ghost
[20:52:09] [CHECK] Joueur 1 est à 119.18 mètres du groupe facile
[20:52:09] [CHECK] Joueur 1 est à 502.26 mètres du groupe rude
[20:52:19] [CHECK] Joueur 1 est à 309.20 mètres du groupe ghost
[20:52:19] [CHECK] Joueur 1 est à 122.36 mètres du groupe facile
[20:52:19] [CHECK] Joueur 1 est à 518.22 mètres du groupe rude
[20:52:29] [CHECK] Joueur 1 est à 298.00 mètres du groupe ghost
[20:52:29] [CHECK] Joueur 1 est à 118.40 mètres du groupe facile
[20:52:30] [CHECK] Joueur 1 est à 501.82 mètres du groupe rude
[20:52:40] [CHECK] Joueur 1 est à 311.98 mètres du groupe ghost
[20:52:40] [CHECK] Joueur 1 est à 129.06 mètres du groupe facile
[20:52:40] [CHECK] Joueur 1 est à 516.32 mètres du groupe rude
[20:52:50] [CHECK] Joueur 1 est à 366.84 mètres du groupe ghost
[20:52:50] [CHECK] Joueur 1 est à 192.04 mètres du groupe facile
[20:52:50] [CHECK] Joueur 1 est à 554.84 mètres du groupe rude
[20:53:00] [CHECK] Joueur 1 est à 366.84 mètres du groupe ghost
[20:53:00] [CHECK] Joueur 1 est à 192.04 mètres du groupe facile
[20:53:00] [CHECK] Joueur 1 est à 554.84 mètres du groupe rude
[20:53:10] [CHECK] Joueur 1 est à 366.84 mètres du groupe ghost
[20:53:10] [CHECK] Joueur 1 est à 192.04 mètres du groupe facile
[20:53:10] [CHECK] Joueur 1 est à 554.84 mètres du groupe rude
[20:53:20] [CHECK] Joueur 1 est à 366.84 mètres du groupe ghost
[20:53:20] [CHECK] Joueur 1 est à 192.04 mètres du groupe facile
[20:53:20] [CHECK] Joueur 1 est à 554.84 mètres du groupe rude
[20:53:30] [CHECK] Joueur 1 est à 366.84 mètres du groupe ghost
[20:53:30] [CHECK] Joueur 1 est à 192.04 mètres du groupe facile
[20:53:30] [CHECK] Joueur 1 est à 554.84 mètres du groupe rude
[20:53:40] [CHECK] Joueur 1 est à 311.96 mètres du groupe ghost
[20:53:40] [CHECK] Joueur 1 est à 129.04 mètres du groupe facile
[20:53:40] [CHECK] Joueur 1 est à 516.32 mètres du groupe rude
[20:53:50] [CHECK] Joueur 1 est à 366.84 mètres du groupe ghost
[20:53:50] [CHECK] Joueur 1 est à 192.04 mètres du groupe facile
[20:53:50] [CHECK] Joueur 1 est à 554.84 mètres du groupe rude
[20:54:00] [CHECK] Joueur 1 est à 366.84 mètres du groupe ghost
[20:54:00] [CHECK] Joueur 1 est à 192.04 mètres du groupe facile
[20:54:00] [CHECK] Joueur 1 est à 554.84 mètres du groupe rude
[20:54:10] [CHECK] Joueur 1 est à 366.84 mètres du groupe ghost
[20:54:10] [CHECK] Joueur 1 est à 192.04 mètres du groupe facile
[20:54:10] [CHECK] Joueur 1 est à 554.84 mètres du groupe rude
[20:54:20] [CHECK] Joueur 1 est à 366.84 mètres du groupe ghost
[20:54:20] [CHECK] Joueur 1 est à 192.04 mètres du groupe facile
[20:54:20] [CHECK] Joueur 1 est à 554.84 mètres du groupe rude
[20:54:30] [CHECK] Joueur 1 est à 366.84 mètres du groupe ghost
[20:54:30] [CHECK] Joueur 1 est à 192.04 mètres du groupe facile
[20:54:30] [CHECK] Joueur 1 est à 554.84 mètres du groupe rude
[20:54:40] [CHECK] Joueur 1 est à 366.84 mètres du groupe ghost
[20:54:40] [CHECK] Joueur 1 est à 192.04 mètres du groupe facile
[20:54:40] [CHECK] Joueur 1 est à 554.84 mètres du groupe rude
[20:54:50] [CHECK] Joueur 1 est à 366.84 mètres du groupe ghost
[20:54:50] [CHECK] Joueur 1 est à 192.04 mètres du groupe facile
[20:54:50] [CHECK] Joueur 1 est à 554.84 mètres du groupe rude
[20:55:00] [CHECK] Joueur 1 est à 366.84 mètres du groupe ghost
[20:55:00] [CHECK] Joueur 1 est à 192.04 mètres du groupe facile
[20:55:00] [CHECK] Joueur 1 est à 554.84 mètres du groupe rude
[20:55:10] [CHECK] Joueur 1 est à 366.84 mètres du groupe ghost
[20:55:10] [CHECK] Joueur 1 est à 192.04 mètres du groupe facile
[20:55:10] [CHECK] Joueur 1 est à 554.84 mètres du groupe rude
[20:55:20] [CHECK] Joueur 1 est à 310.82 mètres du groupe ghost
[20:55:20] [CHECK] Joueur 1 est à 127.76 mètres du groupe facile
[20:55:20] [CHECK] Joueur 1 est à 515.54 mètres du groupe rude
[20:55:30] [CHECK] Joueur 1 est à 309.88 mètres du groupe ghost
[20:55:30] [CHECK] Joueur 1 est à 126.50 mètres du groupe facile
[20:55:30] [CHECK] Joueur 1 est à 515.08 mètres du groupe rude
[20:55:40] [CHECK] Joueur 1 est à 309.88 mètres du groupe ghost
[20:55:40] [CHECK] Joueur 1 est à 126.50 mètres du groupe facile
[20:55:40] [CHECK] Joueur 1 est à 515.08 mètres du groupe rude
[20:55:50] [CHECK] Joueur 1 est à 309.88 mètres du groupe ghost
[20:55:50] [CHECK] Joueur 1 est à 126.50 mètres du groupe facile
[20:55:50] [CHECK] Joueur 1 est à 515.08 mètres du groupe rude
[20:56:00] [CHECK] Joueur 1 est à 309.88 mètres du groupe ghost
[20:56:00] [CHECK] Joueur 1 est à 126.50 mètres du groupe facile
[20:56:00] [CHECK] Joueur 1 est à 515.08 mètres du groupe rude
[20:56:10] [CHECK] Joueur 1 est à 309.88 mètres du groupe ghost
[20:56:10] [CHECK] Joueur 1 est à 126.50 mètres du groupe facile
[20:56:10] [CHECK] Joueur 1 est à 515.08 mètres du groupe rude
[20:56:20] [CHECK] Joueur 1 est à 309.88 mètres du groupe ghost
[20:56:20] [CHECK] Joueur 1 est à 126.50 mètres du groupe facile
[20:56:20] [CHECK] Joueur 1 est à 515.08 mètres du groupe rude
[20:56:30] [CHECK] Joueur 1 est à 309.88 mètres du groupe ghost
[20:56:30] [CHECK] Joueur 1 est à 126.50 mètres du groupe facile
[20:56:30] [CHECK] Joueur 1 est à 515.08 mètres du groupe rude
[20:56:40] [CHECK] Joueur 1 est à 309.88 mètres du groupe ghost
[20:56:40] [CHECK] Joueur 1 est à 126.50 mètres du groupe facile
[20:56:40] [CHECK] Joueur 1 est à 515.08 mètres du groupe rude
[20:56:50] [CHECK] Joueur 1 est à 309.88 mètres du groupe ghost
[20:56:50] [CHECK] Joueur 1 est à 126.50 mètres du groupe facile
[20:56:50] [CHECK] Joueur 1 est à 515.08 mètres du groupe rude
[20:57:00] [CHECK] Joueur 1 est à 309.88 mètres du groupe ghost
[20:57:00] [CHECK] Joueur 1 est à 126.50 mètres du groupe facile
[20:57:00] [CHECK] Joueur 1 est à 515.08 mètres du groupe rude
[20:57:10] [CHECK] Joueur 1 est à 309.88 mètres du groupe ghost
[20:57:10] [CHECK] Joueur 1 est à 126.50 mètres du groupe facile
[20:57:10] [CHECK] Joueur 1 est à 515.08 mètres du groupe rude
[20:57:20] [CHECK] Joueur 1 est à 309.88 mètres du groupe ghost
[20:57:20] [CHECK] Joueur 1 est à 126.50 mètres du groupe facile
[20:57:20] [CHECK] Joueur 1 est à 515.08 mètres du groupe rude
[20:57:31] [CHECK] Joueur 1 est à 309.44 mètres du groupe ghost
[20:57:31] [CHECK] Joueur 1 est à 125.66 mètres du groupe facile
[20:57:31] [CHECK] Joueur 1 est à 515.18 mètres du groupe rude
[20:57:41] [CHECK] Joueur 1 est à 298.70 mètres du groupe ghost
[20:57:41] [CHECK] Joueur 1 est à 118.08 mètres du groupe facile
[20:57:41] [CHECK] Joueur 1 est à 503.34 mètres du groupe rude
[20:57:51] [CHECK] Joueur 1 est à 298.70 mètres du groupe ghost
[20:57:51] [CHECK] Joueur 1 est à 118.08 mètres du groupe facile
[20:57:51] [CHECK] Joueur 1 est à 503.34 mètres du groupe rude
[20:58:01] [CHECK] Joueur 1 est à 298.70 mètres du groupe ghost
[20:58:01] [CHECK] Joueur 1 est à 118.08 mètres du groupe facile
[20:58:01] [CHECK] Joueur 1 est à 503.34 mètres du groupe rude
[20:58:11] [CHECK] Joueur 1 est à 298.70 mètres du groupe ghost
[20:58:11] [CHECK] Joueur 1 est à 118.08 mètres du groupe facile
[20:58:11] [CHECK] Joueur 1 est à 503.34 mètres du groupe rude
[20:58:21] [CHECK] Joueur 1 est à 298.70 mètres du groupe ghost
[20:58:21] [CHECK] Joueur 1 est à 118.08 mètres du groupe facile
[20:58:21] [CHECK] Joueur 1 est à 503.34 mètres du groupe rude
[20:58:31] [CHECK] Joueur 1 est à 298.70 mètres du groupe ghost
[20:58:31] [CHECK] Joueur 1 est à 118.08 mètres du groupe facile
[20:58:31] [CHECK] Joueur 1 est à 503.34 mètres du groupe rude
[20:58:41] [CHECK] Joueur 1 est à 298.70 mètres du groupe ghost
[20:58:41] [CHECK] Joueur 1 est à 118.08 mètres du groupe facile
[20:58:41] [CHECK] Joueur 1 est à 503.34 mètres du groupe rude
[20:58:51] [CHECK] Joueur 1 est à 298.70 mètres du groupe ghost
[20:58:51] [CHECK] Joueur 1 est à 118.08 mètres du groupe facile
[20:58:51] [CHECK] Joueur 1 est à 503.34 mètres du groupe rude
[20:59:01] [CHECK] Joueur 1 est à 298.70 mètres du groupe ghost
[20:59:01] [CHECK] Joueur 1 est à 118.08 mètres du groupe facile
[20:59:01] [CHECK] Joueur 1 est à 503.34 mètres du groupe rude
[20:59:11] [CHECK] Joueur 1 est à 298.70 mètres du groupe ghost
[20:59:11] [CHECK] Joueur 1 est à 118.08 mètres du groupe facile
[20:59:11] [CHECK] Joueur 1 est à 503.34 mètres du groupe rude
[20:59:21] [CHECK] Joueur 1 est à 298.68 mètres du groupe ghost
[20:59:21] [CHECK] Joueur 1 est à 118.04 mètres du groupe facile
[20:59:21] [CHECK] Joueur 1 est à 503.32 mètres du groupe rude
[20:59:31] [CHECK] Joueur 1 est à 290.78 mètres du groupe ghost
[20:59:31] [CHECK] Joueur 1 est à 106.80 mètres du groupe facile
[20:59:31] [CHECK] Joueur 1 est à 500.20 mètres du groupe rude
[20:59:41] [CHECK] Joueur 1 est à 290.78 mètres du groupe ghost
[20:59:41] [CHECK] Joueur 1 est à 106.80 mètres du groupe facile
[20:59:41] [CHECK] Joueur 1 est à 500.20 mètres du groupe rude
[20:59:51] [CHECK] Joueur 1 est à 290.78 mètres du groupe ghost
[20:59:51] [CHECK] Joueur 1 est à 106.80 mètres du groupe facile
[20:59:51] [CHECK] Joueur 1 est à 500.20 mètres du groupe rude
[21:00:01] [CHECK] Joueur 1 est à 291.80 mètres du groupe ghost
[21:00:01] [CHECK] Joueur 1 est à 108.60 mètres du groupe facile
[21:00:01] [CHECK] Joueur 1 est à 500.28 mètres du groupe rude
[21:00:11] [CHECK] Joueur 1 est à 293.00 mètres du groupe ghost
[21:00:11] [CHECK] Joueur 1 est à 109.28 mètres du groupe facile
[21:00:11] [CHECK] Joueur 1 est à 501.74 mètres du groupe rude
[21:00:21] [CHECK] Joueur 1 est à 293.88 mètres du groupe ghost
[21:00:21] [CHECK] Joueur 1 est à 110.58 mètres du groupe facile
[21:00:21] [CHECK] Joueur 1 est à 502.06 mètres du groupe rude
[21:00:31] [CHECK] Joueur 1 est à 295.32 mètres du groupe ghost
[21:00:31] [CHECK] Joueur 1 est à 111.52 mètres du groupe facile
[21:00:31] [CHECK] Joueur 1 est à 503.66 mètres du groupe rude
[21:00:41] [CHECK] Joueur 1 est à 310.70 mètres du groupe ghost
[21:00:41] [CHECK] Joueur 1 est à 123.78 mètres du groupe facile
[21:00:41] [CHECK] Joueur 1 est à 519.54 mètres du groupe rude
[21:00:51] [CHECK] Joueur 1 est à 309.20 mètres du groupe ghost
[21:00:51] [CHECK] Joueur 1 est à 122.36 mètres du groupe facile
[21:00:51] [CHECK] Joueur 1 est à 518.22 mètres du groupe rude
[21:01:01] [CHECK] Joueur 1 est à 309.20 mètres du groupe ghost
[21:01:01] [CHECK] Joueur 1 est à 122.36 mètres du groupe facile
[21:01:01] [CHECK] Joueur 1 est à 518.22 mètres du groupe rude
[21:01:11] [CHECK] Joueur 1 est à 309.20 mètres du groupe ghost
[21:01:11] [CHECK] Joueur 1 est à 122.36 mètres du groupe facile
[21:01:11] [CHECK] Joueur 1 est à 518.22 mètres du groupe rude
[21:01:21] [CHECK] Joueur 1 est à 294.56 mètres du groupe ghost
[21:01:21] [CHECK] Joueur 1 est à 119.82 mètres du groupe facile
[21:01:21] [CHECK] Joueur 1 est à 494.52 mètres du groupe rude
[21:01:31] [CHECK] Joueur 1 est à 345.56 mètres du groupe ghost
[21:01:31] [CHECK] Joueur 1 est à 155.12 mètres du groupe facile
[21:01:31] [CHECK] Joueur 1 est à 553.74 mètres du groupe rude
[21:01:41] [CHECK] Joueur 1 est à 356.96 mètres du groupe ghost
[21:01:41] [CHECK] Joueur 1 est à 172.22 mètres du groupe facile
[21:01:41] [CHECK] Joueur 1 est à 556.22 mètres du groupe rude
[21:01:51] [CHECK] Joueur 1 est à 323.62 mètres du groupe ghost
[21:01:51] [CHECK] Joueur 1 est à 124.40 mètres du groupe facile
[21:01:51] [CHECK] Joueur 1 est à 548.84 mètres du groupe rude
[21:02:01] [CHECK] Joueur 1 est à 235.68 mètres du groupe ghost
[21:02:01] [CHECK] Joueur 1 est à 59.38 mètres du groupe facile
[21:02:01] [CHECK] Joueur 1 est à 489.66 mètres du groupe rude
[21:02:11] [CHECK] Joueur 1 est à 394.36 mètres du groupe ghost
[21:02:11] [CHECK] Joueur 1 est à 299.18 mètres du groupe facile
[21:02:11] [CHECK] Joueur 1 est à 659.36 mètres du groupe rude
[21:02:21] [CHECK] Joueur 1 est à 494.86 mètres du groupe ghost
[21:02:21] [CHECK] Joueur 1 est à 540.10 mètres du groupe facile
[21:02:21] [CHECK] Joueur 1 est à 689.26 mètres du groupe rude
[21:02:31] [CHECK] Joueur 1 est à 758.68 mètres du groupe ghost
[21:02:31] [CHECK] Joueur 1 est à 846.40 mètres du groupe facile
[21:02:31] [CHECK] Joueur 1 est à 886.36 mètres du groupe rude
[21:02:42] [CHECK] Joueur 1 est à 827.20 mètres du groupe ghost
[21:02:42] [CHECK] Joueur 1 est à 967.40 mètres du groupe facile
[21:02:42] [CHECK] Joueur 1 est à 866.74 mètres du groupe rude
[21:02:52] [CHECK] Joueur 1 est à 716.24 mètres du groupe ghost
[21:02:52] [CHECK] Joueur 1 est à 881.10 mètres du groupe facile
[21:02:52] [CHECK] Joueur 1 est à 708.92 mètres du groupe rude
[21:03:02] [CHECK] Joueur 1 est à 953.08 mètres du groupe ghost
[21:03:02] [CHECK] Joueur 1 est à 1106.96 mètres du groupe facile
[21:03:02] [CHECK] Joueur 1 est à 956.34 mètres du groupe rude
[21:03:12] [CHECK] Joueur 1 est à 965.42 mètres du groupe ghost
[21:03:12] [CHECK] Joueur 1 est à 1154.96 mètres du groupe facile
[21:03:12] [CHECK] Joueur 1 est à 864.80 mètres du groupe rude
[21:03:22] [CHECK] Joueur 1 est à 754.28 mètres du groupe ghost
[21:03:22] [CHECK] Joueur 1 est à 954.56 mètres du groupe facile
[21:03:22] [CHECK] Joueur 1 est à 549.26 mètres du groupe rude
[21:03:32] [CHECK] Joueur 1 est à 686.38 mètres du groupe ghost
[21:03:32] [CHECK] Joueur 1 est à 872.96 mètres du groupe facile
[21:03:32] [CHECK] Joueur 1 est à 432.08 mètres du groupe rude
[21:03:42] [CHECK] Joueur 1 est à 447.42 mètres du groupe ghost
[21:03:42] [CHECK] Joueur 1 est à 609.74 mètres du groupe facile
[21:03:42] [CHECK] Joueur 1 est à 182.46 mètres du groupe rude
[21:03:52] [CHECK] Joueur 1 est à 298.84 mètres du groupe ghost
[21:03:52] [CHECK] Joueur 1 est à 489.28 mètres du groupe facile
[21:03:52] [CHECK] Joueur 1 est à 78.20 mètres du groupe rude
[21:04:02] [CHECK] Joueur 1 est à 128.70 mètres du groupe ghost
[21:04:02] [CHECK] Joueur 1 est à 299.22 mètres du groupe facile
[21:04:02] [CHECK] Joueur 1 est à 143.90 mètres du groupe rude
[21:04:12] [CHECK] Joueur 1 est à 71.94 mètres du groupe ghost
[21:04:12] [CHECK] Joueur 1 est à 263.16 mètres du groupe facile
[21:04:12] [CHECK] Joueur 1 est à 195.20 mètres du groupe rude
[21:04:22] [CHECK] Joueur 1 est à 50.88 mètres du groupe ghost
[21:04:22] [CHECK] Joueur 1 est à 219.24 mètres du groupe facile
[21:04:22] [CHECK] Joueur 1 est à 228.56 mètres du groupe rude
[21:04:32] [CHECK] Joueur 1 est à 44.52 mètres du groupe ghost
[21:04:32] [SPAWN] Groupe demandé pour spawn : ghost
[21:04:32] [CHECK] Joueur 1 est à 169.36 mètres du groupe facile
[21:04:32] [CHECK] Joueur 1 est à 279.28 mètres du groupe rude
[21:04:32] [CONFIRMATION] Le groupe ghost est maintenant ACTIF (confirmation client)
[21:04:42] [ACTIF] Groupe ghost encore actif, PNJ restants : 3
[21:04:42] [COOLDOWN] Tous les joueurs ont quitté le groupe : ghost
[21:04:42] [COOLDOWN] Groupe ghost en cooldown pendant 2.00 minutes
[21:04:42] [CHECK] Joueur 1 est à 150.78 mètres du groupe facile
[21:04:42] [CHECK] Joueur 1 est à 589.14 mètres du groupe rude
[21:04:52] [Serveur] Le groupe 'ghost' est en cooldown.
[21:04:52] [CHECK] Joueur 1 est à 264.90 mètres du groupe facile
[21:04:52] [CHECK] Joueur 1 est à 685.46 mètres du groupe rude
[21:05:02] [Serveur] Le groupe 'ghost' est en cooldown.
[21:05:02] [CHECK] Joueur 1 est à 362.82 mètres du groupe facile
[21:05:02] [CHECK] Joueur 1 est à 785.86 mètres du groupe rude
[21:05:12] [Serveur] Le groupe 'ghost' est en cooldown.
[21:05:12] [CHECK] Joueur 1 est à 376.26 mètres du groupe facile
[21:05:12] [CHECK] Joueur 1 est à 763.76 mètres du groupe rude
[21:05:22] [Serveur] Le groupe 'ghost' est en cooldown.
[21:05:22] [CHECK] Joueur 1 est à 519.60 mètres du groupe facile
[21:05:22] [CHECK] Joueur 1 est à 817.66 mètres du groupe rude
[21:05:32] [Serveur] Le groupe 'ghost' est en cooldown.
[21:05:32] [CHECK] Joueur 1 est à 566.74 mètres du groupe facile
[21:05:32] [CHECK] Joueur 1 est à 848.82 mètres du groupe rude
[21:05:42] [Serveur] Le groupe 'ghost' est en cooldown.
[21:05:42] [CHECK] Joueur 1 est à 766.64 mètres du groupe facile
[21:05:42] [CHECK] Joueur 1 est à 1053.86 mètres du groupe rude
[21:05:52] [Serveur] Le groupe 'ghost' est en cooldown.
[21:05:52] [CHECK] Joueur 1 est à 972.34 mètres du groupe facile
[21:05:52] [CHECK] Joueur 1 est à 1289.36 mètres du groupe rude
[21:06:02] [Serveur] Le groupe 'ghost' est en cooldown.
[21:06:02] [CHECK] Joueur 1 est à 1142.06 mètres du groupe facile
[21:06:02] [CHECK] Joueur 1 est à 1446.54 mètres du groupe rude
[21:06:12] [Serveur] Le groupe 'ghost' est en cooldown.
[21:06:12] [CHECK] Joueur 1 est à 1085.76 mètres du groupe facile
[21:06:12] [CHECK] Joueur 1 est à 1381.30 mètres du groupe rude
[21:06:22] [Serveur] Le groupe 'ghost' est en cooldown.
[21:06:22] [CHECK] Joueur 1 est à 971.56 mètres du groupe facile
[21:06:22] [CHECK] Joueur 1 est à 1165.76 mètres du groupe rude
[21:06:32] [Serveur] Le groupe 'ghost' est en cooldown.
[21:06:32] [CHECK] Joueur 1 est à 848.40 mètres du groupe facile
[21:06:32] [CHECK] Joueur 1 est à 953.88 mètres du groupe rude
[21:06:42] [READY] Groupe ghost peut à nouveau être spawné.
[21:06:42] [CHECK] Joueur 1 est à 672.92 mètres du groupe ghost
[21:06:42] [CHECK] Joueur 1 est à 760.84 mètres du groupe facile
[21:06:42] [CHECK] Joueur 1 est à 805.54 mètres du groupe rude
[21:06:52] [CHECK] Joueur 1 est à 661.84 mètres du groupe ghost
[21:06:52] [CHECK] Joueur 1 est à 754.82 mètres du groupe facile
[21:06:52] [CHECK] Joueur 1 est à 789.90 mètres du groupe rude
[21:07:02] [CHECK] Joueur 1 est à 823.64 mètres du groupe ghost
[21:07:02] [CHECK] Joueur 1 est à 886.66 mètres du groupe facile
[21:07:02] [CHECK] Joueur 1 est à 974.66 mètres du groupe rude
[21:07:12] [CHECK] Joueur 1 est à 755.72 mètres du groupe ghost
[21:07:12] [CHECK] Joueur 1 est à 827.08 mètres du groupe facile
[21:07:12] [CHECK] Joueur 1 est à 901.48 mètres du groupe rude
[21:07:22] [CHECK] Joueur 1 est à 860.30 mètres du groupe ghost
[21:07:22] [CHECK] Joueur 1 est à 920.54 mètres du groupe facile
[21:07:22] [CHECK] Joueur 1 est à 1012.32 mètres du groupe rude
[21:07:32] [CHECK] Joueur 1 est à 855.66 mètres du groupe ghost
[21:07:32] [CHECK] Joueur 1 est à 910.14 mètres du groupe facile
[21:07:32] [CHECK] Joueur 1 est à 1014.06 mètres du groupe rude
[21:07:42] [CHECK] Joueur 1 est à 859.50 mètres du groupe ghost
[21:07:42] [CHECK] Joueur 1 est à 904.72 mètres du groupe facile
[21:07:42] [CHECK] Joueur 1 est à 1027.18 mètres du groupe rude
[21:07:52] [CHECK] Joueur 1 est à 943.74 mètres du groupe ghost
[21:07:52] [CHECK] Joueur 1 est à 954.48 mètres du groupe facile
[21:07:52] [CHECK] Joueur 1 est à 1139.32 mètres du groupe rude
[21:08:02] [CHECK] Joueur 1 est à 981.42 mètres du groupe ghost
[21:08:02] [CHECK] Joueur 1 est à 1013.98 mètres du groupe facile
[21:08:02] [CHECK] Joueur 1 est à 1156.26 mètres du groupe rude
[21:08:12] [CHECK] Joueur 1 est à 717.14 mètres du groupe ghost
[21:08:13] [CHECK] Joueur 1 est à 798.16 mètres du groupe facile
[21:08:13] [CHECK] Joueur 1 est à 854.66 mètres du groupe rude
[21:08:23] [CHECK] Joueur 1 est à 876.46 mètres du groupe ghost
[21:08:23] [CHECK] Joueur 1 est à 991.16 mètres du groupe facile
[21:08:23] [CHECK] Joueur 1 est à 956.58 mètres du groupe rude
[21:08:33] [CHECK] Joueur 1 est à 736.80 mètres du groupe ghost
[21:08:33] [CHECK] Joueur 1 est à 908.64 mètres du groupe facile
[21:08:33] [CHECK] Joueur 1 est à 711.18 mètres du groupe rude
[21:08:43] [CHECK] Joueur 1 est à 479.04 mètres du groupe ghost
[21:08:43] [CHECK] Joueur 1 est à 643.36 mètres du groupe facile
[21:08:43] [CHECK] Joueur 1 est à 508.34 mètres du groupe rude
[21:08:53] [CHECK] Joueur 1 est à 411.94 mètres du groupe ghost
[21:08:53] [CHECK] Joueur 1 est à 575.40 mètres du groupe facile
[21:08:53] [CHECK] Joueur 1 est à 458.92 mètres du groupe rude
[21:09:03] [CHECK] Joueur 1 est à 760.24 mètres du groupe ghost
[21:09:03] [CHECK] Joueur 1 est à 930.64 mètres du groupe facile
[21:09:03] [CHECK] Joueur 1 est à 736.54 mètres du groupe rude
[21:09:13] [CHECK] Joueur 1 est à 473.18 mètres du groupe ghost
[21:09:13] [CHECK] Joueur 1 est à 638.78 mètres du groupe facile
[21:09:13] [CHECK] Joueur 1 est à 500.48 mètres du groupe rude
[21:09:23] [CHECK] Joueur 1 est à 479.22 mètres du groupe ghost
[21:09:23] [CHECK] Joueur 1 est à 657.68 mètres du groupe facile
[21:09:23] [CHECK] Joueur 1 est à 468.80 mètres du groupe rude
[21:09:33] [CHECK] Joueur 1 est à 398.62 mètres du groupe ghost
[21:09:33] [CHECK] Joueur 1 est à 534.60 mètres du groupe facile
[21:09:33] [CHECK] Joueur 1 est à 503.16 mètres du groupe rude
[21:09:43] [CHECK] Joueur 1 est à 381.82 mètres du groupe ghost
[21:09:43] [CHECK] Joueur 1 est à 463.02 mètres du groupe facile
[21:09:43] [CHECK] Joueur 1 est à 559.98 mètres du groupe rude
[21:09:53] [CHECK] Joueur 1 est à 346.20 mètres du groupe ghost
[21:09:53] [CHECK] Joueur 1 est à 331.06 mètres du groupe facile
[21:09:53] [CHECK] Joueur 1 est à 592.84 mètres du groupe rude
[21:10:03] [CHECK] Joueur 1 est à 332.52 mètres du groupe ghost
[21:10:03] [CHECK] Joueur 1 est à 254.54 mètres du groupe facile
[21:10:03] [CHECK] Joueur 1 est à 596.72 mètres du groupe rude
[21:10:13] [CHECK] Joueur 1 est à 421.28 mètres du groupe ghost
[21:10:13] [CHECK] Joueur 1 est à 240.60 mètres du groupe facile
[21:10:13] [CHECK] Joueur 1 est à 678.72 mètres du groupe rude
[21:10:23] [CHECK] Joueur 1 est à 218.84 mètres du groupe ghost
[21:10:23] [CHECK] Joueur 1 est à 161.78 mètres du groupe facile
[21:10:23] [CHECK] Joueur 1 est à 362.84 mètres du groupe rude
[21:10:33] [CHECK] Joueur 1 est à 459.82 mètres du groupe ghost
[21:10:33] [CHECK] Joueur 1 est à 509.98 mètres du groupe facile
[21:10:33] [CHECK] Joueur 1 est à 347.18 mètres du groupe rude
[21:10:43] [CHECK] Joueur 1 est à 755.60 mètres du groupe ghost
[21:10:43] [CHECK] Joueur 1 est à 817.44 mètres du groupe facile
[21:10:43] [CHECK] Joueur 1 est à 578.88 mètres du groupe rude
[21:10:53] [CHECK] Joueur 1 est à 887.26 mètres du groupe ghost
[21:10:53] [CHECK] Joueur 1 est à 991.60 mètres du groupe facile
[21:10:53] [CHECK] Joueur 1 est à 656.04 mètres du groupe rude
[21:11:03] [CHECK] Joueur 1 est à 1030.74 mètres du groupe ghost
[21:11:03] [CHECK] Joueur 1 est à 1156.34 mètres du groupe facile
[21:11:03] [CHECK] Joueur 1 est à 779.04 mètres du groupe rude
[21:11:13] [CHECK] Joueur 1 est à 1045.16 mètres du groupe ghost
[21:11:13] [CHECK] Joueur 1 est à 1193.38 mètres du groupe facile
[21:11:13] [CHECK] Joueur 1 est à 781.30 mètres du groupe rude
[21:11:23] [CHECK] Joueur 1 est à 1007.88 mètres du groupe ghost
[21:11:23] [CHECK] Joueur 1 est à 1159.44 mètres du groupe facile
[21:11:23] [CHECK] Joueur 1 est à 743.06 mètres du groupe rude
[21:11:33] [CHECK] Joueur 1 est à 1022.46 mètres du groupe ghost
[21:11:33] [CHECK] Joueur 1 est à 1173.08 mètres du groupe facile
[21:11:33] [CHECK] Joueur 1 est à 757.86 mètres du groupe rude
[21:11:43] [CHECK] Joueur 1 est à 918.86 mètres du groupe ghost
[21:11:43] [CHECK] Joueur 1 est à 1070.48 mètres du groupe facile
[21:11:43] [CHECK] Joueur 1 est à 654.24 mètres du groupe rude
[21:11:53] [CHECK] Joueur 1 est à 804.30 mètres du groupe ghost
[21:11:53] [CHECK] Joueur 1 est à 948.26 mètres du groupe facile
[21:11:53] [CHECK] Joueur 1 est à 543.76 mètres du groupe rude
[21:12:03] [CHECK] Joueur 1 est à 510.74 mètres du groupe ghost
[21:12:03] [CHECK] Joueur 1 est à 625.68 mètres du groupe facile
[21:12:03] [CHECK] Joueur 1 est à 292.06 mètres du groupe rude
[21:12:13] [CHECK] Joueur 1 est à 284.96 mètres du groupe ghost
[21:12:13] [CHECK] Joueur 1 est à 448.94 mètres du groupe facile
[21:12:13] [CHECK] Joueur 1 est à 38.44 mètres du groupe rude
[21:12:13] [SPAWN] Groupe demandé pour spawn : rude
[21:12:13] [CONFIRMATION] Le groupe rude est maintenant ACTIF (confirmation client)
[21:12:23] [CHECK] Joueur 1 est à 95.08 mètres du groupe ghost
[21:12:23] [CHECK] Joueur 1 est à 287.00 mètres du groupe facile
[21:12:23] [ACTIF] Groupe rude encore actif, PNJ restants : 3
[21:12:23] [COOLDOWN] Tous les joueurs ont quitté le groupe : rude
[21:12:23] [COOLDOWN] Groupe rude en cooldown pendant 2.00 minutes
[21:12:33] [CHECK] Joueur 1 est à 25.72 mètres du groupe ghost
[21:12:33] [SPAWN] Groupe demandé pour spawn : ghost
[21:12:33] [CHECK] Joueur 1 est à 203.12 mètres du groupe facile
[21:12:33] [Serveur] Le groupe 'rude' est en cooldown.
[21:12:37] [SERVER] PNJ BIEN MORT pour le groupe : ghost
[21:12:37] [MORT] PNJ restants pour le groupe ghost : 2
[21:12:40] [SERVER] PNJ BIEN MORT pour le groupe : ghost
[21:12:40] [MORT] PNJ restants pour le groupe ghost : 1
[21:12:43] [CHECK] Joueur 1 est à 202.58 mètres du groupe facile
[21:12:43] [Serveur] Le groupe 'rude' est en cooldown.
[21:12:48] [SERVER] PNJ BIEN MORT pour le groupe : ghost
[21:12:48] [MORT] PNJ restants pour le groupe ghost : 0
[21:12:48] [REWARD] Récompenses envoyées à 0 joueur(s) dans la zone.
[21:12:48] [COOLDOWN] Groupe ghost en cooldown pendant 2.00 minutes
[21:12:53] [Serveur] Le groupe 'ghost' est en cooldown.
[21:12:53] [CHECK] Joueur 1 est à 200.92 mètres du groupe facile
[21:12:53] [Serveur] Le groupe 'rude' est en cooldown.
[21:13:03] [Serveur] Le groupe 'ghost' est en cooldown.
[21:13:03] [CHECK] Joueur 1 est à 203.92 mètres du groupe facile
[21:13:03] [Serveur] Le groupe 'rude' est en cooldown.
[21:13:13] [Serveur] Le groupe 'ghost' est en cooldown.
[21:13:13] [CHECK] Joueur 1 est à 203.50 mètres du groupe facile
[21:13:13] [Serveur] Le groupe 'rude' est en cooldown.
[21:13:23] [Serveur] Le groupe 'ghost' est en cooldown.
[21:13:23] [CHECK] Joueur 1 est à 233.46 mètres du groupe facile
[21:13:23] [Serveur] Le groupe 'rude' est en cooldown.
[21:13:33] [Serveur] Le groupe 'ghost' est en cooldown.
[21:13:33] [CHECK] Joueur 1 est à 372.52 mètres du groupe facile
[21:13:33] [Serveur] Le groupe 'rude' est en cooldown.
[21:13:43] [Serveur] Le groupe 'ghost' est en cooldown.
[21:13:43] [CHECK] Joueur 1 est à 405.32 mètres du groupe facile
[21:13:43] [Serveur] Le groupe 'rude' est en cooldown.
[21:13:53] [Serveur] Le groupe 'ghost' est en cooldown.
[21:13:53] [CHECK] Joueur 1 est à 407.36 mètres du groupe facile
[21:13:53] [Serveur] Le groupe 'rude' est en cooldown.
[21:14:03] [Serveur] Le groupe 'ghost' est en cooldown.
[21:14:03] [CHECK] Joueur 1 est à 416.18 mètres du groupe facile
[21:14:03] [Serveur] Le groupe 'rude' est en cooldown.
[21:14:14] [Serveur] Le groupe 'ghost' est en cooldown.
[21:14:14] [CHECK] Joueur 1 est à 465.64 mètres du groupe facile
[21:14:14] [Serveur] Le groupe 'rude' est en cooldown.
[21:14:23] [READY] Groupe rude peut à nouveau être spawné.
[21:14:24] [Serveur] Le groupe 'ghost' est en cooldown.
[21:14:24] [CHECK] Joueur 1 est à 466.14 mètres du groupe facile
[21:14:24] [CHECK] Joueur 1 est à 149.82 mètres du groupe rude
[21:14:34] [Serveur] Le groupe 'ghost' est en cooldown.
[21:14:34] [CHECK] Joueur 1 est à 465.66 mètres du groupe facile
[21:14:34] [CHECK] Joueur 1 est à 150.94 mètres du groupe rude
[21:14:44] [Serveur] Le groupe 'ghost' est en cooldown.
[21:14:44] [CHECK] Joueur 1 est à 464.30 mètres du groupe facile
[21:14:44] [CHECK] Joueur 1 est à 171.70 mètres du groupe rude
[21:14:48] [READY] Groupe ghost peut à nouveau être spawné.
[21:14:54] [CHECK] Joueur 1 est à 276.52 mètres du groupe ghost
[21:14:54] [CHECK] Joueur 1 est à 477.40 mètres du groupe facile
[21:14:54] [CHECK] Joueur 1 est à 199.64 mètres du groupe rude
[21:15:04] [CHECK] Joueur 1 est à 305.18 mètres du groupe ghost
[21:15:04] [CHECK] Joueur 1 est à 506.00 mètres du groupe facile
[21:15:04] [CHECK] Joueur 1 est à 213.86 mètres du groupe rude
[21:15:14] [CHECK] Joueur 1 est à 296.62 mètres du groupe ghost
[21:15:14] [CHECK] Joueur 1 est à 497.34 mètres du groupe facile
[21:15:14] [CHECK] Joueur 1 est à 212.60 mètres du groupe rude
[21:15:24] [CHECK] Joueur 1 est à 274.36 mètres du groupe ghost
[21:15:24] [CHECK] Joueur 1 est à 475.54 mètres du groupe facile
[21:15:24] [CHECK] Joueur 1 est à 183.70 mètres du groupe rude
[21:15:34] [CHECK] Joueur 1 est à 262.26 mètres du groupe ghost
[21:15:34] [CHECK] Joueur 1 est à 462.98 mètres du groupe facile
[21:15:34] [CHECK] Joueur 1 est à 152.58 mètres du groupe rude
[21:15:44] [CHECK] Joueur 1 est à 263.68 mètres du groupe ghost
[21:15:44] [CHECK] Joueur 1 est à 464.14 mètres du groupe facile
[21:15:44] [CHECK] Joueur 1 est à 147.86 mètres du groupe rude
[21:15:54] [CHECK] Joueur 1 est à 263.68 mètres du groupe ghost
[21:15:54] [CHECK] Joueur 1 est à 464.14 mètres du groupe facile
[21:15:54] [CHECK] Joueur 1 est à 147.86 mètres du groupe rude
[21:16:04] [CHECK] Joueur 1 est à 263.68 mètres du groupe ghost
[21:16:04] [CHECK] Joueur 1 est à 464.14 mètres du groupe facile
[21:16:04] [CHECK] Joueur 1 est à 147.86 mètres du groupe rude
[21:16:14] [CHECK] Joueur 1 est à 263.68 mètres du groupe ghost
[21:16:14] [CHECK] Joueur 1 est à 464.14 mètres du groupe facile
[21:16:14] [CHECK] Joueur 1 est à 147.86 mètres du groupe rude
[21:16:24] [CHECK] Joueur 1 est à 263.42 mètres du groupe ghost
[21:16:24] [CHECK] Joueur 1 est à 463.84 mètres du groupe facile
[21:16:24] [CHECK] Joueur 1 est à 147.06 mètres du groupe rude
[21:16:34] [CHECK] Joueur 1 est à 263.40 mètres du groupe ghost
[21:16:34] [CHECK] Joueur 1 est à 463.84 mètres du groupe facile
[21:16:34] [CHECK] Joueur 1 est à 147.06 mètres du groupe rude
