[23:28:41] [CHECK] Joueur 1 est à 4445.68 mètres du groupe demon
[23:28:41] [CHECK] Joueur 1 est à 2029.18 mètres du groupe rude
[23:28:41] [CHECK] Joueur 1 est à 1654.40 mètres du groupe facile
[23:28:41] [CHECK] Joueur 1 est à 1927.94 mètres du groupe ghost
[23:28:51] [CHECK] Joueur 1 est à 4445.68 mètres du groupe demon
[23:28:51] [CHECK] Joueur 1 est à 2029.18 mètres du groupe rude
[23:28:51] [CHECK] Joueur 1 est à 1654.40 mètres du groupe facile
[23:28:51] [CHECK] Joueur 1 est à 1927.94 mètres du groupe ghost
[23:29:01] [CHECK] Joueur 1 est à 6706.17 mètres du groupe demon
[23:29:01] [CHECK] Joueur 1 est à 3767.87 mètres du groupe rude
[23:29:01] [CHECK] Joueur 1 est à 1194.27 mètres du groupe facile
[23:29:01] [CHECK] Joueur 1 est à 3564.18 mètres du groupe ghost
[23:29:11] [CHECK] Joueur 1 est à 6702.51 mètres du groupe demon
[23:29:11] [CHECK] Joueur 1 est à 3762.72 mètres du groupe rude
[23:29:11] [CHECK] Joueur 1 est à 1189.17 mètres du groupe facile
[23:29:11] [CHECK] Joueur 1 est à 3561.65 mètres du groupe ghost
[23:29:21] [CHECK] Joueur 1 est à 6702.40 mètres du groupe demon
[23:29:21] [CHECK] Joueur 1 est à 3762.65 mètres du groupe rude
[23:29:21] [CHECK] Joueur 1 est à 1189.12 mètres du groupe facile
[23:29:21] [CHECK] Joueur 1 est à 3561.55 mètres du groupe ghost
[23:29:31] [CHECK] Joueur 1 est à 6702.40 mètres du groupe demon
[23:29:31] [CHECK] Joueur 1 est à 3762.65 mètres du groupe rude
[23:29:31] [CHECK] Joueur 1 est à 1189.12 mètres du groupe facile
[23:29:31] [CHECK] Joueur 1 est à 3561.55 mètres du groupe ghost
[23:29:41] [CHECK] Joueur 1 est à 6702.40 mètres du groupe demon
[23:29:41] [CHECK] Joueur 1 est à 3762.65 mètres du groupe rude
[23:29:41] [CHECK] Joueur 1 est à 1189.12 mètres du groupe facile
[23:29:41] [CHECK] Joueur 1 est à 3561.55 mètres du groupe ghost
[23:29:51] [CHECK] Joueur 1 est à 6447.49 mètres du groupe demon
[23:29:51] [CHECK] Joueur 1 est à 2995.32 mètres du groupe rude
[23:29:51] [CHECK] Joueur 1 est à 402.56 mètres du groupe facile
[23:29:51] [CHECK] Joueur 1 est à 3606.63 mètres du groupe ghost
[23:30:01] [CHECK] Joueur 1 est à 6439.18 mètres du groupe demon
[23:30:01] [CHECK] Joueur 1 est à 2988.94 mètres du groupe rude
[23:30:01] [CHECK] Joueur 1 est à 394.95 mètres du groupe facile
[23:30:01] [CHECK] Joueur 1 est à 3599.11 mètres du groupe ghost
[23:30:11] [CHECK] Joueur 1 est à 6439.18 mètres du groupe demon
[23:30:11] [CHECK] Joueur 1 est à 2988.94 mètres du groupe rude
[23:30:11] [CHECK] Joueur 1 est à 394.95 mètres du groupe facile
[23:30:11] [CHECK] Joueur 1 est à 3599.11 mètres du groupe ghost
[23:30:21] [CHECK] Joueur 1 est à 6441.52 mètres du groupe demon
[23:30:21] [CHECK] Joueur 1 est à 2982.94 mètres du groupe rude
[23:30:21] [CHECK] Joueur 1 est à 392.02 mètres du groupe facile
[23:30:21] [CHECK] Joueur 1 est à 3605.68 mètres du groupe ghost
[23:30:31] [CHECK] Joueur 1 est à 6440.35 mètres du groupe demon
[23:30:31] [CHECK] Joueur 1 est à 2986.49 mètres du groupe rude
[23:30:31] [CHECK] Joueur 1 est à 393.87 mètres du groupe facile
[23:30:31] [CHECK] Joueur 1 est à 3602.18 mètres du groupe ghost
[23:30:41] [CHECK] Joueur 1 est à 6442.06 mètres du groupe demon
[23:30:41] [CHECK] Joueur 1 est à 2981.85 mètres du groupe rude
[23:30:41] [CHECK] Joueur 1 est à 391.60 mètres du groupe facile
[23:30:41] [CHECK] Joueur 1 est à 3607.11 mètres du groupe ghost
[23:30:51] [CHECK] Joueur 1 est à 6442.06 mètres du groupe demon
[23:30:51] [CHECK] Joueur 1 est à 2981.85 mètres du groupe rude
[23:30:51] [CHECK] Joueur 1 est à 391.60 mètres du groupe facile
[23:30:51] [CHECK] Joueur 1 est à 3607.11 mètres du groupe ghost
[23:31:01] [CHECK] Joueur 1 est à 6442.06 mètres du groupe demon
[23:31:01] [CHECK] Joueur 1 est à 2981.85 mètres du groupe rude
[23:31:01] [CHECK] Joueur 1 est à 391.60 mètres du groupe facile
[23:31:01] [CHECK] Joueur 1 est à 3607.11 mètres du groupe ghost
[23:31:11] [CHECK] Joueur 1 est à 6442.06 mètres du groupe demon
[23:31:11] [CHECK] Joueur 1 est à 2981.85 mètres du groupe rude
[23:31:12] [CHECK] Joueur 1 est à 391.60 mètres du groupe facile
[23:31:12] [CHECK] Joueur 1 est à 3607.11 mètres du groupe ghost
[23:31:22] [CHECK] Joueur 1 est à 6442.06 mètres du groupe demon
[23:31:22] [CHECK] Joueur 1 est à 2981.85 mètres du groupe rude
[23:31:22] [CHECK] Joueur 1 est à 391.60 mètres du groupe facile
[23:31:22] [CHECK] Joueur 1 est à 3607.11 mètres du groupe ghost
[23:31:32] [CHECK] Joueur 1 est à 6442.06 mètres du groupe demon
[23:31:32] [CHECK] Joueur 1 est à 2981.85 mètres du groupe rude
[23:31:32] [CHECK] Joueur 1 est à 391.60 mètres du groupe facile
[23:31:32] [CHECK] Joueur 1 est à 3607.11 mètres du groupe ghost
[23:31:42] [CHECK] Joueur 1 est à 6442.06 mètres du groupe demon
[23:31:42] [CHECK] Joueur 1 est à 2981.85 mètres du groupe rude
[23:31:42] [CHECK] Joueur 1 est à 391.60 mètres du groupe facile
[23:31:42] [CHECK] Joueur 1 est à 3607.11 mètres du groupe ghost
[23:31:52] [CHECK] Joueur 1 est à 6442.06 mètres du groupe demon
[23:31:52] [CHECK] Joueur 1 est à 2981.85 mètres du groupe rude
[23:31:52] [CHECK] Joueur 1 est à 391.60 mètres du groupe facile
[23:31:52] [CHECK] Joueur 1 est à 3607.11 mètres du groupe ghost
[23:32:02] [CHECK] Joueur 1 est à 2817.40 mètres du groupe demon
[23:32:02] [CHECK] Joueur 1 est à 5970.69 mètres du groupe rude
[23:32:02] [CHECK] Joueur 1 est à 6190.56 mètres du groupe facile
[23:32:02] [CHECK] Joueur 1 est à 2834.09 mètres du groupe ghost
[23:32:12] [CHECK] Joueur 1 est à 2817.22 mètres du groupe demon
[23:32:12] [CHECK] Joueur 1 est à 5970.84 mètres du groupe rude
[23:32:12] [CHECK] Joueur 1 est à 6190.85 mètres du groupe facile
[23:32:12] [CHECK] Joueur 1 est à 2834.38 mètres du groupe ghost
[23:32:22] [CHECK] Joueur 1 est à 2818.32 mètres du groupe demon
[23:32:22] [CHECK] Joueur 1 est à 5970.77 mètres du groupe rude
[23:32:22] [CHECK] Joueur 1 est à 6190.16 mètres du groupe facile
[23:32:22] [CHECK] Joueur 1 est à 2833.69 mètres du groupe ghost
[23:32:32] [CHECK] Joueur 1 est à 2818.32 mètres du groupe demon
[23:32:32] [CHECK] Joueur 1 est à 5970.77 mètres du groupe rude
[23:32:32] [CHECK] Joueur 1 est à 6190.16 mètres du groupe facile
[23:32:32] [CHECK] Joueur 1 est à 2833.69 mètres du groupe ghost
[23:32:42] [CHECK] Joueur 1 est à 2818.32 mètres du groupe demon
[23:32:42] [CHECK] Joueur 1 est à 5970.77 mètres du groupe rude
[23:32:42] [CHECK] Joueur 1 est à 6190.16 mètres du groupe facile
[23:32:42] [CHECK] Joueur 1 est à 2833.69 mètres du groupe ghost
[23:32:52] [CHECK] Joueur 1 est à 2818.32 mètres du groupe demon
[23:32:52] [CHECK] Joueur 1 est à 5970.77 mètres du groupe rude
[23:32:52] [CHECK] Joueur 1 est à 6190.16 mètres du groupe facile
[23:32:52] [CHECK] Joueur 1 est à 2833.69 mètres du groupe ghost
[23:33:02] [CHECK] Joueur 1 est à 2818.15 mètres du groupe demon
[23:33:02] [CHECK] Joueur 1 est à 5970.71 mètres du groupe rude
[23:33:02] [CHECK] Joueur 1 est à 6190.18 mètres du groupe facile
[23:33:02] [CHECK] Joueur 1 est à 2833.72 mètres du groupe ghost
[23:33:12] [CHECK] Joueur 1 est à 2818.15 mètres du groupe demon
[23:33:12] [CHECK] Joueur 1 est à 5970.71 mètres du groupe rude
[23:33:12] [CHECK] Joueur 1 est à 6190.18 mètres du groupe facile
[23:33:12] [CHECK] Joueur 1 est à 2833.72 mètres du groupe ghost
[23:33:22] [CHECK] Joueur 1 est à 2822.88 mètres du groupe demon
[23:33:22] [CHECK] Joueur 1 est à 5973.57 mètres du groupe rude
[23:33:22] [CHECK] Joueur 1 est à 6191.20 mètres du groupe facile
[23:33:22] [CHECK] Joueur 1 est à 2834.75 mètres du groupe ghost
[23:33:32] [CHECK] Joueur 1 est à 2821.19 mètres du groupe demon
[23:33:32] [CHECK] Joueur 1 est à 5972.37 mètres du groupe rude
[23:33:32] [CHECK] Joueur 1 est à 6190.61 mètres du groupe facile
[23:33:32] [CHECK] Joueur 1 est à 2834.15 mètres du groupe ghost
[23:33:42] [CHECK] Joueur 1 est à 2821.19 mètres du groupe demon
[23:33:42] [CHECK] Joueur 1 est à 5972.37 mètres du groupe rude
[23:33:42] [CHECK] Joueur 1 est à 6190.61 mètres du groupe facile
[23:33:42] [CHECK] Joueur 1 est à 2834.15 mètres du groupe ghost
[23:33:53] [CHECK] Joueur 1 est à 2821.19 mètres du groupe demon
[23:33:53] [CHECK] Joueur 1 est à 5972.37 mètres du groupe rude
[23:33:53] [CHECK] Joueur 1 est à 6190.61 mètres du groupe facile
[23:33:53] [CHECK] Joueur 1 est à 2834.15 mètres du groupe ghost
[23:34:03] [CHECK] Joueur 1 est à 2821.19 mètres du groupe demon
[23:34:03] [CHECK] Joueur 1 est à 5972.37 mètres du groupe rude
[23:34:03] [CHECK] Joueur 1 est à 6190.61 mètres du groupe facile
[23:34:03] [CHECK] Joueur 1 est à 2834.15 mètres du groupe ghost
[23:34:13] [CHECK] Joueur 1 est à 2821.19 mètres du groupe demon
[23:34:13] [CHECK] Joueur 1 est à 5972.37 mètres du groupe rude
[23:34:13] [CHECK] Joueur 1 est à 6190.61 mètres du groupe facile
[23:34:13] [CHECK] Joueur 1 est à 2834.15 mètres du groupe ghost
[23:34:23] [CHECK] Joueur 1 est à 2821.19 mètres du groupe demon
[23:34:23] [CHECK] Joueur 1 est à 5972.37 mètres du groupe rude
[23:34:23] [CHECK] Joueur 1 est à 6190.61 mètres du groupe facile
[23:34:23] [CHECK] Joueur 1 est à 2834.15 mètres du groupe ghost
[23:34:33] [CHECK] Joueur 1 est à 2821.20 mètres du groupe demon
[23:34:33] [CHECK] Joueur 1 est à 5972.38 mètres du groupe rude
[23:34:33] [CHECK] Joueur 1 est à 6190.61 mètres du groupe facile
[23:34:33] [CHECK] Joueur 1 est à 2834.15 mètres du groupe ghost
[23:34:43] [CHECK] Joueur 1 est à 2821.20 mètres du groupe demon
[23:34:43] [CHECK] Joueur 1 est à 5972.38 mètres du groupe rude
[23:34:43] [CHECK] Joueur 1 est à 6190.61 mètres du groupe facile
[23:34:43] [CHECK] Joueur 1 est à 2834.15 mètres du groupe ghost
[23:34:53] [CHECK] Joueur 1 est à 2821.20 mètres du groupe demon
[23:34:53] [CHECK] Joueur 1 est à 5972.38 mètres du groupe rude
[23:34:53] [CHECK] Joueur 1 est à 6190.61 mètres du groupe facile
[23:34:53] [CHECK] Joueur 1 est à 2834.15 mètres du groupe ghost
[23:35:03] [CHECK] Joueur 1 est à 2821.20 mètres du groupe demon
[23:35:03] [CHECK] Joueur 1 est à 5972.38 mètres du groupe rude
[23:35:03] [CHECK] Joueur 1 est à 6190.61 mètres du groupe facile
[23:35:03] [CHECK] Joueur 1 est à 2834.15 mètres du groupe ghost
[23:35:13] [CHECK] Joueur 1 est à 2821.20 mètres du groupe demon
[23:35:13] [CHECK] Joueur 1 est à 5972.38 mètres du groupe rude
[23:35:13] [CHECK] Joueur 1 est à 6190.61 mètres du groupe facile
[23:35:13] [CHECK] Joueur 1 est à 2834.15 mètres du groupe ghost
[23:35:23] [CHECK] Joueur 1 est à 2821.19 mètres du groupe demon
[23:35:23] [CHECK] Joueur 1 est à 5972.37 mètres du groupe rude
[23:35:23] [CHECK] Joueur 1 est à 6190.61 mètres du groupe facile
[23:35:23] [CHECK] Joueur 1 est à 2834.15 mètres du groupe ghost
[23:35:33] [CHECK] Joueur 1 est à 2821.19 mètres du groupe demon
[23:35:33] [CHECK] Joueur 1 est à 5972.37 mètres du groupe rude
[23:35:33] [CHECK] Joueur 1 est à 6190.61 mètres du groupe facile
[23:35:33] [CHECK] Joueur 1 est à 2834.15 mètres du groupe ghost
[23:35:43] [CHECK] Joueur 1 est à 2821.19 mètres du groupe demon
[23:35:43] [CHECK] Joueur 1 est à 5972.37 mètres du groupe rude
[23:35:43] [CHECK] Joueur 1 est à 6190.61 mètres du groupe facile
[23:35:43] [CHECK] Joueur 1 est à 2834.15 mètres du groupe ghost
[23:35:53] [CHECK] Joueur 1 est à 2821.20 mètres du groupe demon
[23:35:53] [CHECK] Joueur 1 est à 5972.38 mètres du groupe rude
[23:35:53] [CHECK] Joueur 1 est à 6190.61 mètres du groupe facile
[23:35:53] [CHECK] Joueur 1 est à 2834.15 mètres du groupe ghost
[23:36:03] [CHECK] Joueur 1 est à 2821.20 mètres du groupe demon
[23:36:03] [CHECK] Joueur 1 est à 5972.38 mètres du groupe rude
[23:36:03] [CHECK] Joueur 1 est à 6190.61 mètres du groupe facile
[23:36:03] [CHECK] Joueur 1 est à 2834.15 mètres du groupe ghost
[23:36:13] [CHECK] Joueur 1 est à 2821.20 mètres du groupe demon
[23:36:13] [CHECK] Joueur 1 est à 5972.38 mètres du groupe rude
[23:36:13] [CHECK] Joueur 1 est à 6190.61 mètres du groupe facile
[23:36:13] [CHECK] Joueur 1 est à 2834.15 mètres du groupe ghost
[23:36:23] [CHECK] Joueur 1 est à 2821.20 mètres du groupe demon
[23:36:23] [CHECK] Joueur 1 est à 5972.38 mètres du groupe rude
[23:36:23] [CHECK] Joueur 1 est à 6190.61 mètres du groupe facile
[23:36:23] [CHECK] Joueur 1 est à 2834.15 mètres du groupe ghost
[23:36:34] [CHECK] Joueur 1 est à 2821.19 mètres du groupe demon
[23:36:34] [CHECK] Joueur 1 est à 5972.37 mètres du groupe rude
[23:36:34] [CHECK] Joueur 1 est à 6190.61 mètres du groupe facile
[23:36:34] [CHECK] Joueur 1 est à 2834.15 mètres du groupe ghost
[23:36:44] [CHECK] Joueur 1 est à 2821.19 mètres du groupe demon
[23:36:44] [CHECK] Joueur 1 est à 5972.37 mètres du groupe rude
[23:36:44] [CHECK] Joueur 1 est à 6190.61 mètres du groupe facile
[23:36:44] [CHECK] Joueur 1 est à 2834.15 mètres du groupe ghost
[23:36:54] [CHECK] Joueur 1 est à 2821.19 mètres du groupe demon
[23:36:54] [CHECK] Joueur 1 est à 5972.37 mètres du groupe rude
[23:36:54] [CHECK] Joueur 1 est à 6190.61 mètres du groupe facile
[23:36:54] [CHECK] Joueur 1 est à 2834.15 mètres du groupe ghost
[23:37:04] [CHECK] Joueur 1 est à 2821.19 mètres du groupe demon
[23:37:04] [CHECK] Joueur 1 est à 5972.37 mètres du groupe rude
[23:37:04] [CHECK] Joueur 1 est à 6190.61 mètres du groupe facile
[23:37:04] [CHECK] Joueur 1 est à 2834.15 mètres du groupe ghost
[23:37:14] [CHECK] Joueur 1 est à 2821.20 mètres du groupe demon
[23:37:14] [CHECK] Joueur 1 est à 5972.38 mètres du groupe rude
[23:37:14] [CHECK] Joueur 1 est à 6190.61 mètres du groupe facile
[23:37:14] [CHECK] Joueur 1 est à 2834.15 mètres du groupe ghost
[23:37:24] [CHECK] Joueur 1 est à 2821.20 mètres du groupe demon
[23:37:24] [CHECK] Joueur 1 est à 5972.38 mètres du groupe rude
[23:37:24] [CHECK] Joueur 1 est à 6190.61 mètres du groupe facile
[23:37:24] [CHECK] Joueur 1 est à 2834.15 mètres du groupe ghost
[23:37:34] [CHECK] Joueur 1 est à 2821.20 mètres du groupe demon
[23:37:34] [CHECK] Joueur 1 est à 5972.38 mètres du groupe rude
[23:37:34] [CHECK] Joueur 1 est à 6190.61 mètres du groupe facile
[23:37:34] [CHECK] Joueur 1 est à 2834.15 mètres du groupe ghost
[23:37:44] [CHECK] Joueur 1 est à 2821.20 mètres du groupe demon
[23:37:44] [CHECK] Joueur 1 est à 5972.38 mètres du groupe rude
[23:37:44] [CHECK] Joueur 1 est à 6190.61 mètres du groupe facile
[23:37:44] [CHECK] Joueur 1 est à 2834.15 mètres du groupe ghost
[23:37:54] [CHECK] Joueur 1 est à 2821.20 mètres du groupe demon
[23:37:54] [CHECK] Joueur 1 est à 5972.38 mètres du groupe rude
[23:37:54] [CHECK] Joueur 1 est à 6190.61 mètres du groupe facile
[23:37:54] [CHECK] Joueur 1 est à 2834.15 mètres du groupe ghost
[23:38:04] [CHECK] Joueur 1 est à 2821.20 mètres du groupe demon
[23:38:04] [CHECK] Joueur 1 est à 5972.38 mètres du groupe rude
[23:38:04] [CHECK] Joueur 1 est à 6190.61 mètres du groupe facile
[23:38:04] [CHECK] Joueur 1 est à 2834.15 mètres du groupe ghost
[23:38:14] [CHECK] Joueur 1 est à 2821.20 mètres du groupe demon
[23:38:14] [CHECK] Joueur 1 est à 5972.38 mètres du groupe rude
[23:38:14] [CHECK] Joueur 1 est à 6190.61 mètres du groupe facile
[23:38:14] [CHECK] Joueur 1 est à 2834.15 mètres du groupe ghost
[23:38:24] [CHECK] Joueur 1 est à 2821.20 mètres du groupe demon
[23:38:24] [CHECK] Joueur 1 est à 5972.38 mètres du groupe rude
[23:38:24] [CHECK] Joueur 1 est à 6190.61 mètres du groupe facile
[23:38:24] [CHECK] Joueur 1 est à 2834.15 mètres du groupe ghost
[23:38:34] [CHECK] Joueur 1 est à 2821.20 mètres du groupe demon
[23:38:34] [CHECK] Joueur 1 est à 5972.38 mètres du groupe rude
[23:38:34] [CHECK] Joueur 1 est à 6190.61 mètres du groupe facile
[23:38:34] [CHECK] Joueur 1 est à 2834.15 mètres du groupe ghost
[23:38:44] [CHECK] Joueur 1 est à 2821.20 mètres du groupe demon
[23:38:44] [CHECK] Joueur 1 est à 5972.38 mètres du groupe rude
[23:38:44] [CHECK] Joueur 1 est à 6190.61 mètres du groupe facile
[23:38:44] [CHECK] Joueur 1 est à 2834.15 mètres du groupe ghost
[23:38:54] [CHECK] Joueur 1 est à 2821.20 mètres du groupe demon
[23:38:54] [CHECK] Joueur 1 est à 5972.38 mètres du groupe rude
[23:38:54] [CHECK] Joueur 1 est à 6190.61 mètres du groupe facile
[23:38:54] [CHECK] Joueur 1 est à 2834.15 mètres du groupe ghost
[23:39:04] [CHECK] Joueur 1 est à 2821.20 mètres du groupe demon
[23:39:04] [CHECK] Joueur 1 est à 5972.38 mètres du groupe rude
[23:39:05] [CHECK] Joueur 1 est à 6190.61 mètres du groupe facile
[23:39:05] [CHECK] Joueur 1 est à 2834.15 mètres du groupe ghost
[23:39:15] [CHECK] Joueur 1 est à 2821.20 mètres du groupe demon
[23:39:15] [CHECK] Joueur 1 est à 5972.38 mètres du groupe rude
[23:39:15] [CHECK] Joueur 1 est à 6190.61 mètres du groupe facile
[23:39:15] [CHECK] Joueur 1 est à 2834.15 mètres du groupe ghost
[23:39:25] [CHECK] Joueur 1 est à 2821.20 mètres du groupe demon
[23:39:25] [CHECK] Joueur 1 est à 5972.38 mètres du groupe rude
[23:39:25] [CHECK] Joueur 1 est à 6190.61 mètres du groupe facile
[23:39:25] [CHECK] Joueur 1 est à 2834.15 mètres du groupe ghost
[23:39:35] [CHECK] Joueur 1 est à 2821.20 mètres du groupe demon
[23:39:35] [CHECK] Joueur 1 est à 5972.38 mètres du groupe rude
[23:39:35] [CHECK] Joueur 1 est à 6190.61 mètres du groupe facile
[23:39:35] [CHECK] Joueur 1 est à 2834.15 mètres du groupe ghost
[23:39:45] [CHECK] Joueur 1 est à 2821.20 mètres du groupe demon
[23:39:45] [CHECK] Joueur 1 est à 5972.38 mètres du groupe rude
[23:39:45] [CHECK] Joueur 1 est à 6190.61 mètres du groupe facile
[23:39:45] [CHECK] Joueur 1 est à 2834.15 mètres du groupe ghost
[23:39:55] [CHECK] Joueur 1 est à 2821.20 mètres du groupe demon
[23:39:55] [CHECK] Joueur 1 est à 5972.38 mètres du groupe rude
[23:39:55] [CHECK] Joueur 1 est à 6190.61 mètres du groupe facile
[23:39:55] [CHECK] Joueur 1 est à 2834.15 mètres du groupe ghost
[23:40:05] [CHECK] Joueur 1 est à 2821.20 mètres du groupe demon
[23:40:05] [CHECK] Joueur 1 est à 5972.38 mètres du groupe rude
[23:40:05] [CHECK] Joueur 1 est à 6190.61 mètres du groupe facile
[23:40:05] [CHECK] Joueur 1 est à 2834.15 mètres du groupe ghost
[23:40:15] [CHECK] Joueur 1 est à 2821.20 mètres du groupe demon
[23:40:15] [CHECK] Joueur 1 est à 5972.38 mètres du groupe rude
[23:40:15] [CHECK] Joueur 1 est à 6190.61 mètres du groupe facile
[23:40:15] [CHECK] Joueur 1 est à 2834.15 mètres du groupe ghost
[23:40:25] [CHECK] Joueur 1 est à 2821.20 mètres du groupe demon
[23:40:25] [CHECK] Joueur 1 est à 5972.38 mètres du groupe rude
[23:40:25] [CHECK] Joueur 1 est à 6190.61 mètres du groupe facile
[23:40:25] [CHECK] Joueur 1 est à 2834.15 mètres du groupe ghost
[23:40:35] [CHECK] Joueur 1 est à 2821.20 mètres du groupe demon
[23:40:35] [CHECK] Joueur 1 est à 5972.38 mètres du groupe rude
[23:40:35] [CHECK] Joueur 1 est à 6190.61 mètres du groupe facile
[23:40:35] [CHECK] Joueur 1 est à 2834.15 mètres du groupe ghost
[23:40:45] [CHECK] Joueur 1 est à 2821.20 mètres du groupe demon
[23:40:45] [CHECK] Joueur 1 est à 5972.38 mètres du groupe rude
[23:40:45] [CHECK] Joueur 1 est à 6190.61 mètres du groupe facile
[23:40:45] [CHECK] Joueur 1 est à 2834.15 mètres du groupe ghost
[23:40:55] [CHECK] Joueur 1 est à 2821.20 mètres du groupe demon
[23:40:55] [CHECK] Joueur 1 est à 5972.38 mètres du groupe rude
[23:40:55] [CHECK] Joueur 1 est à 6190.61 mètres du groupe facile
[23:40:55] [CHECK] Joueur 1 est à 2834.15 mètres du groupe ghost
[23:41:05] [CHECK] Joueur 1 est à 2821.20 mètres du groupe demon
[23:41:05] [CHECK] Joueur 1 est à 5972.38 mètres du groupe rude
[23:41:05] [CHECK] Joueur 1 est à 6190.61 mètres du groupe facile
[23:41:05] [CHECK] Joueur 1 est à 2834.15 mètres du groupe ghost
[23:41:15] [CHECK] Joueur 1 est à 2821.20 mètres du groupe demon
[23:41:15] [CHECK] Joueur 1 est à 5972.38 mètres du groupe rude
[23:41:15] [CHECK] Joueur 1 est à 6190.61 mètres du groupe facile
[23:41:15] [CHECK] Joueur 1 est à 2834.15 mètres du groupe ghost
[23:41:25] [CHECK] Joueur 1 est à 2821.20 mètres du groupe demon
[23:41:25] [CHECK] Joueur 1 est à 5972.38 mètres du groupe rude
[23:41:25] [CHECK] Joueur 1 est à 6190.61 mètres du groupe facile
[23:41:25] [CHECK] Joueur 1 est à 2834.15 mètres du groupe ghost
[23:41:36] [CHECK] Joueur 1 est à 2821.20 mètres du groupe demon
[23:41:36] [CHECK] Joueur 1 est à 5972.38 mètres du groupe rude
[23:41:36] [CHECK] Joueur 1 est à 6190.61 mètres du groupe facile
[23:41:36] [CHECK] Joueur 1 est à 2834.15 mètres du groupe ghost
[23:41:46] [CHECK] Joueur 1 est à 2821.20 mètres du groupe demon
[23:41:46] [CHECK] Joueur 1 est à 5972.38 mètres du groupe rude
[23:41:46] [CHECK] Joueur 1 est à 6190.61 mètres du groupe facile
[23:41:46] [CHECK] Joueur 1 est à 2834.15 mètres du groupe ghost
[23:41:56] [CHECK] Joueur 1 est à 2821.20 mètres du groupe demon
[23:41:56] [CHECK] Joueur 1 est à 5972.38 mètres du groupe rude
[23:41:56] [CHECK] Joueur 1 est à 6190.61 mètres du groupe facile
[23:41:56] [CHECK] Joueur 1 est à 2834.15 mètres du groupe ghost
[23:42:06] [CHECK] Joueur 1 est à 2821.20 mètres du groupe demon
[23:42:06] [CHECK] Joueur 1 est à 5972.38 mètres du groupe rude
[23:42:06] [CHECK] Joueur 1 est à 6190.61 mètres du groupe facile
[23:42:06] [CHECK] Joueur 1 est à 2834.15 mètres du groupe ghost
[23:42:16] [CHECK] Joueur 1 est à 2821.20 mètres du groupe demon
[23:42:16] [CHECK] Joueur 1 est à 5972.38 mètres du groupe rude
[23:42:16] [CHECK] Joueur 1 est à 6190.61 mètres du groupe facile
[23:42:16] [CHECK] Joueur 1 est à 2834.15 mètres du groupe ghost
[23:42:26] [CHECK] Joueur 1 est à 2821.20 mètres du groupe demon
[23:42:26] [CHECK] Joueur 1 est à 5972.38 mètres du groupe rude
[23:42:26] [CHECK] Joueur 1 est à 6190.61 mètres du groupe facile
[23:42:26] [CHECK] Joueur 1 est à 2834.15 mètres du groupe ghost
[23:42:36] [CHECK] Joueur 1 est à 2821.20 mètres du groupe demon
[23:42:36] [CHECK] Joueur 1 est à 5972.38 mètres du groupe rude
[23:42:36] [CHECK] Joueur 1 est à 6190.61 mètres du groupe facile
[23:42:36] [CHECK] Joueur 1 est à 2834.15 mètres du groupe ghost
[23:42:46] [CHECK] Joueur 1 est à 2821.20 mètres du groupe demon
[23:42:46] [CHECK] Joueur 1 est à 5972.38 mètres du groupe rude
[23:42:46] [CHECK] Joueur 1 est à 6190.61 mètres du groupe facile
[23:42:46] [CHECK] Joueur 1 est à 2834.15 mètres du groupe ghost
[23:42:56] [CHECK] Joueur 1 est à 2821.20 mètres du groupe demon
[23:42:56] [CHECK] Joueur 1 est à 5972.38 mètres du groupe rude
[23:42:56] [CHECK] Joueur 1 est à 6190.61 mètres du groupe facile
[23:42:56] [CHECK] Joueur 1 est à 2834.15 mètres du groupe ghost
[23:43:06] [CHECK] Joueur 1 est à 2821.20 mètres du groupe demon
[23:43:06] [CHECK] Joueur 1 est à 5972.38 mètres du groupe rude
[23:43:06] [CHECK] Joueur 1 est à 6190.61 mètres du groupe facile
[23:43:06] [CHECK] Joueur 1 est à 2834.15 mètres du groupe ghost
[23:43:16] [CHECK] Joueur 1 est à 2821.20 mètres du groupe demon
[23:43:16] [CHECK] Joueur 1 est à 5972.38 mètres du groupe rude
[23:43:16] [CHECK] Joueur 1 est à 6190.61 mètres du groupe facile
[23:43:16] [CHECK] Joueur 1 est à 2834.15 mètres du groupe ghost
[23:43:26] [CHECK] Joueur 1 est à 2821.20 mètres du groupe demon
[23:43:26] [CHECK] Joueur 1 est à 5972.38 mètres du groupe rude
[23:43:26] [CHECK] Joueur 1 est à 6190.61 mètres du groupe facile
[23:43:26] [CHECK] Joueur 1 est à 2834.15 mètres du groupe ghost
[23:43:36] [CHECK] Joueur 1 est à 2821.20 mètres du groupe demon
[23:43:36] [CHECK] Joueur 1 est à 5972.38 mètres du groupe rude
[23:43:36] [CHECK] Joueur 1 est à 6190.61 mètres du groupe facile
[23:43:36] [CHECK] Joueur 1 est à 2834.15 mètres du groupe ghost
[23:43:46] [CHECK] Joueur 1 est à 2821.20 mètres du groupe demon
[23:43:46] [CHECK] Joueur 1 est à 5972.38 mètres du groupe rude
[23:43:46] [CHECK] Joueur 1 est à 6190.61 mètres du groupe facile
[23:43:46] [CHECK] Joueur 1 est à 2834.15 mètres du groupe ghost
[23:43:56] [CHECK] Joueur 1 est à 2821.20 mètres du groupe demon
[23:43:56] [CHECK] Joueur 1 est à 5972.38 mètres du groupe rude
[23:43:56] [CHECK] Joueur 1 est à 6190.61 mètres du groupe facile
[23:43:57] [CHECK] Joueur 1 est à 2834.15 mètres du groupe ghost
[23:44:07] [CHECK] Joueur 1 est à 2821.20 mètres du groupe demon
[23:44:07] [CHECK] Joueur 1 est à 5972.38 mètres du groupe rude
[23:44:07] [CHECK] Joueur 1 est à 6190.61 mètres du groupe facile
[23:44:07] [CHECK] Joueur 1 est à 2834.15 mètres du groupe ghost
[23:44:17] [CHECK] Joueur 1 est à 2821.20 mètres du groupe demon
[23:44:17] [CHECK] Joueur 1 est à 5972.38 mètres du groupe rude
[23:44:17] [CHECK] Joueur 1 est à 6190.61 mètres du groupe facile
[23:44:17] [CHECK] Joueur 1 est à 2834.15 mètres du groupe ghost
[23:44:27] [CHECK] Joueur 1 est à 2821.20 mètres du groupe demon
[23:44:27] [CHECK] Joueur 1 est à 5972.38 mètres du groupe rude
[23:44:27] [CHECK] Joueur 1 est à 6190.61 mètres du groupe facile
[23:44:27] [CHECK] Joueur 1 est à 2834.15 mètres du groupe ghost
[23:44:37] [CHECK] Joueur 1 est à 2818.36 mètres du groupe demon
[23:44:37] [CHECK] Joueur 1 est à 5966.39 mètres du groupe rude
[23:44:37] [CHECK] Joueur 1 est à 6184.63 mètres du groupe facile
[23:44:37] [CHECK] Joueur 1 est à 2828.17 mètres du groupe ghost
[23:44:47] [CHECK] Joueur 1 est à 2815.07 mètres du groupe demon
[23:44:47] [CHECK] Joueur 1 est à 5962.35 mètres du groupe rude
[23:44:47] [CHECK] Joueur 1 est à 6181.34 mètres du groupe facile
[23:44:47] [CHECK] Joueur 1 est à 2824.87 mètres du groupe ghost
[23:44:57] [CHECK] Joueur 1 est à 2822.93 mètres du groupe demon
[23:44:57] [CHECK] Joueur 1 est à 5972.22 mètres du groupe rude
[23:44:57] [CHECK] Joueur 1 est à 6189.49 mètres du groupe facile
[23:44:57] [CHECK] Joueur 1 est à 2833.07 mètres du groupe ghost
[23:45:07] [CHECK] Joueur 1 est à 2824.92 mètres du groupe demon
[23:45:07] [CHECK] Joueur 1 est à 5976.18 mètres du groupe rude
[23:45:07] [CHECK] Joueur 1 est à 6193.37 mètres du groupe facile
[23:45:07] [CHECK] Joueur 1 est à 2836.92 mètres du groupe ghost
[23:45:17] [CHECK] Joueur 1 est à 2824.92 mètres du groupe demon
[23:45:17] [CHECK] Joueur 1 est à 5976.18 mètres du groupe rude
[23:45:17] [CHECK] Joueur 1 est à 6193.37 mètres du groupe facile
[23:45:17] [CHECK] Joueur 1 est à 2836.92 mètres du groupe ghost
[23:45:27] [CHECK] Joueur 1 est à 2824.92 mètres du groupe demon
[23:45:27] [CHECK] Joueur 1 est à 5976.18 mètres du groupe rude
[23:45:27] [CHECK] Joueur 1 est à 6193.37 mètres du groupe facile
[23:45:27] [CHECK] Joueur 1 est à 2836.92 mètres du groupe ghost
[23:45:37] [CHECK] Joueur 1 est à 2824.92 mètres du groupe demon
[23:45:37] [CHECK] Joueur 1 est à 5976.18 mètres du groupe rude
[23:45:37] [CHECK] Joueur 1 est à 6193.37 mètres du groupe facile
[23:45:37] [CHECK] Joueur 1 est à 2836.92 mètres du groupe ghost
[23:45:47] [CHECK] Joueur 1 est à 2824.92 mètres du groupe demon
[23:45:47] [CHECK] Joueur 1 est à 5976.18 mètres du groupe rude
[23:45:47] [CHECK] Joueur 1 est à 6193.37 mètres du groupe facile
[23:45:47] [CHECK] Joueur 1 est à 2836.92 mètres du groupe ghost
[23:45:57] [CHECK] Joueur 1 est à 2824.92 mètres du groupe demon
[23:45:57] [CHECK] Joueur 1 est à 5976.18 mètres du groupe rude
[23:45:57] [CHECK] Joueur 1 est à 6193.37 mètres du groupe facile
[23:45:57] [CHECK] Joueur 1 est à 2836.92 mètres du groupe ghost
[23:46:07] [CHECK] Joueur 1 est à 2824.96 mètres du groupe demon
[23:46:07] [CHECK] Joueur 1 est à 5975.18 mètres du groupe rude
[23:46:07] [CHECK] Joueur 1 est à 6192.08 mètres du groupe facile
[23:46:07] [CHECK] Joueur 1 est à 2835.64 mètres du groupe ghost
[23:46:17] [CHECK] Joueur 1 est à 3285.80 mètres du groupe demon
[23:46:17] [CHECK] Joueur 1 est à 5395.57 mètres du groupe rude
[23:46:17] [CHECK] Joueur 1 est à 5243.54 mètres du groupe facile
[23:46:17] [CHECK] Joueur 1 est à 1941.62 mètres du groupe ghost
[23:46:27] [CHECK] Joueur 1 est à 3285.80 mètres du groupe demon
[23:46:27] [CHECK] Joueur 1 est à 5395.57 mètres du groupe rude
[23:46:27] [CHECK] Joueur 1 est à 5243.54 mètres du groupe facile
[23:46:27] [CHECK] Joueur 1 est à 1941.62 mètres du groupe ghost
[23:46:37] [CHECK] Joueur 1 est à 3285.80 mètres du groupe demon
[23:46:37] [CHECK] Joueur 1 est à 5395.57 mètres du groupe rude
[23:46:37] [CHECK] Joueur 1 est à 5243.54 mètres du groupe facile
[23:46:37] [CHECK] Joueur 1 est à 1941.62 mètres du groupe ghost
[23:46:48] [CHECK] Joueur 1 est à 3285.80 mètres du groupe demon
[23:46:48] [CHECK] Joueur 1 est à 5395.57 mètres du groupe rude
[23:46:48] [CHECK] Joueur 1 est à 5243.54 mètres du groupe facile
[23:46:48] [CHECK] Joueur 1 est à 1941.62 mètres du groupe ghost
[23:46:58] [CHECK] Joueur 1 est à 3285.80 mètres du groupe demon
[23:46:58] [CHECK] Joueur 1 est à 5395.57 mètres du groupe rude
[23:46:58] [CHECK] Joueur 1 est à 5243.54 mètres du groupe facile
[23:46:58] [CHECK] Joueur 1 est à 1941.62 mètres du groupe ghost
[23:47:08] [CHECK] Joueur 1 est à 3285.80 mètres du groupe demon
[23:47:08] [CHECK] Joueur 1 est à 5395.57 mètres du groupe rude
[23:47:08] [CHECK] Joueur 1 est à 5243.54 mètres du groupe facile
[23:47:08] [CHECK] Joueur 1 est à 1941.62 mètres du groupe ghost
[23:47:18] [CHECK] Joueur 1 est à 3285.80 mètres du groupe demon
[23:47:18] [CHECK] Joueur 1 est à 5395.57 mètres du groupe rude
[23:47:18] [CHECK] Joueur 1 est à 5243.54 mètres du groupe facile
[23:47:18] [CHECK] Joueur 1 est à 1941.62 mètres du groupe ghost
[23:47:28] [CHECK] Joueur 1 est à 3285.80 mètres du groupe demon
[23:47:28] [CHECK] Joueur 1 est à 5395.57 mètres du groupe rude
[23:47:28] [CHECK] Joueur 1 est à 5243.54 mètres du groupe facile
[23:47:28] [CHECK] Joueur 1 est à 1941.62 mètres du groupe ghost
[23:47:38] [CHECK] Joueur 1 est à 3285.80 mètres du groupe demon
[23:47:38] [CHECK] Joueur 1 est à 5395.57 mètres du groupe rude
[23:47:38] [CHECK] Joueur 1 est à 5243.54 mètres du groupe facile
[23:47:38] [CHECK] Joueur 1 est à 1941.62 mètres du groupe ghost
[23:47:48] [CHECK] Joueur 1 est à 3285.80 mètres du groupe demon
[23:47:48] [CHECK] Joueur 1 est à 5395.57 mètres du groupe rude
[23:47:48] [CHECK] Joueur 1 est à 5243.54 mètres du groupe facile
[23:47:48] [CHECK] Joueur 1 est à 1941.62 mètres du groupe ghost
[23:47:58] [CHECK] Joueur 1 est à 3285.80 mètres du groupe demon
[23:47:58] [CHECK] Joueur 1 est à 5395.57 mètres du groupe rude
[23:47:58] [CHECK] Joueur 1 est à 5243.54 mètres du groupe facile
[23:47:58] [CHECK] Joueur 1 est à 1941.62 mètres du groupe ghost
[23:48:08] [CHECK] Joueur 1 est à 3285.80 mètres du groupe demon
[23:48:08] [CHECK] Joueur 1 est à 5395.57 mètres du groupe rude
[23:48:08] [CHECK] Joueur 1 est à 5243.54 mètres du groupe facile
[23:48:08] [CHECK] Joueur 1 est à 1941.62 mètres du groupe ghost
[23:48:18] [CHECK] Joueur 1 est à 3285.80 mètres du groupe demon
[23:48:18] [CHECK] Joueur 1 est à 5395.57 mètres du groupe rude
[23:48:18] [CHECK] Joueur 1 est à 5243.54 mètres du groupe facile
[23:48:18] [CHECK] Joueur 1 est à 1941.62 mètres du groupe ghost
[23:48:28] [CHECK] Joueur 1 est à 3285.80 mètres du groupe demon
[23:48:28] [CHECK] Joueur 1 est à 5395.57 mètres du groupe rude
[23:48:28] [CHECK] Joueur 1 est à 5243.54 mètres du groupe facile
[23:48:28] [CHECK] Joueur 1 est à 1941.62 mètres du groupe ghost
[23:48:38] [CHECK] Joueur 1 est à 3285.80 mètres du groupe demon
[23:48:38] [CHECK] Joueur 1 est à 5395.57 mètres du groupe rude
[23:48:38] [CHECK] Joueur 1 est à 5243.54 mètres du groupe facile
[23:48:38] [CHECK] Joueur 1 est à 1941.62 mètres du groupe ghost
[23:48:48] [CHECK] Joueur 1 est à 3285.80 mètres du groupe demon
[23:48:48] [CHECK] Joueur 1 est à 5395.57 mètres du groupe rude
[23:48:48] [CHECK] Joueur 1 est à 5243.54 mètres du groupe facile
[23:48:48] [CHECK] Joueur 1 est à 1941.62 mètres du groupe ghost
[23:48:58] [CHECK] Joueur 1 est à 3285.80 mètres du groupe demon
[23:48:58] [CHECK] Joueur 1 est à 5395.57 mètres du groupe rude
[23:48:58] [CHECK] Joueur 1 est à 5243.54 mètres du groupe facile
[23:48:58] [CHECK] Joueur 1 est à 1941.62 mètres du groupe ghost
[23:49:08] [CHECK] Joueur 1 est à 3285.80 mètres du groupe demon
[23:49:08] [CHECK] Joueur 1 est à 5395.57 mètres du groupe rude
[23:49:08] [CHECK] Joueur 1 est à 5243.54 mètres du groupe facile
[23:49:08] [CHECK] Joueur 1 est à 1941.62 mètres du groupe ghost
[23:49:19] [CHECK] Joueur 1 est à 3285.80 mètres du groupe demon
[23:49:19] [CHECK] Joueur 1 est à 5395.57 mètres du groupe rude
[23:49:19] [CHECK] Joueur 1 est à 5243.54 mètres du groupe facile
[23:49:19] [CHECK] Joueur 1 est à 1941.62 mètres du groupe ghost
[23:49:29] [CHECK] Joueur 1 est à 3285.80 mètres du groupe demon
[23:49:29] [CHECK] Joueur 1 est à 5395.57 mètres du groupe rude
[23:49:29] [CHECK] Joueur 1 est à 5243.54 mètres du groupe facile
[23:49:29] [CHECK] Joueur 1 est à 1941.62 mètres du groupe ghost
[23:49:39] [CHECK] Joueur 1 est à 3285.80 mètres du groupe demon
[23:49:39] [CHECK] Joueur 1 est à 5395.57 mètres du groupe rude
[23:49:39] [CHECK] Joueur 1 est à 5243.54 mètres du groupe facile
[23:49:39] [CHECK] Joueur 1 est à 1941.62 mètres du groupe ghost
[23:49:49] [CHECK] Joueur 1 est à 3285.80 mètres du groupe demon
[23:49:49] [CHECK] Joueur 1 est à 5395.57 mètres du groupe rude
[23:49:49] [CHECK] Joueur 1 est à 5243.54 mètres du groupe facile
[23:49:49] [CHECK] Joueur 1 est à 1941.62 mètres du groupe ghost
[23:49:59] [CHECK] Joueur 1 est à 3285.80 mètres du groupe demon
[23:49:59] [CHECK] Joueur 1 est à 5395.57 mètres du groupe rude
[23:49:59] [CHECK] Joueur 1 est à 5243.54 mètres du groupe facile
[23:49:59] [CHECK] Joueur 1 est à 1941.62 mètres du groupe ghost
[23:50:09] [CHECK] Joueur 1 est à 3285.80 mètres du groupe demon
[23:50:09] [CHECK] Joueur 1 est à 5395.57 mètres du groupe rude
[23:50:09] [CHECK] Joueur 1 est à 5243.54 mètres du groupe facile
[23:50:09] [CHECK] Joueur 1 est à 1941.62 mètres du groupe ghost
[23:50:19] [CHECK] Joueur 1 est à 3285.80 mètres du groupe demon
[23:50:19] [CHECK] Joueur 1 est à 5395.57 mètres du groupe rude
[23:50:19] [CHECK] Joueur 1 est à 5243.54 mètres du groupe facile
[23:50:19] [CHECK] Joueur 1 est à 1941.62 mètres du groupe ghost
[23:50:29] [CHECK] Joueur 1 est à 3285.80 mètres du groupe demon
[23:50:29] [CHECK] Joueur 1 est à 5395.57 mètres du groupe rude
[23:50:29] [CHECK] Joueur 1 est à 5243.54 mètres du groupe facile
[23:50:29] [CHECK] Joueur 1 est à 1941.62 mètres du groupe ghost
[23:50:39] [CHECK] Joueur 1 est à 3285.80 mètres du groupe demon
[23:50:39] [CHECK] Joueur 1 est à 5395.57 mètres du groupe rude
[23:50:39] [CHECK] Joueur 1 est à 5243.54 mètres du groupe facile
[23:50:39] [CHECK] Joueur 1 est à 1941.62 mètres du groupe ghost
[23:50:49] [CHECK] Joueur 1 est à 3285.80 mètres du groupe demon
[23:50:49] [CHECK] Joueur 1 est à 5395.57 mètres du groupe rude
[23:50:49] [CHECK] Joueur 1 est à 5243.54 mètres du groupe facile
[23:50:49] [CHECK] Joueur 1 est à 1941.62 mètres du groupe ghost
[23:50:59] [CHECK] Joueur 1 est à 3285.80 mètres du groupe demon
[23:50:59] [CHECK] Joueur 1 est à 5395.57 mètres du groupe rude
[23:50:59] [CHECK] Joueur 1 est à 5243.54 mètres du groupe facile
[23:50:59] [CHECK] Joueur 1 est à 1941.62 mètres du groupe ghost
[23:51:09] [CHECK] Joueur 1 est à 3285.80 mètres du groupe demon
[23:51:09] [CHECK] Joueur 1 est à 5395.57 mètres du groupe rude
[23:51:09] [CHECK] Joueur 1 est à 5243.54 mètres du groupe facile
[23:51:09] [CHECK] Joueur 1 est à 1941.62 mètres du groupe ghost
[23:51:19] [CHECK] Joueur 1 est à 3285.80 mètres du groupe demon
[23:51:19] [CHECK] Joueur 1 est à 5395.57 mètres du groupe rude
[23:51:19] [CHECK] Joueur 1 est à 5243.54 mètres du groupe facile
[23:51:19] [CHECK] Joueur 1 est à 1941.62 mètres du groupe ghost
[23:51:29] [CHECK] Joueur 1 est à 3285.80 mètres du groupe demon
[23:51:29] [CHECK] Joueur 1 est à 5395.57 mètres du groupe rude
[23:51:29] [CHECK] Joueur 1 est à 5243.54 mètres du groupe facile
[23:51:29] [CHECK] Joueur 1 est à 1941.62 mètres du groupe ghost
[23:51:39] [CHECK] Joueur 1 est à 3285.80 mètres du groupe demon
[23:51:39] [CHECK] Joueur 1 est à 5395.57 mètres du groupe rude
[23:51:39] [CHECK] Joueur 1 est à 5243.54 mètres du groupe facile
[23:51:39] [CHECK] Joueur 1 est à 1941.62 mètres du groupe ghost
[23:51:49] [CHECK] Joueur 1 est à 3285.80 mètres du groupe demon
[23:51:49] [CHECK] Joueur 1 est à 5395.57 mètres du groupe rude
[23:51:50] [CHECK] Joueur 1 est à 5243.54 mètres du groupe facile
[23:51:50] [CHECK] Joueur 1 est à 1941.62 mètres du groupe ghost
[23:52:00] [CHECK] Joueur 1 est à 3285.80 mètres du groupe demon
[23:52:00] [CHECK] Joueur 1 est à 5395.57 mètres du groupe rude
[23:52:00] [CHECK] Joueur 1 est à 5243.54 mètres du groupe facile
[23:52:00] [CHECK] Joueur 1 est à 1941.62 mètres du groupe ghost
[23:52:10] [CHECK] Joueur 1 est à 3285.80 mètres du groupe demon
[23:52:10] [CHECK] Joueur 1 est à 5395.57 mètres du groupe rude
[23:52:10] [CHECK] Joueur 1 est à 5243.54 mètres du groupe facile
[23:52:10] [CHECK] Joueur 1 est à 1941.62 mètres du groupe ghost
[23:52:20] [CHECK] Joueur 1 est à 3285.80 mètres du groupe demon
[23:52:20] [CHECK] Joueur 1 est à 5395.57 mètres du groupe rude
[23:52:20] [CHECK] Joueur 1 est à 5243.54 mètres du groupe facile
[23:52:20] [CHECK] Joueur 1 est à 1941.62 mètres du groupe ghost
[23:52:30] [CHECK] Joueur 1 est à 3285.80 mètres du groupe demon
[23:52:30] [CHECK] Joueur 1 est à 5395.57 mètres du groupe rude
[23:52:30] [CHECK] Joueur 1 est à 5243.54 mètres du groupe facile
[23:52:30] [CHECK] Joueur 1 est à 1941.62 mètres du groupe ghost
[23:52:40] [CHECK] Joueur 1 est à 3285.80 mètres du groupe demon
[23:52:40] [CHECK] Joueur 1 est à 5395.57 mètres du groupe rude
[23:52:40] [CHECK] Joueur 1 est à 5243.54 mètres du groupe facile
[23:52:40] [CHECK] Joueur 1 est à 1941.62 mètres du groupe ghost
[23:52:50] [CHECK] Joueur 1 est à 3285.80 mètres du groupe demon
[23:52:50] [CHECK] Joueur 1 est à 5395.57 mètres du groupe rude
[23:52:50] [CHECK] Joueur 1 est à 5243.54 mètres du groupe facile
[23:52:50] [CHECK] Joueur 1 est à 1941.62 mètres du groupe ghost
[23:53:00] [CHECK] Joueur 1 est à 3285.80 mètres du groupe demon
[23:53:00] [CHECK] Joueur 1 est à 5395.57 mètres du groupe rude
[23:53:00] [CHECK] Joueur 1 est à 5243.54 mètres du groupe facile
[23:53:00] [CHECK] Joueur 1 est à 1941.62 mètres du groupe ghost
[23:53:10] [CHECK] Joueur 1 est à 3285.80 mètres du groupe demon
[23:53:10] [CHECK] Joueur 1 est à 5395.57 mètres du groupe rude
[23:53:10] [CHECK] Joueur 1 est à 5243.54 mètres du groupe facile
[23:53:10] [CHECK] Joueur 1 est à 1941.62 mètres du groupe ghost
[23:53:20] [CHECK] Joueur 1 est à 3285.80 mètres du groupe demon
[23:53:20] [CHECK] Joueur 1 est à 5395.57 mètres du groupe rude
[23:53:20] [CHECK] Joueur 1 est à 5243.54 mètres du groupe facile
[23:53:20] [CHECK] Joueur 1 est à 1941.62 mètres du groupe ghost
[23:53:30] [CHECK] Joueur 1 est à 3285.80 mètres du groupe demon
[23:53:30] [CHECK] Joueur 1 est à 5395.57 mètres du groupe rude
[23:53:30] [CHECK] Joueur 1 est à 5243.54 mètres du groupe facile
[23:53:30] [CHECK] Joueur 1 est à 1941.62 mètres du groupe ghost
[23:53:40] [CHECK] Joueur 1 est à 3285.80 mètres du groupe demon
[23:53:40] [CHECK] Joueur 1 est à 5395.57 mètres du groupe rude
[23:53:40] [CHECK] Joueur 1 est à 5243.54 mètres du groupe facile
[23:53:40] [CHECK] Joueur 1 est à 1941.62 mètres du groupe ghost
[23:53:50] [CHECK] Joueur 1 est à 3285.80 mètres du groupe demon
[23:53:50] [CHECK] Joueur 1 est à 5395.57 mètres du groupe rude
[23:53:50] [CHECK] Joueur 1 est à 5243.54 mètres du groupe facile
[23:53:50] [CHECK] Joueur 1 est à 1941.62 mètres du groupe ghost
[23:54:01] [CHECK] Joueur 1 est à 3285.80 mètres du groupe demon
[23:54:01] [CHECK] Joueur 1 est à 5395.57 mètres du groupe rude
[23:54:01] [CHECK] Joueur 1 est à 5243.54 mètres du groupe facile
[23:54:01] [CHECK] Joueur 1 est à 1941.62 mètres du groupe ghost
[23:54:11] [CHECK] Joueur 1 est à 3285.80 mètres du groupe demon
[23:54:11] [CHECK] Joueur 1 est à 5395.57 mètres du groupe rude
[23:54:11] [CHECK] Joueur 1 est à 5243.54 mètres du groupe facile
[23:54:11] [CHECK] Joueur 1 est à 1941.62 mètres du groupe ghost
[23:54:21] [CHECK] Joueur 1 est à 3285.80 mètres du groupe demon
[23:54:21] [CHECK] Joueur 1 est à 5395.57 mètres du groupe rude
[23:54:21] [CHECK] Joueur 1 est à 5243.54 mètres du groupe facile
[23:54:21] [CHECK] Joueur 1 est à 1941.62 mètres du groupe ghost
[23:54:31] [CHECK] Joueur 1 est à 3285.80 mètres du groupe demon
[23:54:31] [CHECK] Joueur 1 est à 5395.57 mètres du groupe rude
[23:54:31] [CHECK] Joueur 1 est à 5243.54 mètres du groupe facile
[23:54:31] [CHECK] Joueur 1 est à 1941.62 mètres du groupe ghost
[23:54:41] [CHECK] Joueur 1 est à 3285.80 mètres du groupe demon
[23:54:41] [CHECK] Joueur 1 est à 5395.57 mètres du groupe rude
[23:54:41] [CHECK] Joueur 1 est à 5243.54 mètres du groupe facile
[23:54:41] [CHECK] Joueur 1 est à 1941.62 mètres du groupe ghost
[23:54:51] [CHECK] Joueur 1 est à 3285.80 mètres du groupe demon
[23:54:51] [CHECK] Joueur 1 est à 5395.57 mètres du groupe rude
[23:54:51] [CHECK] Joueur 1 est à 5243.54 mètres du groupe facile
[23:54:51] [CHECK] Joueur 1 est à 1941.62 mètres du groupe ghost
[23:55:01] [CHECK] Joueur 1 est à 3285.80 mètres du groupe demon
[23:55:01] [CHECK] Joueur 1 est à 5395.57 mètres du groupe rude
[23:55:01] [CHECK] Joueur 1 est à 5243.54 mètres du groupe facile
[23:55:01] [CHECK] Joueur 1 est à 1941.62 mètres du groupe ghost
[23:55:11] [CHECK] Joueur 1 est à 3285.78 mètres du groupe demon
[23:55:11] [CHECK] Joueur 1 est à 5395.56 mètres du groupe rude
[23:55:11] [CHECK] Joueur 1 est à 5243.53 mètres du groupe facile
[23:55:11] [CHECK] Joueur 1 est à 1941.61 mètres du groupe ghost
[23:55:21] [CHECK] Joueur 1 est à 3285.78 mètres du groupe demon
[23:55:21] [CHECK] Joueur 1 est à 5395.56 mètres du groupe rude
[23:55:21] [CHECK] Joueur 1 est à 5243.53 mètres du groupe facile
[23:55:21] [CHECK] Joueur 1 est à 1941.61 mètres du groupe ghost
[23:55:31] [CHECK] Joueur 1 est à 3285.78 mètres du groupe demon
[23:55:31] [CHECK] Joueur 1 est à 5395.56 mètres du groupe rude
[23:55:31] [CHECK] Joueur 1 est à 5243.53 mètres du groupe facile
[23:55:31] [CHECK] Joueur 1 est à 1941.61 mètres du groupe ghost
[23:55:41] [CHECK] Joueur 1 est à 3293.57 mètres du groupe demon
[23:55:41] [CHECK] Joueur 1 est à 5393.52 mètres du groupe rude
[23:55:41] [CHECK] Joueur 1 est à 5236.88 mètres du groupe facile
[23:55:41] [CHECK] Joueur 1 est à 1936.60 mètres du groupe ghost
[23:55:51] [CHECK] Joueur 1 est à 3208.43 mètres du groupe demon
[23:55:51] [CHECK] Joueur 1 est à 5346.27 mètres du groupe rude
[23:55:51] [CHECK] Joueur 1 est à 5229.27 mètres du groupe facile
[23:55:51] [CHECK] Joueur 1 est à 1914.10 mètres du groupe ghost
[23:56:01] [CHECK] Joueur 1 est à 3213.85 mètres du groupe demon
[23:56:01] [CHECK] Joueur 1 est à 5354.57 mètres du groupe rude
[23:56:01] [CHECK] Joueur 1 est à 5235.77 mètres du groupe facile
[23:56:01] [CHECK] Joueur 1 est à 1921.23 mètres du groupe ghost
[23:56:11] [CHECK] Joueur 1 est à 3210.37 mètres du groupe demon
[23:56:11] [CHECK] Joueur 1 est à 5346.53 mètres du groupe rude
[23:56:11] [CHECK] Joueur 1 est à 5228.45 mètres du groupe facile
[23:56:11] [CHECK] Joueur 1 est à 1913.47 mètres du groupe ghost
[23:56:21] [CHECK] Joueur 1 est à 3210.37 mètres du groupe demon
[23:56:21] [CHECK] Joueur 1 est à 5346.53 mètres du groupe rude
[23:56:21] [CHECK] Joueur 1 est à 5228.45 mètres du groupe facile
[23:56:21] [CHECK] Joueur 1 est à 1913.47 mètres du groupe ghost
[23:56:31] [CHECK] Joueur 1 est à 3210.37 mètres du groupe demon
[23:56:31] [CHECK] Joueur 1 est à 5346.53 mètres du groupe rude
[23:56:31] [CHECK] Joueur 1 est à 5228.45 mètres du groupe facile
[23:56:31] [CHECK] Joueur 1 est à 1913.47 mètres du groupe ghost
[23:56:41] [CHECK] Joueur 1 est à 3210.37 mètres du groupe demon
[23:56:41] [CHECK] Joueur 1 est à 5346.53 mètres du groupe rude
[23:56:42] [CHECK] Joueur 1 est à 5228.45 mètres du groupe facile
[23:56:42] [CHECK] Joueur 1 est à 1913.47 mètres du groupe ghost
[23:56:52] [CHECK] Joueur 1 est à 3210.37 mètres du groupe demon
[23:56:52] [CHECK] Joueur 1 est à 5346.53 mètres du groupe rude
[23:56:52] [CHECK] Joueur 1 est à 5228.45 mètres du groupe facile
[23:56:52] [CHECK] Joueur 1 est à 1913.47 mètres du groupe ghost
[23:57:02] [CHECK] Joueur 1 est à 3210.37 mètres du groupe demon
[23:57:02] [CHECK] Joueur 1 est à 5346.53 mètres du groupe rude
[23:57:02] [CHECK] Joueur 1 est à 5228.45 mètres du groupe facile
[23:57:02] [CHECK] Joueur 1 est à 1913.47 mètres du groupe ghost
[23:57:12] [CHECK] Joueur 1 est à 3210.37 mètres du groupe demon
[23:57:12] [CHECK] Joueur 1 est à 5346.53 mètres du groupe rude
[23:57:12] [CHECK] Joueur 1 est à 5228.45 mètres du groupe facile
[23:57:12] [CHECK] Joueur 1 est à 1913.47 mètres du groupe ghost
[23:57:22] [CHECK] Joueur 1 est à 3210.37 mètres du groupe demon
[23:57:22] [CHECK] Joueur 1 est à 5346.53 mètres du groupe rude
[23:57:22] [CHECK] Joueur 1 est à 5228.45 mètres du groupe facile
[23:57:22] [CHECK] Joueur 1 est à 1913.47 mètres du groupe ghost
[23:57:32] [CHECK] Joueur 1 est à 3210.37 mètres du groupe demon
[23:57:32] [CHECK] Joueur 1 est à 5346.53 mètres du groupe rude
[23:57:32] [CHECK] Joueur 1 est à 5228.45 mètres du groupe facile
[23:57:32] [CHECK] Joueur 1 est à 1913.47 mètres du groupe ghost
[23:57:42] [CHECK] Joueur 1 est à 3210.37 mètres du groupe demon
[23:57:42] [CHECK] Joueur 1 est à 5346.53 mètres du groupe rude
[23:57:42] [CHECK] Joueur 1 est à 5228.45 mètres du groupe facile
[23:57:42] [CHECK] Joueur 1 est à 1913.47 mètres du groupe ghost
[23:57:52] [CHECK] Joueur 1 est à 3210.37 mètres du groupe demon
[23:57:52] [CHECK] Joueur 1 est à 5346.53 mètres du groupe rude
[23:57:52] [CHECK] Joueur 1 est à 5228.45 mètres du groupe facile
[23:57:52] [CHECK] Joueur 1 est à 1913.47 mètres du groupe ghost
[23:58:02] [CHECK] Joueur 1 est à 3210.37 mètres du groupe demon
[23:58:02] [CHECK] Joueur 1 est à 5346.53 mètres du groupe rude
[23:58:02] [CHECK] Joueur 1 est à 5228.45 mètres du groupe facile
[23:58:02] [CHECK] Joueur 1 est à 1913.47 mètres du groupe ghost
[23:58:12] [CHECK] Joueur 1 est à 3210.37 mètres du groupe demon
[23:58:12] [CHECK] Joueur 1 est à 5346.53 mètres du groupe rude
[23:58:12] [CHECK] Joueur 1 est à 5228.45 mètres du groupe facile
[23:58:12] [CHECK] Joueur 1 est à 1913.47 mètres du groupe ghost
[23:58:22] [CHECK] Joueur 1 est à 3210.37 mètres du groupe demon
[23:58:22] [CHECK] Joueur 1 est à 5346.53 mètres du groupe rude
[23:58:22] [CHECK] Joueur 1 est à 5228.45 mètres du groupe facile
[23:58:22] [CHECK] Joueur 1 est à 1913.47 mètres du groupe ghost
[23:58:32] [CHECK] Joueur 1 est à 3210.37 mètres du groupe demon
[23:58:32] [CHECK] Joueur 1 est à 5346.53 mètres du groupe rude
[23:58:32] [CHECK] Joueur 1 est à 5228.45 mètres du groupe facile
[23:58:32] [CHECK] Joueur 1 est à 1913.47 mètres du groupe ghost
[23:58:42] [CHECK] Joueur 1 est à 3210.37 mètres du groupe demon
[23:58:42] [CHECK] Joueur 1 est à 5346.53 mètres du groupe rude
[23:58:42] [CHECK] Joueur 1 est à 5228.45 mètres du groupe facile
[23:58:42] [CHECK] Joueur 1 est à 1913.47 mètres du groupe ghost
[23:58:53] [CHECK] Joueur 1 est à 3210.37 mètres du groupe demon
[23:58:53] [CHECK] Joueur 1 est à 5346.53 mètres du groupe rude
[23:58:53] [CHECK] Joueur 1 est à 5228.45 mètres du groupe facile
[23:58:53] [CHECK] Joueur 1 est à 1913.47 mètres du groupe ghost
[23:59:03] [CHECK] Joueur 1 est à 3210.37 mètres du groupe demon
[23:59:03] [CHECK] Joueur 1 est à 5346.53 mètres du groupe rude
[23:59:03] [CHECK] Joueur 1 est à 5228.45 mètres du groupe facile
[23:59:03] [CHECK] Joueur 1 est à 1913.47 mètres du groupe ghost
[23:59:13] [CHECK] Joueur 1 est à 3210.37 mètres du groupe demon
[23:59:13] [CHECK] Joueur 1 est à 5346.53 mètres du groupe rude
[23:59:13] [CHECK] Joueur 1 est à 5228.45 mètres du groupe facile
[23:59:13] [CHECK] Joueur 1 est à 1913.47 mètres du groupe ghost
[23:59:23] [CHECK] Joueur 1 est à 3210.37 mètres du groupe demon
[23:59:23] [CHECK] Joueur 1 est à 5346.53 mètres du groupe rude
[23:59:23] [CHECK] Joueur 1 est à 5228.45 mètres du groupe facile
[23:59:23] [CHECK] Joueur 1 est à 1913.47 mètres du groupe ghost
[23:59:33] [CHECK] Joueur 1 est à 3210.37 mètres du groupe demon
[23:59:33] [CHECK] Joueur 1 est à 5346.53 mètres du groupe rude
[23:59:33] [CHECK] Joueur 1 est à 5228.45 mètres du groupe facile
[23:59:33] [CHECK] Joueur 1 est à 1913.47 mètres du groupe ghost
[23:59:43] [CHECK] Joueur 1 est à 3210.37 mètres du groupe demon
[23:59:43] [CHECK] Joueur 1 est à 5346.53 mètres du groupe rude
[23:59:43] [CHECK] Joueur 1 est à 5228.45 mètres du groupe facile
[23:59:43] [CHECK] Joueur 1 est à 1913.47 mètres du groupe ghost
[23:59:53] [CHECK] Joueur 1 est à 3210.37 mètres du groupe demon
[23:59:53] [CHECK] Joueur 1 est à 5346.53 mètres du groupe rude
[23:59:53] [CHECK] Joueur 1 est à 5228.45 mètres du groupe facile
[23:59:53] [CHECK] Joueur 1 est à 1913.47 mètres du groupe ghost
