[21:09:31] [CHECK] Joueur 1 est à 1654.41 mètres du groupe facile
[21:09:31] [CHECK] Joueur 1 est à 2029.18 mètres du groupe rude
[21:09:31] [CHECK] Joueur 1 est à 4445.68 mètres du groupe demon
[21:09:31] [CHECK] Joueur 1 est à 1927.95 mètres du groupe ghost
[21:09:41] [CHECK] Joueur 1 est à 1654.40 mètres du groupe facile
[21:09:41] [CHECK] Joueur 1 est à 2029.18 mètres du groupe rude
[21:09:41] [CHECK] Joueur 1 est à 4445.68 mètres du groupe demon
[21:09:41] [CHECK] Joueur 1 est à 1927.94 mètres du groupe ghost
[21:09:51] [CHECK] Joueur 1 est à 1654.40 mètres du groupe facile
[21:09:51] [CHECK] Joueur 1 est à 2029.18 mètres du groupe rude
[21:09:51] [CHECK] Joueur 1 est à 4445.68 mètres du groupe demon
[21:09:51] [CHECK] Joueur 1 est à 1927.94 mètres du groupe ghost
[21:10:01] [CHECK] Joueur 1 est à 1654.40 mètres du groupe facile
[21:10:01] [CHECK] Joueur 1 est à 2029.18 mètres du groupe rude
[21:10:01] [CHECK] Joueur 1 est à 4445.68 mètres du groupe demon
[21:10:01] [CHECK] Joueur 1 est à 1927.94 mètres du groupe ghost
[21:10:11] [CHECK] Joueur 1 est à 1654.40 mètres du groupe facile
[21:10:11] [CHECK] Joueur 1 est à 2029.18 mètres du groupe rude
[21:10:11] [CHECK] Joueur 1 est à 4445.68 mètres du groupe demon
[21:10:11] [CHECK] Joueur 1 est à 1927.94 mètres du groupe ghost
[21:10:21] [CHECK] Joueur 1 est à 1654.40 mètres du groupe facile
[21:10:21] [CHECK] Joueur 1 est à 2029.18 mètres du groupe rude
[21:10:21] [CHECK] Joueur 1 est à 4445.68 mètres du groupe demon
[21:10:21] [CHECK] Joueur 1 est à 1927.94 mètres du groupe ghost
[21:10:31] [CHECK] Joueur 1 est à 1654.40 mètres du groupe facile
[21:10:31] [CHECK] Joueur 1 est à 2029.18 mètres du groupe rude
[21:10:31] [CHECK] Joueur 1 est à 4445.68 mètres du groupe demon
[21:10:31] [CHECK] Joueur 1 est à 1927.94 mètres du groupe ghost
[21:10:41] [CHECK] Joueur 1 est à 1654.40 mètres du groupe facile
[21:10:41] [CHECK] Joueur 1 est à 2029.18 mètres du groupe rude
[21:10:41] [CHECK] Joueur 1 est à 4445.68 mètres du groupe demon
[21:10:41] [CHECK] Joueur 1 est à 1927.94 mètres du groupe ghost
[21:10:51] [CHECK] Joueur 1 est à 1654.40 mètres du groupe facile
[21:10:51] [CHECK] Joueur 1 est à 2029.18 mètres du groupe rude
[21:10:51] [CHECK] Joueur 1 est à 4445.68 mètres du groupe demon
[21:10:51] [CHECK] Joueur 1 est à 1927.94 mètres du groupe ghost
[21:11:01] [CHECK] Joueur 1 est à 1654.40 mètres du groupe facile
[21:11:01] [CHECK] Joueur 1 est à 2029.18 mètres du groupe rude
[21:11:01] [CHECK] Joueur 1 est à 4445.68 mètres du groupe demon
[21:11:01] [CHECK] Joueur 1 est à 1927.94 mètres du groupe ghost
[21:11:11] [CHECK] Joueur 1 est à 473.75 mètres du groupe facile
[21:11:11] [CHECK] Joueur 1 est à 2765.45 mètres du groupe rude
[21:11:11] [CHECK] Joueur 1 est à 6505.73 mètres du groupe demon
[21:11:11] [CHECK] Joueur 1 est à 3829.72 mètres du groupe ghost
[21:11:21] [CHECK] Joueur 1 est à 473.75 mètres du groupe facile
[21:11:21] [CHECK] Joueur 1 est à 2765.45 mètres du groupe rude
[21:11:21] [CHECK] Joueur 1 est à 6505.73 mètres du groupe demon
[21:11:21] [CHECK] Joueur 1 est à 3829.72 mètres du groupe ghost
[21:11:31] [CHECK] Joueur 1 est à 473.75 mètres du groupe facile
[21:11:31] [CHECK] Joueur 1 est à 2765.45 mètres du groupe rude
[21:11:31] [CHECK] Joueur 1 est à 6505.73 mètres du groupe demon
[21:11:31] [CHECK] Joueur 1 est à 3829.72 mètres du groupe ghost
[21:11:41] [CHECK] Joueur 1 est à 474.04 mètres du groupe facile
[21:11:41] [CHECK] Joueur 1 est à 2766.84 mètres du groupe rude
[21:11:41] [CHECK] Joueur 1 est à 6506.63 mètres du groupe demon
[21:11:41] [CHECK] Joueur 1 est à 3830.07 mètres du groupe ghost
[21:11:51] [CHECK] Joueur 1 est à 474.04 mètres du groupe facile
[21:11:51] [CHECK] Joueur 1 est à 2766.84 mètres du groupe rude
[21:11:51] [CHECK] Joueur 1 est à 6506.63 mètres du groupe demon
[21:11:51] [CHECK] Joueur 1 est à 3830.07 mètres du groupe ghost
[21:12:01] [CHECK] Joueur 1 est à 474.04 mètres du groupe facile
[21:12:01] [CHECK] Joueur 1 est à 2766.84 mètres du groupe rude
[21:12:01] [CHECK] Joueur 1 est à 6506.63 mètres du groupe demon
[21:12:01] [CHECK] Joueur 1 est à 3830.07 mètres du groupe ghost
[21:12:12] [CHECK] Joueur 1 est à 474.04 mètres du groupe facile
[21:12:12] [CHECK] Joueur 1 est à 2766.84 mètres du groupe rude
[21:12:12] [CHECK] Joueur 1 est à 6506.63 mètres du groupe demon
[21:12:12] [CHECK] Joueur 1 est à 3830.07 mètres du groupe ghost
[21:12:22] [CHECK] Joueur 1 est à 474.04 mètres du groupe facile
[21:12:22] [CHECK] Joueur 1 est à 2766.84 mètres du groupe rude
[21:12:22] [CHECK] Joueur 1 est à 6506.63 mètres du groupe demon
[21:12:22] [CHECK] Joueur 1 est à 3830.07 mètres du groupe ghost
[21:12:32] [CHECK] Joueur 1 est à 474.04 mètres du groupe facile
[21:12:32] [CHECK] Joueur 1 est à 2766.84 mètres du groupe rude
[21:12:32] [CHECK] Joueur 1 est à 6506.63 mètres du groupe demon
[21:12:32] [CHECK] Joueur 1 est à 3830.07 mètres du groupe ghost
[21:12:42] [CHECK] Joueur 1 est à 474.04 mètres du groupe facile
[21:12:42] [CHECK] Joueur 1 est à 2766.84 mètres du groupe rude
[21:12:42] [CHECK] Joueur 1 est à 6506.63 mètres du groupe demon
[21:12:42] [CHECK] Joueur 1 est à 3830.07 mètres du groupe ghost
[21:12:52] [CHECK] Joueur 1 est à 474.04 mètres du groupe facile
[21:12:52] [CHECK] Joueur 1 est à 2766.84 mètres du groupe rude
[21:12:52] [CHECK] Joueur 1 est à 6506.63 mètres du groupe demon
[21:12:52] [CHECK] Joueur 1 est à 3830.07 mètres du groupe ghost
[21:13:02] [CHECK] Joueur 1 est à 474.32 mètres du groupe facile
[21:13:02] [CHECK] Joueur 1 est à 2768.21 mètres du groupe rude
[21:13:02] [CHECK] Joueur 1 est à 6507.50 mètres du groupe demon
[21:13:02] [CHECK] Joueur 1 est à 3830.41 mètres du groupe ghost
[21:13:12] [CHECK] Joueur 1 est à 474.33 mètres du groupe facile
[21:13:12] [CHECK] Joueur 1 est à 2768.25 mètres du groupe rude
[21:13:12] [CHECK] Joueur 1 est à 6507.53 mètres du groupe demon
[21:13:12] [CHECK] Joueur 1 est à 3830.42 mètres du groupe ghost
[21:13:22] [CHECK] Joueur 1 est à 473.37 mètres du groupe facile
[21:13:22] [CHECK] Joueur 1 est à 2767.55 mètres du groupe rude
[21:13:22] [CHECK] Joueur 1 est à 6506.52 mètres du groupe demon
[21:13:22] [CHECK] Joueur 1 est à 3829.44 mètres du groupe ghost
[21:13:32] [CHECK] Joueur 1 est à 473.37 mètres du groupe facile
[21:13:32] [CHECK] Joueur 1 est à 2767.55 mètres du groupe rude
[21:13:32] [CHECK] Joueur 1 est à 6506.52 mètres du groupe demon
[21:13:32] [CHECK] Joueur 1 est à 3829.44 mètres du groupe ghost
[21:13:42] [CHECK] Joueur 1 est à 473.37 mètres du groupe facile
[21:13:42] [CHECK] Joueur 1 est à 2767.55 mètres du groupe rude
[21:13:42] [CHECK] Joueur 1 est à 6506.52 mètres du groupe demon
[21:13:42] [CHECK] Joueur 1 est à 3829.44 mètres du groupe ghost
[21:13:52] [CHECK] Joueur 1 est à 473.37 mètres du groupe facile
[21:13:52] [CHECK] Joueur 1 est à 2767.55 mètres du groupe rude
[21:13:52] [CHECK] Joueur 1 est à 6506.52 mètres du groupe demon
[21:13:52] [CHECK] Joueur 1 est à 3829.44 mètres du groupe ghost
[21:14:02] [CHECK] Joueur 1 est à 473.37 mètres du groupe facile
[21:14:02] [CHECK] Joueur 1 est à 2767.55 mètres du groupe rude
[21:14:02] [CHECK] Joueur 1 est à 6506.52 mètres du groupe demon
[21:14:02] [CHECK] Joueur 1 est à 3829.44 mètres du groupe ghost
[21:14:13] [CHECK] Joueur 1 est à 473.37 mètres du groupe facile
[21:14:13] [CHECK] Joueur 1 est à 2767.55 mètres du groupe rude
[21:14:13] [CHECK] Joueur 1 est à 6506.52 mètres du groupe demon
[21:14:13] [CHECK] Joueur 1 est à 3829.44 mètres du groupe ghost
[21:14:23] [CHECK] Joueur 1 est à 473.37 mètres du groupe facile
[21:14:23] [CHECK] Joueur 1 est à 2767.55 mètres du groupe rude
[21:14:23] [CHECK] Joueur 1 est à 6506.52 mètres du groupe demon
[21:14:23] [CHECK] Joueur 1 est à 3829.44 mètres du groupe ghost
[21:14:33] [CHECK] Joueur 1 est à 473.37 mètres du groupe facile
[21:14:33] [CHECK] Joueur 1 est à 2767.55 mètres du groupe rude
[21:14:33] [CHECK] Joueur 1 est à 6506.52 mètres du groupe demon
[21:14:33] [CHECK] Joueur 1 est à 3829.44 mètres du groupe ghost
[21:14:43] [CHECK] Joueur 1 est à 473.37 mètres du groupe facile
[21:14:43] [CHECK] Joueur 1 est à 2767.55 mètres du groupe rude
[21:14:43] [CHECK] Joueur 1 est à 6506.52 mètres du groupe demon
[21:14:43] [CHECK] Joueur 1 est à 3829.44 mètres du groupe ghost
[21:14:53] [CHECK] Joueur 1 est à 473.37 mètres du groupe facile
[21:14:53] [CHECK] Joueur 1 est à 2767.55 mètres du groupe rude
[21:14:53] [CHECK] Joueur 1 est à 6506.52 mètres du groupe demon
[21:14:53] [CHECK] Joueur 1 est à 3829.44 mètres du groupe ghost
[21:15:03] [CHECK] Joueur 1 est à 473.37 mètres du groupe facile
[21:15:03] [CHECK] Joueur 1 est à 2767.55 mètres du groupe rude
[21:15:03] [CHECK] Joueur 1 est à 6506.52 mètres du groupe demon
[21:15:03] [CHECK] Joueur 1 est à 3829.44 mètres du groupe ghost
[21:15:13] [CHECK] Joueur 1 est à 472.87 mètres du groupe facile
[21:15:13] [CHECK] Joueur 1 est à 2768.58 mètres du groupe rude
[21:15:13] [CHECK] Joueur 1 est à 6506.68 mètres du groupe demon
[21:15:13] [CHECK] Joueur 1 est à 3829.00 mètres du groupe ghost
[21:15:23] [CHECK] Joueur 1 est à 472.87 mètres du groupe facile
[21:15:23] [CHECK] Joueur 1 est à 2768.58 mètres du groupe rude
[21:15:23] [CHECK] Joueur 1 est à 6506.68 mètres du groupe demon
[21:15:23] [CHECK] Joueur 1 est à 3829.00 mètres du groupe ghost
[21:15:33] [CHECK] Joueur 1 est à 472.87 mètres du groupe facile
[21:15:33] [CHECK] Joueur 1 est à 2768.58 mètres du groupe rude
[21:15:33] [CHECK] Joueur 1 est à 6506.68 mètres du groupe demon
[21:15:33] [CHECK] Joueur 1 est à 3829.00 mètres du groupe ghost
[21:15:43] [CHECK] Joueur 1 est à 472.87 mètres du groupe facile
[21:15:43] [CHECK] Joueur 1 est à 2768.58 mètres du groupe rude
[21:15:43] [CHECK] Joueur 1 est à 6506.68 mètres du groupe demon
[21:15:43] [CHECK] Joueur 1 est à 3829.00 mètres du groupe ghost
[21:15:53] [CHECK] Joueur 1 est à 472.87 mètres du groupe facile
[21:15:53] [CHECK] Joueur 1 est à 2768.58 mètres du groupe rude
[21:15:53] [CHECK] Joueur 1 est à 6506.68 mètres du groupe demon
[21:15:53] [CHECK] Joueur 1 est à 3829.00 mètres du groupe ghost
[21:16:03] [CHECK] Joueur 1 est à 472.87 mètres du groupe facile
[21:16:03] [CHECK] Joueur 1 est à 2768.58 mètres du groupe rude
[21:16:03] [CHECK] Joueur 1 est à 6506.68 mètres du groupe demon
[21:16:03] [CHECK] Joueur 1 est à 3829.00 mètres du groupe ghost
[21:16:13] [CHECK] Joueur 1 est à 472.87 mètres du groupe facile
[21:16:13] [CHECK] Joueur 1 est à 2768.58 mètres du groupe rude
[21:16:13] [CHECK] Joueur 1 est à 6506.68 mètres du groupe demon
[21:16:13] [CHECK] Joueur 1 est à 3829.00 mètres du groupe ghost
[21:16:23] [CHECK] Joueur 1 est à 472.87 mètres du groupe facile
[21:16:23] [CHECK] Joueur 1 est à 2768.58 mètres du groupe rude
[21:16:23] [CHECK] Joueur 1 est à 6506.68 mètres du groupe demon
[21:16:23] [CHECK] Joueur 1 est à 3829.00 mètres du groupe ghost
[21:16:33] [CHECK] Joueur 1 est à 472.87 mètres du groupe facile
[21:16:33] [CHECK] Joueur 1 est à 2768.58 mètres du groupe rude
[21:16:33] [CHECK] Joueur 1 est à 6506.68 mètres du groupe demon
[21:16:33] [CHECK] Joueur 1 est à 3829.00 mètres du groupe ghost
[21:16:44] [CHECK] Joueur 1 est à 472.87 mètres du groupe facile
[21:16:44] [CHECK] Joueur 1 est à 2768.58 mètres du groupe rude
[21:16:44] [CHECK] Joueur 1 est à 6506.68 mètres du groupe demon
[21:16:44] [CHECK] Joueur 1 est à 3829.00 mètres du groupe ghost
[21:16:54] [CHECK] Joueur 1 est à 472.87 mètres du groupe facile
[21:16:54] [CHECK] Joueur 1 est à 2768.58 mètres du groupe rude
[21:16:54] [CHECK] Joueur 1 est à 6506.68 mètres du groupe demon
[21:16:54] [CHECK] Joueur 1 est à 3829.00 mètres du groupe ghost
[21:17:04] [CHECK] Joueur 1 est à 472.87 mètres du groupe facile
[21:17:04] [CHECK] Joueur 1 est à 2768.58 mètres du groupe rude
[21:17:04] [CHECK] Joueur 1 est à 6506.68 mètres du groupe demon
[21:17:04] [CHECK] Joueur 1 est à 3829.00 mètres du groupe ghost
[21:17:14] [CHECK] Joueur 1 est à 472.87 mètres du groupe facile
[21:17:14] [CHECK] Joueur 1 est à 2768.58 mètres du groupe rude
[21:17:14] [CHECK] Joueur 1 est à 6506.68 mètres du groupe demon
[21:17:14] [CHECK] Joueur 1 est à 3829.00 mètres du groupe ghost
[21:17:24] [CHECK] Joueur 1 est à 472.87 mètres du groupe facile
[21:17:24] [CHECK] Joueur 1 est à 2768.58 mètres du groupe rude
[21:17:24] [CHECK] Joueur 1 est à 6506.68 mètres du groupe demon
[21:17:24] [CHECK] Joueur 1 est à 3829.00 mètres du groupe ghost
[21:17:34] [CHECK] Joueur 1 est à 472.87 mètres du groupe facile
[21:17:34] [CHECK] Joueur 1 est à 2768.58 mètres du groupe rude
[21:17:34] [CHECK] Joueur 1 est à 6506.68 mètres du groupe demon
[21:17:34] [CHECK] Joueur 1 est à 3829.00 mètres du groupe ghost
[21:17:44] [CHECK] Joueur 1 est à 472.87 mètres du groupe facile
[21:17:44] [CHECK] Joueur 1 est à 2768.58 mètres du groupe rude
[21:17:44] [CHECK] Joueur 1 est à 6506.68 mètres du groupe demon
[21:17:44] [CHECK] Joueur 1 est à 3829.00 mètres du groupe ghost
[21:17:54] [CHECK] Joueur 1 est à 472.87 mètres du groupe facile
[21:17:54] [CHECK] Joueur 1 est à 2768.58 mètres du groupe rude
[21:17:54] [CHECK] Joueur 1 est à 6506.68 mètres du groupe demon
[21:17:54] [CHECK] Joueur 1 est à 3829.00 mètres du groupe ghost
[21:18:04] [CHECK] Joueur 1 est à 472.87 mètres du groupe facile
[21:18:04] [CHECK] Joueur 1 est à 2768.58 mètres du groupe rude
[21:18:04] [CHECK] Joueur 1 est à 6506.68 mètres du groupe demon
[21:18:04] [CHECK] Joueur 1 est à 3829.00 mètres du groupe ghost
[21:18:14] [CHECK] Joueur 1 est à 472.87 mètres du groupe facile
[21:18:14] [CHECK] Joueur 1 est à 2768.58 mètres du groupe rude
[21:18:14] [CHECK] Joueur 1 est à 6506.68 mètres du groupe demon
[21:18:14] [CHECK] Joueur 1 est à 3829.00 mètres du groupe ghost
[21:18:24] [CHECK] Joueur 1 est à 472.87 mètres du groupe facile
[21:18:24] [CHECK] Joueur 1 est à 2768.58 mètres du groupe rude
[21:18:24] [CHECK] Joueur 1 est à 6506.68 mètres du groupe demon
[21:18:24] [CHECK] Joueur 1 est à 3829.00 mètres du groupe ghost
[21:18:34] [CHECK] Joueur 1 est à 472.87 mètres du groupe facile
[21:18:34] [CHECK] Joueur 1 est à 2768.58 mètres du groupe rude
[21:18:34] [CHECK] Joueur 1 est à 6506.68 mètres du groupe demon
[21:18:34] [CHECK] Joueur 1 est à 3829.00 mètres du groupe ghost
[21:18:44] [CHECK] Joueur 1 est à 472.87 mètres du groupe facile
[21:18:44] [CHECK] Joueur 1 est à 2768.58 mètres du groupe rude
[21:18:44] [CHECK] Joueur 1 est à 6506.68 mètres du groupe demon
[21:18:44] [CHECK] Joueur 1 est à 3829.00 mètres du groupe ghost
[21:18:54] [CHECK] Joueur 1 est à 472.87 mètres du groupe facile
[21:18:54] [CHECK] Joueur 1 est à 2768.58 mètres du groupe rude
[21:18:54] [CHECK] Joueur 1 est à 6506.68 mètres du groupe demon
[21:18:54] [CHECK] Joueur 1 est à 3829.00 mètres du groupe ghost
[21:19:04] [CHECK] Joueur 1 est à 472.87 mètres du groupe facile
[21:19:04] [CHECK] Joueur 1 est à 2768.58 mètres du groupe rude
[21:19:05] [CHECK] Joueur 1 est à 6506.68 mètres du groupe demon
[21:19:05] [CHECK] Joueur 1 est à 3829.00 mètres du groupe ghost
[21:19:15] [CHECK] Joueur 1 est à 472.87 mètres du groupe facile
[21:19:15] [CHECK] Joueur 1 est à 2768.58 mètres du groupe rude
[21:19:15] [CHECK] Joueur 1 est à 6506.68 mètres du groupe demon
[21:19:15] [CHECK] Joueur 1 est à 3829.00 mètres du groupe ghost
[21:19:25] [CHECK] Joueur 1 est à 472.87 mètres du groupe facile
[21:19:25] [CHECK] Joueur 1 est à 2768.58 mètres du groupe rude
[21:19:25] [CHECK] Joueur 1 est à 6506.68 mètres du groupe demon
[21:19:25] [CHECK] Joueur 1 est à 3829.00 mètres du groupe ghost
[21:19:35] [CHECK] Joueur 1 est à 472.87 mètres du groupe facile
[21:19:35] [CHECK] Joueur 1 est à 2768.58 mètres du groupe rude
[21:19:35] [CHECK] Joueur 1 est à 6506.68 mètres du groupe demon
[21:19:35] [CHECK] Joueur 1 est à 3829.00 mètres du groupe ghost
[21:19:45] [CHECK] Joueur 1 est à 472.87 mètres du groupe facile
[21:19:45] [CHECK] Joueur 1 est à 2768.58 mètres du groupe rude
[21:19:45] [CHECK] Joueur 1 est à 6506.68 mètres du groupe demon
[21:19:45] [CHECK] Joueur 1 est à 3829.00 mètres du groupe ghost
[21:19:55] [CHECK] Joueur 1 est à 472.87 mètres du groupe facile
[21:19:55] [CHECK] Joueur 1 est à 2768.58 mètres du groupe rude
[21:19:55] [CHECK] Joueur 1 est à 6506.68 mètres du groupe demon
[21:19:55] [CHECK] Joueur 1 est à 3829.00 mètres du groupe ghost
[21:20:05] [CHECK] Joueur 1 est à 472.87 mètres du groupe facile
[21:20:05] [CHECK] Joueur 1 est à 2768.58 mètres du groupe rude
[21:20:05] [CHECK] Joueur 1 est à 6506.68 mètres du groupe demon
[21:20:05] [CHECK] Joueur 1 est à 3829.00 mètres du groupe ghost
[21:20:15] [CHECK] Joueur 1 est à 472.87 mètres du groupe facile
[21:20:15] [CHECK] Joueur 1 est à 2768.58 mètres du groupe rude
[21:20:15] [CHECK] Joueur 1 est à 6506.68 mètres du groupe demon
[21:20:15] [CHECK] Joueur 1 est à 3829.00 mètres du groupe ghost
[21:20:25] [CHECK] Joueur 1 est à 472.87 mètres du groupe facile
[21:20:25] [CHECK] Joueur 1 est à 2768.58 mètres du groupe rude
[21:20:25] [CHECK] Joueur 1 est à 6506.68 mètres du groupe demon
[21:20:25] [CHECK] Joueur 1 est à 3829.00 mètres du groupe ghost
[21:20:35] [CHECK] Joueur 1 est à 472.87 mètres du groupe facile
[21:20:35] [CHECK] Joueur 1 est à 2768.58 mètres du groupe rude
[21:20:35] [CHECK] Joueur 1 est à 6506.68 mètres du groupe demon
[21:20:35] [CHECK] Joueur 1 est à 3829.00 mètres du groupe ghost
[21:20:45] [CHECK] Joueur 1 est à 472.87 mètres du groupe facile
[21:20:45] [CHECK] Joueur 1 est à 2768.58 mètres du groupe rude
[21:20:45] [CHECK] Joueur 1 est à 6506.68 mètres du groupe demon
[21:20:45] [CHECK] Joueur 1 est à 3829.00 mètres du groupe ghost
[21:20:55] [CHECK] Joueur 1 est à 472.87 mètres du groupe facile
[21:20:55] [CHECK] Joueur 1 est à 2768.58 mètres du groupe rude
[21:20:55] [CHECK] Joueur 1 est à 6506.68 mètres du groupe demon
[21:20:55] [CHECK] Joueur 1 est à 3829.00 mètres du groupe ghost
[21:21:05] [CHECK] Joueur 1 est à 472.87 mètres du groupe facile
[21:21:05] [CHECK] Joueur 1 est à 2768.58 mètres du groupe rude
[21:21:05] [CHECK] Joueur 1 est à 6506.68 mètres du groupe demon
[21:21:05] [CHECK] Joueur 1 est à 3829.00 mètres du groupe ghost
[21:21:15] [CHECK] Joueur 1 est à 472.87 mètres du groupe facile
[21:21:15] [CHECK] Joueur 1 est à 2768.58 mètres du groupe rude
[21:21:15] [CHECK] Joueur 1 est à 6506.68 mètres du groupe demon
[21:21:15] [CHECK] Joueur 1 est à 3829.00 mètres du groupe ghost
[21:21:25] [CHECK] Joueur 1 est à 472.87 mètres du groupe facile
[21:21:25] [CHECK] Joueur 1 est à 2768.58 mètres du groupe rude
[21:21:25] [CHECK] Joueur 1 est à 6506.68 mètres du groupe demon
[21:21:25] [CHECK] Joueur 1 est à 3829.00 mètres du groupe ghost
[21:21:36] [CHECK] Joueur 1 est à 472.87 mètres du groupe facile
[21:21:36] [CHECK] Joueur 1 est à 2768.58 mètres du groupe rude
[21:21:36] [CHECK] Joueur 1 est à 6506.68 mètres du groupe demon
[21:21:36] [CHECK] Joueur 1 est à 3829.00 mètres du groupe ghost
[21:21:46] [CHECK] Joueur 1 est à 472.87 mètres du groupe facile
[21:21:46] [CHECK] Joueur 1 est à 2768.58 mètres du groupe rude
[21:21:46] [CHECK] Joueur 1 est à 6506.68 mètres du groupe demon
[21:21:46] [CHECK] Joueur 1 est à 3829.00 mètres du groupe ghost
[21:21:56] [CHECK] Joueur 1 est à 472.87 mètres du groupe facile
[21:21:56] [CHECK] Joueur 1 est à 2768.58 mètres du groupe rude
[21:21:56] [CHECK] Joueur 1 est à 6506.68 mètres du groupe demon
[21:21:56] [CHECK] Joueur 1 est à 3829.00 mètres du groupe ghost
[21:22:06] [CHECK] Joueur 1 est à 472.87 mètres du groupe facile
[21:22:06] [CHECK] Joueur 1 est à 2768.58 mètres du groupe rude
[21:22:06] [CHECK] Joueur 1 est à 6506.68 mètres du groupe demon
[21:22:06] [CHECK] Joueur 1 est à 3829.00 mètres du groupe ghost
[21:22:16] [CHECK] Joueur 1 est à 472.87 mètres du groupe facile
[21:22:16] [CHECK] Joueur 1 est à 2768.58 mètres du groupe rude
[21:22:16] [CHECK] Joueur 1 est à 6506.68 mètres du groupe demon
[21:22:16] [CHECK] Joueur 1 est à 3829.00 mètres du groupe ghost
[21:22:26] [CHECK] Joueur 1 est à 472.87 mètres du groupe facile
[21:22:26] [CHECK] Joueur 1 est à 2768.58 mètres du groupe rude
[21:22:26] [CHECK] Joueur 1 est à 6506.68 mètres du groupe demon
[21:22:26] [CHECK] Joueur 1 est à 3829.00 mètres du groupe ghost
[21:22:36] [CHECK] Joueur 1 est à 472.87 mètres du groupe facile
[21:22:36] [CHECK] Joueur 1 est à 2768.58 mètres du groupe rude
[21:22:36] [CHECK] Joueur 1 est à 6506.68 mètres du groupe demon
[21:22:36] [CHECK] Joueur 1 est à 3829.00 mètres du groupe ghost
[21:22:46] [CHECK] Joueur 1 est à 472.87 mètres du groupe facile
[21:22:46] [CHECK] Joueur 1 est à 2768.58 mètres du groupe rude
[21:22:46] [CHECK] Joueur 1 est à 6506.68 mètres du groupe demon
[21:22:46] [CHECK] Joueur 1 est à 3829.00 mètres du groupe ghost
[21:22:56] [CHECK] Joueur 1 est à 472.87 mètres du groupe facile
[21:22:56] [CHECK] Joueur 1 est à 2768.58 mètres du groupe rude
[21:22:56] [CHECK] Joueur 1 est à 6506.68 mètres du groupe demon
[21:22:56] [CHECK] Joueur 1 est à 3829.00 mètres du groupe ghost
[21:23:06] [CHECK] Joueur 1 est à 472.87 mètres du groupe facile
[21:23:06] [CHECK] Joueur 1 est à 2768.58 mètres du groupe rude
[21:23:06] [CHECK] Joueur 1 est à 6506.68 mètres du groupe demon
[21:23:06] [CHECK] Joueur 1 est à 3829.00 mètres du groupe ghost
[21:23:16] [CHECK] Joueur 1 est à 472.87 mètres du groupe facile
[21:23:16] [CHECK] Joueur 1 est à 2768.58 mètres du groupe rude
[21:23:16] [CHECK] Joueur 1 est à 6506.68 mètres du groupe demon
[21:23:16] [CHECK] Joueur 1 est à 3829.00 mètres du groupe ghost
[21:23:26] [CHECK] Joueur 1 est à 472.87 mètres du groupe facile
[21:23:26] [CHECK] Joueur 1 est à 2768.58 mètres du groupe rude
[21:23:26] [CHECK] Joueur 1 est à 6506.68 mètres du groupe demon
[21:23:26] [CHECK] Joueur 1 est à 3829.00 mètres du groupe ghost
[21:23:36] [CHECK] Joueur 1 est à 472.87 mètres du groupe facile
[21:23:36] [CHECK] Joueur 1 est à 2768.58 mètres du groupe rude
[21:23:36] [CHECK] Joueur 1 est à 6506.68 mètres du groupe demon
[21:23:36] [CHECK] Joueur 1 est à 3829.00 mètres du groupe ghost
[21:23:47] [CHECK] Joueur 1 est à 472.87 mètres du groupe facile
[21:23:47] [CHECK] Joueur 1 est à 2768.58 mètres du groupe rude
[21:23:47] [CHECK] Joueur 1 est à 6506.68 mètres du groupe demon
[21:23:47] [CHECK] Joueur 1 est à 3829.00 mètres du groupe ghost
[21:23:57] [CHECK] Joueur 1 est à 472.87 mètres du groupe facile
[21:23:57] [CHECK] Joueur 1 est à 2768.58 mètres du groupe rude
[21:23:57] [CHECK] Joueur 1 est à 6506.68 mètres du groupe demon
[21:23:57] [CHECK] Joueur 1 est à 3829.00 mètres du groupe ghost
[21:24:07] [CHECK] Joueur 1 est à 472.87 mètres du groupe facile
[21:24:07] [CHECK] Joueur 1 est à 2768.58 mètres du groupe rude
[21:24:07] [CHECK] Joueur 1 est à 6506.68 mètres du groupe demon
[21:24:07] [CHECK] Joueur 1 est à 3829.00 mètres du groupe ghost
[21:24:17] [CHECK] Joueur 1 est à 472.87 mètres du groupe facile
[21:24:17] [CHECK] Joueur 1 est à 2768.58 mètres du groupe rude
[21:24:17] [CHECK] Joueur 1 est à 6506.68 mètres du groupe demon
[21:24:17] [CHECK] Joueur 1 est à 3829.00 mètres du groupe ghost
[21:24:27] [CHECK] Joueur 1 est à 472.87 mètres du groupe facile
[21:24:27] [CHECK] Joueur 1 est à 2768.58 mètres du groupe rude
[21:24:27] [CHECK] Joueur 1 est à 6506.68 mètres du groupe demon
[21:24:27] [CHECK] Joueur 1 est à 3829.00 mètres du groupe ghost
[21:24:37] [CHECK] Joueur 1 est à 472.87 mètres du groupe facile
[21:24:37] [CHECK] Joueur 1 est à 2768.58 mètres du groupe rude
[21:24:37] [CHECK] Joueur 1 est à 6506.68 mètres du groupe demon
[21:24:37] [CHECK] Joueur 1 est à 3829.00 mètres du groupe ghost
[21:24:47] [CHECK] Joueur 1 est à 472.87 mètres du groupe facile
[21:24:47] [CHECK] Joueur 1 est à 2768.58 mètres du groupe rude
[21:24:47] [CHECK] Joueur 1 est à 6506.68 mètres du groupe demon
[21:24:47] [CHECK] Joueur 1 est à 3829.00 mètres du groupe ghost
[21:24:57] [CHECK] Joueur 1 est à 472.87 mètres du groupe facile
[21:24:57] [CHECK] Joueur 1 est à 2768.58 mètres du groupe rude
[21:24:57] [CHECK] Joueur 1 est à 6506.68 mètres du groupe demon
[21:24:57] [CHECK] Joueur 1 est à 3829.00 mètres du groupe ghost
[21:25:07] [CHECK] Joueur 1 est à 472.87 mètres du groupe facile
[21:25:07] [CHECK] Joueur 1 est à 2768.58 mètres du groupe rude
[21:25:07] [CHECK] Joueur 1 est à 6506.68 mètres du groupe demon
[21:25:07] [CHECK] Joueur 1 est à 3829.00 mètres du groupe ghost
[21:25:17] [CHECK] Joueur 1 est à 472.87 mètres du groupe facile
[21:25:17] [CHECK] Joueur 1 est à 2768.58 mètres du groupe rude
[21:25:17] [CHECK] Joueur 1 est à 6506.68 mètres du groupe demon
[21:25:17] [CHECK] Joueur 1 est à 3829.00 mètres du groupe ghost
[21:25:27] [CHECK] Joueur 1 est à 472.87 mètres du groupe facile
[21:25:27] [CHECK] Joueur 1 est à 2768.58 mètres du groupe rude
[21:25:27] [CHECK] Joueur 1 est à 6506.68 mètres du groupe demon
[21:25:27] [CHECK] Joueur 1 est à 3829.00 mètres du groupe ghost
[21:25:37] [CHECK] Joueur 1 est à 472.87 mètres du groupe facile
[21:25:37] [CHECK] Joueur 1 est à 2768.58 mètres du groupe rude
[21:25:37] [CHECK] Joueur 1 est à 6506.68 mètres du groupe demon
[21:25:37] [CHECK] Joueur 1 est à 3829.00 mètres du groupe ghost
[21:25:47] [CHECK] Joueur 1 est à 472.87 mètres du groupe facile
[21:25:47] [CHECK] Joueur 1 est à 2768.58 mètres du groupe rude
[21:25:47] [CHECK] Joueur 1 est à 6506.68 mètres du groupe demon
[21:25:47] [CHECK] Joueur 1 est à 3829.00 mètres du groupe ghost
[21:25:57] [CHECK] Joueur 1 est à 472.87 mètres du groupe facile
[21:25:57] [CHECK] Joueur 1 est à 2768.58 mètres du groupe rude
[21:25:57] [CHECK] Joueur 1 est à 6506.68 mètres du groupe demon
[21:25:57] [CHECK] Joueur 1 est à 3829.00 mètres du groupe ghost
[21:26:07] [CHECK] Joueur 1 est à 472.87 mètres du groupe facile
[21:26:07] [CHECK] Joueur 1 est à 2768.58 mètres du groupe rude
[21:26:07] [CHECK] Joueur 1 est à 6506.68 mètres du groupe demon
[21:26:07] [CHECK] Joueur 1 est à 3829.00 mètres du groupe ghost
[21:26:17] [CHECK] Joueur 1 est à 472.87 mètres du groupe facile
[21:26:17] [CHECK] Joueur 1 est à 2768.58 mètres du groupe rude
[21:26:18] [CHECK] Joueur 1 est à 6506.68 mètres du groupe demon
[21:26:18] [CHECK] Joueur 1 est à 3829.00 mètres du groupe ghost
[21:26:28] [CHECK] Joueur 1 est à 472.87 mètres du groupe facile
[21:26:28] [CHECK] Joueur 1 est à 2768.58 mètres du groupe rude
[21:26:28] [CHECK] Joueur 1 est à 6506.68 mètres du groupe demon
[21:26:28] [CHECK] Joueur 1 est à 3829.00 mètres du groupe ghost
[21:26:38] [CHECK] Joueur 1 est à 472.87 mètres du groupe facile
[21:26:38] [CHECK] Joueur 1 est à 2768.58 mètres du groupe rude
[21:26:38] [CHECK] Joueur 1 est à 6506.68 mètres du groupe demon
[21:26:38] [CHECK] Joueur 1 est à 3829.00 mètres du groupe ghost
[21:26:48] [CHECK] Joueur 1 est à 472.87 mètres du groupe facile
[21:26:48] [CHECK] Joueur 1 est à 2768.58 mètres du groupe rude
[21:26:48] [CHECK] Joueur 1 est à 6506.68 mètres du groupe demon
[21:26:48] [CHECK] Joueur 1 est à 3829.00 mètres du groupe ghost
[21:26:58] [CHECK] Joueur 1 est à 472.87 mètres du groupe facile
[21:26:58] [CHECK] Joueur 1 est à 2768.58 mètres du groupe rude
[21:26:58] [CHECK] Joueur 1 est à 6506.68 mètres du groupe demon
[21:26:58] [CHECK] Joueur 1 est à 3829.00 mètres du groupe ghost
[21:27:08] [CHECK] Joueur 1 est à 472.87 mètres du groupe facile
[21:27:08] [CHECK] Joueur 1 est à 2768.58 mètres du groupe rude
[21:27:08] [CHECK] Joueur 1 est à 6506.68 mètres du groupe demon
[21:27:08] [CHECK] Joueur 1 est à 3829.00 mètres du groupe ghost
[21:27:18] [CHECK] Joueur 1 est à 472.87 mètres du groupe facile
[21:27:18] [CHECK] Joueur 1 est à 2768.58 mètres du groupe rude
[21:27:18] [CHECK] Joueur 1 est à 6506.68 mètres du groupe demon
[21:27:18] [CHECK] Joueur 1 est à 3829.00 mètres du groupe ghost
[21:27:28] [CHECK] Joueur 1 est à 472.87 mètres du groupe facile
[21:27:28] [CHECK] Joueur 1 est à 2768.58 mètres du groupe rude
[21:27:28] [CHECK] Joueur 1 est à 6506.68 mètres du groupe demon
[21:27:28] [CHECK] Joueur 1 est à 3829.00 mètres du groupe ghost
[21:27:38] [CHECK] Joueur 1 est à 472.87 mètres du groupe facile
[21:27:38] [CHECK] Joueur 1 est à 2768.58 mètres du groupe rude
[21:27:38] [CHECK] Joueur 1 est à 6506.68 mètres du groupe demon
[21:27:38] [CHECK] Joueur 1 est à 3829.00 mètres du groupe ghost
[21:27:48] [CHECK] Joueur 1 est à 472.87 mètres du groupe facile
[21:27:48] [CHECK] Joueur 1 est à 2768.58 mètres du groupe rude
[21:27:48] [CHECK] Joueur 1 est à 6506.68 mètres du groupe demon
[21:27:48] [CHECK] Joueur 1 est à 3829.00 mètres du groupe ghost
[21:27:58] [CHECK] Joueur 1 est à 472.87 mètres du groupe facile
[21:27:58] [CHECK] Joueur 1 est à 2768.58 mètres du groupe rude
[21:27:58] [CHECK] Joueur 1 est à 6506.68 mètres du groupe demon
[21:27:58] [CHECK] Joueur 1 est à 3829.00 mètres du groupe ghost
[21:28:08] [CHECK] Joueur 1 est à 472.87 mètres du groupe facile
[21:28:08] [CHECK] Joueur 1 est à 2768.58 mètres du groupe rude
[21:28:08] [CHECK] Joueur 1 est à 6506.68 mètres du groupe demon
[21:28:08] [CHECK] Joueur 1 est à 3829.00 mètres du groupe ghost
[21:28:18] [CHECK] Joueur 1 est à 472.87 mètres du groupe facile
[21:28:18] [CHECK] Joueur 1 est à 2768.58 mètres du groupe rude
[21:28:18] [CHECK] Joueur 1 est à 6506.68 mètres du groupe demon
[21:28:18] [CHECK] Joueur 1 est à 3829.00 mètres du groupe ghost
[21:28:28] [CHECK] Joueur 1 est à 472.87 mètres du groupe facile
[21:28:28] [CHECK] Joueur 1 est à 2768.58 mètres du groupe rude
[21:28:28] [CHECK] Joueur 1 est à 6506.68 mètres du groupe demon
[21:28:28] [CHECK] Joueur 1 est à 3829.00 mètres du groupe ghost
[21:28:38] [CHECK] Joueur 1 est à 472.87 mètres du groupe facile
[21:28:38] [CHECK] Joueur 1 est à 2768.58 mètres du groupe rude
[21:28:38] [CHECK] Joueur 1 est à 6506.68 mètres du groupe demon
[21:28:38] [CHECK] Joueur 1 est à 3829.00 mètres du groupe ghost
[21:28:49] [CHECK] Joueur 1 est à 472.87 mètres du groupe facile
[21:28:49] [CHECK] Joueur 1 est à 2768.58 mètres du groupe rude
[21:28:49] [CHECK] Joueur 1 est à 6506.68 mètres du groupe demon
[21:28:49] [CHECK] Joueur 1 est à 3829.00 mètres du groupe ghost
[21:28:59] [CHECK] Joueur 1 est à 472.87 mètres du groupe facile
[21:28:59] [CHECK] Joueur 1 est à 2768.58 mètres du groupe rude
[21:28:59] [CHECK] Joueur 1 est à 6506.68 mètres du groupe demon
[21:28:59] [CHECK] Joueur 1 est à 3829.00 mètres du groupe ghost
[21:29:09] [CHECK] Joueur 1 est à 472.87 mètres du groupe facile
[21:29:09] [CHECK] Joueur 1 est à 2768.58 mètres du groupe rude
[21:29:09] [CHECK] Joueur 1 est à 6506.68 mètres du groupe demon
[21:29:09] [CHECK] Joueur 1 est à 3829.00 mètres du groupe ghost
[21:29:19] [CHECK] Joueur 1 est à 472.87 mètres du groupe facile
[21:29:19] [CHECK] Joueur 1 est à 2768.58 mètres du groupe rude
[21:29:19] [CHECK] Joueur 1 est à 6506.68 mètres du groupe demon
[21:29:19] [CHECK] Joueur 1 est à 3829.00 mètres du groupe ghost
[21:29:29] [CHECK] Joueur 1 est à 472.87 mètres du groupe facile
[21:29:29] [CHECK] Joueur 1 est à 2768.58 mètres du groupe rude
[21:29:29] [CHECK] Joueur 1 est à 6506.68 mètres du groupe demon
[21:29:29] [CHECK] Joueur 1 est à 3829.00 mètres du groupe ghost
[21:29:39] [CHECK] Joueur 1 est à 472.87 mètres du groupe facile
[21:29:39] [CHECK] Joueur 1 est à 2768.58 mètres du groupe rude
[21:29:39] [CHECK] Joueur 1 est à 6506.68 mètres du groupe demon
[21:29:39] [CHECK] Joueur 1 est à 3829.00 mètres du groupe ghost
[21:29:49] [CHECK] Joueur 1 est à 472.87 mètres du groupe facile
[21:29:49] [CHECK] Joueur 1 est à 2768.58 mètres du groupe rude
[21:29:49] [CHECK] Joueur 1 est à 6506.68 mètres du groupe demon
[21:29:49] [CHECK] Joueur 1 est à 3829.00 mètres du groupe ghost
[21:29:59] [CHECK] Joueur 1 est à 472.87 mètres du groupe facile
[21:29:59] [CHECK] Joueur 1 est à 2768.58 mètres du groupe rude
[21:29:59] [CHECK] Joueur 1 est à 6506.68 mètres du groupe demon
[21:29:59] [CHECK] Joueur 1 est à 3829.00 mètres du groupe ghost
[21:30:09] [CHECK] Joueur 1 est à 472.87 mètres du groupe facile
[21:30:09] [CHECK] Joueur 1 est à 2768.58 mètres du groupe rude
[21:30:09] [CHECK] Joueur 1 est à 6506.68 mètres du groupe demon
[21:30:09] [CHECK] Joueur 1 est à 3829.00 mètres du groupe ghost
[21:30:19] [CHECK] Joueur 1 est à 472.87 mètres du groupe facile
[21:30:19] [CHECK] Joueur 1 est à 2768.58 mètres du groupe rude
[21:30:19] [CHECK] Joueur 1 est à 6506.68 mètres du groupe demon
[21:30:19] [CHECK] Joueur 1 est à 3829.00 mètres du groupe ghost
[21:30:29] [CHECK] Joueur 1 est à 472.87 mètres du groupe facile
[21:30:29] [CHECK] Joueur 1 est à 2768.58 mètres du groupe rude
[21:30:29] [CHECK] Joueur 1 est à 6506.68 mètres du groupe demon
[21:30:29] [CHECK] Joueur 1 est à 3829.00 mètres du groupe ghost
[21:30:39] [CHECK] Joueur 1 est à 472.87 mètres du groupe facile
[21:30:39] [CHECK] Joueur 1 est à 2768.58 mètres du groupe rude
[21:30:39] [CHECK] Joueur 1 est à 6506.68 mètres du groupe demon
[21:30:39] [CHECK] Joueur 1 est à 3829.00 mètres du groupe ghost
[21:30:49] [CHECK] Joueur 1 est à 472.87 mètres du groupe facile
[21:30:49] [CHECK] Joueur 1 est à 2768.58 mètres du groupe rude
[21:30:49] [CHECK] Joueur 1 est à 6506.68 mètres du groupe demon
[21:30:49] [CHECK] Joueur 1 est à 3829.00 mètres du groupe ghost
[21:30:59] [CHECK] Joueur 1 est à 472.87 mètres du groupe facile
[21:30:59] [CHECK] Joueur 1 est à 2768.58 mètres du groupe rude
[21:30:59] [CHECK] Joueur 1 est à 6506.68 mètres du groupe demon
[21:31:00] [CHECK] Joueur 1 est à 3829.00 mètres du groupe ghost
[21:31:10] [CHECK] Joueur 1 est à 472.87 mètres du groupe facile
[21:31:10] [CHECK] Joueur 1 est à 2768.58 mètres du groupe rude
[21:31:10] [CHECK] Joueur 1 est à 6506.68 mètres du groupe demon
[21:31:10] [CHECK] Joueur 1 est à 3829.00 mètres du groupe ghost
[21:31:20] [CHECK] Joueur 1 est à 472.87 mètres du groupe facile
[21:31:20] [CHECK] Joueur 1 est à 2768.58 mètres du groupe rude
[21:31:20] [CHECK] Joueur 1 est à 6506.68 mètres du groupe demon
[21:31:20] [CHECK] Joueur 1 est à 3829.00 mètres du groupe ghost
[21:31:30] [CHECK] Joueur 1 est à 472.87 mètres du groupe facile
[21:31:30] [CHECK] Joueur 1 est à 2768.58 mètres du groupe rude
[21:31:30] [CHECK] Joueur 1 est à 6506.68 mètres du groupe demon
[21:31:30] [CHECK] Joueur 1 est à 3829.00 mètres du groupe ghost
[21:31:40] [CHECK] Joueur 1 est à 472.87 mètres du groupe facile
[21:31:40] [CHECK] Joueur 1 est à 2768.58 mètres du groupe rude
[21:31:40] [CHECK] Joueur 1 est à 6506.68 mètres du groupe demon
[21:31:40] [CHECK] Joueur 1 est à 3829.00 mètres du groupe ghost
[21:31:50] [CHECK] Joueur 1 est à 472.87 mètres du groupe facile
[21:31:50] [CHECK] Joueur 1 est à 2768.58 mètres du groupe rude
[21:31:50] [CHECK] Joueur 1 est à 6506.68 mètres du groupe demon
[21:31:50] [CHECK] Joueur 1 est à 3829.00 mètres du groupe ghost
[21:32:00] [CHECK] Joueur 1 est à 472.87 mètres du groupe facile
[21:32:00] [CHECK] Joueur 1 est à 2768.58 mètres du groupe rude
[21:32:00] [CHECK] Joueur 1 est à 6506.68 mètres du groupe demon
[21:32:00] [CHECK] Joueur 1 est à 3829.00 mètres du groupe ghost
[21:32:10] [CHECK] Joueur 1 est à 472.87 mètres du groupe facile
[21:32:10] [CHECK] Joueur 1 est à 2768.58 mètres du groupe rude
[21:32:10] [CHECK] Joueur 1 est à 6506.68 mètres du groupe demon
[21:32:10] [CHECK] Joueur 1 est à 3829.00 mètres du groupe ghost
[21:32:20] [CHECK] Joueur 1 est à 472.87 mètres du groupe facile
[21:32:20] [CHECK] Joueur 1 est à 2768.58 mètres du groupe rude
[21:32:20] [CHECK] Joueur 1 est à 6506.68 mètres du groupe demon
[21:32:20] [CHECK] Joueur 1 est à 3829.00 mètres du groupe ghost
[21:32:30] [CHECK] Joueur 1 est à 472.87 mètres du groupe facile
[21:32:30] [CHECK] Joueur 1 est à 2768.58 mètres du groupe rude
[21:32:30] [CHECK] Joueur 1 est à 6506.68 mètres du groupe demon
[21:32:30] [CHECK] Joueur 1 est à 3829.00 mètres du groupe ghost
[21:32:40] [CHECK] Joueur 1 est à 472.87 mètres du groupe facile
[21:32:40] [CHECK] Joueur 1 est à 2768.58 mètres du groupe rude
[21:32:40] [CHECK] Joueur 1 est à 6506.68 mètres du groupe demon
[21:32:40] [CHECK] Joueur 1 est à 3829.00 mètres du groupe ghost
[21:32:50] [CHECK] Joueur 1 est à 472.87 mètres du groupe facile
[21:32:50] [CHECK] Joueur 1 est à 2768.58 mètres du groupe rude
[21:32:50] [CHECK] Joueur 1 est à 6506.68 mètres du groupe demon
[21:32:50] [CHECK] Joueur 1 est à 3829.00 mètres du groupe ghost
[21:33:00] [CHECK] Joueur 1 est à 472.87 mètres du groupe facile
[21:33:00] [CHECK] Joueur 1 est à 2768.58 mètres du groupe rude
[21:33:00] [CHECK] Joueur 1 est à 6506.68 mètres du groupe demon
[21:33:00] [CHECK] Joueur 1 est à 3829.00 mètres du groupe ghost
[21:33:10] [CHECK] Joueur 1 est à 472.87 mètres du groupe facile
[21:33:10] [CHECK] Joueur 1 est à 2768.58 mètres du groupe rude
[21:33:10] [CHECK] Joueur 1 est à 6506.68 mètres du groupe demon
[21:33:10] [CHECK] Joueur 1 est à 3829.00 mètres du groupe ghost
[21:33:20] [CHECK] Joueur 1 est à 472.87 mètres du groupe facile
[21:33:20] [CHECK] Joueur 1 est à 2768.58 mètres du groupe rude
[21:33:20] [CHECK] Joueur 1 est à 6506.68 mètres du groupe demon
[21:33:21] [CHECK] Joueur 1 est à 3829.00 mètres du groupe ghost
[21:33:31] [CHECK] Joueur 1 est à 472.87 mètres du groupe facile
[21:33:31] [CHECK] Joueur 1 est à 2768.58 mètres du groupe rude
[21:33:31] [CHECK] Joueur 1 est à 6506.68 mètres du groupe demon
[21:33:31] [CHECK] Joueur 1 est à 3829.00 mètres du groupe ghost
[21:33:41] [CHECK] Joueur 1 est à 472.87 mètres du groupe facile
[21:33:41] [CHECK] Joueur 1 est à 2768.58 mètres du groupe rude
[21:33:41] [CHECK] Joueur 1 est à 6506.68 mètres du groupe demon
[21:33:41] [CHECK] Joueur 1 est à 3829.00 mètres du groupe ghost
[21:33:51] [CHECK] Joueur 1 est à 472.87 mètres du groupe facile
[21:33:51] [CHECK] Joueur 1 est à 2768.58 mètres du groupe rude
[21:33:51] [CHECK] Joueur 1 est à 6506.68 mètres du groupe demon
[21:33:51] [CHECK] Joueur 1 est à 3829.00 mètres du groupe ghost
[21:34:01] [CHECK] Joueur 1 est à 472.87 mètres du groupe facile
[21:34:01] [CHECK] Joueur 1 est à 2768.58 mètres du groupe rude
[21:34:01] [CHECK] Joueur 1 est à 6506.68 mètres du groupe demon
[21:34:01] [CHECK] Joueur 1 est à 3829.00 mètres du groupe ghost
[21:34:11] [CHECK] Joueur 1 est à 472.87 mètres du groupe facile
[21:34:11] [CHECK] Joueur 1 est à 2768.58 mètres du groupe rude
[21:34:11] [CHECK] Joueur 1 est à 6506.68 mètres du groupe demon
[21:34:11] [CHECK] Joueur 1 est à 3829.00 mètres du groupe ghost
[21:34:21] [CHECK] Joueur 1 est à 472.87 mètres du groupe facile
[21:34:21] [CHECK] Joueur 1 est à 2768.58 mètres du groupe rude
[21:34:21] [CHECK] Joueur 1 est à 6506.68 mètres du groupe demon
[21:34:21] [CHECK] Joueur 1 est à 3829.00 mètres du groupe ghost
[21:34:31] [CHECK] Joueur 1 est à 472.87 mètres du groupe facile
[21:34:31] [CHECK] Joueur 1 est à 2768.58 mètres du groupe rude
[21:34:31] [CHECK] Joueur 1 est à 6506.68 mètres du groupe demon
[21:34:31] [CHECK] Joueur 1 est à 3829.00 mètres du groupe ghost
[21:34:41] [CHECK] Joueur 1 est à 472.87 mètres du groupe facile
[21:34:41] [CHECK] Joueur 1 est à 2768.58 mètres du groupe rude
[21:34:41] [CHECK] Joueur 1 est à 6506.68 mètres du groupe demon
[21:34:41] [CHECK] Joueur 1 est à 3829.00 mètres du groupe ghost
[21:34:51] [CHECK] Joueur 1 est à 472.87 mètres du groupe facile
[21:34:51] [CHECK] Joueur 1 est à 2768.58 mètres du groupe rude
[21:34:51] [CHECK] Joueur 1 est à 6506.68 mètres du groupe demon
[21:34:51] [CHECK] Joueur 1 est à 3829.00 mètres du groupe ghost
[21:35:01] [CHECK] Joueur 1 est à 472.87 mètres du groupe facile
[21:35:01] [CHECK] Joueur 1 est à 2768.58 mètres du groupe rude
[21:35:01] [CHECK] Joueur 1 est à 6506.68 mètres du groupe demon
[21:35:01] [CHECK] Joueur 1 est à 3829.00 mètres du groupe ghost
[21:35:11] [CHECK] Joueur 1 est à 472.87 mètres du groupe facile
[21:35:11] [CHECK] Joueur 1 est à 2768.58 mètres du groupe rude
[21:35:11] [CHECK] Joueur 1 est à 6506.68 mètres du groupe demon
[21:35:11] [CHECK] Joueur 1 est à 3829.00 mètres du groupe ghost
[21:35:21] [CHECK] Joueur 1 est à 472.87 mètres du groupe facile
[21:35:21] [CHECK] Joueur 1 est à 2768.58 mètres du groupe rude
[21:35:21] [CHECK] Joueur 1 est à 6506.68 mètres du groupe demon
[21:35:21] [CHECK] Joueur 1 est à 3829.00 mètres du groupe ghost
[21:35:31] [CHECK] Joueur 1 est à 472.87 mètres du groupe facile
[21:35:31] [CHECK] Joueur 1 est à 2768.58 mètres du groupe rude
[21:35:31] [CHECK] Joueur 1 est à 6506.68 mètres du groupe demon
[21:35:31] [CHECK] Joueur 1 est à 3829.00 mètres du groupe ghost
[21:35:41] [CHECK] Joueur 1 est à 472.87 mètres du groupe facile
[21:35:41] [CHECK] Joueur 1 est à 2768.58 mètres du groupe rude
[21:35:41] [CHECK] Joueur 1 est à 6506.68 mètres du groupe demon
[21:35:41] [CHECK] Joueur 1 est à 3829.00 mètres du groupe ghost
[21:35:52] [CHECK] Joueur 1 est à 472.87 mètres du groupe facile
[21:35:52] [CHECK] Joueur 1 est à 2768.58 mètres du groupe rude
[21:35:52] [CHECK] Joueur 1 est à 6506.68 mètres du groupe demon
[21:35:52] [CHECK] Joueur 1 est à 3829.00 mètres du groupe ghost
[21:36:02] [CHECK] Joueur 1 est à 472.87 mètres du groupe facile
[21:36:02] [CHECK] Joueur 1 est à 2768.58 mètres du groupe rude
[21:36:02] [CHECK] Joueur 1 est à 6506.68 mètres du groupe demon
[21:36:02] [CHECK] Joueur 1 est à 3829.00 mètres du groupe ghost
[21:36:12] [CHECK] Joueur 1 est à 472.87 mètres du groupe facile
[21:36:12] [CHECK] Joueur 1 est à 2768.58 mètres du groupe rude
[21:36:12] [CHECK] Joueur 1 est à 6506.68 mètres du groupe demon
[21:36:12] [CHECK] Joueur 1 est à 3829.00 mètres du groupe ghost
[21:36:22] [CHECK] Joueur 1 est à 472.87 mètres du groupe facile
[21:36:22] [CHECK] Joueur 1 est à 2768.58 mètres du groupe rude
[21:36:22] [CHECK] Joueur 1 est à 6506.68 mètres du groupe demon
[21:36:22] [CHECK] Joueur 1 est à 3829.00 mètres du groupe ghost
[21:36:32] [CHECK] Joueur 1 est à 472.87 mètres du groupe facile
[21:36:32] [CHECK] Joueur 1 est à 2768.58 mètres du groupe rude
[21:36:32] [CHECK] Joueur 1 est à 6506.68 mètres du groupe demon
[21:36:32] [CHECK] Joueur 1 est à 3829.00 mètres du groupe ghost
[21:36:42] [CHECK] Joueur 1 est à 472.87 mètres du groupe facile
[21:36:42] [CHECK] Joueur 1 est à 2768.58 mètres du groupe rude
[21:36:42] [CHECK] Joueur 1 est à 6506.68 mètres du groupe demon
[21:36:42] [CHECK] Joueur 1 est à 3829.00 mètres du groupe ghost
[21:36:52] [CHECK] Joueur 1 est à 472.87 mètres du groupe facile
[21:36:52] [CHECK] Joueur 1 est à 2768.58 mètres du groupe rude
[21:36:52] [CHECK] Joueur 1 est à 6506.68 mètres du groupe demon
[21:36:52] [CHECK] Joueur 1 est à 3829.00 mètres du groupe ghost
[21:37:02] [CHECK] Joueur 1 est à 472.87 mètres du groupe facile
[21:37:02] [CHECK] Joueur 1 est à 2768.58 mètres du groupe rude
[21:37:02] [CHECK] Joueur 1 est à 6506.68 mètres du groupe demon
[21:37:02] [CHECK] Joueur 1 est à 3829.00 mètres du groupe ghost
[21:37:12] [CHECK] Joueur 1 est à 472.87 mètres du groupe facile
[21:37:12] [CHECK] Joueur 1 est à 2768.58 mètres du groupe rude
[21:37:12] [CHECK] Joueur 1 est à 6506.68 mètres du groupe demon
[21:37:12] [CHECK] Joueur 1 est à 3829.00 mètres du groupe ghost
[21:37:22] [CHECK] Joueur 1 est à 472.87 mètres du groupe facile
[21:37:22] [CHECK] Joueur 1 est à 2768.58 mètres du groupe rude
[21:37:22] [CHECK] Joueur 1 est à 6506.68 mètres du groupe demon
[21:37:22] [CHECK] Joueur 1 est à 3829.00 mètres du groupe ghost
[21:37:32] [CHECK] Joueur 1 est à 472.87 mètres du groupe facile
[21:37:32] [CHECK] Joueur 1 est à 2768.58 mètres du groupe rude
[21:37:32] [CHECK] Joueur 1 est à 6506.68 mètres du groupe demon
[21:37:32] [CHECK] Joueur 1 est à 3829.00 mètres du groupe ghost
[21:37:42] [CHECK] Joueur 1 est à 472.87 mètres du groupe facile
[21:37:42] [CHECK] Joueur 1 est à 2768.58 mètres du groupe rude
[21:37:42] [CHECK] Joueur 1 est à 6506.68 mètres du groupe demon
[21:37:42] [CHECK] Joueur 1 est à 3829.00 mètres du groupe ghost
[21:37:52] [CHECK] Joueur 1 est à 472.87 mètres du groupe facile
[21:37:52] [CHECK] Joueur 1 est à 2768.58 mètres du groupe rude
[21:37:52] [CHECK] Joueur 1 est à 6506.68 mètres du groupe demon
[21:37:52] [CHECK] Joueur 1 est à 3829.00 mètres du groupe ghost
[21:38:02] [CHECK] Joueur 1 est à 472.87 mètres du groupe facile
[21:38:02] [CHECK] Joueur 1 est à 2768.58 mètres du groupe rude
[21:38:03] [CHECK] Joueur 1 est à 6506.68 mètres du groupe demon
[21:38:03] [CHECK] Joueur 1 est à 3829.00 mètres du groupe ghost
[21:38:13] [CHECK] Joueur 1 est à 472.87 mètres du groupe facile
[21:38:13] [CHECK] Joueur 1 est à 2768.58 mètres du groupe rude
[21:38:13] [CHECK] Joueur 1 est à 6506.68 mètres du groupe demon
[21:38:13] [CHECK] Joueur 1 est à 3829.00 mètres du groupe ghost
[21:38:23] [CHECK] Joueur 1 est à 472.87 mètres du groupe facile
[21:38:23] [CHECK] Joueur 1 est à 2768.58 mètres du groupe rude
[21:38:23] [CHECK] Joueur 1 est à 6506.68 mètres du groupe demon
[21:38:23] [CHECK] Joueur 1 est à 3829.00 mètres du groupe ghost
[21:38:33] [CHECK] Joueur 1 est à 472.87 mètres du groupe facile
[21:38:33] [CHECK] Joueur 1 est à 2768.58 mètres du groupe rude
[21:38:33] [CHECK] Joueur 1 est à 6506.68 mètres du groupe demon
[21:38:33] [CHECK] Joueur 1 est à 3829.00 mètres du groupe ghost
[21:38:43] [CHECK] Joueur 1 est à 472.87 mètres du groupe facile
[21:38:43] [CHECK] Joueur 1 est à 2768.58 mètres du groupe rude
[21:38:43] [CHECK] Joueur 1 est à 6506.68 mètres du groupe demon
[21:38:43] [CHECK] Joueur 1 est à 3829.00 mètres du groupe ghost
[21:38:53] [CHECK] Joueur 1 est à 472.87 mètres du groupe facile
[21:38:53] [CHECK] Joueur 1 est à 2768.58 mètres du groupe rude
[21:38:53] [CHECK] Joueur 1 est à 6506.68 mètres du groupe demon
[21:38:53] [CHECK] Joueur 1 est à 3829.00 mètres du groupe ghost
[21:39:03] [CHECK] Joueur 1 est à 472.87 mètres du groupe facile
[21:39:03] [CHECK] Joueur 1 est à 2768.58 mètres du groupe rude
[21:39:03] [CHECK] Joueur 1 est à 6506.68 mètres du groupe demon
[21:39:03] [CHECK] Joueur 1 est à 3829.00 mètres du groupe ghost
[21:39:13] [CHECK] Joueur 1 est à 472.87 mètres du groupe facile
[21:39:13] [CHECK] Joueur 1 est à 2768.58 mètres du groupe rude
[21:39:13] [CHECK] Joueur 1 est à 6506.68 mètres du groupe demon
[21:39:13] [CHECK] Joueur 1 est à 3829.00 mètres du groupe ghost
[21:39:23] [CHECK] Joueur 1 est à 472.87 mètres du groupe facile
[21:39:23] [CHECK] Joueur 1 est à 2768.58 mètres du groupe rude
[21:39:23] [CHECK] Joueur 1 est à 6506.68 mètres du groupe demon
[21:39:23] [CHECK] Joueur 1 est à 3829.00 mètres du groupe ghost
[21:39:33] [CHECK] Joueur 1 est à 472.87 mètres du groupe facile
[21:39:33] [CHECK] Joueur 1 est à 2768.58 mètres du groupe rude
[21:39:33] [CHECK] Joueur 1 est à 6506.68 mètres du groupe demon
[21:39:33] [CHECK] Joueur 1 est à 3829.00 mètres du groupe ghost
[21:39:43] [CHECK] Joueur 1 est à 472.87 mètres du groupe facile
[21:39:43] [CHECK] Joueur 1 est à 2768.58 mètres du groupe rude
[21:39:43] [CHECK] Joueur 1 est à 6506.68 mètres du groupe demon
[21:39:43] [CHECK] Joueur 1 est à 3829.00 mètres du groupe ghost
[21:39:53] [CHECK] Joueur 1 est à 472.87 mètres du groupe facile
[21:39:53] [CHECK] Joueur 1 est à 2768.58 mètres du groupe rude
[21:39:53] [CHECK] Joueur 1 est à 6506.68 mètres du groupe demon
[21:39:53] [CHECK] Joueur 1 est à 3829.00 mètres du groupe ghost
[21:40:03] [CHECK] Joueur 1 est à 472.87 mètres du groupe facile
[21:40:03] [CHECK] Joueur 1 est à 2768.58 mètres du groupe rude
[21:40:03] [CHECK] Joueur 1 est à 6506.68 mètres du groupe demon
[21:40:03] [CHECK] Joueur 1 est à 3829.00 mètres du groupe ghost
[21:40:13] [CHECK] Joueur 1 est à 472.87 mètres du groupe facile
[21:40:13] [CHECK] Joueur 1 est à 2768.58 mètres du groupe rude
[21:40:13] [CHECK] Joueur 1 est à 6506.68 mètres du groupe demon
[21:40:13] [CHECK] Joueur 1 est à 3829.00 mètres du groupe ghost
[21:40:23] [CHECK] Joueur 1 est à 472.87 mètres du groupe facile
[21:40:23] [CHECK] Joueur 1 est à 2768.58 mètres du groupe rude
[21:40:23] [CHECK] Joueur 1 est à 6506.68 mètres du groupe demon
[21:40:23] [CHECK] Joueur 1 est à 3829.00 mètres du groupe ghost
[21:40:33] [CHECK] Joueur 1 est à 472.87 mètres du groupe facile
[21:40:33] [CHECK] Joueur 1 est à 2768.58 mètres du groupe rude
[21:40:33] [CHECK] Joueur 1 est à 6506.68 mètres du groupe demon
[21:40:33] [CHECK] Joueur 1 est à 3829.00 mètres du groupe ghost
[21:40:44] [CHECK] Joueur 1 est à 472.87 mètres du groupe facile
[21:40:44] [CHECK] Joueur 1 est à 2768.58 mètres du groupe rude
[21:40:44] [CHECK] Joueur 1 est à 6506.68 mètres du groupe demon
[21:40:44] [CHECK] Joueur 1 est à 3829.00 mètres du groupe ghost
[21:40:54] [CHECK] Joueur 1 est à 472.87 mètres du groupe facile
[21:40:54] [CHECK] Joueur 1 est à 2768.58 mètres du groupe rude
[21:40:54] [CHECK] Joueur 1 est à 6506.68 mètres du groupe demon
[21:40:54] [CHECK] Joueur 1 est à 3829.00 mètres du groupe ghost
[21:41:04] [CHECK] Joueur 1 est à 472.87 mètres du groupe facile
[21:41:04] [CHECK] Joueur 1 est à 2768.58 mètres du groupe rude
[21:41:04] [CHECK] Joueur 1 est à 6506.68 mètres du groupe demon
[21:41:04] [CHECK] Joueur 1 est à 3829.00 mètres du groupe ghost
[21:41:14] [CHECK] Joueur 1 est à 472.87 mètres du groupe facile
[21:41:14] [CHECK] Joueur 1 est à 2768.58 mètres du groupe rude
[21:41:14] [CHECK] Joueur 1 est à 6506.68 mètres du groupe demon
[21:41:14] [CHECK] Joueur 1 est à 3829.00 mètres du groupe ghost
[21:41:24] [CHECK] Joueur 1 est à 472.87 mètres du groupe facile
[21:41:24] [CHECK] Joueur 1 est à 2768.58 mètres du groupe rude
[21:41:24] [CHECK] Joueur 1 est à 6506.68 mètres du groupe demon
[21:41:24] [CHECK] Joueur 1 est à 3829.00 mètres du groupe ghost
[21:41:34] [CHECK] Joueur 1 est à 472.87 mètres du groupe facile
[21:41:34] [CHECK] Joueur 1 est à 2768.58 mètres du groupe rude
[21:41:34] [CHECK] Joueur 1 est à 6506.68 mètres du groupe demon
[21:41:34] [CHECK] Joueur 1 est à 3829.00 mètres du groupe ghost
[21:41:44] [CHECK] Joueur 1 est à 472.87 mètres du groupe facile
[21:41:44] [CHECK] Joueur 1 est à 2768.58 mètres du groupe rude
[21:41:44] [CHECK] Joueur 1 est à 6506.68 mètres du groupe demon
[21:41:44] [CHECK] Joueur 1 est à 3829.00 mètres du groupe ghost
[21:41:54] [CHECK] Joueur 1 est à 472.87 mètres du groupe facile
[21:41:54] [CHECK] Joueur 1 est à 2768.58 mètres du groupe rude
[21:41:54] [CHECK] Joueur 1 est à 6506.68 mètres du groupe demon
[21:41:54] [CHECK] Joueur 1 est à 3829.00 mètres du groupe ghost
[21:42:04] [CHECK] Joueur 1 est à 472.87 mètres du groupe facile
[21:42:04] [CHECK] Joueur 1 est à 2768.58 mètres du groupe rude
[21:42:04] [CHECK] Joueur 1 est à 6506.68 mètres du groupe demon
[21:42:04] [CHECK] Joueur 1 est à 3829.00 mètres du groupe ghost
[21:42:14] [CHECK] Joueur 1 est à 472.87 mètres du groupe facile
[21:42:14] [CHECK] Joueur 1 est à 2768.58 mètres du groupe rude
[21:42:14] [CHECK] Joueur 1 est à 6506.68 mètres du groupe demon
[21:42:14] [CHECK] Joueur 1 est à 3829.00 mètres du groupe ghost
[21:42:24] [CHECK] Joueur 1 est à 472.87 mètres du groupe facile
[21:42:24] [CHECK] Joueur 1 est à 2768.58 mètres du groupe rude
[21:42:24] [CHECK] Joueur 1 est à 6506.68 mètres du groupe demon
[21:42:24] [CHECK] Joueur 1 est à 3829.00 mètres du groupe ghost
[21:42:34] [CHECK] Joueur 1 est à 472.87 mètres du groupe facile
[21:42:34] [CHECK] Joueur 1 est à 2768.58 mètres du groupe rude
[21:42:34] [CHECK] Joueur 1 est à 6506.68 mètres du groupe demon
[21:42:34] [CHECK] Joueur 1 est à 3829.00 mètres du groupe ghost
[21:42:44] [CHECK] Joueur 1 est à 472.87 mètres du groupe facile
[21:42:44] [CHECK] Joueur 1 est à 2768.58 mètres du groupe rude
[21:42:44] [CHECK] Joueur 1 est à 6506.68 mètres du groupe demon
[21:42:44] [CHECK] Joueur 1 est à 3829.00 mètres du groupe ghost
[21:42:54] [CHECK] Joueur 1 est à 472.87 mètres du groupe facile
[21:42:54] [CHECK] Joueur 1 est à 2768.58 mètres du groupe rude
[21:42:54] [CHECK] Joueur 1 est à 6506.68 mètres du groupe demon
[21:42:54] [CHECK] Joueur 1 est à 3829.00 mètres du groupe ghost
[21:43:04] [CHECK] Joueur 1 est à 472.87 mètres du groupe facile
[21:43:04] [CHECK] Joueur 1 est à 2768.58 mètres du groupe rude
[21:43:04] [CHECK] Joueur 1 est à 6506.68 mètres du groupe demon
[21:43:04] [CHECK] Joueur 1 est à 3829.00 mètres du groupe ghost
[21:43:15] [CHECK] Joueur 1 est à 472.87 mètres du groupe facile
[21:43:15] [CHECK] Joueur 1 est à 2768.58 mètres du groupe rude
[21:43:15] [CHECK] Joueur 1 est à 6506.68 mètres du groupe demon
[21:43:15] [CHECK] Joueur 1 est à 3829.00 mètres du groupe ghost
[21:43:25] [CHECK] Joueur 1 est à 472.87 mètres du groupe facile
[21:43:25] [CHECK] Joueur 1 est à 2768.58 mètres du groupe rude
[21:43:25] [CHECK] Joueur 1 est à 6506.68 mètres du groupe demon
[21:43:25] [CHECK] Joueur 1 est à 3829.00 mètres du groupe ghost
[21:43:35] [CHECK] Joueur 1 est à 472.87 mètres du groupe facile
[21:43:35] [CHECK] Joueur 1 est à 2768.58 mètres du groupe rude
[21:43:35] [CHECK] Joueur 1 est à 6506.68 mètres du groupe demon
[21:43:35] [CHECK] Joueur 1 est à 3829.00 mètres du groupe ghost
[21:43:45] [CHECK] Joueur 1 est à 472.87 mètres du groupe facile
[21:43:45] [CHECK] Joueur 1 est à 2768.58 mètres du groupe rude
[21:43:45] [CHECK] Joueur 1 est à 6506.68 mètres du groupe demon
[21:43:45] [CHECK] Joueur 1 est à 3829.00 mètres du groupe ghost
[21:43:55] [CHECK] Joueur 1 est à 472.87 mètres du groupe facile
[21:43:55] [CHECK] Joueur 1 est à 2768.58 mètres du groupe rude
[21:43:55] [CHECK] Joueur 1 est à 6506.68 mètres du groupe demon
[21:43:55] [CHECK] Joueur 1 est à 3829.00 mètres du groupe ghost
[21:44:05] [CHECK] Joueur 1 est à 472.87 mètres du groupe facile
[21:44:05] [CHECK] Joueur 1 est à 2768.58 mètres du groupe rude
[21:44:05] [CHECK] Joueur 1 est à 6506.68 mètres du groupe demon
[21:44:05] [CHECK] Joueur 1 est à 3829.00 mètres du groupe ghost
[21:44:15] [CHECK] Joueur 1 est à 472.87 mètres du groupe facile
[21:44:15] [CHECK] Joueur 1 est à 2768.58 mètres du groupe rude
[21:44:15] [CHECK] Joueur 1 est à 6506.68 mètres du groupe demon
[21:44:15] [CHECK] Joueur 1 est à 3829.00 mètres du groupe ghost
[21:44:25] [CHECK] Joueur 1 est à 472.87 mètres du groupe facile
[21:44:25] [CHECK] Joueur 1 est à 2768.58 mètres du groupe rude
[21:44:25] [CHECK] Joueur 1 est à 6506.68 mètres du groupe demon
[21:44:25] [CHECK] Joueur 1 est à 3829.00 mètres du groupe ghost
[21:44:35] [CHECK] Joueur 1 est à 472.87 mètres du groupe facile
[21:44:35] [CHECK] Joueur 1 est à 2768.58 mètres du groupe rude
[21:44:35] [CHECK] Joueur 1 est à 6506.68 mètres du groupe demon
[21:44:35] [CHECK] Joueur 1 est à 3829.00 mètres du groupe ghost
[21:44:45] [CHECK] Joueur 1 est à 472.87 mètres du groupe facile
[21:44:45] [CHECK] Joueur 1 est à 2768.58 mètres du groupe rude
[21:44:45] [CHECK] Joueur 1 est à 6506.68 mètres du groupe demon
[21:44:45] [CHECK] Joueur 1 est à 3829.00 mètres du groupe ghost
[21:44:55] [CHECK] Joueur 1 est à 472.87 mètres du groupe facile
[21:44:55] [CHECK] Joueur 1 est à 2768.58 mètres du groupe rude
[21:44:55] [CHECK] Joueur 1 est à 6506.68 mètres du groupe demon
[21:44:55] [CHECK] Joueur 1 est à 3829.00 mètres du groupe ghost
[21:45:05] [CHECK] Joueur 1 est à 472.87 mètres du groupe facile
[21:45:05] [CHECK] Joueur 1 est à 2768.58 mètres du groupe rude
[21:45:05] [CHECK] Joueur 1 est à 6506.68 mètres du groupe demon
[21:45:05] [CHECK] Joueur 1 est à 3829.00 mètres du groupe ghost
[21:45:15] [CHECK] Joueur 1 est à 472.87 mètres du groupe facile
[21:45:15] [CHECK] Joueur 1 est à 2768.58 mètres du groupe rude
[21:45:15] [CHECK] Joueur 1 est à 6506.68 mètres du groupe demon
[21:45:15] [CHECK] Joueur 1 est à 3829.00 mètres du groupe ghost
[21:45:25] [CHECK] Joueur 1 est à 472.87 mètres du groupe facile
[21:45:25] [CHECK] Joueur 1 est à 2768.58 mètres du groupe rude
[21:45:25] [CHECK] Joueur 1 est à 6506.68 mètres du groupe demon
[21:45:25] [CHECK] Joueur 1 est à 3829.00 mètres du groupe ghost
[21:45:35] [CHECK] Joueur 1 est à 472.87 mètres du groupe facile
[21:45:35] [CHECK] Joueur 1 est à 2768.58 mètres du groupe rude
[21:45:36] [CHECK] Joueur 1 est à 6506.68 mètres du groupe demon
[21:45:36] [CHECK] Joueur 1 est à 3829.00 mètres du groupe ghost
[21:45:46] [CHECK] Joueur 1 est à 472.87 mètres du groupe facile
[21:45:46] [CHECK] Joueur 1 est à 2768.58 mètres du groupe rude
[21:45:46] [CHECK] Joueur 1 est à 6506.68 mètres du groupe demon
[21:45:46] [CHECK] Joueur 1 est à 3829.00 mètres du groupe ghost
[21:45:56] [CHECK] Joueur 1 est à 472.87 mètres du groupe facile
[21:45:56] [CHECK] Joueur 1 est à 2768.58 mètres du groupe rude
[21:45:56] [CHECK] Joueur 1 est à 6506.68 mètres du groupe demon
[21:45:56] [CHECK] Joueur 1 est à 3829.00 mètres du groupe ghost
[21:46:06] [CHECK] Joueur 1 est à 472.87 mètres du groupe facile
[21:46:06] [CHECK] Joueur 1 est à 2768.58 mètres du groupe rude
[21:46:06] [CHECK] Joueur 1 est à 6506.68 mètres du groupe demon
[21:46:06] [CHECK] Joueur 1 est à 3829.00 mètres du groupe ghost
[21:46:16] [CHECK] Joueur 1 est à 472.87 mètres du groupe facile
[21:46:16] [CHECK] Joueur 1 est à 2768.58 mètres du groupe rude
[21:46:16] [CHECK] Joueur 1 est à 6506.68 mètres du groupe demon
[21:46:16] [CHECK] Joueur 1 est à 3829.00 mètres du groupe ghost
[21:46:26] [CHECK] Joueur 1 est à 472.87 mètres du groupe facile
[21:46:26] [CHECK] Joueur 1 est à 2768.58 mètres du groupe rude
[21:46:26] [CHECK] Joueur 1 est à 6506.68 mètres du groupe demon
[21:46:26] [CHECK] Joueur 1 est à 3829.00 mètres du groupe ghost
[21:46:36] [CHECK] Joueur 1 est à 472.87 mètres du groupe facile
[21:46:36] [CHECK] Joueur 1 est à 2768.58 mètres du groupe rude
[21:46:36] [CHECK] Joueur 1 est à 6506.68 mètres du groupe demon
[21:46:36] [CHECK] Joueur 1 est à 3829.00 mètres du groupe ghost
[21:46:46] [CHECK] Joueur 1 est à 472.87 mètres du groupe facile
[21:46:46] [CHECK] Joueur 1 est à 2768.58 mètres du groupe rude
[21:46:46] [CHECK] Joueur 1 est à 6506.68 mètres du groupe demon
[21:46:46] [CHECK] Joueur 1 est à 3829.00 mètres du groupe ghost
[21:46:56] [CHECK] Joueur 1 est à 472.87 mètres du groupe facile
[21:46:56] [CHECK] Joueur 1 est à 2768.58 mètres du groupe rude
[21:46:56] [CHECK] Joueur 1 est à 6506.68 mètres du groupe demon
[21:46:56] [CHECK] Joueur 1 est à 3829.00 mètres du groupe ghost
[21:47:06] [CHECK] Joueur 1 est à 472.87 mètres du groupe facile
[21:47:06] [CHECK] Joueur 1 est à 2768.58 mètres du groupe rude
[21:47:06] [CHECK] Joueur 1 est à 6506.68 mètres du groupe demon
[21:47:06] [CHECK] Joueur 1 est à 3829.00 mètres du groupe ghost
[21:47:16] [CHECK] Joueur 1 est à 472.87 mètres du groupe facile
[21:47:16] [CHECK] Joueur 1 est à 2768.58 mètres du groupe rude
[21:47:16] [CHECK] Joueur 1 est à 6506.68 mètres du groupe demon
[21:47:16] [CHECK] Joueur 1 est à 3829.00 mètres du groupe ghost
[21:47:26] [CHECK] Joueur 1 est à 472.87 mètres du groupe facile
[21:47:26] [CHECK] Joueur 1 est à 2768.58 mètres du groupe rude
[21:47:26] [CHECK] Joueur 1 est à 6506.68 mètres du groupe demon
[21:47:26] [CHECK] Joueur 1 est à 3829.00 mètres du groupe ghost
[21:47:36] [CHECK] Joueur 1 est à 472.87 mètres du groupe facile
[21:47:36] [CHECK] Joueur 1 est à 2768.58 mètres du groupe rude
[21:47:36] [CHECK] Joueur 1 est à 6506.68 mètres du groupe demon
[21:47:36] [CHECK] Joueur 1 est à 3829.00 mètres du groupe ghost
[21:47:46] [CHECK] Joueur 1 est à 472.87 mètres du groupe facile
[21:47:46] [CHECK] Joueur 1 est à 2768.58 mètres du groupe rude
[21:47:46] [CHECK] Joueur 1 est à 6506.68 mètres du groupe demon
[21:47:46] [CHECK] Joueur 1 est à 3829.00 mètres du groupe ghost
[21:47:57] [CHECK] Joueur 1 est à 472.87 mètres du groupe facile
[21:47:57] [CHECK] Joueur 1 est à 2768.58 mètres du groupe rude
[21:47:57] [CHECK] Joueur 1 est à 6506.68 mètres du groupe demon
[21:47:57] [CHECK] Joueur 1 est à 3829.00 mètres du groupe ghost
[21:48:07] [CHECK] Joueur 1 est à 472.87 mètres du groupe facile
[21:48:07] [CHECK] Joueur 1 est à 2768.58 mètres du groupe rude
[21:48:07] [CHECK] Joueur 1 est à 6506.68 mètres du groupe demon
[21:48:07] [CHECK] Joueur 1 est à 3829.00 mètres du groupe ghost
[21:48:17] [CHECK] Joueur 1 est à 472.87 mètres du groupe facile
[21:48:17] [CHECK] Joueur 1 est à 2768.58 mètres du groupe rude
[21:48:17] [CHECK] Joueur 1 est à 6506.68 mètres du groupe demon
[21:48:17] [CHECK] Joueur 1 est à 3829.00 mètres du groupe ghost
[21:48:27] [CHECK] Joueur 1 est à 472.87 mètres du groupe facile
[21:48:27] [CHECK] Joueur 1 est à 2768.58 mètres du groupe rude
[21:48:27] [CHECK] Joueur 1 est à 6506.68 mètres du groupe demon
[21:48:27] [CHECK] Joueur 1 est à 3829.00 mètres du groupe ghost
[21:48:37] [CHECK] Joueur 1 est à 472.87 mètres du groupe facile
[21:48:37] [CHECK] Joueur 1 est à 2768.58 mètres du groupe rude
[21:48:37] [CHECK] Joueur 1 est à 6506.68 mètres du groupe demon
[21:48:37] [CHECK] Joueur 1 est à 3829.00 mètres du groupe ghost
[21:48:47] [CHECK] Joueur 1 est à 472.87 mètres du groupe facile
[21:48:47] [CHECK] Joueur 1 est à 2768.58 mètres du groupe rude
[21:48:47] [CHECK] Joueur 1 est à 6506.68 mètres du groupe demon
[21:48:47] [CHECK] Joueur 1 est à 3829.00 mètres du groupe ghost
[21:48:57] [CHECK] Joueur 1 est à 472.87 mètres du groupe facile
[21:48:57] [CHECK] Joueur 1 est à 2768.58 mètres du groupe rude
[21:48:57] [CHECK] Joueur 1 est à 6506.68 mètres du groupe demon
[21:48:57] [CHECK] Joueur 1 est à 3829.00 mètres du groupe ghost
[21:49:07] [CHECK] Joueur 1 est à 472.87 mètres du groupe facile
[21:49:07] [CHECK] Joueur 1 est à 2768.58 mètres du groupe rude
[21:49:07] [CHECK] Joueur 1 est à 6506.68 mètres du groupe demon
[21:49:07] [CHECK] Joueur 1 est à 3829.00 mètres du groupe ghost
[21:49:17] [CHECK] Joueur 1 est à 472.87 mètres du groupe facile
[21:49:17] [CHECK] Joueur 1 est à 2768.58 mètres du groupe rude
[21:49:17] [CHECK] Joueur 1 est à 6506.68 mètres du groupe demon
[21:49:17] [CHECK] Joueur 1 est à 3829.00 mètres du groupe ghost
[21:49:27] [CHECK] Joueur 1 est à 472.87 mètres du groupe facile
[21:49:27] [CHECK] Joueur 1 est à 2768.58 mètres du groupe rude
[21:49:27] [CHECK] Joueur 1 est à 6506.68 mètres du groupe demon
[21:49:27] [CHECK] Joueur 1 est à 3829.00 mètres du groupe ghost
[21:49:37] [CHECK] Joueur 1 est à 472.87 mètres du groupe facile
[21:49:37] [CHECK] Joueur 1 est à 2768.58 mètres du groupe rude
[21:49:37] [CHECK] Joueur 1 est à 6506.68 mètres du groupe demon
[21:49:37] [CHECK] Joueur 1 est à 3829.00 mètres du groupe ghost
[21:49:47] [CHECK] Joueur 1 est à 472.87 mètres du groupe facile
[21:49:47] [CHECK] Joueur 1 est à 2768.58 mètres du groupe rude
[21:49:47] [CHECK] Joueur 1 est à 6506.68 mètres du groupe demon
[21:49:47] [CHECK] Joueur 1 est à 3829.00 mètres du groupe ghost
[21:49:57] [CHECK] Joueur 1 est à 472.87 mètres du groupe facile
[21:49:57] [CHECK] Joueur 1 est à 2768.58 mètres du groupe rude
[21:49:57] [CHECK] Joueur 1 est à 6506.68 mètres du groupe demon
[21:49:57] [CHECK] Joueur 1 est à 3829.00 mètres du groupe ghost
[21:50:08] [CHECK] Joueur 1 est à 472.87 mètres du groupe facile
[21:50:08] [CHECK] Joueur 1 est à 2768.58 mètres du groupe rude
[21:50:08] [CHECK] Joueur 1 est à 6506.68 mètres du groupe demon
[21:50:08] [CHECK] Joueur 1 est à 3829.00 mètres du groupe ghost
[21:50:18] [CHECK] Joueur 1 est à 472.87 mètres du groupe facile
[21:50:18] [CHECK] Joueur 1 est à 2768.58 mètres du groupe rude
[21:50:18] [CHECK] Joueur 1 est à 6506.68 mètres du groupe demon
[21:50:18] [CHECK] Joueur 1 est à 3829.00 mètres du groupe ghost
[21:50:28] [CHECK] Joueur 1 est à 472.87 mètres du groupe facile
[21:50:28] [CHECK] Joueur 1 est à 2768.58 mètres du groupe rude
[21:50:28] [CHECK] Joueur 1 est à 6506.68 mètres du groupe demon
[21:50:28] [CHECK] Joueur 1 est à 3829.00 mètres du groupe ghost
[21:50:38] [CHECK] Joueur 1 est à 472.87 mètres du groupe facile
[21:50:38] [CHECK] Joueur 1 est à 2768.58 mètres du groupe rude
[21:50:38] [CHECK] Joueur 1 est à 6506.68 mètres du groupe demon
[21:50:38] [CHECK] Joueur 1 est à 3829.00 mètres du groupe ghost
[21:50:48] [CHECK] Joueur 1 est à 472.87 mètres du groupe facile
[21:50:48] [CHECK] Joueur 1 est à 2768.58 mètres du groupe rude
[21:50:48] [CHECK] Joueur 1 est à 6506.68 mètres du groupe demon
[21:50:48] [CHECK] Joueur 1 est à 3829.00 mètres du groupe ghost
[21:50:58] [CHECK] Joueur 1 est à 472.87 mètres du groupe facile
[21:50:58] [CHECK] Joueur 1 est à 2768.58 mètres du groupe rude
[21:50:58] [CHECK] Joueur 1 est à 6506.68 mètres du groupe demon
[21:50:58] [CHECK] Joueur 1 est à 3829.00 mètres du groupe ghost
[21:51:08] [CHECK] Joueur 1 est à 472.87 mètres du groupe facile
[21:51:08] [CHECK] Joueur 1 est à 2768.58 mètres du groupe rude
[21:51:08] [CHECK] Joueur 1 est à 6506.68 mètres du groupe demon
[21:51:08] [CHECK] Joueur 1 est à 3829.00 mètres du groupe ghost
[21:51:18] [CHECK] Joueur 1 est à 472.87 mètres du groupe facile
[21:51:18] [CHECK] Joueur 1 est à 2768.58 mètres du groupe rude
[21:51:18] [CHECK] Joueur 1 est à 6506.68 mètres du groupe demon
[21:51:18] [CHECK] Joueur 1 est à 3829.00 mètres du groupe ghost
[21:51:28] [CHECK] Joueur 1 est à 472.87 mètres du groupe facile
[21:51:28] [CHECK] Joueur 1 est à 2768.58 mètres du groupe rude
[21:51:28] [CHECK] Joueur 1 est à 6506.68 mètres du groupe demon
[21:51:28] [CHECK] Joueur 1 est à 3829.00 mètres du groupe ghost
[21:51:38] [CHECK] Joueur 1 est à 472.87 mètres du groupe facile
[21:51:38] [CHECK] Joueur 1 est à 2768.58 mètres du groupe rude
[21:51:38] [CHECK] Joueur 1 est à 6506.68 mètres du groupe demon
[21:51:38] [CHECK] Joueur 1 est à 3829.00 mètres du groupe ghost
[21:51:48] [CHECK] Joueur 1 est à 472.87 mètres du groupe facile
[21:51:48] [CHECK] Joueur 1 est à 2768.58 mètres du groupe rude
[21:51:48] [CHECK] Joueur 1 est à 6506.68 mètres du groupe demon
[21:51:48] [CHECK] Joueur 1 est à 3829.00 mètres du groupe ghost
[21:51:58] [CHECK] Joueur 1 est à 472.87 mètres du groupe facile
[21:51:58] [CHECK] Joueur 1 est à 2768.58 mètres du groupe rude
[21:51:58] [CHECK] Joueur 1 est à 6506.68 mètres du groupe demon
[21:51:58] [CHECK] Joueur 1 est à 3829.00 mètres du groupe ghost
[21:52:08] [CHECK] Joueur 1 est à 472.87 mètres du groupe facile
[21:52:08] [CHECK] Joueur 1 est à 2768.58 mètres du groupe rude
[21:52:08] [CHECK] Joueur 1 est à 6506.68 mètres du groupe demon
[21:52:08] [CHECK] Joueur 1 est à 3829.00 mètres du groupe ghost
[21:52:18] [CHECK] Joueur 1 est à 472.87 mètres du groupe facile
[21:52:18] [CHECK] Joueur 1 est à 2768.58 mètres du groupe rude
[21:52:18] [CHECK] Joueur 1 est à 6506.68 mètres du groupe demon
[21:52:18] [CHECK] Joueur 1 est à 3829.00 mètres du groupe ghost
[21:52:29] [CHECK] Joueur 1 est à 472.87 mètres du groupe facile
[21:52:29] [CHECK] Joueur 1 est à 2768.58 mètres du groupe rude
[21:52:29] [CHECK] Joueur 1 est à 6506.68 mètres du groupe demon
[21:52:29] [CHECK] Joueur 1 est à 3829.00 mètres du groupe ghost
[21:52:39] [CHECK] Joueur 1 est à 472.87 mètres du groupe facile
[21:52:39] [CHECK] Joueur 1 est à 2768.58 mètres du groupe rude
[21:52:39] [CHECK] Joueur 1 est à 6506.68 mètres du groupe demon
[21:52:39] [CHECK] Joueur 1 est à 3829.00 mètres du groupe ghost
[21:52:49] [CHECK] Joueur 1 est à 472.87 mètres du groupe facile
[21:52:49] [CHECK] Joueur 1 est à 2768.58 mètres du groupe rude
[21:52:49] [CHECK] Joueur 1 est à 6506.68 mètres du groupe demon
[21:52:49] [CHECK] Joueur 1 est à 3829.00 mètres du groupe ghost
[21:52:59] [CHECK] Joueur 1 est à 472.87 mètres du groupe facile
[21:52:59] [CHECK] Joueur 1 est à 2768.58 mètres du groupe rude
[21:52:59] [CHECK] Joueur 1 est à 6506.68 mètres du groupe demon
[21:52:59] [CHECK] Joueur 1 est à 3829.00 mètres du groupe ghost
[21:53:09] [CHECK] Joueur 1 est à 472.87 mètres du groupe facile
[21:53:09] [CHECK] Joueur 1 est à 2768.58 mètres du groupe rude
[21:53:09] [CHECK] Joueur 1 est à 6506.68 mètres du groupe demon
[21:53:09] [CHECK] Joueur 1 est à 3829.00 mètres du groupe ghost
[21:53:19] [CHECK] Joueur 1 est à 472.87 mètres du groupe facile
[21:53:19] [CHECK] Joueur 1 est à 2768.58 mètres du groupe rude
[21:53:19] [CHECK] Joueur 1 est à 6506.68 mètres du groupe demon
[21:53:19] [CHECK] Joueur 1 est à 3829.00 mètres du groupe ghost
[21:53:29] [CHECK] Joueur 1 est à 472.87 mètres du groupe facile
[21:53:29] [CHECK] Joueur 1 est à 2768.58 mètres du groupe rude
[21:53:29] [CHECK] Joueur 1 est à 6506.68 mètres du groupe demon
[21:53:29] [CHECK] Joueur 1 est à 3829.00 mètres du groupe ghost
[21:53:39] [CHECK] Joueur 1 est à 472.87 mètres du groupe facile
[21:53:39] [CHECK] Joueur 1 est à 2768.58 mètres du groupe rude
[21:53:39] [CHECK] Joueur 1 est à 6506.68 mètres du groupe demon
[21:53:39] [CHECK] Joueur 1 est à 3829.00 mètres du groupe ghost
[21:53:49] [CHECK] Joueur 1 est à 472.87 mètres du groupe facile
[21:53:49] [CHECK] Joueur 1 est à 2768.58 mètres du groupe rude
[21:53:49] [CHECK] Joueur 1 est à 6506.68 mètres du groupe demon
[21:53:49] [CHECK] Joueur 1 est à 3829.00 mètres du groupe ghost
[21:53:59] [CHECK] Joueur 1 est à 472.87 mètres du groupe facile
[21:53:59] [CHECK] Joueur 1 est à 2768.58 mètres du groupe rude
[21:53:59] [CHECK] Joueur 1 est à 6506.68 mètres du groupe demon
[21:53:59] [CHECK] Joueur 1 est à 3829.00 mètres du groupe ghost
[21:54:09] [CHECK] Joueur 1 est à 472.87 mètres du groupe facile
[21:54:09] [CHECK] Joueur 1 est à 2768.58 mètres du groupe rude
[21:54:09] [CHECK] Joueur 1 est à 6506.68 mètres du groupe demon
[21:54:09] [CHECK] Joueur 1 est à 3829.00 mètres du groupe ghost
[21:54:19] [CHECK] Joueur 1 est à 472.87 mètres du groupe facile
[21:54:19] [CHECK] Joueur 1 est à 2768.58 mètres du groupe rude
[21:54:19] [CHECK] Joueur 1 est à 6506.68 mètres du groupe demon
[21:54:19] [CHECK] Joueur 1 est à 3829.00 mètres du groupe ghost
[21:54:29] [CHECK] Joueur 1 est à 472.87 mètres du groupe facile
[21:54:29] [CHECK] Joueur 1 est à 2768.58 mètres du groupe rude
[21:54:29] [CHECK] Joueur 1 est à 6506.68 mètres du groupe demon
[21:54:29] [CHECK] Joueur 1 est à 3829.00 mètres du groupe ghost
[21:54:39] [CHECK] Joueur 1 est à 472.87 mètres du groupe facile
[21:54:40] [CHECK] Joueur 1 est à 2768.58 mètres du groupe rude
[21:54:40] [CHECK] Joueur 1 est à 6506.68 mètres du groupe demon
[21:54:40] [CHECK] Joueur 1 est à 3829.00 mètres du groupe ghost
[21:54:50] [CHECK] Joueur 1 est à 472.87 mètres du groupe facile
[21:54:50] [CHECK] Joueur 1 est à 2768.58 mètres du groupe rude
[21:54:50] [CHECK] Joueur 1 est à 6506.68 mètres du groupe demon
[21:54:50] [CHECK] Joueur 1 est à 3829.00 mètres du groupe ghost
[21:55:00] [CHECK] Joueur 1 est à 472.87 mètres du groupe facile
[21:55:00] [CHECK] Joueur 1 est à 2768.58 mètres du groupe rude
[21:55:00] [CHECK] Joueur 1 est à 6506.68 mètres du groupe demon
[21:55:00] [CHECK] Joueur 1 est à 3829.00 mètres du groupe ghost
[21:55:10] [CHECK] Joueur 1 est à 472.87 mètres du groupe facile
[21:55:10] [CHECK] Joueur 1 est à 2768.58 mètres du groupe rude
[21:55:10] [CHECK] Joueur 1 est à 6506.68 mètres du groupe demon
[21:55:10] [CHECK] Joueur 1 est à 3829.00 mètres du groupe ghost
[21:55:20] [CHECK] Joueur 1 est à 472.87 mètres du groupe facile
[21:55:20] [CHECK] Joueur 1 est à 2768.58 mètres du groupe rude
[21:55:20] [CHECK] Joueur 1 est à 6506.68 mètres du groupe demon
[21:55:20] [CHECK] Joueur 1 est à 3829.00 mètres du groupe ghost
[21:55:30] [CHECK] Joueur 1 est à 472.87 mètres du groupe facile
[21:55:30] [CHECK] Joueur 1 est à 2768.58 mètres du groupe rude
[21:55:30] [CHECK] Joueur 1 est à 6506.68 mètres du groupe demon
[21:55:30] [CHECK] Joueur 1 est à 3829.00 mètres du groupe ghost
[21:55:40] [CHECK] Joueur 1 est à 472.87 mètres du groupe facile
[21:55:40] [CHECK] Joueur 1 est à 2768.58 mètres du groupe rude
[21:55:40] [CHECK] Joueur 1 est à 6506.68 mètres du groupe demon
[21:55:40] [CHECK] Joueur 1 est à 3829.00 mètres du groupe ghost
[21:55:50] [CHECK] Joueur 1 est à 472.87 mètres du groupe facile
[21:55:50] [CHECK] Joueur 1 est à 2768.58 mètres du groupe rude
[21:55:50] [CHECK] Joueur 1 est à 6506.68 mètres du groupe demon
[21:55:50] [CHECK] Joueur 1 est à 3829.00 mètres du groupe ghost
[21:56:00] [CHECK] Joueur 1 est à 472.87 mètres du groupe facile
[21:56:00] [CHECK] Joueur 1 est à 2768.58 mètres du groupe rude
[21:56:00] [CHECK] Joueur 1 est à 6506.68 mètres du groupe demon
[21:56:00] [CHECK] Joueur 1 est à 3829.00 mètres du groupe ghost
[21:56:10] [CHECK] Joueur 1 est à 472.87 mètres du groupe facile
[21:56:10] [CHECK] Joueur 1 est à 2768.58 mètres du groupe rude
[21:56:10] [CHECK] Joueur 1 est à 6506.68 mètres du groupe demon
[21:56:10] [CHECK] Joueur 1 est à 3829.00 mètres du groupe ghost
[21:56:20] [CHECK] Joueur 1 est à 472.87 mètres du groupe facile
[21:56:20] [CHECK] Joueur 1 est à 2768.58 mètres du groupe rude
[21:56:20] [CHECK] Joueur 1 est à 6506.68 mètres du groupe demon
[21:56:20] [CHECK] Joueur 1 est à 3829.00 mètres du groupe ghost
[21:56:30] [CHECK] Joueur 1 est à 472.87 mètres du groupe facile
[21:56:30] [CHECK] Joueur 1 est à 2768.58 mètres du groupe rude
[21:56:30] [CHECK] Joueur 1 est à 6506.68 mètres du groupe demon
[21:56:30] [CHECK] Joueur 1 est à 3829.00 mètres du groupe ghost
[21:56:40] [CHECK] Joueur 1 est à 472.87 mètres du groupe facile
[21:56:40] [CHECK] Joueur 1 est à 2768.58 mètres du groupe rude
[21:56:40] [CHECK] Joueur 1 est à 6506.68 mètres du groupe demon
[21:56:40] [CHECK] Joueur 1 est à 3829.00 mètres du groupe ghost
[21:56:50] [CHECK] Joueur 1 est à 472.87 mètres du groupe facile
[21:56:50] [CHECK] Joueur 1 est à 2768.58 mètres du groupe rude
[21:56:50] [CHECK] Joueur 1 est à 6506.68 mètres du groupe demon
[21:56:50] [CHECK] Joueur 1 est à 3829.00 mètres du groupe ghost
[21:57:00] [CHECK] Joueur 1 est à 472.87 mètres du groupe facile
[21:57:00] [CHECK] Joueur 1 est à 2768.58 mètres du groupe rude
[21:57:00] [CHECK] Joueur 1 est à 6506.68 mètres du groupe demon
[21:57:00] [CHECK] Joueur 1 est à 3829.00 mètres du groupe ghost
[21:57:11] [CHECK] Joueur 1 est à 472.87 mètres du groupe facile
[21:57:11] [CHECK] Joueur 1 est à 2768.58 mètres du groupe rude
[21:57:11] [CHECK] Joueur 1 est à 6506.68 mètres du groupe demon
[21:57:11] [CHECK] Joueur 1 est à 3829.00 mètres du groupe ghost
[21:57:21] [CHECK] Joueur 1 est à 472.87 mètres du groupe facile
[21:57:21] [CHECK] Joueur 1 est à 2768.58 mètres du groupe rude
[21:57:21] [CHECK] Joueur 1 est à 6506.68 mètres du groupe demon
[21:57:21] [CHECK] Joueur 1 est à 3829.00 mètres du groupe ghost
[21:57:31] [CHECK] Joueur 1 est à 472.87 mètres du groupe facile
[21:57:31] [CHECK] Joueur 1 est à 2768.58 mètres du groupe rude
[21:57:31] [CHECK] Joueur 1 est à 6506.68 mètres du groupe demon
[21:57:31] [CHECK] Joueur 1 est à 3829.00 mètres du groupe ghost
[21:57:41] [CHECK] Joueur 1 est à 472.87 mètres du groupe facile
[21:57:41] [CHECK] Joueur 1 est à 2768.58 mètres du groupe rude
[21:57:41] [CHECK] Joueur 1 est à 6506.68 mètres du groupe demon
[21:57:41] [CHECK] Joueur 1 est à 3829.00 mètres du groupe ghost
[21:57:51] [CHECK] Joueur 1 est à 472.87 mètres du groupe facile
[21:57:51] [CHECK] Joueur 1 est à 2768.58 mètres du groupe rude
[21:57:51] [CHECK] Joueur 1 est à 6506.68 mètres du groupe demon
[21:57:51] [CHECK] Joueur 1 est à 3829.00 mètres du groupe ghost
[21:58:01] [CHECK] Joueur 1 est à 472.87 mètres du groupe facile
[21:58:01] [CHECK] Joueur 1 est à 2768.58 mètres du groupe rude
[21:58:01] [CHECK] Joueur 1 est à 6506.68 mètres du groupe demon
[21:58:01] [CHECK] Joueur 1 est à 3829.00 mètres du groupe ghost
[21:58:11] [CHECK] Joueur 1 est à 472.87 mètres du groupe facile
[21:58:11] [CHECK] Joueur 1 est à 2768.58 mètres du groupe rude
[21:58:11] [CHECK] Joueur 1 est à 6506.68 mètres du groupe demon
[21:58:11] [CHECK] Joueur 1 est à 3829.00 mètres du groupe ghost
[21:58:21] [CHECK] Joueur 1 est à 472.87 mètres du groupe facile
[21:58:21] [CHECK] Joueur 1 est à 2768.58 mètres du groupe rude
[21:58:21] [CHECK] Joueur 1 est à 6506.68 mètres du groupe demon
[21:58:21] [CHECK] Joueur 1 est à 3829.00 mètres du groupe ghost
[21:58:31] [CHECK] Joueur 1 est à 472.87 mètres du groupe facile
[21:58:31] [CHECK] Joueur 1 est à 2768.58 mètres du groupe rude
[21:58:31] [CHECK] Joueur 1 est à 6506.68 mètres du groupe demon
[21:58:31] [CHECK] Joueur 1 est à 3829.00 mètres du groupe ghost
[21:58:41] [CHECK] Joueur 1 est à 472.87 mètres du groupe facile
[21:58:41] [CHECK] Joueur 1 est à 2768.58 mètres du groupe rude
[21:58:41] [CHECK] Joueur 1 est à 6506.68 mètres du groupe demon
[21:58:41] [CHECK] Joueur 1 est à 3829.00 mètres du groupe ghost
[21:58:51] [CHECK] Joueur 1 est à 472.87 mètres du groupe facile
[21:58:51] [CHECK] Joueur 1 est à 2768.58 mètres du groupe rude
[21:58:51] [CHECK] Joueur 1 est à 6506.68 mètres du groupe demon
[21:58:51] [CHECK] Joueur 1 est à 3829.00 mètres du groupe ghost
[21:59:01] [CHECK] Joueur 1 est à 472.87 mètres du groupe facile
[21:59:01] [CHECK] Joueur 1 est à 2768.58 mètres du groupe rude
[21:59:01] [CHECK] Joueur 1 est à 6506.68 mètres du groupe demon
[21:59:01] [CHECK] Joueur 1 est à 3829.00 mètres du groupe ghost
[21:59:11] [CHECK] Joueur 1 est à 472.87 mètres du groupe facile
[21:59:11] [CHECK] Joueur 1 est à 2768.58 mètres du groupe rude
[21:59:11] [CHECK] Joueur 1 est à 6506.68 mètres du groupe demon
[21:59:11] [CHECK] Joueur 1 est à 3829.00 mètres du groupe ghost
[21:59:21] [CHECK] Joueur 1 est à 472.87 mètres du groupe facile
[21:59:21] [CHECK] Joueur 1 est à 2768.58 mètres du groupe rude
[21:59:21] [CHECK] Joueur 1 est à 6506.68 mètres du groupe demon
[21:59:21] [CHECK] Joueur 1 est à 3829.00 mètres du groupe ghost
[21:59:31] [CHECK] Joueur 1 est à 472.87 mètres du groupe facile
[21:59:31] [CHECK] Joueur 1 est à 2768.58 mètres du groupe rude
[21:59:31] [CHECK] Joueur 1 est à 6506.68 mètres du groupe demon
[21:59:31] [CHECK] Joueur 1 est à 3829.00 mètres du groupe ghost
[21:59:41] [CHECK] Joueur 1 est à 472.87 mètres du groupe facile
[21:59:41] [CHECK] Joueur 1 est à 2768.58 mètres du groupe rude
[21:59:41] [CHECK] Joueur 1 est à 6506.68 mètres du groupe demon
[21:59:41] [CHECK] Joueur 1 est à 3829.00 mètres du groupe ghost
[21:59:52] [CHECK] Joueur 1 est à 472.87 mètres du groupe facile
[21:59:52] [CHECK] Joueur 1 est à 2768.58 mètres du groupe rude
[21:59:52] [CHECK] Joueur 1 est à 6506.68 mètres du groupe demon
[21:59:52] [CHECK] Joueur 1 est à 3829.00 mètres du groupe ghost
[22:00:02] [CHECK] Joueur 1 est à 472.87 mètres du groupe facile
[22:00:02] [CHECK] Joueur 1 est à 2768.58 mètres du groupe rude
[22:00:02] [CHECK] Joueur 1 est à 6506.68 mètres du groupe demon
[22:00:02] [CHECK] Joueur 1 est à 3829.00 mètres du groupe ghost
[22:00:12] [CHECK] Joueur 1 est à 472.87 mètres du groupe facile
[22:00:12] [CHECK] Joueur 1 est à 2768.58 mètres du groupe rude
[22:00:12] [CHECK] Joueur 1 est à 6506.68 mètres du groupe demon
[22:00:12] [CHECK] Joueur 1 est à 3829.00 mètres du groupe ghost
[22:00:22] [CHECK] Joueur 1 est à 472.87 mètres du groupe facile
[22:00:22] [CHECK] Joueur 1 est à 2768.58 mètres du groupe rude
[22:00:22] [CHECK] Joueur 1 est à 6506.68 mètres du groupe demon
[22:00:22] [CHECK] Joueur 1 est à 3829.00 mètres du groupe ghost
[22:00:32] [CHECK] Joueur 1 est à 472.87 mètres du groupe facile
[22:00:32] [CHECK] Joueur 1 est à 2768.58 mètres du groupe rude
[22:00:32] [CHECK] Joueur 1 est à 6506.68 mètres du groupe demon
[22:00:32] [CHECK] Joueur 1 est à 3829.00 mètres du groupe ghost
[22:00:42] [CHECK] Joueur 1 est à 472.87 mètres du groupe facile
[22:00:42] [CHECK] Joueur 1 est à 2768.58 mètres du groupe rude
[22:00:42] [CHECK] Joueur 1 est à 6506.68 mètres du groupe demon
[22:00:42] [CHECK] Joueur 1 est à 3829.00 mètres du groupe ghost
[22:00:52] [CHECK] Joueur 1 est à 472.87 mètres du groupe facile
[22:00:52] [CHECK] Joueur 1 est à 2768.58 mètres du groupe rude
[22:00:52] [CHECK] Joueur 1 est à 6506.68 mètres du groupe demon
[22:00:52] [CHECK] Joueur 1 est à 3829.00 mètres du groupe ghost
[22:01:02] [CHECK] Joueur 1 est à 472.87 mètres du groupe facile
[22:01:02] [CHECK] Joueur 1 est à 2768.58 mètres du groupe rude
[22:01:02] [CHECK] Joueur 1 est à 6506.68 mètres du groupe demon
[22:01:02] [CHECK] Joueur 1 est à 3829.00 mètres du groupe ghost
[22:01:12] [CHECK] Joueur 1 est à 472.87 mètres du groupe facile
[22:01:12] [CHECK] Joueur 1 est à 2768.58 mètres du groupe rude
[22:01:12] [CHECK] Joueur 1 est à 6506.68 mètres du groupe demon
[22:01:12] [CHECK] Joueur 1 est à 3829.00 mètres du groupe ghost
[22:01:22] [CHECK] Joueur 1 est à 472.87 mètres du groupe facile
[22:01:22] [CHECK] Joueur 1 est à 2768.58 mètres du groupe rude
[22:01:22] [CHECK] Joueur 1 est à 6506.68 mètres du groupe demon
[22:01:22] [CHECK] Joueur 1 est à 3829.00 mètres du groupe ghost
[22:01:32] [CHECK] Joueur 1 est à 472.87 mètres du groupe facile
[22:01:32] [CHECK] Joueur 1 est à 2768.58 mètres du groupe rude
[22:01:32] [CHECK] Joueur 1 est à 6506.68 mètres du groupe demon
[22:01:32] [CHECK] Joueur 1 est à 3829.00 mètres du groupe ghost
[22:01:42] [CHECK] Joueur 1 est à 472.87 mètres du groupe facile
[22:01:42] [CHECK] Joueur 1 est à 2768.58 mètres du groupe rude
[22:01:42] [CHECK] Joueur 1 est à 6506.68 mètres du groupe demon
[22:01:42] [CHECK] Joueur 1 est à 3829.00 mètres du groupe ghost
[22:01:52] [CHECK] Joueur 1 est à 472.87 mètres du groupe facile
[22:01:52] [CHECK] Joueur 1 est à 2768.58 mètres du groupe rude
[22:01:52] [CHECK] Joueur 1 est à 6506.68 mètres du groupe demon
[22:01:52] [CHECK] Joueur 1 est à 3829.00 mètres du groupe ghost
[22:02:02] [CHECK] Joueur 1 est à 472.87 mètres du groupe facile
[22:02:02] [CHECK] Joueur 1 est à 2768.58 mètres du groupe rude
[22:02:02] [CHECK] Joueur 1 est à 6506.68 mètres du groupe demon
[22:02:02] [CHECK] Joueur 1 est à 3829.00 mètres du groupe ghost
[22:02:13] [CHECK] Joueur 1 est à 472.87 mètres du groupe facile
[22:02:13] [CHECK] Joueur 1 est à 2768.58 mètres du groupe rude
[22:02:13] [CHECK] Joueur 1 est à 6506.68 mètres du groupe demon
[22:02:13] [CHECK] Joueur 1 est à 3829.00 mètres du groupe ghost
[22:02:23] [CHECK] Joueur 1 est à 472.87 mètres du groupe facile
[22:02:23] [CHECK] Joueur 1 est à 2768.58 mètres du groupe rude
[22:02:23] [CHECK] Joueur 1 est à 6506.68 mètres du groupe demon
[22:02:23] [CHECK] Joueur 1 est à 3829.00 mètres du groupe ghost
[22:02:33] [CHECK] Joueur 1 est à 472.87 mètres du groupe facile
[22:02:33] [CHECK] Joueur 1 est à 2768.58 mètres du groupe rude
[22:02:33] [CHECK] Joueur 1 est à 6506.68 mètres du groupe demon
[22:02:33] [CHECK] Joueur 1 est à 3829.00 mètres du groupe ghost
[22:02:43] [CHECK] Joueur 1 est à 472.87 mètres du groupe facile
[22:02:43] [CHECK] Joueur 1 est à 2768.58 mètres du groupe rude
[22:02:43] [CHECK] Joueur 1 est à 6506.68 mètres du groupe demon
[22:02:43] [CHECK] Joueur 1 est à 3829.00 mètres du groupe ghost
[22:02:53] [CHECK] Joueur 1 est à 472.87 mètres du groupe facile
[22:02:53] [CHECK] Joueur 1 est à 2768.58 mètres du groupe rude
[22:02:53] [CHECK] Joueur 1 est à 6506.68 mètres du groupe demon
[22:02:53] [CHECK] Joueur 1 est à 3829.00 mètres du groupe ghost
[22:03:03] [CHECK] Joueur 1 est à 472.87 mètres du groupe facile
[22:03:03] [CHECK] Joueur 1 est à 2768.58 mètres du groupe rude
[22:03:03] [CHECK] Joueur 1 est à 6506.68 mètres du groupe demon
[22:03:03] [CHECK] Joueur 1 est à 3829.00 mètres du groupe ghost
[22:03:13] [CHECK] Joueur 1 est à 472.87 mètres du groupe facile
[22:03:13] [CHECK] Joueur 1 est à 2768.58 mètres du groupe rude
[22:03:13] [CHECK] Joueur 1 est à 6506.68 mètres du groupe demon
[22:03:13] [CHECK] Joueur 1 est à 3829.00 mètres du groupe ghost
[22:03:23] [CHECK] Joueur 1 est à 472.87 mètres du groupe facile
[22:03:23] [CHECK] Joueur 1 est à 2768.58 mètres du groupe rude
[22:03:23] [CHECK] Joueur 1 est à 6506.68 mètres du groupe demon
[22:03:23] [CHECK] Joueur 1 est à 3829.00 mètres du groupe ghost
[22:03:33] [CHECK] Joueur 1 est à 472.87 mètres du groupe facile
[22:03:33] [CHECK] Joueur 1 est à 2768.58 mètres du groupe rude
[22:03:33] [CHECK] Joueur 1 est à 6506.68 mètres du groupe demon
[22:03:33] [CHECK] Joueur 1 est à 3829.00 mètres du groupe ghost
[22:03:43] [CHECK] Joueur 1 est à 472.87 mètres du groupe facile
[22:03:43] [CHECK] Joueur 1 est à 2768.58 mètres du groupe rude
[22:03:43] [CHECK] Joueur 1 est à 6506.68 mètres du groupe demon
[22:03:43] [CHECK] Joueur 1 est à 3829.00 mètres du groupe ghost
[22:03:53] [CHECK] Joueur 1 est à 472.87 mètres du groupe facile
[22:03:53] [CHECK] Joueur 1 est à 2768.58 mètres du groupe rude
[22:03:53] [CHECK] Joueur 1 est à 6506.68 mètres du groupe demon
[22:03:53] [CHECK] Joueur 1 est à 3829.00 mètres du groupe ghost
[22:04:03] [CHECK] Joueur 1 est à 472.87 mètres du groupe facile
[22:04:03] [CHECK] Joueur 1 est à 2768.58 mètres du groupe rude
[22:04:03] [CHECK] Joueur 1 est à 6506.68 mètres du groupe demon
[22:04:03] [CHECK] Joueur 1 est à 3829.00 mètres du groupe ghost
[22:04:13] [CHECK] Joueur 1 est à 471.90 mètres du groupe facile
[22:04:13] [CHECK] Joueur 1 est à 2770.61 mètres du groupe rude
[22:04:13] [CHECK] Joueur 1 est à 6507.02 mètres du groupe demon
[22:04:13] [CHECK] Joueur 1 est à 3828.13 mètres du groupe ghost
[22:04:24] [CHECK] Joueur 1 est à 471.90 mètres du groupe facile
[22:04:24] [CHECK] Joueur 1 est à 2770.61 mètres du groupe rude
[22:04:24] [CHECK] Joueur 1 est à 6507.02 mètres du groupe demon
[22:04:24] [CHECK] Joueur 1 est à 3828.13 mètres du groupe ghost
[22:04:34] [CHECK] Joueur 1 est à 471.90 mètres du groupe facile
[22:04:34] [CHECK] Joueur 1 est à 2770.61 mètres du groupe rude
[22:04:34] [CHECK] Joueur 1 est à 6507.02 mètres du groupe demon
[22:04:34] [CHECK] Joueur 1 est à 3828.13 mètres du groupe ghost
[22:04:44] [CHECK] Joueur 1 est à 471.90 mètres du groupe facile
[22:04:44] [CHECK] Joueur 1 est à 2770.61 mètres du groupe rude
[22:04:44] [CHECK] Joueur 1 est à 6507.02 mètres du groupe demon
[22:04:44] [CHECK] Joueur 1 est à 3828.13 mètres du groupe ghost
[22:04:54] [CHECK] Joueur 1 est à 471.89 mètres du groupe facile
[22:04:54] [CHECK] Joueur 1 est à 2772.61 mètres du groupe rude
[22:04:54] [CHECK] Joueur 1 est à 6508.00 mètres du groupe demon
[22:04:54] [CHECK] Joueur 1 est à 3828.20 mètres du groupe ghost
[22:05:04] [CHECK] Joueur 1 est à 445.25 mètres du groupe facile
[22:05:04] [CHECK] Joueur 1 est à 2775.81 mètres du groupe rude
[22:05:04] [CHECK] Joueur 1 est à 6490.73 mètres du groupe demon
[22:05:04] [CHECK] Joueur 1 est à 3801.33 mètres du groupe ghost
[22:05:14] [CHECK] Joueur 1 est à 351.04 mètres du groupe facile
[22:05:14] [CHECK] Joueur 1 est à 2707.57 mètres du groupe rude
[22:05:14] [CHECK] Joueur 1 est à 6391.38 mètres du groupe demon
[22:05:14] [CHECK] Joueur 1 est à 3706.34 mètres du groupe ghost
[22:05:24] [CHECK] Joueur 1 est à 572.25 mètres du groupe facile
[22:05:24] [CHECK] Joueur 1 est à 3050.34 mètres du groupe rude
[22:05:24] [CHECK] Joueur 1 est à 6114.46 mètres du groupe demon
[22:05:24] [CHECK] Joueur 1 est à 3143.21 mètres du groupe ghost
[22:05:34] [CHECK] Joueur 1 est à 574.86 mètres du groupe facile
[22:05:34] [CHECK] Joueur 1 est à 3047.14 mètres du groupe rude
[22:05:34] [CHECK] Joueur 1 est à 6105.86 mètres du groupe demon
[22:05:34] [CHECK] Joueur 1 est à 3134.01 mètres du groupe ghost
