[00:00:00] [Serveur] Le groupe 'rude' est en cooldown.
[00:00:00] [Serveur] Le groupe 'demon' est en cooldown.
[00:00:00] [Serveur] Le groupe 'ghost' est en cooldown.
[00:00:00] [CHECK] Joueur 2 est à 1607.22 mètres du groupe facile
[00:00:00] [CHECK] Joueur 1 est à 700.06 mètres du groupe facile
[00:00:10] [Serveur] Le groupe 'rude' est en cooldown.
[00:00:10] [Serveur] Le groupe 'demon' est en cooldown.
[00:00:10] [Serveur] Le groupe 'ghost' est en cooldown.
[00:00:10] [CHECK] Joueur 2 est à 1607.22 mètres du groupe facile
[00:00:10] [CHECK] Joueur 1 est à 621.98 mètres du groupe facile
[00:00:21] [Serveur] Le groupe 'rude' est en cooldown.
[00:00:21] [Serveur] Le groupe 'demon' est en cooldown.
[00:00:21] [Serveur] Le groupe 'ghost' est en cooldown.
[00:00:21] [CHECK] Joueur 2 est à 1607.22 mètres du groupe facile
[00:00:21] [CHECK] Joueur 1 est à 160.62 mètres du groupe facile
[00:00:31] [Serveur] Le groupe 'rude' est en cooldown.
[00:00:31] [Serveur] Le groupe 'demon' est en cooldown.
[00:00:31] [Serveur] Le groupe 'ghost' est en cooldown.
[00:00:31] [CHECK] Joueur 2 est à 1607.22 mètres du groupe facile
[00:00:31] [CHECK] Joueur 1 est à 357.48 mètres du groupe facile
[00:00:41] [Serveur] Le groupe 'rude' est en cooldown.
[00:00:41] [Serveur] Le groupe 'demon' est en cooldown.
[00:00:41] [Serveur] Le groupe 'ghost' est en cooldown.
[00:00:41] [CHECK] Joueur 2 est à 1607.22 mètres du groupe facile
[00:00:41] [CHECK] Joueur 1 est à 454.06 mètres du groupe facile
[00:00:51] [Serveur] Le groupe 'rude' est en cooldown.
[00:00:51] [Serveur] Le groupe 'demon' est en cooldown.
[00:00:51] [Serveur] Le groupe 'ghost' est en cooldown.
[00:00:51] [CHECK] Joueur 2 est à 1607.22 mètres du groupe facile
[00:00:51] [CHECK] Joueur 1 est à 469.36 mètres du groupe facile
[00:01:01] [Serveur] Le groupe 'rude' est en cooldown.
[00:01:01] [Serveur] Le groupe 'demon' est en cooldown.
[00:01:01] [Serveur] Le groupe 'ghost' est en cooldown.
[00:01:01] [CHECK] Joueur 2 est à 1600.70 mètres du groupe facile
[00:01:01] [CHECK] Joueur 1 est à 469.36 mètres du groupe facile
[00:01:11] [Serveur] Le groupe 'rude' est en cooldown.
[00:01:11] [Serveur] Le groupe 'demon' est en cooldown.
[00:01:11] [Serveur] Le groupe 'ghost' est en cooldown.
[00:01:11] [CHECK] Joueur 2 est à 1508.18 mètres du groupe facile
[00:01:11] [CHECK] Joueur 1 est à 469.36 mètres du groupe facile
[00:01:21] [Serveur] Le groupe 'rude' est en cooldown.
[00:01:21] [Serveur] Le groupe 'demon' est en cooldown.
[00:01:21] [Serveur] Le groupe 'ghost' est en cooldown.
[00:01:21] [CHECK] Joueur 2 est à 1175.82 mètres du groupe facile
[00:01:21] [CHECK] Joueur 1 est à 469.36 mètres du groupe facile
[00:01:31] [Serveur] Le groupe 'rude' est en cooldown.
[00:01:31] [Serveur] Le groupe 'demon' est en cooldown.
[00:01:31] [Serveur] Le groupe 'ghost' est en cooldown.
[00:01:31] [CHECK] Joueur 2 est à 934.80 mètres du groupe facile
[00:01:31] [CHECK] Joueur 1 est à 469.36 mètres du groupe facile
[00:01:41] [Serveur] Le groupe 'rude' est en cooldown.
[00:01:41] [Serveur] Le groupe 'demon' est en cooldown.
[00:01:41] [Serveur] Le groupe 'ghost' est en cooldown.
[00:01:41] [CHECK] Joueur 2 est à 542.58 mètres du groupe facile
[00:01:41] [CHECK] Joueur 1 est à 469.36 mètres du groupe facile
[00:01:51] [Serveur] Le groupe 'rude' est en cooldown.
[00:01:51] [Serveur] Le groupe 'demon' est en cooldown.
[00:01:51] [Serveur] Le groupe 'ghost' est en cooldown.
[00:01:51] [CHECK] Joueur 2 est à 352.96 mètres du groupe facile
[00:01:51] [CHECK] Joueur 1 est à 469.36 mètres du groupe facile
[00:02:01] [Serveur] Le groupe 'rude' est en cooldown.
[00:02:01] [Serveur] Le groupe 'demon' est en cooldown.
[00:02:01] [Serveur] Le groupe 'ghost' est en cooldown.
[00:02:01] [CHECK] Joueur 2 est à 465.40 mètres du groupe facile
[00:02:01] [CHECK] Joueur 1 est à 469.36 mètres du groupe facile
[00:02:11] [Serveur] Le groupe 'rude' est en cooldown.
[00:02:11] [Serveur] Le groupe 'demon' est en cooldown.
[00:02:11] [Serveur] Le groupe 'ghost' est en cooldown.
[00:02:11] [CHECK] Joueur 2 est à 467.14 mètres du groupe facile
[00:02:11] [CHECK] Joueur 1 est à 469.36 mètres du groupe facile
[00:02:21] [Serveur] Le groupe 'rude' est en cooldown.
[00:02:21] [Serveur] Le groupe 'demon' est en cooldown.
[00:02:21] [Serveur] Le groupe 'ghost' est en cooldown.
[00:02:21] [CHECK] Joueur 2 est à 473.46 mètres du groupe facile
[00:02:21] [CHECK] Joueur 1 est à 469.36 mètres du groupe facile
[00:02:31] [Serveur] Le groupe 'rude' est en cooldown.
[00:02:31] [Serveur] Le groupe 'demon' est en cooldown.
[00:02:31] [Serveur] Le groupe 'ghost' est en cooldown.
[00:02:31] [CHECK] Joueur 2 est à 474.18 mètres du groupe facile
[00:02:31] [CHECK] Joueur 1 est à 469.36 mètres du groupe facile
[00:02:41] [Serveur] Le groupe 'rude' est en cooldown.
[00:02:41] [Serveur] Le groupe 'demon' est en cooldown.
[00:02:41] [Serveur] Le groupe 'ghost' est en cooldown.
[00:02:41] [CHECK] Joueur 1 est à 469.36 mètres du groupe facile
[00:02:51] [Serveur] Le groupe 'rude' est en cooldown.
[00:02:51] [Serveur] Le groupe 'demon' est en cooldown.
[00:02:51] [Serveur] Le groupe 'ghost' est en cooldown.
[00:02:51] [CHECK] Joueur 1 est à 469.36 mètres du groupe facile
[00:03:01] [Serveur] Le groupe 'rude' est en cooldown.
[00:03:01] [Serveur] Le groupe 'demon' est en cooldown.
[00:03:01] [Serveur] Le groupe 'ghost' est en cooldown.
[00:03:01] [CHECK] Joueur 1 est à 469.36 mètres du groupe facile
[00:03:11] [Serveur] Le groupe 'rude' est en cooldown.
[00:03:11] [Serveur] Le groupe 'demon' est en cooldown.
[00:03:11] [Serveur] Le groupe 'ghost' est en cooldown.
[00:03:11] [CHECK] Joueur 1 est à 469.36 mètres du groupe facile
[00:03:21] [Serveur] Le groupe 'rude' est en cooldown.
[00:03:21] [Serveur] Le groupe 'demon' est en cooldown.
[00:03:21] [Serveur] Le groupe 'ghost' est en cooldown.
[00:03:21] [CHECK] Joueur 1 est à 469.36 mètres du groupe facile
[00:03:31] [Serveur] Le groupe 'rude' est en cooldown.
[00:03:31] [Serveur] Le groupe 'demon' est en cooldown.
[00:03:31] [Serveur] Le groupe 'ghost' est en cooldown.
[00:03:31] [CHECK] Joueur 1 est à 469.36 mètres du groupe facile
[00:03:41] [Serveur] Le groupe 'rude' est en cooldown.
[00:03:41] [Serveur] Le groupe 'demon' est en cooldown.
[00:03:41] [Serveur] Le groupe 'ghost' est en cooldown.
[00:03:41] [CHECK] Joueur 1 est à 469.36 mètres du groupe facile
[00:03:51] [Serveur] Le groupe 'rude' est en cooldown.
[00:03:51] [Serveur] Le groupe 'demon' est en cooldown.
[00:03:51] [Serveur] Le groupe 'ghost' est en cooldown.
[00:03:51] [CHECK] Joueur 1 est à 469.36 mètres du groupe facile
[00:04:01] [Serveur] Le groupe 'rude' est en cooldown.
[00:04:01] [Serveur] Le groupe 'demon' est en cooldown.
[00:04:01] [Serveur] Le groupe 'ghost' est en cooldown.
[00:04:01] [CHECK] Joueur 1 est à 469.36 mètres du groupe facile
[00:04:11] [Serveur] Le groupe 'rude' est en cooldown.
[00:04:11] [Serveur] Le groupe 'demon' est en cooldown.
[00:04:11] [Serveur] Le groupe 'ghost' est en cooldown.
[00:04:11] [CHECK] Joueur 1 est à 469.36 mètres du groupe facile
[00:04:21] [Serveur] Le groupe 'rude' est en cooldown.
[00:04:21] [Serveur] Le groupe 'demon' est en cooldown.
[00:04:21] [Serveur] Le groupe 'ghost' est en cooldown.
[00:04:21] [CHECK] Joueur 1 est à 469.36 mètres du groupe facile
[00:04:31] [Serveur] Le groupe 'rude' est en cooldown.
[00:04:31] [Serveur] Le groupe 'demon' est en cooldown.
[00:04:31] [Serveur] Le groupe 'ghost' est en cooldown.
[00:04:31] [CHECK] Joueur 1 est à 469.36 mètres du groupe facile
[00:04:41] [Serveur] Le groupe 'rude' est en cooldown.
[00:04:41] [Serveur] Le groupe 'demon' est en cooldown.
[00:04:41] [Serveur] Le groupe 'ghost' est en cooldown.
[00:04:41] [CHECK] Joueur 1 est à 469.36 mètres du groupe facile
[00:04:51] [Serveur] Le groupe 'rude' est en cooldown.
[00:04:51] [Serveur] Le groupe 'demon' est en cooldown.
[00:04:51] [Serveur] Le groupe 'ghost' est en cooldown.
[00:04:51] [CHECK] Joueur 1 est à 469.36 mètres du groupe facile
[00:05:01] [Serveur] Le groupe 'rude' est en cooldown.
[00:05:01] [Serveur] Le groupe 'demon' est en cooldown.
[00:05:01] [Serveur] Le groupe 'ghost' est en cooldown.
[00:05:01] [CHECK] Joueur 1 est à 469.36 mètres du groupe facile
[00:05:12] [Serveur] Le groupe 'rude' est en cooldown.
[00:05:12] [Serveur] Le groupe 'demon' est en cooldown.
[00:05:12] [Serveur] Le groupe 'ghost' est en cooldown.
[00:05:12] [CHECK] Joueur 1 est à 469.36 mètres du groupe facile
[00:05:22] [Serveur] Le groupe 'rude' est en cooldown.
[00:05:22] [Serveur] Le groupe 'demon' est en cooldown.
[00:05:22] [Serveur] Le groupe 'ghost' est en cooldown.
[00:05:22] [CHECK] Joueur 1 est à 469.36 mètres du groupe facile
[00:05:32] [Serveur] Le groupe 'rude' est en cooldown.
[00:05:32] [Serveur] Le groupe 'demon' est en cooldown.
[00:05:32] [Serveur] Le groupe 'ghost' est en cooldown.
[00:05:32] [CHECK] Joueur 1 est à 469.36 mètres du groupe facile
[00:05:42] [Serveur] Le groupe 'rude' est en cooldown.
[00:05:42] [Serveur] Le groupe 'demon' est en cooldown.
[00:05:42] [Serveur] Le groupe 'ghost' est en cooldown.
[00:05:42] [CHECK] Joueur 1 est à 469.36 mètres du groupe facile
[00:05:52] [Serveur] Le groupe 'rude' est en cooldown.
[00:05:52] [Serveur] Le groupe 'demon' est en cooldown.
[00:05:52] [Serveur] Le groupe 'ghost' est en cooldown.
[00:05:52] [CHECK] Joueur 1 est à 469.36 mètres du groupe facile
[00:06:02] [Serveur] Le groupe 'rude' est en cooldown.
[00:06:02] [Serveur] Le groupe 'demon' est en cooldown.
[00:06:02] [Serveur] Le groupe 'ghost' est en cooldown.
[00:06:02] [CHECK] Joueur 1 est à 469.36 mètres du groupe facile
[00:06:12] [Serveur] Le groupe 'rude' est en cooldown.
[00:06:12] [Serveur] Le groupe 'demon' est en cooldown.
[00:06:12] [Serveur] Le groupe 'ghost' est en cooldown.
[00:06:12] [CHECK] Joueur 1 est à 469.36 mètres du groupe facile
[00:06:22] [Serveur] Le groupe 'rude' est en cooldown.
[00:06:22] [Serveur] Le groupe 'demon' est en cooldown.
[00:06:22] [Serveur] Le groupe 'ghost' est en cooldown.
[00:06:22] [CHECK] Joueur 1 est à 469.36 mètres du groupe facile
[00:06:32] [Serveur] Le groupe 'rude' est en cooldown.
[00:06:32] [Serveur] Le groupe 'demon' est en cooldown.
[00:06:32] [Serveur] Le groupe 'ghost' est en cooldown.
[00:06:32] [CHECK] Joueur 1 est à 469.36 mètres du groupe facile
[00:06:42] [Serveur] Le groupe 'rude' est en cooldown.
[00:06:42] [Serveur] Le groupe 'demon' est en cooldown.
[00:06:42] [Serveur] Le groupe 'ghost' est en cooldown.
[00:06:42] [CHECK] Joueur 1 est à 469.36 mètres du groupe facile
[00:06:52] [Serveur] Le groupe 'rude' est en cooldown.
[00:06:52] [Serveur] Le groupe 'demon' est en cooldown.
[00:06:52] [Serveur] Le groupe 'ghost' est en cooldown.
[00:06:52] [CHECK] Joueur 1 est à 469.36 mètres du groupe facile
[00:07:02] [Serveur] Le groupe 'rude' est en cooldown.
[00:07:02] [Serveur] Le groupe 'demon' est en cooldown.
[00:07:02] [Serveur] Le groupe 'ghost' est en cooldown.
[00:07:02] [CHECK] Joueur 1 est à 469.36 mètres du groupe facile
[00:07:12] [Serveur] Le groupe 'rude' est en cooldown.
[00:07:12] [Serveur] Le groupe 'demon' est en cooldown.
[00:07:12] [Serveur] Le groupe 'ghost' est en cooldown.
[00:07:12] [CHECK] Joueur 1 est à 469.36 mètres du groupe facile
[00:07:22] [Serveur] Le groupe 'rude' est en cooldown.
[00:07:22] [Serveur] Le groupe 'demon' est en cooldown.
[00:07:22] [Serveur] Le groupe 'ghost' est en cooldown.
[00:07:22] [CHECK] Joueur 1 est à 469.36 mètres du groupe facile
[00:07:32] [Serveur] Le groupe 'rude' est en cooldown.
[00:07:32] [Serveur] Le groupe 'demon' est en cooldown.
[00:07:32] [Serveur] Le groupe 'ghost' est en cooldown.
[00:07:32] [CHECK] Joueur 1 est à 469.36 mètres du groupe facile
[00:07:42] [Serveur] Le groupe 'rude' est en cooldown.
[00:07:42] [Serveur] Le groupe 'demon' est en cooldown.
[00:07:42] [Serveur] Le groupe 'ghost' est en cooldown.
[00:07:42] [CHECK] Joueur 1 est à 469.36 mètres du groupe facile
[00:07:52] [Serveur] Le groupe 'rude' est en cooldown.
[00:07:52] [Serveur] Le groupe 'demon' est en cooldown.
[00:07:52] [Serveur] Le groupe 'ghost' est en cooldown.
[00:07:52] [CHECK] Joueur 1 est à 469.36 mètres du groupe facile
[00:08:02] [Serveur] Le groupe 'rude' est en cooldown.
[00:08:02] [Serveur] Le groupe 'demon' est en cooldown.
[00:08:02] [Serveur] Le groupe 'ghost' est en cooldown.
[00:08:02] [CHECK] Joueur 1 est à 469.36 mètres du groupe facile
[00:08:12] [Serveur] Le groupe 'rude' est en cooldown.
[00:08:12] [Serveur] Le groupe 'demon' est en cooldown.
[00:08:12] [Serveur] Le groupe 'ghost' est en cooldown.
[00:08:12] [CHECK] Joueur 1 est à 469.36 mètres du groupe facile
[00:08:22] [Serveur] Le groupe 'rude' est en cooldown.
[00:08:22] [Serveur] Le groupe 'demon' est en cooldown.
[00:08:22] [Serveur] Le groupe 'ghost' est en cooldown.
[00:08:22] [CHECK] Joueur 1 est à 469.36 mètres du groupe facile
[00:08:32] [Serveur] Le groupe 'rude' est en cooldown.
[00:08:32] [Serveur] Le groupe 'demon' est en cooldown.
[00:08:32] [Serveur] Le groupe 'ghost' est en cooldown.
[00:08:32] [CHECK] Joueur 1 est à 469.36 mètres du groupe facile
[00:08:42] [Serveur] Le groupe 'rude' est en cooldown.
[00:08:42] [Serveur] Le groupe 'demon' est en cooldown.
[00:08:42] [Serveur] Le groupe 'ghost' est en cooldown.
[00:08:42] [CHECK] Joueur 1 est à 469.36 mètres du groupe facile
[00:08:52] [Serveur] Le groupe 'rude' est en cooldown.
[00:08:52] [Serveur] Le groupe 'demon' est en cooldown.
[00:08:52] [Serveur] Le groupe 'ghost' est en cooldown.
[00:08:52] [CHECK] Joueur 1 est à 469.36 mètres du groupe facile
[00:09:02] [Serveur] Le groupe 'rude' est en cooldown.
[00:09:02] [Serveur] Le groupe 'demon' est en cooldown.
[00:09:02] [Serveur] Le groupe 'ghost' est en cooldown.
[00:09:02] [CHECK] Joueur 1 est à 469.36 mètres du groupe facile
[00:09:12] [Serveur] Le groupe 'rude' est en cooldown.
[00:09:12] [Serveur] Le groupe 'demon' est en cooldown.
[00:09:12] [Serveur] Le groupe 'ghost' est en cooldown.
[00:09:12] [CHECK] Joueur 1 est à 469.36 mètres du groupe facile
[00:09:22] [Serveur] Le groupe 'rude' est en cooldown.
[00:09:22] [Serveur] Le groupe 'demon' est en cooldown.
[00:09:22] [Serveur] Le groupe 'ghost' est en cooldown.
[00:09:22] [CHECK] Joueur 1 est à 469.36 mètres du groupe facile
[00:09:33] [Serveur] Le groupe 'rude' est en cooldown.
[00:09:33] [Serveur] Le groupe 'demon' est en cooldown.
[00:09:33] [Serveur] Le groupe 'ghost' est en cooldown.
[00:09:33] [CHECK] Joueur 1 est à 469.36 mètres du groupe facile
[00:09:43] [Serveur] Le groupe 'rude' est en cooldown.
[00:09:43] [Serveur] Le groupe 'demon' est en cooldown.
[00:09:43] [Serveur] Le groupe 'ghost' est en cooldown.
[00:09:43] [CHECK] Joueur 1 est à 469.36 mètres du groupe facile
[00:09:53] [Serveur] Le groupe 'rude' est en cooldown.
[00:09:53] [Serveur] Le groupe 'demon' est en cooldown.
[00:09:53] [Serveur] Le groupe 'ghost' est en cooldown.
[00:09:53] [CHECK] Joueur 1 est à 469.36 mètres du groupe facile
[00:10:03] [Serveur] Le groupe 'rude' est en cooldown.
[00:10:03] [Serveur] Le groupe 'demon' est en cooldown.
[00:10:03] [Serveur] Le groupe 'ghost' est en cooldown.
[00:10:03] [CHECK] Joueur 1 est à 469.36 mètres du groupe facile
[00:10:13] [Serveur] Le groupe 'rude' est en cooldown.
[00:10:13] [Serveur] Le groupe 'demon' est en cooldown.
[00:10:13] [Serveur] Le groupe 'ghost' est en cooldown.
[00:10:13] [CHECK] Joueur 1 est à 469.36 mètres du groupe facile
[00:10:23] [Serveur] Le groupe 'rude' est en cooldown.
[00:10:23] [Serveur] Le groupe 'demon' est en cooldown.
[00:10:23] [Serveur] Le groupe 'ghost' est en cooldown.
[00:10:23] [CHECK] Joueur 1 est à 469.36 mètres du groupe facile
[00:10:33] [Serveur] Le groupe 'rude' est en cooldown.
[00:10:33] [Serveur] Le groupe 'demon' est en cooldown.
[00:10:33] [Serveur] Le groupe 'ghost' est en cooldown.
[00:10:33] [CHECK] Joueur 1 est à 469.36 mètres du groupe facile
[00:10:43] [Serveur] Le groupe 'rude' est en cooldown.
[00:10:43] [Serveur] Le groupe 'demon' est en cooldown.
[00:10:43] [Serveur] Le groupe 'ghost' est en cooldown.
[00:10:43] [CHECK] Joueur 1 est à 469.36 mètres du groupe facile
[00:10:53] [Serveur] Le groupe 'rude' est en cooldown.
[00:10:53] [Serveur] Le groupe 'demon' est en cooldown.
[00:10:53] [Serveur] Le groupe 'ghost' est en cooldown.
[00:10:53] [CHECK] Joueur 1 est à 469.36 mètres du groupe facile
[00:11:03] [Serveur] Le groupe 'rude' est en cooldown.
[00:11:03] [Serveur] Le groupe 'demon' est en cooldown.
[00:11:03] [Serveur] Le groupe 'ghost' est en cooldown.
[00:11:03] [CHECK] Joueur 1 est à 469.36 mètres du groupe facile
[00:11:13] [Serveur] Le groupe 'rude' est en cooldown.
[00:11:13] [Serveur] Le groupe 'demon' est en cooldown.
[00:11:13] [Serveur] Le groupe 'ghost' est en cooldown.
[00:11:13] [CHECK] Joueur 1 est à 469.36 mètres du groupe facile
[00:11:23] [Serveur] Le groupe 'rude' est en cooldown.
[00:11:23] [Serveur] Le groupe 'demon' est en cooldown.
[00:11:23] [Serveur] Le groupe 'ghost' est en cooldown.
[00:11:23] [CHECK] Joueur 1 est à 469.36 mètres du groupe facile
[00:11:33] [Serveur] Le groupe 'rude' est en cooldown.
[00:11:33] [Serveur] Le groupe 'demon' est en cooldown.
[00:11:33] [Serveur] Le groupe 'ghost' est en cooldown.
[00:11:33] [CHECK] Joueur 1 est à 469.36 mètres du groupe facile
[00:11:43] [Serveur] Le groupe 'rude' est en cooldown.
[00:11:43] [Serveur] Le groupe 'demon' est en cooldown.
[00:11:43] [Serveur] Le groupe 'ghost' est en cooldown.
[00:11:43] [CHECK] Joueur 1 est à 469.36 mètres du groupe facile
[00:11:53] [Serveur] Le groupe 'rude' est en cooldown.
[00:11:53] [Serveur] Le groupe 'demon' est en cooldown.
[00:11:53] [Serveur] Le groupe 'ghost' est en cooldown.
[00:11:53] [CHECK] Joueur 1 est à 469.36 mètres du groupe facile
[00:12:03] [Serveur] Le groupe 'rude' est en cooldown.
[00:12:03] [Serveur] Le groupe 'demon' est en cooldown.
[00:12:03] [Serveur] Le groupe 'ghost' est en cooldown.
[00:12:03] [CHECK] Joueur 1 est à 469.36 mètres du groupe facile
[00:12:13] [Serveur] Le groupe 'rude' est en cooldown.
[00:12:13] [Serveur] Le groupe 'demon' est en cooldown.
[00:12:13] [Serveur] Le groupe 'ghost' est en cooldown.
[00:12:13] [CHECK] Joueur 1 est à 469.36 mètres du groupe facile
[00:12:23] [Serveur] Le groupe 'rude' est en cooldown.
[00:12:23] [Serveur] Le groupe 'demon' est en cooldown.
[00:12:23] [Serveur] Le groupe 'ghost' est en cooldown.
[00:12:23] [CHECK] Joueur 1 est à 469.36 mètres du groupe facile
[00:12:33] [Serveur] Le groupe 'rude' est en cooldown.
[00:12:33] [Serveur] Le groupe 'demon' est en cooldown.
[00:12:33] [Serveur] Le groupe 'ghost' est en cooldown.
[00:12:33] [CHECK] Joueur 1 est à 469.36 mètres du groupe facile
[00:12:43] [Serveur] Le groupe 'rude' est en cooldown.
[00:12:43] [Serveur] Le groupe 'demon' est en cooldown.
[00:12:43] [Serveur] Le groupe 'ghost' est en cooldown.
[00:12:43] [CHECK] Joueur 1 est à 469.36 mètres du groupe facile
[00:12:53] [Serveur] Le groupe 'rude' est en cooldown.
[00:12:53] [Serveur] Le groupe 'demon' est en cooldown.
[00:12:53] [Serveur] Le groupe 'ghost' est en cooldown.
[00:12:53] [CHECK] Joueur 1 est à 469.36 mètres du groupe facile
[00:13:03] [Serveur] Le groupe 'rude' est en cooldown.
[00:13:03] [Serveur] Le groupe 'demon' est en cooldown.
[00:13:03] [Serveur] Le groupe 'ghost' est en cooldown.
[00:13:03] [CHECK] Joueur 1 est à 469.36 mètres du groupe facile
[00:13:13] [Serveur] Le groupe 'rude' est en cooldown.
[00:13:13] [Serveur] Le groupe 'demon' est en cooldown.
[00:13:13] [Serveur] Le groupe 'ghost' est en cooldown.
[00:13:13] [CHECK] Joueur 1 est à 469.36 mètres du groupe facile
[00:13:23] [Serveur] Le groupe 'rude' est en cooldown.
[00:13:23] [Serveur] Le groupe 'demon' est en cooldown.
[00:13:23] [Serveur] Le groupe 'ghost' est en cooldown.
[00:13:23] [CHECK] Joueur 1 est à 469.36 mètres du groupe facile
[00:13:33] [Serveur] Le groupe 'rude' est en cooldown.
[00:13:33] [Serveur] Le groupe 'demon' est en cooldown.
[00:13:33] [Serveur] Le groupe 'ghost' est en cooldown.
[00:13:33] [CHECK] Joueur 1 est à 469.36 mètres du groupe facile
[00:13:43] [Serveur] Le groupe 'rude' est en cooldown.
[00:13:43] [Serveur] Le groupe 'demon' est en cooldown.
[00:13:43] [Serveur] Le groupe 'ghost' est en cooldown.
[00:13:43] [CHECK] Joueur 1 est à 469.36 mètres du groupe facile
[00:13:53] [Serveur] Le groupe 'rude' est en cooldown.
[00:13:53] [Serveur] Le groupe 'demon' est en cooldown.
[00:13:53] [Serveur] Le groupe 'ghost' est en cooldown.
[00:13:54] [CHECK] Joueur 1 est à 469.36 mètres du groupe facile
[00:14:04] [Serveur] Le groupe 'rude' est en cooldown.
[00:14:04] [Serveur] Le groupe 'demon' est en cooldown.
[00:14:04] [Serveur] Le groupe 'ghost' est en cooldown.
[00:14:04] [CHECK] Joueur 1 est à 469.36 mètres du groupe facile
[00:14:14] [Serveur] Le groupe 'rude' est en cooldown.
[00:14:14] [Serveur] Le groupe 'demon' est en cooldown.
[00:14:14] [Serveur] Le groupe 'ghost' est en cooldown.
[00:14:14] [CHECK] Joueur 1 est à 469.36 mètres du groupe facile
[00:14:24] [Serveur] Le groupe 'rude' est en cooldown.
[00:14:24] [Serveur] Le groupe 'demon' est en cooldown.
[00:14:24] [Serveur] Le groupe 'ghost' est en cooldown.
[00:14:24] [CHECK] Joueur 1 est à 469.36 mètres du groupe facile
[00:14:34] [Serveur] Le groupe 'rude' est en cooldown.
[00:14:34] [Serveur] Le groupe 'demon' est en cooldown.
[00:14:34] [Serveur] Le groupe 'ghost' est en cooldown.
[00:14:34] [CHECK] Joueur 1 est à 469.36 mètres du groupe facile
[00:14:44] [Serveur] Le groupe 'rude' est en cooldown.
[00:14:44] [Serveur] Le groupe 'demon' est en cooldown.
[00:14:44] [Serveur] Le groupe 'ghost' est en cooldown.
[00:14:44] [CHECK] Joueur 1 est à 469.36 mètres du groupe facile
[00:14:54] [Serveur] Le groupe 'rude' est en cooldown.
[00:14:54] [Serveur] Le groupe 'demon' est en cooldown.
[00:14:54] [Serveur] Le groupe 'ghost' est en cooldown.
[00:14:54] [CHECK] Joueur 1 est à 469.36 mètres du groupe facile
[00:15:04] [Serveur] Le groupe 'rude' est en cooldown.
[00:15:04] [Serveur] Le groupe 'demon' est en cooldown.
[00:15:04] [Serveur] Le groupe 'ghost' est en cooldown.
[00:15:04] [CHECK] Joueur 1 est à 469.36 mètres du groupe facile
[00:15:14] [Serveur] Le groupe 'rude' est en cooldown.
[00:15:14] [Serveur] Le groupe 'demon' est en cooldown.
[00:15:14] [Serveur] Le groupe 'ghost' est en cooldown.
[00:15:14] [CHECK] Joueur 1 est à 469.36 mètres du groupe facile
[00:15:24] [Serveur] Le groupe 'rude' est en cooldown.
[00:15:24] [Serveur] Le groupe 'demon' est en cooldown.
[00:15:24] [Serveur] Le groupe 'ghost' est en cooldown.
[00:15:24] [CHECK] Joueur 1 est à 469.36 mètres du groupe facile
[00:15:34] [Serveur] Le groupe 'rude' est en cooldown.
[00:15:34] [Serveur] Le groupe 'demon' est en cooldown.
[00:15:34] [Serveur] Le groupe 'ghost' est en cooldown.
[00:15:34] [CHECK] Joueur 1 est à 469.36 mètres du groupe facile
[00:15:44] [Serveur] Le groupe 'rude' est en cooldown.
[00:15:44] [Serveur] Le groupe 'demon' est en cooldown.
[00:15:44] [Serveur] Le groupe 'ghost' est en cooldown.
[00:15:44] [CHECK] Joueur 1 est à 469.36 mètres du groupe facile
[00:15:54] [Serveur] Le groupe 'rude' est en cooldown.
[00:15:54] [Serveur] Le groupe 'demon' est en cooldown.
[00:15:54] [Serveur] Le groupe 'ghost' est en cooldown.
[00:15:54] [CHECK] Joueur 1 est à 469.36 mètres du groupe facile
[00:16:04] [Serveur] Le groupe 'rude' est en cooldown.
[00:16:04] [Serveur] Le groupe 'demon' est en cooldown.
[00:16:04] [Serveur] Le groupe 'ghost' est en cooldown.
[00:16:04] [CHECK] Joueur 1 est à 469.36 mètres du groupe facile
[00:16:14] [Serveur] Le groupe 'rude' est en cooldown.
[00:16:14] [Serveur] Le groupe 'demon' est en cooldown.
[00:16:14] [Serveur] Le groupe 'ghost' est en cooldown.
[00:16:14] [CHECK] Joueur 1 est à 469.36 mètres du groupe facile
[00:16:24] [Serveur] Le groupe 'rude' est en cooldown.
[00:16:24] [Serveur] Le groupe 'demon' est en cooldown.
[00:16:24] [Serveur] Le groupe 'ghost' est en cooldown.
[00:16:24] [CHECK] Joueur 1 est à 469.36 mètres du groupe facile
[00:16:34] [Serveur] Le groupe 'rude' est en cooldown.
[00:16:34] [Serveur] Le groupe 'demon' est en cooldown.
[00:16:34] [Serveur] Le groupe 'ghost' est en cooldown.
[00:16:34] [CHECK] Joueur 1 est à 469.36 mètres du groupe facile
[00:16:44] [Serveur] Le groupe 'rude' est en cooldown.
[00:16:44] [Serveur] Le groupe 'demon' est en cooldown.
[00:16:44] [Serveur] Le groupe 'ghost' est en cooldown.
[00:16:44] [CHECK] Joueur 1 est à 469.36 mètres du groupe facile
[00:16:54] [Serveur] Le groupe 'rude' est en cooldown.
[00:16:54] [Serveur] Le groupe 'demon' est en cooldown.
[00:16:54] [Serveur] Le groupe 'ghost' est en cooldown.
[00:16:54] [CHECK] Joueur 1 est à 469.36 mètres du groupe facile
[00:17:04] [Serveur] Le groupe 'rude' est en cooldown.
[00:17:04] [Serveur] Le groupe 'demon' est en cooldown.
[00:17:04] [Serveur] Le groupe 'ghost' est en cooldown.
[00:17:04] [CHECK] Joueur 1 est à 469.36 mètres du groupe facile
[00:17:14] [Serveur] Le groupe 'rude' est en cooldown.
[00:17:14] [Serveur] Le groupe 'demon' est en cooldown.
[00:17:14] [Serveur] Le groupe 'ghost' est en cooldown.
[00:17:14] [CHECK] Joueur 1 est à 469.36 mètres du groupe facile
[00:17:24] [Serveur] Le groupe 'rude' est en cooldown.
[00:17:24] [Serveur] Le groupe 'demon' est en cooldown.
[00:17:24] [Serveur] Le groupe 'ghost' est en cooldown.
[00:17:24] [CHECK] Joueur 1 est à 469.36 mètres du groupe facile
[00:17:34] [Serveur] Le groupe 'rude' est en cooldown.
[00:17:34] [Serveur] Le groupe 'demon' est en cooldown.
[00:17:34] [Serveur] Le groupe 'ghost' est en cooldown.
[00:17:34] [CHECK] Joueur 1 est à 469.36 mètres du groupe facile
[00:17:44] [Serveur] Le groupe 'rude' est en cooldown.
[00:17:44] [Serveur] Le groupe 'demon' est en cooldown.
[00:17:44] [Serveur] Le groupe 'ghost' est en cooldown.
[00:17:44] [CHECK] Joueur 1 est à 469.36 mètres du groupe facile
[00:17:54] [Serveur] Le groupe 'rude' est en cooldown.
[00:17:54] [Serveur] Le groupe 'demon' est en cooldown.
[00:17:54] [Serveur] Le groupe 'ghost' est en cooldown.
[00:17:54] [CHECK] Joueur 1 est à 469.36 mètres du groupe facile
[00:18:04] [Serveur] Le groupe 'rude' est en cooldown.
[00:18:04] [Serveur] Le groupe 'demon' est en cooldown.
[00:18:04] [Serveur] Le groupe 'ghost' est en cooldown.
[00:18:04] [CHECK] Joueur 1 est à 469.36 mètres du groupe facile
[00:18:14] [Serveur] Le groupe 'rude' est en cooldown.
[00:18:14] [Serveur] Le groupe 'demon' est en cooldown.
[00:18:14] [Serveur] Le groupe 'ghost' est en cooldown.
[00:18:14] [CHECK] Joueur 1 est à 469.36 mètres du groupe facile
[00:18:24] [Serveur] Le groupe 'rude' est en cooldown.
[00:18:24] [Serveur] Le groupe 'demon' est en cooldown.
[00:18:24] [Serveur] Le groupe 'ghost' est en cooldown.
[00:18:24] [CHECK] Joueur 1 est à 469.36 mètres du groupe facile
[00:18:34] [Serveur] Le groupe 'rude' est en cooldown.
[00:18:34] [Serveur] Le groupe 'demon' est en cooldown.
[00:18:34] [Serveur] Le groupe 'ghost' est en cooldown.
[00:18:34] [CHECK] Joueur 1 est à 469.36 mètres du groupe facile
[00:18:44] [Serveur] Le groupe 'rude' est en cooldown.
[00:18:44] [Serveur] Le groupe 'demon' est en cooldown.
[00:18:44] [Serveur] Le groupe 'ghost' est en cooldown.
[00:18:44] [CHECK] Joueur 1 est à 469.36 mètres du groupe facile
[00:18:54] [Serveur] Le groupe 'rude' est en cooldown.
[00:18:54] [Serveur] Le groupe 'demon' est en cooldown.
[00:18:54] [Serveur] Le groupe 'ghost' est en cooldown.
[00:18:54] [CHECK] Joueur 1 est à 469.36 mètres du groupe facile
[00:19:05] [Serveur] Le groupe 'rude' est en cooldown.
[00:19:05] [Serveur] Le groupe 'demon' est en cooldown.
[00:19:05] [Serveur] Le groupe 'ghost' est en cooldown.
[00:19:05] [CHECK] Joueur 1 est à 469.36 mètres du groupe facile
[00:19:15] [Serveur] Le groupe 'rude' est en cooldown.
[00:19:15] [Serveur] Le groupe 'demon' est en cooldown.
[00:19:15] [Serveur] Le groupe 'ghost' est en cooldown.
[00:19:15] [CHECK] Joueur 1 est à 469.36 mètres du groupe facile
[00:19:25] [Serveur] Le groupe 'rude' est en cooldown.
[00:19:25] [Serveur] Le groupe 'demon' est en cooldown.
[00:19:25] [Serveur] Le groupe 'ghost' est en cooldown.
[00:19:25] [CHECK] Joueur 1 est à 469.36 mètres du groupe facile
[00:19:35] [Serveur] Le groupe 'rude' est en cooldown.
[00:19:35] [Serveur] Le groupe 'demon' est en cooldown.
[00:19:35] [Serveur] Le groupe 'ghost' est en cooldown.
[00:19:35] [CHECK] Joueur 1 est à 469.36 mètres du groupe facile
[00:19:45] [Serveur] Le groupe 'rude' est en cooldown.
[00:19:45] [Serveur] Le groupe 'demon' est en cooldown.
[00:19:45] [Serveur] Le groupe 'ghost' est en cooldown.
[00:19:45] [CHECK] Joueur 1 est à 469.36 mètres du groupe facile
[00:19:55] [Serveur] Le groupe 'rude' est en cooldown.
[00:19:55] [Serveur] Le groupe 'demon' est en cooldown.
[00:19:55] [Serveur] Le groupe 'ghost' est en cooldown.
[00:19:55] [CHECK] Joueur 1 est à 469.36 mètres du groupe facile
[00:20:05] [Serveur] Le groupe 'rude' est en cooldown.
[00:20:05] [Serveur] Le groupe 'demon' est en cooldown.
[00:20:05] [Serveur] Le groupe 'ghost' est en cooldown.
[00:20:05] [CHECK] Joueur 1 est à 469.36 mètres du groupe facile
[00:20:15] [Serveur] Le groupe 'rude' est en cooldown.
[00:20:15] [Serveur] Le groupe 'demon' est en cooldown.
[00:20:15] [Serveur] Le groupe 'ghost' est en cooldown.
[00:20:15] [CHECK] Joueur 1 est à 469.36 mètres du groupe facile
[00:20:25] [Serveur] Le groupe 'rude' est en cooldown.
[00:20:25] [Serveur] Le groupe 'demon' est en cooldown.
[00:20:25] [Serveur] Le groupe 'ghost' est en cooldown.
[00:20:25] [CHECK] Joueur 1 est à 469.36 mètres du groupe facile
[00:20:35] [Serveur] Le groupe 'rude' est en cooldown.
[00:20:35] [Serveur] Le groupe 'demon' est en cooldown.
[00:20:35] [Serveur] Le groupe 'ghost' est en cooldown.
[00:20:35] [CHECK] Joueur 1 est à 469.36 mètres du groupe facile
[00:20:45] [Serveur] Le groupe 'rude' est en cooldown.
[00:20:45] [Serveur] Le groupe 'demon' est en cooldown.
[00:20:45] [Serveur] Le groupe 'ghost' est en cooldown.
[00:20:45] [CHECK] Joueur 1 est à 469.36 mètres du groupe facile
[00:20:55] [Serveur] Le groupe 'rude' est en cooldown.
[00:20:55] [Serveur] Le groupe 'demon' est en cooldown.
[00:20:55] [Serveur] Le groupe 'ghost' est en cooldown.
[00:20:55] [CHECK] Joueur 1 est à 469.36 mètres du groupe facile
[00:21:05] [Serveur] Le groupe 'rude' est en cooldown.
[00:21:05] [Serveur] Le groupe 'demon' est en cooldown.
[00:21:05] [Serveur] Le groupe 'ghost' est en cooldown.
[00:21:05] [CHECK] Joueur 1 est à 469.36 mètres du groupe facile
[00:21:15] [Serveur] Le groupe 'rude' est en cooldown.
[00:21:15] [Serveur] Le groupe 'demon' est en cooldown.
[00:21:15] [Serveur] Le groupe 'ghost' est en cooldown.
[00:21:15] [CHECK] Joueur 1 est à 469.36 mètres du groupe facile
[00:21:25] [Serveur] Le groupe 'rude' est en cooldown.
[00:21:25] [Serveur] Le groupe 'demon' est en cooldown.
[00:21:25] [Serveur] Le groupe 'ghost' est en cooldown.
[00:21:25] [CHECK] Joueur 1 est à 469.36 mètres du groupe facile
[00:21:35] [Serveur] Le groupe 'rude' est en cooldown.
[00:21:35] [Serveur] Le groupe 'demon' est en cooldown.
[00:21:35] [Serveur] Le groupe 'ghost' est en cooldown.
[00:21:35] [CHECK] Joueur 1 est à 469.36 mètres du groupe facile
[00:21:45] [Serveur] Le groupe 'rude' est en cooldown.
[00:21:45] [Serveur] Le groupe 'demon' est en cooldown.
[00:21:45] [Serveur] Le groupe 'ghost' est en cooldown.
[00:21:45] [CHECK] Joueur 1 est à 469.36 mètres du groupe facile
[00:21:55] [Serveur] Le groupe 'rude' est en cooldown.
[00:21:55] [Serveur] Le groupe 'demon' est en cooldown.
[00:21:55] [Serveur] Le groupe 'ghost' est en cooldown.
[00:21:55] [CHECK] Joueur 1 est à 469.36 mètres du groupe facile
[00:22:05] [Serveur] Le groupe 'rude' est en cooldown.
[00:22:05] [Serveur] Le groupe 'demon' est en cooldown.
[00:22:05] [Serveur] Le groupe 'ghost' est en cooldown.
[00:22:05] [CHECK] Joueur 1 est à 469.36 mètres du groupe facile
[00:22:15] [Serveur] Le groupe 'rude' est en cooldown.
[00:22:15] [Serveur] Le groupe 'demon' est en cooldown.
[00:22:15] [Serveur] Le groupe 'ghost' est en cooldown.
[00:22:15] [CHECK] Joueur 1 est à 469.36 mètres du groupe facile
[00:22:25] [Serveur] Le groupe 'rude' est en cooldown.
[00:22:25] [Serveur] Le groupe 'demon' est en cooldown.
[00:22:25] [Serveur] Le groupe 'ghost' est en cooldown.
[00:22:25] [CHECK] Joueur 1 est à 469.36 mètres du groupe facile
[00:22:35] [Serveur] Le groupe 'rude' est en cooldown.
[00:22:35] [Serveur] Le groupe 'demon' est en cooldown.
[00:22:35] [Serveur] Le groupe 'ghost' est en cooldown.
[00:22:35] [CHECK] Joueur 1 est à 469.36 mètres du groupe facile
[00:22:45] [Serveur] Le groupe 'rude' est en cooldown.
[00:22:45] [Serveur] Le groupe 'demon' est en cooldown.
[00:22:45] [Serveur] Le groupe 'ghost' est en cooldown.
[00:22:45] [CHECK] Joueur 1 est à 469.36 mètres du groupe facile
[00:22:55] [Serveur] Le groupe 'rude' est en cooldown.
[00:22:55] [Serveur] Le groupe 'demon' est en cooldown.
[00:22:55] [Serveur] Le groupe 'ghost' est en cooldown.
[00:22:55] [CHECK] Joueur 1 est à 469.36 mètres du groupe facile
[00:23:05] [Serveur] Le groupe 'rude' est en cooldown.
[00:23:05] [Serveur] Le groupe 'demon' est en cooldown.
[00:23:05] [Serveur] Le groupe 'ghost' est en cooldown.
[00:23:05] [CHECK] Joueur 1 est à 469.36 mètres du groupe facile
[00:23:15] [Serveur] Le groupe 'rude' est en cooldown.
[00:23:15] [Serveur] Le groupe 'demon' est en cooldown.
[00:23:15] [Serveur] Le groupe 'ghost' est en cooldown.
[00:23:15] [CHECK] Joueur 1 est à 469.36 mètres du groupe facile
[00:23:26] [Serveur] Le groupe 'rude' est en cooldown.
[00:23:26] [Serveur] Le groupe 'demon' est en cooldown.
[00:23:26] [Serveur] Le groupe 'ghost' est en cooldown.
[00:23:26] [CHECK] Joueur 1 est à 469.36 mètres du groupe facile
[00:23:36] [Serveur] Le groupe 'rude' est en cooldown.
[00:23:36] [Serveur] Le groupe 'demon' est en cooldown.
[00:23:36] [Serveur] Le groupe 'ghost' est en cooldown.
[00:23:36] [CHECK] Joueur 1 est à 469.36 mètres du groupe facile
[00:23:46] [Serveur] Le groupe 'rude' est en cooldown.
[00:23:46] [Serveur] Le groupe 'demon' est en cooldown.
[00:23:46] [Serveur] Le groupe 'ghost' est en cooldown.
[00:23:46] [CHECK] Joueur 1 est à 469.36 mètres du groupe facile
[00:23:56] [Serveur] Le groupe 'rude' est en cooldown.
[00:23:56] [Serveur] Le groupe 'demon' est en cooldown.
[00:23:56] [Serveur] Le groupe 'ghost' est en cooldown.
[00:23:56] [CHECK] Joueur 1 est à 469.36 mètres du groupe facile
[00:24:06] [Serveur] Le groupe 'rude' est en cooldown.
[00:24:06] [Serveur] Le groupe 'demon' est en cooldown.
[00:24:06] [Serveur] Le groupe 'ghost' est en cooldown.
[00:24:06] [CHECK] Joueur 1 est à 469.36 mètres du groupe facile
[00:24:16] [Serveur] Le groupe 'rude' est en cooldown.
[00:24:16] [Serveur] Le groupe 'demon' est en cooldown.
[00:24:16] [Serveur] Le groupe 'ghost' est en cooldown.
[00:24:16] [CHECK] Joueur 1 est à 469.36 mètres du groupe facile
[00:24:26] [Serveur] Le groupe 'rude' est en cooldown.
[00:24:26] [Serveur] Le groupe 'demon' est en cooldown.
[00:24:26] [Serveur] Le groupe 'ghost' est en cooldown.
[00:24:26] [CHECK] Joueur 1 est à 469.36 mètres du groupe facile
[00:24:36] [Serveur] Le groupe 'rude' est en cooldown.
[00:24:36] [Serveur] Le groupe 'demon' est en cooldown.
[00:24:36] [Serveur] Le groupe 'ghost' est en cooldown.
[00:24:36] [CHECK] Joueur 1 est à 469.36 mètres du groupe facile
[00:24:46] [Serveur] Le groupe 'rude' est en cooldown.
[00:24:46] [Serveur] Le groupe 'demon' est en cooldown.
[00:24:46] [Serveur] Le groupe 'ghost' est en cooldown.
[00:24:46] [CHECK] Joueur 1 est à 469.36 mètres du groupe facile
[00:24:56] [Serveur] Le groupe 'rude' est en cooldown.
[00:24:56] [Serveur] Le groupe 'demon' est en cooldown.
[00:24:56] [Serveur] Le groupe 'ghost' est en cooldown.
[00:24:56] [CHECK] Joueur 1 est à 469.36 mètres du groupe facile
[00:25:06] [Serveur] Le groupe 'rude' est en cooldown.
[00:25:06] [Serveur] Le groupe 'demon' est en cooldown.
[00:25:06] [Serveur] Le groupe 'ghost' est en cooldown.
[00:25:06] [CHECK] Joueur 1 est à 469.36 mètres du groupe facile
[00:25:16] [Serveur] Le groupe 'rude' est en cooldown.
[00:25:16] [Serveur] Le groupe 'demon' est en cooldown.
[00:25:16] [Serveur] Le groupe 'ghost' est en cooldown.
[00:25:16] [CHECK] Joueur 1 est à 469.36 mètres du groupe facile
[00:25:26] [Serveur] Le groupe 'rude' est en cooldown.
[00:25:26] [Serveur] Le groupe 'demon' est en cooldown.
[00:25:26] [Serveur] Le groupe 'ghost' est en cooldown.
[00:25:26] [CHECK] Joueur 1 est à 469.36 mètres du groupe facile
[00:25:36] [Serveur] Le groupe 'rude' est en cooldown.
[00:25:36] [Serveur] Le groupe 'demon' est en cooldown.
[00:25:36] [Serveur] Le groupe 'ghost' est en cooldown.
[00:25:36] [CHECK] Joueur 1 est à 469.36 mètres du groupe facile
[00:25:46] [Serveur] Le groupe 'rude' est en cooldown.
[00:25:46] [Serveur] Le groupe 'demon' est en cooldown.
[00:25:46] [Serveur] Le groupe 'ghost' est en cooldown.
[00:25:46] [CHECK] Joueur 1 est à 469.36 mètres du groupe facile
[00:25:56] [Serveur] Le groupe 'rude' est en cooldown.
[00:25:56] [Serveur] Le groupe 'demon' est en cooldown.
[00:25:56] [Serveur] Le groupe 'ghost' est en cooldown.
[00:25:56] [CHECK] Joueur 1 est à 469.36 mètres du groupe facile
[00:26:06] [Serveur] Le groupe 'rude' est en cooldown.
[00:26:06] [Serveur] Le groupe 'demon' est en cooldown.
[00:26:06] [Serveur] Le groupe 'ghost' est en cooldown.
[00:26:06] [CHECK] Joueur 1 est à 469.36 mètres du groupe facile
[00:26:16] [Serveur] Le groupe 'rude' est en cooldown.
[00:26:16] [Serveur] Le groupe 'demon' est en cooldown.
[00:26:16] [Serveur] Le groupe 'ghost' est en cooldown.
[00:26:16] [CHECK] Joueur 1 est à 469.36 mètres du groupe facile
[00:26:26] [Serveur] Le groupe 'rude' est en cooldown.
[00:26:26] [Serveur] Le groupe 'demon' est en cooldown.
[00:26:26] [Serveur] Le groupe 'ghost' est en cooldown.
[00:26:26] [CHECK] Joueur 1 est à 469.36 mètres du groupe facile
[00:26:36] [Serveur] Le groupe 'rude' est en cooldown.
[00:26:36] [Serveur] Le groupe 'demon' est en cooldown.
[00:26:36] [Serveur] Le groupe 'ghost' est en cooldown.
[00:26:36] [CHECK] Joueur 1 est à 469.36 mètres du groupe facile
[00:26:46] [Serveur] Le groupe 'rude' est en cooldown.
[00:26:46] [Serveur] Le groupe 'demon' est en cooldown.
[00:26:46] [Serveur] Le groupe 'ghost' est en cooldown.
[00:26:46] [CHECK] Joueur 1 est à 469.36 mètres du groupe facile
[00:26:56] [Serveur] Le groupe 'rude' est en cooldown.
[00:26:56] [Serveur] Le groupe 'demon' est en cooldown.
[00:26:56] [Serveur] Le groupe 'ghost' est en cooldown.
[00:26:56] [CHECK] Joueur 1 est à 469.36 mètres du groupe facile
[00:27:06] [Serveur] Le groupe 'rude' est en cooldown.
[00:27:06] [Serveur] Le groupe 'demon' est en cooldown.
[00:27:06] [Serveur] Le groupe 'ghost' est en cooldown.
[00:27:06] [CHECK] Joueur 1 est à 469.36 mètres du groupe facile
[00:27:16] [Serveur] Le groupe 'rude' est en cooldown.
[00:27:16] [Serveur] Le groupe 'demon' est en cooldown.
[00:27:16] [Serveur] Le groupe 'ghost' est en cooldown.
[00:27:16] [CHECK] Joueur 1 est à 469.36 mètres du groupe facile
[00:27:26] [Serveur] Le groupe 'rude' est en cooldown.
[00:27:26] [Serveur] Le groupe 'demon' est en cooldown.
[00:27:26] [Serveur] Le groupe 'ghost' est en cooldown.
[00:27:26] [CHECK] Joueur 1 est à 469.36 mètres du groupe facile
[00:27:36] [Serveur] Le groupe 'rude' est en cooldown.
[00:27:36] [Serveur] Le groupe 'demon' est en cooldown.
[00:27:36] [Serveur] Le groupe 'ghost' est en cooldown.
[00:27:36] [CHECK] Joueur 1 est à 469.36 mètres du groupe facile
[00:27:46] [Serveur] Le groupe 'rude' est en cooldown.
[00:27:46] [Serveur] Le groupe 'demon' est en cooldown.
[00:27:46] [Serveur] Le groupe 'ghost' est en cooldown.
[00:27:46] [CHECK] Joueur 1 est à 469.36 mètres du groupe facile
[00:27:56] [Serveur] Le groupe 'rude' est en cooldown.
[00:27:56] [Serveur] Le groupe 'demon' est en cooldown.
[00:27:56] [Serveur] Le groupe 'ghost' est en cooldown.
[00:27:56] [CHECK] Joueur 1 est à 469.36 mètres du groupe facile
[00:28:07] [Serveur] Le groupe 'rude' est en cooldown.
[00:28:07] [Serveur] Le groupe 'demon' est en cooldown.
[00:28:07] [Serveur] Le groupe 'ghost' est en cooldown.
[00:28:07] [CHECK] Joueur 1 est à 469.36 mètres du groupe facile
[00:28:17] [Serveur] Le groupe 'rude' est en cooldown.
[00:28:17] [Serveur] Le groupe 'demon' est en cooldown.
[00:28:17] [Serveur] Le groupe 'ghost' est en cooldown.
[00:28:17] [CHECK] Joueur 1 est à 469.36 mètres du groupe facile
[00:28:27] [Serveur] Le groupe 'rude' est en cooldown.
[00:28:27] [Serveur] Le groupe 'demon' est en cooldown.
[00:28:27] [Serveur] Le groupe 'ghost' est en cooldown.
[00:28:27] [CHECK] Joueur 1 est à 469.36 mètres du groupe facile
[00:28:37] [Serveur] Le groupe 'rude' est en cooldown.
[00:28:37] [Serveur] Le groupe 'demon' est en cooldown.
[00:28:37] [Serveur] Le groupe 'ghost' est en cooldown.
[00:28:37] [CHECK] Joueur 1 est à 469.36 mètres du groupe facile
[00:28:47] [Serveur] Le groupe 'rude' est en cooldown.
[00:28:47] [Serveur] Le groupe 'demon' est en cooldown.
[00:28:47] [Serveur] Le groupe 'ghost' est en cooldown.
[00:28:47] [CHECK] Joueur 1 est à 469.36 mètres du groupe facile
[00:28:57] [Serveur] Le groupe 'rude' est en cooldown.
[00:28:57] [Serveur] Le groupe 'demon' est en cooldown.
[00:28:57] [Serveur] Le groupe 'ghost' est en cooldown.
[00:28:57] [CHECK] Joueur 1 est à 469.36 mètres du groupe facile
[00:29:07] [Serveur] Le groupe 'rude' est en cooldown.
[00:29:07] [Serveur] Le groupe 'demon' est en cooldown.
[00:29:07] [Serveur] Le groupe 'ghost' est en cooldown.
[00:29:07] [CHECK] Joueur 1 est à 469.36 mètres du groupe facile
[00:29:17] [Serveur] Le groupe 'rude' est en cooldown.
[00:29:17] [Serveur] Le groupe 'demon' est en cooldown.
[00:29:17] [Serveur] Le groupe 'ghost' est en cooldown.
[00:29:17] [CHECK] Joueur 1 est à 469.36 mètres du groupe facile
[00:29:27] [Serveur] Le groupe 'rude' est en cooldown.
[00:29:27] [Serveur] Le groupe 'demon' est en cooldown.
[00:29:27] [Serveur] Le groupe 'ghost' est en cooldown.
[00:29:27] [CHECK] Joueur 1 est à 469.36 mètres du groupe facile
[00:29:37] [Serveur] Le groupe 'rude' est en cooldown.
[00:29:37] [Serveur] Le groupe 'demon' est en cooldown.
[00:29:37] [Serveur] Le groupe 'ghost' est en cooldown.
[00:29:37] [CHECK] Joueur 1 est à 469.36 mètres du groupe facile
[00:29:47] [Serveur] Le groupe 'rude' est en cooldown.
[00:29:47] [Serveur] Le groupe 'demon' est en cooldown.
[00:29:47] [Serveur] Le groupe 'ghost' est en cooldown.
[00:29:47] [CHECK] Joueur 1 est à 469.36 mètres du groupe facile
[00:29:57] [Serveur] Le groupe 'rude' est en cooldown.
[00:29:57] [Serveur] Le groupe 'demon' est en cooldown.
[00:29:57] [Serveur] Le groupe 'ghost' est en cooldown.
[00:29:57] [CHECK] Joueur 1 est à 469.36 mètres du groupe facile
[00:30:07] [Serveur] Le groupe 'rude' est en cooldown.
[00:30:07] [Serveur] Le groupe 'demon' est en cooldown.
[00:30:07] [Serveur] Le groupe 'ghost' est en cooldown.
[00:30:07] [CHECK] Joueur 1 est à 469.36 mètres du groupe facile
[00:30:17] [Serveur] Le groupe 'rude' est en cooldown.
[00:30:17] [Serveur] Le groupe 'demon' est en cooldown.
[00:30:17] [Serveur] Le groupe 'ghost' est en cooldown.
[00:30:17] [CHECK] Joueur 1 est à 469.36 mètres du groupe facile
[00:30:27] [Serveur] Le groupe 'rude' est en cooldown.
[00:30:27] [Serveur] Le groupe 'demon' est en cooldown.
[00:30:27] [Serveur] Le groupe 'ghost' est en cooldown.
[00:30:27] [CHECK] Joueur 1 est à 469.36 mètres du groupe facile
[00:30:37] [Serveur] Le groupe 'rude' est en cooldown.
[00:30:37] [Serveur] Le groupe 'demon' est en cooldown.
[00:30:37] [Serveur] Le groupe 'ghost' est en cooldown.
[00:30:37] [CHECK] Joueur 1 est à 469.36 mètres du groupe facile
[00:30:47] [Serveur] Le groupe 'rude' est en cooldown.
[00:30:47] [Serveur] Le groupe 'demon' est en cooldown.
[00:30:47] [Serveur] Le groupe 'ghost' est en cooldown.
[00:30:47] [CHECK] Joueur 1 est à 469.36 mètres du groupe facile
[00:30:57] [Serveur] Le groupe 'rude' est en cooldown.
[00:30:57] [Serveur] Le groupe 'demon' est en cooldown.
[00:30:57] [Serveur] Le groupe 'ghost' est en cooldown.
[00:30:57] [CHECK] Joueur 1 est à 469.36 mètres du groupe facile
[00:31:07] [Serveur] Le groupe 'rude' est en cooldown.
[00:31:07] [Serveur] Le groupe 'demon' est en cooldown.
[00:31:07] [Serveur] Le groupe 'ghost' est en cooldown.
[00:31:07] [CHECK] Joueur 1 est à 469.36 mètres du groupe facile
[00:31:17] [Serveur] Le groupe 'rude' est en cooldown.
[00:31:17] [Serveur] Le groupe 'demon' est en cooldown.
[00:31:17] [Serveur] Le groupe 'ghost' est en cooldown.
[00:31:17] [CHECK] Joueur 1 est à 469.36 mètres du groupe facile
[00:31:27] [Serveur] Le groupe 'rude' est en cooldown.
[00:31:27] [Serveur] Le groupe 'demon' est en cooldown.
[00:31:27] [Serveur] Le groupe 'ghost' est en cooldown.
[00:31:27] [CHECK] Joueur 1 est à 469.36 mètres du groupe facile
[00:31:37] [Serveur] Le groupe 'rude' est en cooldown.
[00:31:37] [Serveur] Le groupe 'demon' est en cooldown.
[00:31:37] [Serveur] Le groupe 'ghost' est en cooldown.
[00:31:37] [CHECK] Joueur 1 est à 469.36 mètres du groupe facile
[00:31:47] [Serveur] Le groupe 'rude' est en cooldown.
[00:31:47] [Serveur] Le groupe 'demon' est en cooldown.
[00:31:47] [Serveur] Le groupe 'ghost' est en cooldown.
[00:31:47] [CHECK] Joueur 1 est à 469.36 mètres du groupe facile
[00:31:57] [Serveur] Le groupe 'rude' est en cooldown.
[00:31:57] [Serveur] Le groupe 'demon' est en cooldown.
[00:31:57] [Serveur] Le groupe 'ghost' est en cooldown.
[00:31:57] [CHECK] Joueur 1 est à 469.36 mètres du groupe facile
[00:32:07] [Serveur] Le groupe 'rude' est en cooldown.
[00:32:07] [Serveur] Le groupe 'demon' est en cooldown.
[00:32:07] [Serveur] Le groupe 'ghost' est en cooldown.
[00:32:07] [CHECK] Joueur 1 est à 469.36 mètres du groupe facile
[00:32:17] [Serveur] Le groupe 'rude' est en cooldown.
[00:32:17] [Serveur] Le groupe 'demon' est en cooldown.
[00:32:17] [Serveur] Le groupe 'ghost' est en cooldown.
[00:32:17] [CHECK] Joueur 1 est à 469.36 mètres du groupe facile
[00:32:27] [Serveur] Le groupe 'rude' est en cooldown.
[00:32:27] [Serveur] Le groupe 'demon' est en cooldown.
[00:32:27] [Serveur] Le groupe 'ghost' est en cooldown.
[00:32:27] [CHECK] Joueur 1 est à 469.36 mètres du groupe facile
[00:32:37] [Serveur] Le groupe 'rude' est en cooldown.
[00:32:37] [Serveur] Le groupe 'demon' est en cooldown.
[00:32:37] [Serveur] Le groupe 'ghost' est en cooldown.
[00:32:37] [CHECK] Joueur 1 est à 469.36 mètres du groupe facile
[00:32:47] [Serveur] Le groupe 'rude' est en cooldown.
[00:32:48] [Serveur] Le groupe 'demon' est en cooldown.
[00:32:48] [Serveur] Le groupe 'ghost' est en cooldown.
[00:32:48] [CHECK] Joueur 1 est à 469.36 mètres du groupe facile
[00:32:58] [Serveur] Le groupe 'rude' est en cooldown.
[00:32:58] [Serveur] Le groupe 'demon' est en cooldown.
[00:32:58] [Serveur] Le groupe 'ghost' est en cooldown.
[00:32:58] [CHECK] Joueur 1 est à 469.36 mètres du groupe facile
[00:33:08] [Serveur] Le groupe 'rude' est en cooldown.
[00:33:08] [Serveur] Le groupe 'demon' est en cooldown.
[00:33:08] [Serveur] Le groupe 'ghost' est en cooldown.
[00:33:08] [CHECK] Joueur 1 est à 469.36 mètres du groupe facile
[00:33:18] [Serveur] Le groupe 'rude' est en cooldown.
[00:33:18] [Serveur] Le groupe 'demon' est en cooldown.
[00:33:18] [Serveur] Le groupe 'ghost' est en cooldown.
[00:33:18] [CHECK] Joueur 1 est à 469.36 mètres du groupe facile
[00:33:28] [Serveur] Le groupe 'rude' est en cooldown.
[00:33:28] [Serveur] Le groupe 'demon' est en cooldown.
[00:33:28] [Serveur] Le groupe 'ghost' est en cooldown.
[00:33:28] [CHECK] Joueur 1 est à 469.36 mètres du groupe facile
[00:33:38] [Serveur] Le groupe 'rude' est en cooldown.
[00:33:38] [Serveur] Le groupe 'demon' est en cooldown.
[00:33:38] [Serveur] Le groupe 'ghost' est en cooldown.
[00:33:38] [CHECK] Joueur 1 est à 469.36 mètres du groupe facile
[00:33:48] [Serveur] Le groupe 'rude' est en cooldown.
[00:33:48] [Serveur] Le groupe 'demon' est en cooldown.
[00:33:48] [Serveur] Le groupe 'ghost' est en cooldown.
[00:33:48] [CHECK] Joueur 1 est à 469.36 mètres du groupe facile
[00:33:58] [Serveur] Le groupe 'rude' est en cooldown.
[00:33:58] [Serveur] Le groupe 'demon' est en cooldown.
[00:33:58] [Serveur] Le groupe 'ghost' est en cooldown.
[00:33:58] [CHECK] Joueur 1 est à 469.36 mètres du groupe facile
[00:34:08] [Serveur] Le groupe 'rude' est en cooldown.
[00:34:08] [Serveur] Le groupe 'demon' est en cooldown.
[00:34:08] [Serveur] Le groupe 'ghost' est en cooldown.
[00:34:08] [CHECK] Joueur 1 est à 469.36 mètres du groupe facile
[00:34:18] [Serveur] Le groupe 'rude' est en cooldown.
[00:34:18] [Serveur] Le groupe 'demon' est en cooldown.
[00:34:18] [Serveur] Le groupe 'ghost' est en cooldown.
[00:34:18] [CHECK] Joueur 1 est à 469.36 mètres du groupe facile
[00:34:28] [Serveur] Le groupe 'rude' est en cooldown.
[00:34:28] [Serveur] Le groupe 'demon' est en cooldown.
[00:34:28] [Serveur] Le groupe 'ghost' est en cooldown.
[00:34:28] [CHECK] Joueur 1 est à 469.36 mètres du groupe facile
[00:34:38] [Serveur] Le groupe 'rude' est en cooldown.
[00:34:38] [Serveur] Le groupe 'demon' est en cooldown.
[00:34:38] [Serveur] Le groupe 'ghost' est en cooldown.
[00:34:38] [CHECK] Joueur 1 est à 469.36 mètres du groupe facile
[00:34:48] [Serveur] Le groupe 'rude' est en cooldown.
[00:34:48] [Serveur] Le groupe 'demon' est en cooldown.
[00:34:48] [Serveur] Le groupe 'ghost' est en cooldown.
[00:34:48] [CHECK] Joueur 1 est à 469.36 mètres du groupe facile
[00:34:58] [Serveur] Le groupe 'rude' est en cooldown.
[00:34:58] [Serveur] Le groupe 'demon' est en cooldown.
[00:34:58] [Serveur] Le groupe 'ghost' est en cooldown.
[00:34:58] [CHECK] Joueur 1 est à 469.36 mètres du groupe facile
[00:35:08] [Serveur] Le groupe 'rude' est en cooldown.
[00:35:08] [Serveur] Le groupe 'demon' est en cooldown.
[00:35:08] [Serveur] Le groupe 'ghost' est en cooldown.
[00:35:08] [CHECK] Joueur 1 est à 469.36 mètres du groupe facile
[00:35:18] [Serveur] Le groupe 'rude' est en cooldown.
[00:35:18] [Serveur] Le groupe 'demon' est en cooldown.
[00:35:18] [Serveur] Le groupe 'ghost' est en cooldown.
[00:35:18] [CHECK] Joueur 1 est à 469.36 mètres du groupe facile
[00:35:28] [Serveur] Le groupe 'rude' est en cooldown.
[00:35:28] [Serveur] Le groupe 'demon' est en cooldown.
[00:35:28] [Serveur] Le groupe 'ghost' est en cooldown.
[00:35:28] [CHECK] Joueur 1 est à 469.36 mètres du groupe facile
[00:35:38] [Serveur] Le groupe 'rude' est en cooldown.
[00:35:38] [Serveur] Le groupe 'demon' est en cooldown.
[00:35:38] [Serveur] Le groupe 'ghost' est en cooldown.
[00:35:38] [CHECK] Joueur 1 est à 469.36 mètres du groupe facile
[00:35:48] [Serveur] Le groupe 'rude' est en cooldown.
[00:35:48] [Serveur] Le groupe 'demon' est en cooldown.
[00:35:48] [Serveur] Le groupe 'ghost' est en cooldown.
[00:35:48] [CHECK] Joueur 1 est à 469.36 mètres du groupe facile
[00:35:58] [Serveur] Le groupe 'rude' est en cooldown.
[00:35:58] [Serveur] Le groupe 'demon' est en cooldown.
[00:35:58] [Serveur] Le groupe 'ghost' est en cooldown.
[00:35:58] [CHECK] Joueur 1 est à 469.36 mètres du groupe facile
[00:36:08] [Serveur] Le groupe 'rude' est en cooldown.
[00:36:08] [Serveur] Le groupe 'demon' est en cooldown.
[00:36:08] [Serveur] Le groupe 'ghost' est en cooldown.
[00:36:08] [CHECK] Joueur 1 est à 469.36 mètres du groupe facile
[00:36:18] [Serveur] Le groupe 'rude' est en cooldown.
[00:36:18] [Serveur] Le groupe 'demon' est en cooldown.
[00:36:18] [Serveur] Le groupe 'ghost' est en cooldown.
[00:36:18] [CHECK] Joueur 1 est à 469.36 mètres du groupe facile
[00:36:28] [Serveur] Le groupe 'rude' est en cooldown.
[00:36:28] [Serveur] Le groupe 'demon' est en cooldown.
[00:36:28] [Serveur] Le groupe 'ghost' est en cooldown.
[00:36:28] [CHECK] Joueur 1 est à 469.36 mètres du groupe facile
[00:36:38] [Serveur] Le groupe 'rude' est en cooldown.
[00:36:38] [Serveur] Le groupe 'demon' est en cooldown.
[00:36:38] [Serveur] Le groupe 'ghost' est en cooldown.
[00:36:38] [CHECK] Joueur 1 est à 469.36 mètres du groupe facile
[00:36:48] [Serveur] Le groupe 'rude' est en cooldown.
[00:36:48] [Serveur] Le groupe 'demon' est en cooldown.
[00:36:48] [Serveur] Le groupe 'ghost' est en cooldown.
[00:36:48] [CHECK] Joueur 1 est à 469.36 mètres du groupe facile
[00:36:58] [Serveur] Le groupe 'rude' est en cooldown.
[00:36:58] [Serveur] Le groupe 'demon' est en cooldown.
[00:36:58] [Serveur] Le groupe 'ghost' est en cooldown.
[00:36:58] [CHECK] Joueur 1 est à 469.36 mètres du groupe facile
[00:37:08] [Serveur] Le groupe 'rude' est en cooldown.
[00:37:08] [Serveur] Le groupe 'demon' est en cooldown.
[00:37:08] [Serveur] Le groupe 'ghost' est en cooldown.
[00:37:08] [CHECK] Joueur 1 est à 469.36 mètres du groupe facile
[00:37:18] [Serveur] Le groupe 'rude' est en cooldown.
[00:37:18] [Serveur] Le groupe 'demon' est en cooldown.
[00:37:18] [Serveur] Le groupe 'ghost' est en cooldown.
[00:37:18] [CHECK] Joueur 1 est à 469.36 mètres du groupe facile
[00:37:28] [Serveur] Le groupe 'rude' est en cooldown.
[00:37:28] [Serveur] Le groupe 'demon' est en cooldown.
[00:37:28] [Serveur] Le groupe 'ghost' est en cooldown.
[00:37:28] [CHECK] Joueur 1 est à 469.36 mètres du groupe facile
[00:37:38] [Serveur] Le groupe 'rude' est en cooldown.
[00:37:38] [Serveur] Le groupe 'demon' est en cooldown.
[00:37:38] [Serveur] Le groupe 'ghost' est en cooldown.
[00:37:38] [CHECK] Joueur 1 est à 469.36 mètres du groupe facile
[00:37:49] [Serveur] Le groupe 'rude' est en cooldown.
[00:37:49] [Serveur] Le groupe 'demon' est en cooldown.
[00:37:49] [Serveur] Le groupe 'ghost' est en cooldown.
[00:37:59] [Serveur] Le groupe 'rude' est en cooldown.
[00:37:59] [Serveur] Le groupe 'demon' est en cooldown.
[00:37:59] [Serveur] Le groupe 'ghost' est en cooldown.
[00:38:09] [Serveur] Le groupe 'rude' est en cooldown.
[00:38:09] [Serveur] Le groupe 'demon' est en cooldown.
[00:38:09] [Serveur] Le groupe 'ghost' est en cooldown.
[00:38:19] [Serveur] Le groupe 'rude' est en cooldown.
[00:38:19] [Serveur] Le groupe 'demon' est en cooldown.
[00:38:19] [Serveur] Le groupe 'ghost' est en cooldown.
[00:38:29] [Serveur] Le groupe 'rude' est en cooldown.
[00:38:29] [Serveur] Le groupe 'demon' est en cooldown.
[00:38:29] [Serveur] Le groupe 'ghost' est en cooldown.
[00:38:32] [READY] Groupe rude peut à nouveau être spawné.
[00:38:39] [Serveur] Le groupe 'demon' est en cooldown.
[00:38:39] [Serveur] Le groupe 'ghost' est en cooldown.
[00:38:49] [Serveur] Le groupe 'demon' est en cooldown.
[00:38:49] [Serveur] Le groupe 'ghost' est en cooldown.
[00:38:59] [Serveur] Le groupe 'demon' est en cooldown.
[00:38:59] [Serveur] Le groupe 'ghost' est en cooldown.
[00:39:09] [Serveur] Le groupe 'demon' est en cooldown.
[00:39:09] [Serveur] Le groupe 'ghost' est en cooldown.
[00:39:19] [Serveur] Le groupe 'demon' est en cooldown.
[00:39:19] [Serveur] Le groupe 'ghost' est en cooldown.
[00:39:29] [Serveur] Le groupe 'demon' est en cooldown.
[00:39:29] [Serveur] Le groupe 'ghost' est en cooldown.
[00:39:39] [Serveur] Le groupe 'demon' est en cooldown.
[00:39:39] [Serveur] Le groupe 'ghost' est en cooldown.
[00:39:49] [Serveur] Le groupe 'demon' est en cooldown.
[00:39:49] [Serveur] Le groupe 'ghost' est en cooldown.
[00:39:59] [Serveur] Le groupe 'demon' est en cooldown.
[00:39:59] [Serveur] Le groupe 'ghost' est en cooldown.
[00:40:09] [Serveur] Le groupe 'demon' est en cooldown.
[00:40:09] [Serveur] Le groupe 'ghost' est en cooldown.
[00:40:19] [Serveur] Le groupe 'demon' est en cooldown.
[00:40:19] [Serveur] Le groupe 'ghost' est en cooldown.
[00:40:29] [Serveur] Le groupe 'demon' est en cooldown.
[00:40:29] [Serveur] Le groupe 'ghost' est en cooldown.
[00:40:39] [Serveur] Le groupe 'demon' est en cooldown.
[00:40:39] [Serveur] Le groupe 'ghost' est en cooldown.
[00:40:49] [Serveur] Le groupe 'demon' est en cooldown.
[00:40:49] [Serveur] Le groupe 'ghost' est en cooldown.
[00:40:59] [Serveur] Le groupe 'demon' est en cooldown.
[00:40:59] [Serveur] Le groupe 'ghost' est en cooldown.
[00:41:09] [Serveur] Le groupe 'demon' est en cooldown.
[00:41:09] [Serveur] Le groupe 'ghost' est en cooldown.
[00:41:19] [Serveur] Le groupe 'demon' est en cooldown.
[00:41:19] [Serveur] Le groupe 'ghost' est en cooldown.
[00:41:29] [Serveur] Le groupe 'demon' est en cooldown.
[00:41:29] [Serveur] Le groupe 'ghost' est en cooldown.
[00:41:39] [Serveur] Le groupe 'demon' est en cooldown.
[00:41:39] [Serveur] Le groupe 'ghost' est en cooldown.
[00:41:49] [Serveur] Le groupe 'demon' est en cooldown.
[00:41:49] [Serveur] Le groupe 'ghost' est en cooldown.
[00:41:59] [Serveur] Le groupe 'demon' est en cooldown.
[00:41:59] [Serveur] Le groupe 'ghost' est en cooldown.
[00:42:09] [Serveur] Le groupe 'demon' est en cooldown.
[00:42:09] [Serveur] Le groupe 'ghost' est en cooldown.
[00:42:19] [Serveur] Le groupe 'demon' est en cooldown.
[00:42:19] [Serveur] Le groupe 'ghost' est en cooldown.
[00:42:29] [Serveur] Le groupe 'demon' est en cooldown.
[00:42:29] [Serveur] Le groupe 'ghost' est en cooldown.
[00:42:39] [Serveur] Le groupe 'demon' est en cooldown.
[00:42:39] [Serveur] Le groupe 'ghost' est en cooldown.
[00:42:50] [Serveur] Le groupe 'demon' est en cooldown.
[00:42:50] [Serveur] Le groupe 'ghost' est en cooldown.
[00:43:00] [Serveur] Le groupe 'demon' est en cooldown.
[00:43:00] [Serveur] Le groupe 'ghost' est en cooldown.
[00:43:10] [Serveur] Le groupe 'demon' est en cooldown.
[00:43:10] [Serveur] Le groupe 'ghost' est en cooldown.
[00:43:20] [Serveur] Le groupe 'demon' est en cooldown.
[00:43:20] [Serveur] Le groupe 'ghost' est en cooldown.
[00:43:30] [Serveur] Le groupe 'demon' est en cooldown.
[00:43:30] [Serveur] Le groupe 'ghost' est en cooldown.
[00:43:40] [Serveur] Le groupe 'demon' est en cooldown.
[00:43:40] [Serveur] Le groupe 'ghost' est en cooldown.
[00:43:50] [Serveur] Le groupe 'demon' est en cooldown.
[00:43:50] [Serveur] Le groupe 'ghost' est en cooldown.
[00:44:00] [Serveur] Le groupe 'demon' est en cooldown.
[00:44:00] [Serveur] Le groupe 'ghost' est en cooldown.
[00:44:10] [Serveur] Le groupe 'demon' est en cooldown.
[00:44:10] [Serveur] Le groupe 'ghost' est en cooldown.
[00:44:20] [Serveur] Le groupe 'demon' est en cooldown.
[00:44:20] [Serveur] Le groupe 'ghost' est en cooldown.
[00:44:30] [Serveur] Le groupe 'demon' est en cooldown.
[00:44:30] [Serveur] Le groupe 'ghost' est en cooldown.
[00:44:40] [Serveur] Le groupe 'demon' est en cooldown.
[00:44:40] [Serveur] Le groupe 'ghost' est en cooldown.
[00:44:50] [Serveur] Le groupe 'demon' est en cooldown.
[00:44:50] [Serveur] Le groupe 'ghost' est en cooldown.
[00:45:00] [Serveur] Le groupe 'demon' est en cooldown.
[00:45:00] [Serveur] Le groupe 'ghost' est en cooldown.
[00:45:10] [Serveur] Le groupe 'demon' est en cooldown.
[00:45:10] [Serveur] Le groupe 'ghost' est en cooldown.
[00:45:20] [Serveur] Le groupe 'demon' est en cooldown.
[00:45:20] [Serveur] Le groupe 'ghost' est en cooldown.
[00:45:30] [Serveur] Le groupe 'demon' est en cooldown.
[00:45:30] [Serveur] Le groupe 'ghost' est en cooldown.
[00:45:40] [Serveur] Le groupe 'demon' est en cooldown.
[00:45:40] [Serveur] Le groupe 'ghost' est en cooldown.
[00:45:50] [Serveur] Le groupe 'demon' est en cooldown.
[00:45:50] [Serveur] Le groupe 'ghost' est en cooldown.
[00:46:00] [Serveur] Le groupe 'demon' est en cooldown.
[00:46:00] [Serveur] Le groupe 'ghost' est en cooldown.
[00:46:10] [Serveur] Le groupe 'demon' est en cooldown.
[00:46:10] [Serveur] Le groupe 'ghost' est en cooldown.
[00:46:20] [Serveur] Le groupe 'demon' est en cooldown.
[00:46:20] [Serveur] Le groupe 'ghost' est en cooldown.
[00:46:30] [Serveur] Le groupe 'demon' est en cooldown.
[00:46:30] [Serveur] Le groupe 'ghost' est en cooldown.
[00:46:40] [Serveur] Le groupe 'demon' est en cooldown.
[00:46:40] [Serveur] Le groupe 'ghost' est en cooldown.
[00:46:50] [Serveur] Le groupe 'demon' est en cooldown.
[00:46:50] [Serveur] Le groupe 'ghost' est en cooldown.
[00:47:00] [Serveur] Le groupe 'demon' est en cooldown.
[00:47:00] [Serveur] Le groupe 'ghost' est en cooldown.
[00:47:10] [Serveur] Le groupe 'demon' est en cooldown.
[00:47:10] [Serveur] Le groupe 'ghost' est en cooldown.
[00:47:20] [Serveur] Le groupe 'demon' est en cooldown.
[00:47:20] [Serveur] Le groupe 'ghost' est en cooldown.
[00:47:30] [Serveur] Le groupe 'demon' est en cooldown.
[00:47:30] [Serveur] Le groupe 'ghost' est en cooldown.
[00:47:41] [Serveur] Le groupe 'demon' est en cooldown.
[00:47:41] [Serveur] Le groupe 'ghost' est en cooldown.
[00:47:51] [Serveur] Le groupe 'demon' est en cooldown.
[00:47:51] [Serveur] Le groupe 'ghost' est en cooldown.
[00:48:01] [Serveur] Le groupe 'demon' est en cooldown.
[00:48:01] [Serveur] Le groupe 'ghost' est en cooldown.
[00:48:11] [Serveur] Le groupe 'demon' est en cooldown.
[00:48:11] [Serveur] Le groupe 'ghost' est en cooldown.
[00:48:21] [Serveur] Le groupe 'demon' est en cooldown.
[00:48:21] [Serveur] Le groupe 'ghost' est en cooldown.
[00:48:31] [Serveur] Le groupe 'demon' est en cooldown.
[00:48:31] [Serveur] Le groupe 'ghost' est en cooldown.
[00:48:41] [Serveur] Le groupe 'demon' est en cooldown.
[00:48:41] [Serveur] Le groupe 'ghost' est en cooldown.
[00:48:51] [Serveur] Le groupe 'demon' est en cooldown.
[00:48:51] [Serveur] Le groupe 'ghost' est en cooldown.
[00:49:01] [Serveur] Le groupe 'demon' est en cooldown.
[00:49:01] [Serveur] Le groupe 'ghost' est en cooldown.
[00:49:11] [Serveur] Le groupe 'demon' est en cooldown.
[00:49:11] [Serveur] Le groupe 'ghost' est en cooldown.
[00:49:21] [Serveur] Le groupe 'demon' est en cooldown.
[00:49:21] [Serveur] Le groupe 'ghost' est en cooldown.
[00:49:31] [Serveur] Le groupe 'demon' est en cooldown.
[00:49:31] [Serveur] Le groupe 'ghost' est en cooldown.
[00:49:41] [Serveur] Le groupe 'demon' est en cooldown.
[00:49:41] [Serveur] Le groupe 'ghost' est en cooldown.
[00:49:51] [Serveur] Le groupe 'demon' est en cooldown.
[00:49:51] [Serveur] Le groupe 'ghost' est en cooldown.
[00:50:01] [Serveur] Le groupe 'demon' est en cooldown.
[00:50:01] [Serveur] Le groupe 'ghost' est en cooldown.
[00:50:11] [Serveur] Le groupe 'demon' est en cooldown.
[00:50:11] [Serveur] Le groupe 'ghost' est en cooldown.
[00:50:21] [Serveur] Le groupe 'demon' est en cooldown.
[00:50:21] [Serveur] Le groupe 'ghost' est en cooldown.
[00:50:31] [Serveur] Le groupe 'demon' est en cooldown.
[00:50:31] [Serveur] Le groupe 'ghost' est en cooldown.
[00:50:41] [Serveur] Le groupe 'demon' est en cooldown.
[00:50:41] [Serveur] Le groupe 'ghost' est en cooldown.
[00:50:51] [Serveur] Le groupe 'demon' est en cooldown.
[00:50:51] [Serveur] Le groupe 'ghost' est en cooldown.
[00:51:01] [Serveur] Le groupe 'demon' est en cooldown.
[00:51:01] [Serveur] Le groupe 'ghost' est en cooldown.
[00:51:11] [Serveur] Le groupe 'demon' est en cooldown.
[00:51:11] [Serveur] Le groupe 'ghost' est en cooldown.
[00:51:21] [Serveur] Le groupe 'demon' est en cooldown.
[00:51:21] [Serveur] Le groupe 'ghost' est en cooldown.
[00:51:31] [Serveur] Le groupe 'demon' est en cooldown.
[00:51:31] [Serveur] Le groupe 'ghost' est en cooldown.
[00:51:41] [Serveur] Le groupe 'demon' est en cooldown.
[00:51:41] [Serveur] Le groupe 'ghost' est en cooldown.
[00:51:51] [Serveur] Le groupe 'demon' est en cooldown.
[00:51:51] [Serveur] Le groupe 'ghost' est en cooldown.
[00:52:01] [Serveur] Le groupe 'demon' est en cooldown.
[00:52:01] [Serveur] Le groupe 'ghost' est en cooldown.
[00:52:11] [Serveur] Le groupe 'demon' est en cooldown.
[00:52:11] [Serveur] Le groupe 'ghost' est en cooldown.
[00:52:21] [Serveur] Le groupe 'demon' est en cooldown.
[00:52:21] [Serveur] Le groupe 'ghost' est en cooldown.
[00:52:31] [Serveur] Le groupe 'demon' est en cooldown.
[00:52:31] [Serveur] Le groupe 'ghost' est en cooldown.
[00:52:42] [Serveur] Le groupe 'demon' est en cooldown.
[00:52:42] [Serveur] Le groupe 'ghost' est en cooldown.
[00:52:52] [Serveur] Le groupe 'demon' est en cooldown.
[00:52:52] [Serveur] Le groupe 'ghost' est en cooldown.
[00:53:02] [Serveur] Le groupe 'demon' est en cooldown.
[00:53:02] [Serveur] Le groupe 'ghost' est en cooldown.
[00:53:12] [Serveur] Le groupe 'demon' est en cooldown.
[00:53:12] [Serveur] Le groupe 'ghost' est en cooldown.
[00:53:22] [Serveur] Le groupe 'demon' est en cooldown.
[00:53:22] [Serveur] Le groupe 'ghost' est en cooldown.
[00:53:32] [Serveur] Le groupe 'demon' est en cooldown.
[00:53:32] [Serveur] Le groupe 'ghost' est en cooldown.
[00:53:42] [Serveur] Le groupe 'demon' est en cooldown.
[00:53:42] [Serveur] Le groupe 'ghost' est en cooldown.
[00:53:52] [Serveur] Le groupe 'demon' est en cooldown.
[00:53:52] [Serveur] Le groupe 'ghost' est en cooldown.
[00:54:02] [Serveur] Le groupe 'demon' est en cooldown.
[00:54:02] [Serveur] Le groupe 'ghost' est en cooldown.
[00:54:12] [Serveur] Le groupe 'demon' est en cooldown.
[00:54:12] [Serveur] Le groupe 'ghost' est en cooldown.
[00:54:22] [Serveur] Le groupe 'demon' est en cooldown.
[00:54:22] [Serveur] Le groupe 'ghost' est en cooldown.
[00:54:32] [Serveur] Le groupe 'demon' est en cooldown.
[00:54:32] [Serveur] Le groupe 'ghost' est en cooldown.
[00:54:42] [Serveur] Le groupe 'demon' est en cooldown.
[00:54:42] [Serveur] Le groupe 'ghost' est en cooldown.
[00:54:52] [Serveur] Le groupe 'demon' est en cooldown.
[00:54:52] [Serveur] Le groupe 'ghost' est en cooldown.
[00:55:02] [Serveur] Le groupe 'demon' est en cooldown.
[00:55:02] [Serveur] Le groupe 'ghost' est en cooldown.
[00:55:12] [Serveur] Le groupe 'demon' est en cooldown.
[00:55:12] [Serveur] Le groupe 'ghost' est en cooldown.
[00:55:22] [Serveur] Le groupe 'demon' est en cooldown.
[00:55:22] [Serveur] Le groupe 'ghost' est en cooldown.
[00:55:32] [Serveur] Le groupe 'demon' est en cooldown.
[00:55:32] [Serveur] Le groupe 'ghost' est en cooldown.
[00:55:42] [Serveur] Le groupe 'demon' est en cooldown.
[00:55:42] [Serveur] Le groupe 'ghost' est en cooldown.
[00:55:52] [Serveur] Le groupe 'demon' est en cooldown.
[00:55:52] [Serveur] Le groupe 'ghost' est en cooldown.
[00:56:02] [Serveur] Le groupe 'demon' est en cooldown.
[00:56:02] [Serveur] Le groupe 'ghost' est en cooldown.
[00:56:12] [Serveur] Le groupe 'demon' est en cooldown.
[00:56:12] [Serveur] Le groupe 'ghost' est en cooldown.
[00:56:22] [Serveur] Le groupe 'demon' est en cooldown.
[00:56:22] [Serveur] Le groupe 'ghost' est en cooldown.
[00:56:32] [Serveur] Le groupe 'demon' est en cooldown.
[00:56:32] [Serveur] Le groupe 'ghost' est en cooldown.
[00:56:42] [Serveur] Le groupe 'demon' est en cooldown.
[00:56:42] [Serveur] Le groupe 'ghost' est en cooldown.
[00:56:52] [Serveur] Le groupe 'demon' est en cooldown.
[00:56:52] [Serveur] Le groupe 'ghost' est en cooldown.
[00:57:02] [Serveur] Le groupe 'demon' est en cooldown.
[00:57:02] [Serveur] Le groupe 'ghost' est en cooldown.
[00:57:12] [Serveur] Le groupe 'demon' est en cooldown.
[00:57:12] [Serveur] Le groupe 'ghost' est en cooldown.
[00:57:22] [Serveur] Le groupe 'demon' est en cooldown.
[00:57:22] [Serveur] Le groupe 'ghost' est en cooldown.
[00:57:32] [Serveur] Le groupe 'demon' est en cooldown.
[00:57:32] [Serveur] Le groupe 'ghost' est en cooldown.
[00:57:42] [Serveur] Le groupe 'demon' est en cooldown.
[00:57:42] [Serveur] Le groupe 'ghost' est en cooldown.
[00:57:52] [Serveur] Le groupe 'demon' est en cooldown.
[00:57:52] [Serveur] Le groupe 'ghost' est en cooldown.
[00:58:02] [Serveur] Le groupe 'demon' est en cooldown.
[00:58:02] [Serveur] Le groupe 'ghost' est en cooldown.
[00:58:13] [Serveur] Le groupe 'demon' est en cooldown.
[00:58:13] [Serveur] Le groupe 'ghost' est en cooldown.
[00:58:23] [Serveur] Le groupe 'demon' est en cooldown.
[00:58:23] [Serveur] Le groupe 'ghost' est en cooldown.
[00:58:33] [Serveur] Le groupe 'demon' est en cooldown.
[00:58:33] [Serveur] Le groupe 'ghost' est en cooldown.
[00:58:43] [Serveur] Le groupe 'demon' est en cooldown.
[00:58:43] [Serveur] Le groupe 'ghost' est en cooldown.
[00:58:53] [Serveur] Le groupe 'demon' est en cooldown.
[00:58:53] [Serveur] Le groupe 'ghost' est en cooldown.
[00:59:03] [Serveur] Le groupe 'demon' est en cooldown.
[00:59:03] [Serveur] Le groupe 'ghost' est en cooldown.
[00:59:13] [Serveur] Le groupe 'demon' est en cooldown.
[00:59:13] [Serveur] Le groupe 'ghost' est en cooldown.
[00:59:23] [Serveur] Le groupe 'demon' est en cooldown.
[00:59:23] [Serveur] Le groupe 'ghost' est en cooldown.
[00:59:33] [Serveur] Le groupe 'demon' est en cooldown.
[00:59:33] [Serveur] Le groupe 'ghost' est en cooldown.
[00:59:43] [Serveur] Le groupe 'demon' est en cooldown.
[00:59:43] [Serveur] Le groupe 'ghost' est en cooldown.
[00:59:53] [Serveur] Le groupe 'demon' est en cooldown.
[00:59:53] [Serveur] Le groupe 'ghost' est en cooldown.
[01:00:03] [Serveur] Le groupe 'demon' est en cooldown.
[01:00:03] [Serveur] Le groupe 'ghost' est en cooldown.
[01:00:13] [Serveur] Le groupe 'demon' est en cooldown.
[01:00:13] [Serveur] Le groupe 'ghost' est en cooldown.
[01:00:23] [Serveur] Le groupe 'demon' est en cooldown.
[01:00:23] [Serveur] Le groupe 'ghost' est en cooldown.
[01:00:33] [Serveur] Le groupe 'demon' est en cooldown.
[01:00:33] [Serveur] Le groupe 'ghost' est en cooldown.
[01:00:43] [Serveur] Le groupe 'demon' est en cooldown.
[01:00:43] [Serveur] Le groupe 'ghost' est en cooldown.
[01:00:53] [Serveur] Le groupe 'demon' est en cooldown.
[01:00:53] [Serveur] Le groupe 'ghost' est en cooldown.
[01:01:03] [Serveur] Le groupe 'demon' est en cooldown.
[01:01:03] [Serveur] Le groupe 'ghost' est en cooldown.
[01:01:13] [Serveur] Le groupe 'demon' est en cooldown.
[01:01:13] [Serveur] Le groupe 'ghost' est en cooldown.
[01:01:23] [Serveur] Le groupe 'demon' est en cooldown.
[01:01:23] [Serveur] Le groupe 'ghost' est en cooldown.
[01:01:33] [Serveur] Le groupe 'demon' est en cooldown.
[01:01:33] [Serveur] Le groupe 'ghost' est en cooldown.
[01:01:43] [Serveur] Le groupe 'demon' est en cooldown.
[01:01:43] [Serveur] Le groupe 'ghost' est en cooldown.
[01:01:53] [Serveur] Le groupe 'demon' est en cooldown.
[01:01:53] [Serveur] Le groupe 'ghost' est en cooldown.
[01:02:03] [Serveur] Le groupe 'demon' est en cooldown.
[01:02:03] [Serveur] Le groupe 'ghost' est en cooldown.
[01:02:13] [Serveur] Le groupe 'demon' est en cooldown.
[01:02:13] [Serveur] Le groupe 'ghost' est en cooldown.
[01:02:23] [Serveur] Le groupe 'demon' est en cooldown.
[01:02:23] [Serveur] Le groupe 'ghost' est en cooldown.
[01:02:33] [Serveur] Le groupe 'demon' est en cooldown.
[01:02:33] [Serveur] Le groupe 'ghost' est en cooldown.
[01:02:43] [Serveur] Le groupe 'demon' est en cooldown.
[01:02:43] [Serveur] Le groupe 'ghost' est en cooldown.
[01:02:53] [Serveur] Le groupe 'demon' est en cooldown.
[01:02:53] [Serveur] Le groupe 'ghost' est en cooldown.
[01:03:03] [Serveur] Le groupe 'demon' est en cooldown.
[01:03:03] [Serveur] Le groupe 'ghost' est en cooldown.
[01:03:13] [Serveur] Le groupe 'demon' est en cooldown.
[01:03:13] [Serveur] Le groupe 'ghost' est en cooldown.
[01:03:23] [Serveur] Le groupe 'demon' est en cooldown.
[01:03:23] [Serveur] Le groupe 'ghost' est en cooldown.
[01:03:33] [Serveur] Le groupe 'demon' est en cooldown.
[01:03:33] [Serveur] Le groupe 'ghost' est en cooldown.
[01:03:43] [Serveur] Le groupe 'demon' est en cooldown.
[01:03:43] [Serveur] Le groupe 'ghost' est en cooldown.
[01:03:54] [Serveur] Le groupe 'demon' est en cooldown.
[01:03:54] [Serveur] Le groupe 'ghost' est en cooldown.
[01:04:04] [Serveur] Le groupe 'demon' est en cooldown.
[01:04:04] [Serveur] Le groupe 'ghost' est en cooldown.
[01:04:14] [Serveur] Le groupe 'demon' est en cooldown.
[01:04:14] [Serveur] Le groupe 'ghost' est en cooldown.
[01:04:24] [Serveur] Le groupe 'demon' est en cooldown.
[01:04:24] [Serveur] Le groupe 'ghost' est en cooldown.
[01:04:34] [Serveur] Le groupe 'demon' est en cooldown.
[01:04:34] [Serveur] Le groupe 'ghost' est en cooldown.
[01:04:44] [Serveur] Le groupe 'demon' est en cooldown.
[01:04:44] [Serveur] Le groupe 'ghost' est en cooldown.
[01:04:54] [Serveur] Le groupe 'demon' est en cooldown.
[01:04:54] [Serveur] Le groupe 'ghost' est en cooldown.
[01:05:04] [Serveur] Le groupe 'demon' est en cooldown.
[01:05:04] [Serveur] Le groupe 'ghost' est en cooldown.
[01:05:14] [Serveur] Le groupe 'demon' est en cooldown.
[01:05:14] [Serveur] Le groupe 'ghost' est en cooldown.
[01:05:24] [Serveur] Le groupe 'demon' est en cooldown.
[01:05:24] [Serveur] Le groupe 'ghost' est en cooldown.
[01:05:34] [Serveur] Le groupe 'demon' est en cooldown.
[01:05:34] [Serveur] Le groupe 'ghost' est en cooldown.
[01:05:44] [Serveur] Le groupe 'demon' est en cooldown.
[01:05:44] [Serveur] Le groupe 'ghost' est en cooldown.
[01:05:54] [Serveur] Le groupe 'demon' est en cooldown.
[01:05:54] [Serveur] Le groupe 'ghost' est en cooldown.
[01:06:04] [Serveur] Le groupe 'demon' est en cooldown.
[01:06:04] [Serveur] Le groupe 'ghost' est en cooldown.
[01:06:14] [Serveur] Le groupe 'demon' est en cooldown.
[01:06:14] [Serveur] Le groupe 'ghost' est en cooldown.
[01:06:24] [Serveur] Le groupe 'demon' est en cooldown.
[01:06:24] [Serveur] Le groupe 'ghost' est en cooldown.
[01:06:34] [Serveur] Le groupe 'demon' est en cooldown.
[01:06:34] [Serveur] Le groupe 'ghost' est en cooldown.
[01:06:44] [Serveur] Le groupe 'demon' est en cooldown.
[01:06:44] [Serveur] Le groupe 'ghost' est en cooldown.
[01:06:54] [Serveur] Le groupe 'demon' est en cooldown.
[01:06:54] [Serveur] Le groupe 'ghost' est en cooldown.
[01:07:04] [Serveur] Le groupe 'demon' est en cooldown.
[01:07:04] [Serveur] Le groupe 'ghost' est en cooldown.
[01:07:14] [Serveur] Le groupe 'demon' est en cooldown.
[01:07:14] [Serveur] Le groupe 'ghost' est en cooldown.
[01:07:24] [Serveur] Le groupe 'demon' est en cooldown.
[01:07:24] [Serveur] Le groupe 'ghost' est en cooldown.
[01:07:34] [Serveur] Le groupe 'demon' est en cooldown.
[01:07:34] [Serveur] Le groupe 'ghost' est en cooldown.
[01:07:44] [Serveur] Le groupe 'demon' est en cooldown.
[01:07:44] [Serveur] Le groupe 'ghost' est en cooldown.
[01:07:54] [Serveur] Le groupe 'demon' est en cooldown.
[01:07:54] [Serveur] Le groupe 'ghost' est en cooldown.
[01:08:04] [Serveur] Le groupe 'demon' est en cooldown.
[01:08:04] [Serveur] Le groupe 'ghost' est en cooldown.
[01:08:14] [Serveur] Le groupe 'demon' est en cooldown.
[01:08:14] [Serveur] Le groupe 'ghost' est en cooldown.
[01:08:24] [Serveur] Le groupe 'demon' est en cooldown.
[01:08:24] [Serveur] Le groupe 'ghost' est en cooldown.
[01:08:34] [Serveur] Le groupe 'demon' est en cooldown.
[01:08:34] [Serveur] Le groupe 'ghost' est en cooldown.
[01:08:44] [Serveur] Le groupe 'demon' est en cooldown.
[01:08:44] [Serveur] Le groupe 'ghost' est en cooldown.
[01:08:54] [Serveur] Le groupe 'demon' est en cooldown.
[01:08:54] [Serveur] Le groupe 'ghost' est en cooldown.
[01:09:04] [Serveur] Le groupe 'demon' est en cooldown.
[01:09:04] [Serveur] Le groupe 'ghost' est en cooldown.
[01:09:14] [Serveur] Le groupe 'demon' est en cooldown.
[01:09:14] [Serveur] Le groupe 'ghost' est en cooldown.
[01:09:25] [Serveur] Le groupe 'demon' est en cooldown.
[01:09:25] [Serveur] Le groupe 'ghost' est en cooldown.
[01:09:35] [Serveur] Le groupe 'demon' est en cooldown.
[01:09:35] [Serveur] Le groupe 'ghost' est en cooldown.
[01:09:45] [Serveur] Le groupe 'demon' est en cooldown.
[01:09:45] [Serveur] Le groupe 'ghost' est en cooldown.
[01:09:55] [Serveur] Le groupe 'demon' est en cooldown.
[01:09:55] [Serveur] Le groupe 'ghost' est en cooldown.
[01:10:05] [Serveur] Le groupe 'demon' est en cooldown.
[01:10:05] [Serveur] Le groupe 'ghost' est en cooldown.
[01:10:15] [Serveur] Le groupe 'demon' est en cooldown.
[01:10:15] [Serveur] Le groupe 'ghost' est en cooldown.
[01:10:25] [Serveur] Le groupe 'demon' est en cooldown.
[01:10:25] [Serveur] Le groupe 'ghost' est en cooldown.
[01:10:35] [Serveur] Le groupe 'demon' est en cooldown.
[01:10:35] [Serveur] Le groupe 'ghost' est en cooldown.
[01:10:45] [Serveur] Le groupe 'demon' est en cooldown.
[01:10:45] [Serveur] Le groupe 'ghost' est en cooldown.
[01:10:55] [Serveur] Le groupe 'demon' est en cooldown.
[01:10:55] [Serveur] Le groupe 'ghost' est en cooldown.
[01:11:05] [Serveur] Le groupe 'demon' est en cooldown.
[01:11:05] [Serveur] Le groupe 'ghost' est en cooldown.
[01:11:15] [Serveur] Le groupe 'demon' est en cooldown.
[01:11:15] [Serveur] Le groupe 'ghost' est en cooldown.
[01:11:25] [Serveur] Le groupe 'demon' est en cooldown.
[01:11:25] [Serveur] Le groupe 'ghost' est en cooldown.
[01:11:35] [Serveur] Le groupe 'demon' est en cooldown.
[01:11:35] [Serveur] Le groupe 'ghost' est en cooldown.
[01:11:45] [Serveur] Le groupe 'demon' est en cooldown.
[01:11:45] [Serveur] Le groupe 'ghost' est en cooldown.
[01:11:55] [Serveur] Le groupe 'demon' est en cooldown.
[01:11:55] [Serveur] Le groupe 'ghost' est en cooldown.
[01:12:05] [Serveur] Le groupe 'demon' est en cooldown.
[01:12:05] [Serveur] Le groupe 'ghost' est en cooldown.
[01:12:15] [Serveur] Le groupe 'demon' est en cooldown.
[01:12:15] [Serveur] Le groupe 'ghost' est en cooldown.
[01:12:25] [Serveur] Le groupe 'demon' est en cooldown.
[01:12:25] [Serveur] Le groupe 'ghost' est en cooldown.
[01:12:35] [Serveur] Le groupe 'demon' est en cooldown.
[01:12:35] [Serveur] Le groupe 'ghost' est en cooldown.
[01:12:45] [Serveur] Le groupe 'demon' est en cooldown.
[01:12:45] [Serveur] Le groupe 'ghost' est en cooldown.
[01:12:55] [Serveur] Le groupe 'demon' est en cooldown.
[01:12:55] [Serveur] Le groupe 'ghost' est en cooldown.
[01:13:05] [Serveur] Le groupe 'demon' est en cooldown.
[01:13:05] [Serveur] Le groupe 'ghost' est en cooldown.
[01:13:15] [Serveur] Le groupe 'demon' est en cooldown.
[01:13:15] [Serveur] Le groupe 'ghost' est en cooldown.
[01:13:25] [Serveur] Le groupe 'demon' est en cooldown.
[01:13:25] [Serveur] Le groupe 'ghost' est en cooldown.
[01:13:35] [Serveur] Le groupe 'demon' est en cooldown.
[01:13:35] [Serveur] Le groupe 'ghost' est en cooldown.
[01:13:45] [Serveur] Le groupe 'demon' est en cooldown.
[01:13:45] [Serveur] Le groupe 'ghost' est en cooldown.
[01:13:55] [Serveur] Le groupe 'demon' est en cooldown.
[01:13:55] [Serveur] Le groupe 'ghost' est en cooldown.
[01:14:06] [Serveur] Le groupe 'demon' est en cooldown.
[01:14:06] [Serveur] Le groupe 'ghost' est en cooldown.
[01:14:16] [Serveur] Le groupe 'demon' est en cooldown.
[01:14:16] [Serveur] Le groupe 'ghost' est en cooldown.
[01:14:26] [Serveur] Le groupe 'demon' est en cooldown.
[01:14:26] [Serveur] Le groupe 'ghost' est en cooldown.
[01:14:36] [Serveur] Le groupe 'demon' est en cooldown.
[01:14:36] [Serveur] Le groupe 'ghost' est en cooldown.
[01:14:46] [Serveur] Le groupe 'demon' est en cooldown.
[01:14:46] [Serveur] Le groupe 'ghost' est en cooldown.
[01:14:56] [Serveur] Le groupe 'demon' est en cooldown.
[01:14:56] [Serveur] Le groupe 'ghost' est en cooldown.
[01:15:06] [Serveur] Le groupe 'demon' est en cooldown.
[01:15:06] [Serveur] Le groupe 'ghost' est en cooldown.
[01:15:16] [Serveur] Le groupe 'demon' est en cooldown.
[01:15:16] [Serveur] Le groupe 'ghost' est en cooldown.
[01:15:26] [Serveur] Le groupe 'demon' est en cooldown.
[01:15:26] [Serveur] Le groupe 'ghost' est en cooldown.
[01:15:36] [Serveur] Le groupe 'demon' est en cooldown.
[01:15:36] [Serveur] Le groupe 'ghost' est en cooldown.
[01:15:46] [Serveur] Le groupe 'demon' est en cooldown.
[01:15:46] [Serveur] Le groupe 'ghost' est en cooldown.
[01:15:56] [Serveur] Le groupe 'demon' est en cooldown.
[01:15:56] [Serveur] Le groupe 'ghost' est en cooldown.
[01:16:06] [Serveur] Le groupe 'demon' est en cooldown.
[01:16:06] [Serveur] Le groupe 'ghost' est en cooldown.
[01:16:16] [Serveur] Le groupe 'demon' est en cooldown.
[01:16:16] [Serveur] Le groupe 'ghost' est en cooldown.
[01:16:26] [Serveur] Le groupe 'demon' est en cooldown.
[01:16:26] [Serveur] Le groupe 'ghost' est en cooldown.
[01:16:36] [Serveur] Le groupe 'demon' est en cooldown.
[01:16:36] [Serveur] Le groupe 'ghost' est en cooldown.
[01:16:46] [Serveur] Le groupe 'demon' est en cooldown.
[01:16:46] [Serveur] Le groupe 'ghost' est en cooldown.
[01:16:56] [Serveur] Le groupe 'demon' est en cooldown.
[01:16:56] [Serveur] Le groupe 'ghost' est en cooldown.
[01:17:06] [Serveur] Le groupe 'demon' est en cooldown.
[01:17:06] [Serveur] Le groupe 'ghost' est en cooldown.
[01:17:16] [Serveur] Le groupe 'demon' est en cooldown.
[01:17:16] [Serveur] Le groupe 'ghost' est en cooldown.
[01:17:26] [Serveur] Le groupe 'demon' est en cooldown.
[01:17:26] [Serveur] Le groupe 'ghost' est en cooldown.
[01:17:36] [Serveur] Le groupe 'demon' est en cooldown.
[01:17:36] [Serveur] Le groupe 'ghost' est en cooldown.
[01:17:46] [Serveur] Le groupe 'demon' est en cooldown.
[01:17:46] [Serveur] Le groupe 'ghost' est en cooldown.
[01:17:56] [Serveur] Le groupe 'demon' est en cooldown.
[01:17:56] [Serveur] Le groupe 'ghost' est en cooldown.
[01:18:06] [Serveur] Le groupe 'demon' est en cooldown.
[01:18:06] [Serveur] Le groupe 'ghost' est en cooldown.
[01:18:16] [Serveur] Le groupe 'demon' est en cooldown.
[01:18:16] [Serveur] Le groupe 'ghost' est en cooldown.
[01:18:26] [Serveur] Le groupe 'demon' est en cooldown.
[01:18:26] [Serveur] Le groupe 'ghost' est en cooldown.
[01:18:36] [Serveur] Le groupe 'demon' est en cooldown.
[01:18:36] [Serveur] Le groupe 'ghost' est en cooldown.
[01:18:46] [Serveur] Le groupe 'demon' est en cooldown.
[01:18:46] [Serveur] Le groupe 'ghost' est en cooldown.
[01:18:56] [Serveur] Le groupe 'demon' est en cooldown.
[01:18:56] [Serveur] Le groupe 'ghost' est en cooldown.
[01:19:06] [Serveur] Le groupe 'demon' est en cooldown.
[01:19:06] [Serveur] Le groupe 'ghost' est en cooldown.
[01:19:16] [Serveur] Le groupe 'demon' est en cooldown.
[01:19:16] [Serveur] Le groupe 'ghost' est en cooldown.
[01:19:26] [Serveur] Le groupe 'demon' est en cooldown.
[01:19:27] [Serveur] Le groupe 'ghost' est en cooldown.
[01:19:37] [Serveur] Le groupe 'demon' est en cooldown.
[01:19:37] [Serveur] Le groupe 'ghost' est en cooldown.
[01:19:47] [Serveur] Le groupe 'demon' est en cooldown.
[01:19:47] [Serveur] Le groupe 'ghost' est en cooldown.
[01:19:57] [Serveur] Le groupe 'demon' est en cooldown.
[01:19:57] [Serveur] Le groupe 'ghost' est en cooldown.
[01:20:07] [Serveur] Le groupe 'demon' est en cooldown.
[01:20:07] [Serveur] Le groupe 'ghost' est en cooldown.
[01:20:17] [Serveur] Le groupe 'demon' est en cooldown.
[01:20:17] [Serveur] Le groupe 'ghost' est en cooldown.
[01:20:27] [Serveur] Le groupe 'demon' est en cooldown.
[01:20:27] [Serveur] Le groupe 'ghost' est en cooldown.
[01:20:37] [Serveur] Le groupe 'demon' est en cooldown.
[01:20:37] [Serveur] Le groupe 'ghost' est en cooldown.
[01:20:47] [Serveur] Le groupe 'demon' est en cooldown.
[01:20:47] [Serveur] Le groupe 'ghost' est en cooldown.
[01:20:57] [Serveur] Le groupe 'demon' est en cooldown.
[01:20:57] [Serveur] Le groupe 'ghost' est en cooldown.
[01:21:07] [Serveur] Le groupe 'demon' est en cooldown.
[01:21:07] [Serveur] Le groupe 'ghost' est en cooldown.
[01:21:17] [Serveur] Le groupe 'demon' est en cooldown.
[01:21:17] [Serveur] Le groupe 'ghost' est en cooldown.
[01:21:27] [Serveur] Le groupe 'demon' est en cooldown.
[01:21:27] [Serveur] Le groupe 'ghost' est en cooldown.
[01:21:37] [Serveur] Le groupe 'demon' est en cooldown.
[01:21:37] [Serveur] Le groupe 'ghost' est en cooldown.
[01:21:47] [Serveur] Le groupe 'demon' est en cooldown.
[01:21:47] [Serveur] Le groupe 'ghost' est en cooldown.
[01:21:57] [Serveur] Le groupe 'demon' est en cooldown.
[01:21:57] [Serveur] Le groupe 'ghost' est en cooldown.
[01:22:07] [Serveur] Le groupe 'demon' est en cooldown.
[01:22:07] [Serveur] Le groupe 'ghost' est en cooldown.
[01:22:17] [Serveur] Le groupe 'demon' est en cooldown.
[01:22:17] [Serveur] Le groupe 'ghost' est en cooldown.
[01:22:27] [Serveur] Le groupe 'demon' est en cooldown.
[01:22:27] [Serveur] Le groupe 'ghost' est en cooldown.
[01:22:37] [Serveur] Le groupe 'demon' est en cooldown.
[01:22:37] [Serveur] Le groupe 'ghost' est en cooldown.
[01:22:47] [Serveur] Le groupe 'demon' est en cooldown.
[01:22:47] [Serveur] Le groupe 'ghost' est en cooldown.
[01:22:57] [Serveur] Le groupe 'demon' est en cooldown.
[01:22:57] [Serveur] Le groupe 'ghost' est en cooldown.
[01:23:07] [Serveur] Le groupe 'demon' est en cooldown.
[01:23:07] [Serveur] Le groupe 'ghost' est en cooldown.
[01:23:17] [Serveur] Le groupe 'demon' est en cooldown.
[01:23:17] [Serveur] Le groupe 'ghost' est en cooldown.
[01:23:27] [Serveur] Le groupe 'demon' est en cooldown.
[01:23:27] [Serveur] Le groupe 'ghost' est en cooldown.
[01:23:37] [Serveur] Le groupe 'demon' est en cooldown.
[01:23:37] [Serveur] Le groupe 'ghost' est en cooldown.
[01:23:47] [Serveur] Le groupe 'demon' est en cooldown.
[01:23:47] [Serveur] Le groupe 'ghost' est en cooldown.
[01:23:57] [Serveur] Le groupe 'demon' est en cooldown.
[01:23:57] [Serveur] Le groupe 'ghost' est en cooldown.
[01:24:07] [Serveur] Le groupe 'demon' est en cooldown.
[01:24:07] [Serveur] Le groupe 'ghost' est en cooldown.
[01:24:17] [Serveur] Le groupe 'demon' est en cooldown.
[01:24:17] [Serveur] Le groupe 'ghost' est en cooldown.
[01:24:27] [Serveur] Le groupe 'demon' est en cooldown.
[01:24:27] [Serveur] Le groupe 'ghost' est en cooldown.
[01:24:37] [Serveur] Le groupe 'demon' est en cooldown.
[01:24:37] [Serveur] Le groupe 'ghost' est en cooldown.
[01:24:47] [Serveur] Le groupe 'demon' est en cooldown.
[01:24:47] [Serveur] Le groupe 'ghost' est en cooldown.
[01:24:57] [Serveur] Le groupe 'demon' est en cooldown.
[01:24:57] [Serveur] Le groupe 'ghost' est en cooldown.
[01:25:08] [Serveur] Le groupe 'demon' est en cooldown.
[01:25:08] [Serveur] Le groupe 'ghost' est en cooldown.
[01:25:18] [Serveur] Le groupe 'demon' est en cooldown.
[01:25:18] [Serveur] Le groupe 'ghost' est en cooldown.
[01:25:28] [Serveur] Le groupe 'demon' est en cooldown.
[01:25:28] [Serveur] Le groupe 'ghost' est en cooldown.
[01:25:38] [Serveur] Le groupe 'demon' est en cooldown.
[01:25:38] [Serveur] Le groupe 'ghost' est en cooldown.
[01:25:48] [Serveur] Le groupe 'demon' est en cooldown.
[01:25:48] [Serveur] Le groupe 'ghost' est en cooldown.
[01:25:58] [Serveur] Le groupe 'demon' est en cooldown.
[01:25:58] [Serveur] Le groupe 'ghost' est en cooldown.
[01:26:08] [Serveur] Le groupe 'demon' est en cooldown.
[01:26:08] [Serveur] Le groupe 'ghost' est en cooldown.
[01:26:18] [Serveur] Le groupe 'demon' est en cooldown.
[01:26:18] [Serveur] Le groupe 'ghost' est en cooldown.
[01:26:28] [Serveur] Le groupe 'demon' est en cooldown.
[01:26:28] [Serveur] Le groupe 'ghost' est en cooldown.
[01:26:38] [Serveur] Le groupe 'demon' est en cooldown.
[01:26:38] [Serveur] Le groupe 'ghost' est en cooldown.
[01:26:48] [Serveur] Le groupe 'demon' est en cooldown.
[01:26:48] [Serveur] Le groupe 'ghost' est en cooldown.
[01:26:58] [Serveur] Le groupe 'demon' est en cooldown.
[01:26:58] [Serveur] Le groupe 'ghost' est en cooldown.
[01:27:08] [Serveur] Le groupe 'demon' est en cooldown.
[01:27:08] [Serveur] Le groupe 'ghost' est en cooldown.
[01:27:18] [Serveur] Le groupe 'demon' est en cooldown.
[01:27:18] [Serveur] Le groupe 'ghost' est en cooldown.
[01:27:28] [Serveur] Le groupe 'demon' est en cooldown.
[01:27:28] [Serveur] Le groupe 'ghost' est en cooldown.
[01:27:38] [Serveur] Le groupe 'demon' est en cooldown.
[01:27:38] [Serveur] Le groupe 'ghost' est en cooldown.
[01:27:48] [Serveur] Le groupe 'demon' est en cooldown.
[01:27:48] [Serveur] Le groupe 'ghost' est en cooldown.
[01:27:58] [Serveur] Le groupe 'demon' est en cooldown.
[01:27:58] [Serveur] Le groupe 'ghost' est en cooldown.
[01:28:08] [Serveur] Le groupe 'demon' est en cooldown.
[01:28:08] [Serveur] Le groupe 'ghost' est en cooldown.
[01:28:18] [Serveur] Le groupe 'demon' est en cooldown.
[01:28:18] [Serveur] Le groupe 'ghost' est en cooldown.
[01:28:28] [Serveur] Le groupe 'demon' est en cooldown.
[01:28:28] [Serveur] Le groupe 'ghost' est en cooldown.
[01:28:38] [Serveur] Le groupe 'demon' est en cooldown.
[01:28:38] [Serveur] Le groupe 'ghost' est en cooldown.
[01:28:48] [Serveur] Le groupe 'demon' est en cooldown.
[01:28:48] [Serveur] Le groupe 'ghost' est en cooldown.
[01:28:58] [Serveur] Le groupe 'demon' est en cooldown.
[01:28:58] [Serveur] Le groupe 'ghost' est en cooldown.
[01:29:08] [Serveur] Le groupe 'demon' est en cooldown.
[01:29:08] [Serveur] Le groupe 'ghost' est en cooldown.
[01:29:18] [Serveur] Le groupe 'demon' est en cooldown.
[01:29:18] [Serveur] Le groupe 'ghost' est en cooldown.
[01:29:28] [Serveur] Le groupe 'demon' est en cooldown.
[01:29:28] [Serveur] Le groupe 'ghost' est en cooldown.
[01:29:38] [Serveur] Le groupe 'demon' est en cooldown.
[01:29:38] [Serveur] Le groupe 'ghost' est en cooldown.
[01:29:48] [Serveur] Le groupe 'demon' est en cooldown.
[01:29:48] [Serveur] Le groupe 'ghost' est en cooldown.
[01:29:58] [Serveur] Le groupe 'demon' est en cooldown.
[01:29:58] [Serveur] Le groupe 'ghost' est en cooldown.
[01:30:08] [Serveur] Le groupe 'demon' est en cooldown.
[01:30:08] [Serveur] Le groupe 'ghost' est en cooldown.
[01:30:18] [Serveur] Le groupe 'demon' est en cooldown.
[01:30:18] [Serveur] Le groupe 'ghost' est en cooldown.
[01:30:29] [Serveur] Le groupe 'demon' est en cooldown.
[01:30:29] [Serveur] Le groupe 'ghost' est en cooldown.
[01:30:39] [Serveur] Le groupe 'demon' est en cooldown.
[01:30:39] [Serveur] Le groupe 'ghost' est en cooldown.
[01:30:49] [Serveur] Le groupe 'demon' est en cooldown.
[01:30:49] [Serveur] Le groupe 'ghost' est en cooldown.
[01:30:59] [Serveur] Le groupe 'demon' est en cooldown.
[01:30:59] [Serveur] Le groupe 'ghost' est en cooldown.
[01:31:09] [Serveur] Le groupe 'demon' est en cooldown.
[01:31:09] [Serveur] Le groupe 'ghost' est en cooldown.
[01:31:19] [Serveur] Le groupe 'demon' est en cooldown.
[01:31:19] [Serveur] Le groupe 'ghost' est en cooldown.
[01:31:29] [Serveur] Le groupe 'demon' est en cooldown.
[01:31:29] [Serveur] Le groupe 'ghost' est en cooldown.
[01:31:39] [Serveur] Le groupe 'demon' est en cooldown.
[01:31:39] [Serveur] Le groupe 'ghost' est en cooldown.
[01:31:49] [Serveur] Le groupe 'demon' est en cooldown.
[01:31:49] [Serveur] Le groupe 'ghost' est en cooldown.
[01:31:59] [Serveur] Le groupe 'demon' est en cooldown.
[01:31:59] [Serveur] Le groupe 'ghost' est en cooldown.
[01:32:09] [Serveur] Le groupe 'demon' est en cooldown.
[01:32:09] [Serveur] Le groupe 'ghost' est en cooldown.
[01:32:19] [Serveur] Le groupe 'demon' est en cooldown.
[01:32:19] [Serveur] Le groupe 'ghost' est en cooldown.
[01:32:29] [Serveur] Le groupe 'demon' est en cooldown.
[01:32:29] [Serveur] Le groupe 'ghost' est en cooldown.
[01:32:39] [Serveur] Le groupe 'demon' est en cooldown.
[01:32:39] [Serveur] Le groupe 'ghost' est en cooldown.
[01:32:49] [Serveur] Le groupe 'demon' est en cooldown.
[01:32:49] [Serveur] Le groupe 'ghost' est en cooldown.
[01:32:59] [Serveur] Le groupe 'demon' est en cooldown.
[01:32:59] [Serveur] Le groupe 'ghost' est en cooldown.
[01:33:09] [Serveur] Le groupe 'demon' est en cooldown.
[01:33:09] [Serveur] Le groupe 'ghost' est en cooldown.
[01:33:19] [Serveur] Le groupe 'demon' est en cooldown.
[01:33:19] [Serveur] Le groupe 'ghost' est en cooldown.
[01:33:29] [Serveur] Le groupe 'demon' est en cooldown.
[01:33:29] [Serveur] Le groupe 'ghost' est en cooldown.
[01:33:39] [Serveur] Le groupe 'demon' est en cooldown.
[01:33:39] [Serveur] Le groupe 'ghost' est en cooldown.
[01:33:49] [Serveur] Le groupe 'demon' est en cooldown.
[01:33:49] [Serveur] Le groupe 'ghost' est en cooldown.
[01:33:59] [Serveur] Le groupe 'demon' est en cooldown.
[01:33:59] [Serveur] Le groupe 'ghost' est en cooldown.
[01:34:09] [Serveur] Le groupe 'demon' est en cooldown.
[01:34:09] [Serveur] Le groupe 'ghost' est en cooldown.
[01:34:19] [Serveur] Le groupe 'demon' est en cooldown.
[01:34:19] [Serveur] Le groupe 'ghost' est en cooldown.
[01:34:29] [Serveur] Le groupe 'demon' est en cooldown.
[01:34:29] [Serveur] Le groupe 'ghost' est en cooldown.
[01:34:39] [Serveur] Le groupe 'demon' est en cooldown.
[01:34:39] [Serveur] Le groupe 'ghost' est en cooldown.
[01:34:49] [Serveur] Le groupe 'demon' est en cooldown.
[01:34:49] [Serveur] Le groupe 'ghost' est en cooldown.
[01:34:59] [Serveur] Le groupe 'demon' est en cooldown.
[01:34:59] [Serveur] Le groupe 'ghost' est en cooldown.
[01:35:09] [Serveur] Le groupe 'demon' est en cooldown.
[01:35:09] [Serveur] Le groupe 'ghost' est en cooldown.
[01:35:20] [Serveur] Le groupe 'demon' est en cooldown.
[01:35:20] [Serveur] Le groupe 'ghost' est en cooldown.
[01:35:30] [Serveur] Le groupe 'demon' est en cooldown.
[01:35:30] [Serveur] Le groupe 'ghost' est en cooldown.
[01:35:40] [Serveur] Le groupe 'demon' est en cooldown.
[01:35:40] [Serveur] Le groupe 'ghost' est en cooldown.
[01:35:50] [Serveur] Le groupe 'demon' est en cooldown.
[01:35:50] [Serveur] Le groupe 'ghost' est en cooldown.
[01:36:00] [Serveur] Le groupe 'demon' est en cooldown.
[01:36:00] [Serveur] Le groupe 'ghost' est en cooldown.
[01:36:10] [Serveur] Le groupe 'demon' est en cooldown.
[01:36:10] [Serveur] Le groupe 'ghost' est en cooldown.
[01:36:20] [Serveur] Le groupe 'demon' est en cooldown.
[01:36:20] [Serveur] Le groupe 'ghost' est en cooldown.
[01:36:30] [Serveur] Le groupe 'demon' est en cooldown.
[01:36:30] [Serveur] Le groupe 'ghost' est en cooldown.
[01:36:40] [Serveur] Le groupe 'demon' est en cooldown.
[01:36:40] [Serveur] Le groupe 'ghost' est en cooldown.
[01:36:50] [READY] Groupe ghost peut à nouveau être spawné.
[01:36:50] [Serveur] Le groupe 'demon' est en cooldown.
[01:37:00] [Serveur] Le groupe 'demon' est en cooldown.
[01:37:10] [Serveur] Le groupe 'demon' est en cooldown.
[01:37:20] [Serveur] Le groupe 'demon' est en cooldown.
[01:37:30] [Serveur] Le groupe 'demon' est en cooldown.
[01:37:40] [Serveur] Le groupe 'demon' est en cooldown.
[01:37:50] [Serveur] Le groupe 'demon' est en cooldown.
[01:38:00] [Serveur] Le groupe 'demon' est en cooldown.
[01:38:10] [Serveur] Le groupe 'demon' est en cooldown.
[01:38:20] [Serveur] Le groupe 'demon' est en cooldown.
[01:38:30] [Serveur] Le groupe 'demon' est en cooldown.
[01:38:40] [Serveur] Le groupe 'demon' est en cooldown.
[01:38:50] [Serveur] Le groupe 'demon' est en cooldown.
[01:39:00] [Serveur] Le groupe 'demon' est en cooldown.
[01:39:10] [Serveur] Le groupe 'demon' est en cooldown.
[01:39:20] [Serveur] Le groupe 'demon' est en cooldown.
[01:39:30] [Serveur] Le groupe 'demon' est en cooldown.
[01:39:40] [Serveur] Le groupe 'demon' est en cooldown.
[01:39:50] [Serveur] Le groupe 'demon' est en cooldown.
[01:40:01] [Serveur] Le groupe 'demon' est en cooldown.
[01:40:11] [Serveur] Le groupe 'demon' est en cooldown.
[01:40:21] [Serveur] Le groupe 'demon' est en cooldown.
[01:40:31] [Serveur] Le groupe 'demon' est en cooldown.
[01:40:41] [Serveur] Le groupe 'demon' est en cooldown.
[01:40:51] [Serveur] Le groupe 'demon' est en cooldown.
[01:41:01] [Serveur] Le groupe 'demon' est en cooldown.
[01:41:11] [Serveur] Le groupe 'demon' est en cooldown.
[01:41:21] [Serveur] Le groupe 'demon' est en cooldown.
[01:41:31] [Serveur] Le groupe 'demon' est en cooldown.
[01:41:41] [Serveur] Le groupe 'demon' est en cooldown.
[01:41:51] [Serveur] Le groupe 'demon' est en cooldown.
[01:42:01] [Serveur] Le groupe 'demon' est en cooldown.
[01:42:11] [Serveur] Le groupe 'demon' est en cooldown.
[01:42:21] [Serveur] Le groupe 'demon' est en cooldown.
[01:42:31] [Serveur] Le groupe 'demon' est en cooldown.
[01:42:41] [Serveur] Le groupe 'demon' est en cooldown.
[01:42:51] [Serveur] Le groupe 'demon' est en cooldown.
[01:43:01] [Serveur] Le groupe 'demon' est en cooldown.
[01:43:11] [Serveur] Le groupe 'demon' est en cooldown.
[01:43:21] [Serveur] Le groupe 'demon' est en cooldown.
[01:43:31] [Serveur] Le groupe 'demon' est en cooldown.
[01:43:41] [Serveur] Le groupe 'demon' est en cooldown.
[01:43:51] [Serveur] Le groupe 'demon' est en cooldown.
[01:44:01] [Serveur] Le groupe 'demon' est en cooldown.
[01:44:11] [Serveur] Le groupe 'demon' est en cooldown.
[01:44:21] [Serveur] Le groupe 'demon' est en cooldown.
[01:44:31] [Serveur] Le groupe 'demon' est en cooldown.
[01:44:41] [Serveur] Le groupe 'demon' est en cooldown.
[01:44:52] [Serveur] Le groupe 'demon' est en cooldown.
[01:45:02] [Serveur] Le groupe 'demon' est en cooldown.
[01:45:12] [Serveur] Le groupe 'demon' est en cooldown.
[01:45:22] [Serveur] Le groupe 'demon' est en cooldown.
[01:45:32] [Serveur] Le groupe 'demon' est en cooldown.
[01:45:42] [Serveur] Le groupe 'demon' est en cooldown.
[01:45:52] [Serveur] Le groupe 'demon' est en cooldown.
[01:46:02] [Serveur] Le groupe 'demon' est en cooldown.
[01:46:12] [Serveur] Le groupe 'demon' est en cooldown.
[01:46:22] [Serveur] Le groupe 'demon' est en cooldown.
[01:46:32] [Serveur] Le groupe 'demon' est en cooldown.
[01:46:42] [Serveur] Le groupe 'demon' est en cooldown.
[01:46:52] [Serveur] Le groupe 'demon' est en cooldown.
[01:47:02] [Serveur] Le groupe 'demon' est en cooldown.
[01:47:12] [Serveur] Le groupe 'demon' est en cooldown.
[01:47:22] [Serveur] Le groupe 'demon' est en cooldown.
[01:47:32] [Serveur] Le groupe 'demon' est en cooldown.
[01:47:42] [Serveur] Le groupe 'demon' est en cooldown.
[01:47:52] [Serveur] Le groupe 'demon' est en cooldown.
[01:48:02] [Serveur] Le groupe 'demon' est en cooldown.
[01:48:12] [Serveur] Le groupe 'demon' est en cooldown.
[01:48:22] [Serveur] Le groupe 'demon' est en cooldown.
[01:48:32] [Serveur] Le groupe 'demon' est en cooldown.
[01:48:42] [Serveur] Le groupe 'demon' est en cooldown.
[01:48:52] [Serveur] Le groupe 'demon' est en cooldown.
[01:49:02] [Serveur] Le groupe 'demon' est en cooldown.
[01:49:12] [Serveur] Le groupe 'demon' est en cooldown.
[01:49:22] [Serveur] Le groupe 'demon' est en cooldown.
[01:49:32] [Serveur] Le groupe 'demon' est en cooldown.
[01:49:42] [Serveur] Le groupe 'demon' est en cooldown.
[01:49:52] [Serveur] Le groupe 'demon' est en cooldown.
[01:50:02] [Serveur] Le groupe 'demon' est en cooldown.
[01:50:12] [Serveur] Le groupe 'demon' est en cooldown.
[01:50:22] [Serveur] Le groupe 'demon' est en cooldown.
[01:50:32] [Serveur] Le groupe 'demon' est en cooldown.
[01:50:43] [Serveur] Le groupe 'demon' est en cooldown.
[01:50:53] [Serveur] Le groupe 'demon' est en cooldown.
[01:51:03] [Serveur] Le groupe 'demon' est en cooldown.
[01:51:13] [Serveur] Le groupe 'demon' est en cooldown.
[01:51:23] [Serveur] Le groupe 'demon' est en cooldown.
[01:51:33] [Serveur] Le groupe 'demon' est en cooldown.
[01:51:43] [Serveur] Le groupe 'demon' est en cooldown.
[01:51:53] [Serveur] Le groupe 'demon' est en cooldown.
[01:52:03] [Serveur] Le groupe 'demon' est en cooldown.
[01:52:13] [Serveur] Le groupe 'demon' est en cooldown.
[01:52:23] [Serveur] Le groupe 'demon' est en cooldown.
[01:52:33] [Serveur] Le groupe 'demon' est en cooldown.
[01:52:43] [Serveur] Le groupe 'demon' est en cooldown.
[01:52:53] [Serveur] Le groupe 'demon' est en cooldown.
[01:53:03] [Serveur] Le groupe 'demon' est en cooldown.
[01:53:13] [Serveur] Le groupe 'demon' est en cooldown.
[01:53:23] [Serveur] Le groupe 'demon' est en cooldown.
[01:53:33] [Serveur] Le groupe 'demon' est en cooldown.
[01:53:43] [Serveur] Le groupe 'demon' est en cooldown.
[01:53:53] [Serveur] Le groupe 'demon' est en cooldown.
[01:54:03] [Serveur] Le groupe 'demon' est en cooldown.
[01:54:13] [Serveur] Le groupe 'demon' est en cooldown.
[01:54:19] [READY] Groupe demon peut à nouveau être spawné.
