[00:00:00] [CHECK] Joueur 1 est à 5193.39 mètres du groupe demon
[00:00:00] [CHECK] Joueur 1 est à 2786.18 mètres du groupe ghost
[00:00:00] [CHECK] Joueur 1 est à 1791.68 mètres du groupe rude
[00:00:00] [CHECK] Joueur 1 est à 968.86 mètres du groupe facile
[00:00:10] [CHECK] Joueur 1 est à 5193.39 mètres du groupe demon
[00:00:10] [CHECK] Joueur 1 est à 2786.18 mètres du groupe ghost
[00:00:10] [CHECK] Joueur 1 est à 1791.68 mètres du groupe rude
[00:00:10] [CHECK] Joueur 1 est à 968.86 mètres du groupe facile
[00:00:21] [CHECK] Joueur 1 est à 5193.39 mètres du groupe demon
[00:00:21] [CHECK] Joueur 1 est à 2786.18 mètres du groupe ghost
[00:00:21] [CHECK] Joueur 1 est à 1791.68 mètres du groupe rude
[00:00:21] [CHECK] Joueur 1 est à 968.86 mètres du groupe facile
[00:00:31] [CHECK] Joueur 1 est à 5193.39 mètres du groupe demon
[00:00:31] [CHECK] Joueur 1 est à 2786.18 mètres du groupe ghost
[00:00:31] [CHECK] Joueur 1 est à 1791.68 mètres du groupe rude
[00:00:31] [CHECK] Joueur 1 est à 968.86 mètres du groupe facile
[00:00:41] [CHECK] Joueur 1 est à 5193.39 mètres du groupe demon
[00:00:41] [CHECK] Joueur 1 est à 2786.18 mètres du groupe ghost
[00:00:41] [CHECK] Joueur 1 est à 1791.68 mètres du groupe rude
[00:00:41] [CHECK] Joueur 1 est à 968.86 mètres du groupe facile
[00:00:51] [CHECK] Joueur 1 est à 5193.39 mètres du groupe demon
[00:00:51] [CHECK] Joueur 1 est à 2786.18 mètres du groupe ghost
[00:00:51] [CHECK] Joueur 1 est à 1791.68 mètres du groupe rude
[00:00:51] [CHECK] Joueur 1 est à 968.86 mètres du groupe facile
[00:01:01] [CHECK] Joueur 1 est à 5193.39 mètres du groupe demon
[00:01:01] [CHECK] Joueur 1 est à 2786.18 mètres du groupe ghost
[00:01:01] [CHECK] Joueur 1 est à 1791.68 mètres du groupe rude
[00:01:01] [CHECK] Joueur 1 est à 968.86 mètres du groupe facile
[00:01:11] [CHECK] Joueur 1 est à 5193.39 mètres du groupe demon
[00:01:11] [CHECK] Joueur 1 est à 2786.18 mètres du groupe ghost
[00:01:11] [CHECK] Joueur 1 est à 1791.68 mètres du groupe rude
[00:01:11] [CHECK] Joueur 1 est à 968.86 mètres du groupe facile
[00:01:21] [CHECK] Joueur 1 est à 5193.39 mètres du groupe demon
[00:01:21] [CHECK] Joueur 1 est à 2786.18 mètres du groupe ghost
[00:01:21] [CHECK] Joueur 1 est à 1791.68 mètres du groupe rude
[00:01:21] [CHECK] Joueur 1 est à 968.86 mètres du groupe facile
[00:01:31] [CHECK] Joueur 1 est à 5193.39 mètres du groupe demon
[00:01:31] [CHECK] Joueur 1 est à 2786.18 mètres du groupe ghost
[00:01:31] [CHECK] Joueur 1 est à 1791.68 mètres du groupe rude
[00:01:31] [CHECK] Joueur 1 est à 968.86 mètres du groupe facile
[00:01:41] [CHECK] Joueur 1 est à 5193.39 mètres du groupe demon
[00:01:41] [CHECK] Joueur 1 est à 2786.18 mètres du groupe ghost
[00:01:41] [CHECK] Joueur 1 est à 1791.68 mètres du groupe rude
[00:01:41] [CHECK] Joueur 1 est à 968.86 mètres du groupe facile
[00:01:51] [CHECK] Joueur 1 est à 5193.39 mètres du groupe demon
[00:01:51] [CHECK] Joueur 1 est à 2786.18 mètres du groupe ghost
[00:01:51] [CHECK] Joueur 1 est à 1791.68 mètres du groupe rude
[00:01:51] [CHECK] Joueur 1 est à 968.86 mètres du groupe facile
[00:02:01] [CHECK] Joueur 1 est à 5193.39 mètres du groupe demon
[00:02:01] [CHECK] Joueur 1 est à 2786.18 mètres du groupe ghost
[00:02:01] [CHECK] Joueur 1 est à 1791.68 mètres du groupe rude
[00:02:01] [CHECK] Joueur 1 est à 968.86 mètres du groupe facile
[00:02:11] [CHECK] Joueur 1 est à 5193.39 mètres du groupe demon
[00:02:11] [CHECK] Joueur 1 est à 2786.18 mètres du groupe ghost
[00:02:11] [CHECK] Joueur 1 est à 1791.68 mètres du groupe rude
[00:02:11] [CHECK] Joueur 1 est à 968.86 mètres du groupe facile
[00:02:21] [CHECK] Joueur 1 est à 5193.39 mètres du groupe demon
[00:02:21] [CHECK] Joueur 1 est à 2786.18 mètres du groupe ghost
[00:02:21] [CHECK] Joueur 1 est à 1791.68 mètres du groupe rude
[00:02:21] [CHECK] Joueur 1 est à 968.86 mètres du groupe facile
[00:02:31] [CHECK] Joueur 1 est à 5193.39 mètres du groupe demon
[00:02:31] [CHECK] Joueur 1 est à 2786.18 mètres du groupe ghost
[00:02:31] [CHECK] Joueur 1 est à 1791.68 mètres du groupe rude
[00:02:31] [CHECK] Joueur 1 est à 968.86 mètres du groupe facile
[00:02:41] [CHECK] Joueur 1 est à 5193.39 mètres du groupe demon
[00:02:41] [CHECK] Joueur 1 est à 2786.18 mètres du groupe ghost
[00:02:42] [CHECK] Joueur 1 est à 1791.68 mètres du groupe rude
[00:02:42] [CHECK] Joueur 1 est à 968.86 mètres du groupe facile
[00:02:52] [CHECK] Joueur 1 est à 5193.39 mètres du groupe demon
[00:02:52] [CHECK] Joueur 1 est à 2786.18 mètres du groupe ghost
[00:02:52] [CHECK] Joueur 1 est à 1791.68 mètres du groupe rude
[00:02:52] [CHECK] Joueur 1 est à 968.86 mètres du groupe facile
[00:03:02] [CHECK] Joueur 1 est à 5193.39 mètres du groupe demon
[00:03:02] [CHECK] Joueur 1 est à 2786.18 mètres du groupe ghost
[00:03:02] [CHECK] Joueur 1 est à 1791.68 mètres du groupe rude
[00:03:02] [CHECK] Joueur 1 est à 968.86 mètres du groupe facile
[00:03:12] [CHECK] Joueur 1 est à 5193.39 mètres du groupe demon
[00:03:12] [CHECK] Joueur 1 est à 2786.18 mètres du groupe ghost
[00:03:12] [CHECK] Joueur 1 est à 1791.68 mètres du groupe rude
[00:03:12] [CHECK] Joueur 1 est à 968.86 mètres du groupe facile
[00:03:22] [CHECK] Joueur 1 est à 5193.39 mètres du groupe demon
[00:03:22] [CHECK] Joueur 1 est à 2786.18 mètres du groupe ghost
[00:03:22] [CHECK] Joueur 1 est à 1791.68 mètres du groupe rude
[00:03:22] [CHECK] Joueur 1 est à 968.86 mètres du groupe facile
[00:03:32] [CHECK] Joueur 1 est à 5193.39 mètres du groupe demon
[00:03:32] [CHECK] Joueur 1 est à 2786.18 mètres du groupe ghost
[00:03:32] [CHECK] Joueur 1 est à 1791.68 mètres du groupe rude
[00:03:32] [CHECK] Joueur 1 est à 968.86 mètres du groupe facile
[00:03:42] [CHECK] Joueur 1 est à 5193.39 mètres du groupe demon
[00:03:42] [CHECK] Joueur 1 est à 2786.18 mètres du groupe ghost
[00:03:42] [CHECK] Joueur 1 est à 1791.68 mètres du groupe rude
[00:03:42] [CHECK] Joueur 1 est à 968.86 mètres du groupe facile
[00:03:52] [CHECK] Joueur 1 est à 5193.39 mètres du groupe demon
[00:03:52] [CHECK] Joueur 1 est à 2786.18 mètres du groupe ghost
[00:03:52] [CHECK] Joueur 1 est à 1791.68 mètres du groupe rude
[00:03:52] [CHECK] Joueur 1 est à 968.86 mètres du groupe facile
[00:04:02] [CHECK] Joueur 1 est à 5193.39 mètres du groupe demon
[00:04:02] [CHECK] Joueur 1 est à 2786.18 mètres du groupe ghost
[00:04:02] [CHECK] Joueur 1 est à 1791.68 mètres du groupe rude
[00:04:02] [CHECK] Joueur 1 est à 968.86 mètres du groupe facile
[00:04:12] [CHECK] Joueur 1 est à 5193.39 mètres du groupe demon
[00:04:12] [CHECK] Joueur 1 est à 2786.18 mètres du groupe ghost
[00:04:12] [CHECK] Joueur 1 est à 1791.68 mètres du groupe rude
[00:04:12] [CHECK] Joueur 1 est à 968.86 mètres du groupe facile
[00:04:22] [CHECK] Joueur 1 est à 5193.39 mètres du groupe demon
[00:04:22] [CHECK] Joueur 1 est à 2786.18 mètres du groupe ghost
[00:04:22] [CHECK] Joueur 1 est à 1791.68 mètres du groupe rude
[00:04:22] [CHECK] Joueur 1 est à 968.86 mètres du groupe facile
[00:04:32] [CHECK] Joueur 1 est à 5193.39 mètres du groupe demon
[00:04:32] [CHECK] Joueur 1 est à 2786.18 mètres du groupe ghost
[00:04:32] [CHECK] Joueur 1 est à 1791.68 mètres du groupe rude
[00:04:32] [CHECK] Joueur 1 est à 968.86 mètres du groupe facile
[00:04:42] [CHECK] Joueur 1 est à 5193.39 mètres du groupe demon
[00:04:42] [CHECK] Joueur 1 est à 2786.18 mètres du groupe ghost
[00:04:42] [CHECK] Joueur 1 est à 1791.68 mètres du groupe rude
[00:04:42] [CHECK] Joueur 1 est à 968.86 mètres du groupe facile
[00:04:52] [CHECK] Joueur 1 est à 5193.39 mètres du groupe demon
[00:04:52] [CHECK] Joueur 1 est à 2786.18 mètres du groupe ghost
[00:04:52] [CHECK] Joueur 1 est à 1791.68 mètres du groupe rude
[00:04:52] [CHECK] Joueur 1 est à 968.86 mètres du groupe facile
[00:05:02] [CHECK] Joueur 1 est à 5193.39 mètres du groupe demon
[00:05:02] [CHECK] Joueur 1 est à 2786.18 mètres du groupe ghost
[00:05:02] [CHECK] Joueur 1 est à 1791.68 mètres du groupe rude
[00:05:02] [CHECK] Joueur 1 est à 968.86 mètres du groupe facile
[00:05:13] [CHECK] Joueur 1 est à 5193.39 mètres du groupe demon
[00:05:13] [CHECK] Joueur 1 est à 2786.18 mètres du groupe ghost
[00:05:13] [CHECK] Joueur 1 est à 1791.68 mètres du groupe rude
[00:05:13] [CHECK] Joueur 1 est à 968.86 mètres du groupe facile
[00:05:23] [CHECK] Joueur 1 est à 5276.57 mètres du groupe demon
[00:05:23] [CHECK] Joueur 1 est à 3080.98 mètres du groupe ghost
[00:05:23] [CHECK] Joueur 1 est à 1501.25 mètres du groupe rude
[00:05:23] [CHECK] Joueur 1 est à 1122.99 mètres du groupe facile
[00:05:33] [CHECK] Joueur 1 est à 5337.52 mètres du groupe demon
[00:05:33] [CHECK] Joueur 1 est à 3200.34 mètres du groupe ghost
[00:05:33] [CHECK] Joueur 1 est à 1437.35 mètres du groupe rude
[00:05:33] [CHECK] Joueur 1 est à 1176.84 mètres du groupe facile
[00:05:43] [CHECK] Joueur 1 est à 5337.52 mètres du groupe demon
[00:05:43] [CHECK] Joueur 1 est à 3200.34 mètres du groupe ghost
[00:05:43] [CHECK] Joueur 1 est à 1437.35 mètres du groupe rude
[00:05:43] [CHECK] Joueur 1 est à 1176.84 mètres du groupe facile
[00:08:33] [CHECK] Joueur 1 est à 2442.54 mètres du groupe rude
[00:08:33] [CHECK] Joueur 1 est à 5941.43 mètres du groupe demon
[00:08:33] [CHECK] Joueur 1 est à 3268.39 mètres du groupe ghost
[00:08:33] [CHECK] Joueur 1 est à 178.88 mètres du groupe facile
[00:08:44] [CHECK] Joueur 1 est à 2442.54 mètres du groupe rude
[00:08:44] [CHECK] Joueur 1 est à 5941.43 mètres du groupe demon
[00:08:44] [CHECK] Joueur 1 est à 3268.39 mètres du groupe ghost
[00:08:44] [CHECK] Joueur 1 est à 178.88 mètres du groupe facile
[00:08:54] [CHECK] Joueur 1 est à 1437.63 mètres du groupe rude
[00:08:54] [CHECK] Joueur 1 est à 5337.34 mètres du groupe demon
[00:08:54] [CHECK] Joueur 1 est à 3199.88 mètres du groupe ghost
[00:08:54] [CHECK] Joueur 1 est à 1176.51 mètres du groupe facile
[00:09:04] [CHECK] Joueur 1 est à 1485.94 mètres du groupe rude
[00:09:04] [CHECK] Joueur 1 est à 5298.23 mètres du groupe demon
[00:09:04] [CHECK] Joueur 1 est à 3117.23 mètres du groupe ghost
[00:09:04] [CHECK] Joueur 1 est à 1133.88 mètres du groupe facile
[00:09:14] [CHECK] Joueur 1 est à 1635.06 mètres du groupe rude
[00:09:14] [CHECK] Joueur 1 est à 5188.21 mètres du groupe demon
[00:09:14] [CHECK] Joueur 1 est à 2887.55 mètres du groupe ghost
[00:09:14] [CHECK] Joueur 1 est à 1059.87 mètres du groupe facile
[00:09:24] [CHECK] Joueur 1 est à 1642.01 mètres du groupe rude
[00:09:24] [CHECK] Joueur 1 est à 5085.68 mètres du groupe demon
[00:09:24] [CHECK] Joueur 1 est à 2773.52 mètres du groupe ghost
[00:09:24] [CHECK] Joueur 1 est à 1116.64 mètres du groupe facile
[00:09:34] [CHECK] Joueur 1 est à 1637.36 mètres du groupe rude
[00:09:34] [CHECK] Joueur 1 est à 5087.13 mètres du groupe demon
[00:09:34] [CHECK] Joueur 1 est à 2778.06 mètres du groupe ghost
[00:09:34] [CHECK] Joueur 1 est à 1118.54 mètres du groupe facile
[00:09:44] [CHECK] Joueur 1 est à 1637.36 mètres du groupe rude
[00:09:44] [CHECK] Joueur 1 est à 5087.13 mètres du groupe demon
[00:09:44] [CHECK] Joueur 1 est à 2778.06 mètres du groupe ghost
[00:09:44] [CHECK] Joueur 1 est à 1118.54 mètres du groupe facile
[00:09:54] [CHECK] Joueur 1 est à 1658.43 mètres du groupe rude
[00:09:54] [CHECK] Joueur 1 est à 5076.57 mètres du groupe demon
[00:09:54] [CHECK] Joueur 1 est à 2752.51 mètres du groupe ghost
[00:09:54] [CHECK] Joueur 1 est à 1114.93 mètres du groupe facile
[00:11:52] [CHECK] Joueur 1 est à 5941.43 mètres du groupe demon
[00:11:52] [CHECK] Joueur 1 est à 3268.39 mètres du groupe ghost
[00:11:52] [CHECK] Joueur 1 est à 178.88 mètres du groupe facile
[00:11:52] [CHECK] Joueur 1 est à 2442.54 mètres du groupe rude
[00:12:02] [CHECK] Joueur 1 est à 5941.43 mètres du groupe demon
[00:12:02] [CHECK] Joueur 1 est à 3268.39 mètres du groupe ghost
[00:12:02] [CHECK] Joueur 1 est à 178.88 mètres du groupe facile
[00:12:02] [CHECK] Joueur 1 est à 2442.54 mètres du groupe rude
[00:12:12] [CHECK] Joueur 1 est à 5076.56 mètres du groupe demon
[00:12:12] [CHECK] Joueur 1 est à 2752.56 mètres du groupe ghost
[00:12:12] [CHECK] Joueur 1 est à 1114.96 mètres du groupe facile
[00:12:12] [CHECK] Joueur 1 est à 1658.31 mètres du groupe rude
[00:12:22] [CHECK] Joueur 1 est à 5076.56 mètres du groupe demon
[00:12:22] [CHECK] Joueur 1 est à 2752.56 mètres du groupe ghost
[00:12:22] [CHECK] Joueur 1 est à 1114.96 mètres du groupe facile
[00:12:22] [CHECK] Joueur 1 est à 1658.31 mètres du groupe rude
[00:12:32] [CHECK] Joueur 1 est à 5076.56 mètres du groupe demon
[00:12:32] [CHECK] Joueur 1 est à 2752.56 mètres du groupe ghost
[00:12:32] [CHECK] Joueur 1 est à 1114.96 mètres du groupe facile
[00:12:32] [CHECK] Joueur 1 est à 1658.31 mètres du groupe rude
[00:12:43] [CHECK] Joueur 1 est à 5076.55 mètres du groupe demon
[00:12:43] [CHECK] Joueur 1 est à 2752.55 mètres du groupe ghost
[00:12:43] [CHECK] Joueur 1 est à 1114.97 mètres du groupe facile
[00:12:43] [CHECK] Joueur 1 est à 1658.30 mètres du groupe rude
[00:12:53] [CHECK] Joueur 1 est à 5073.89 mètres du groupe demon
[00:12:53] [CHECK] Joueur 1 est à 2700.47 mètres du groupe ghost
[00:12:53] [CHECK] Joueur 1 est à 1109.25 mètres du groupe facile
[00:12:53] [CHECK] Joueur 1 est à 1711.63 mètres du groupe rude
[00:13:03] [CHECK] Joueur 1 est à 5212.24 mètres du groupe demon
[00:13:03] [CHECK] Joueur 1 est à 2781.30 mètres du groupe ghost
[00:13:03] [CHECK] Joueur 1 est à 938.48 mètres du groupe facile
[00:13:03] [CHECK] Joueur 1 est à 1829.40 mètres du groupe rude
[00:13:13] [CHECK] Joueur 1 est à 5221.42 mètres du groupe demon
[00:13:13] [CHECK] Joueur 1 est à 2798.01 mètres du groupe ghost
[00:13:13] [CHECK] Joueur 1 est à 936.16 mètres du groupe facile
[00:13:13] [CHECK] Joueur 1 est à 1819.78 mètres du groupe rude
[00:13:23] [CHECK] Joueur 1 est à 5212.76 mètres du groupe demon
[00:13:23] [CHECK] Joueur 1 est à 2785.14 mètres du groupe ghost
[00:13:23] [CHECK] Joueur 1 est à 940.17 mètres du groupe facile
[00:13:23] [CHECK] Joueur 1 est à 1824.83 mètres du groupe rude
[00:13:33] [CHECK] Joueur 1 est à 5219.94 mètres du groupe demon
[00:13:33] [CHECK] Joueur 1 est à 2788.50 mètres du groupe ghost
[00:13:33] [CHECK] Joueur 1 est à 932.00 mètres du groupe facile
[00:13:33] [CHECK] Joueur 1 est à 1831.48 mètres du groupe rude
[00:13:43] [CHECK] Joueur 1 est à 5219.94 mètres du groupe demon
[00:13:43] [CHECK] Joueur 1 est à 2788.50 mètres du groupe ghost
[00:13:43] [CHECK] Joueur 1 est à 932.00 mètres du groupe facile
[00:13:43] [CHECK] Joueur 1 est à 1831.48 mètres du groupe rude
[00:13:53] [CHECK] Joueur 1 est à 5219.94 mètres du groupe demon
[00:13:53] [CHECK] Joueur 1 est à 2788.50 mètres du groupe ghost
[00:13:53] [CHECK] Joueur 1 est à 932.00 mètres du groupe facile
[00:13:53] [CHECK] Joueur 1 est à 1831.48 mètres du groupe rude
[00:14:03] [CHECK] Joueur 1 est à 5219.94 mètres du groupe demon
[00:14:03] [CHECK] Joueur 1 est à 2788.50 mètres du groupe ghost
[00:14:03] [CHECK] Joueur 1 est à 932.00 mètres du groupe facile
[00:14:03] [CHECK] Joueur 1 est à 1831.48 mètres du groupe rude
[00:14:13] [CHECK] Joueur 1 est à 5219.94 mètres du groupe demon
[00:14:13] [CHECK] Joueur 1 est à 2788.50 mètres du groupe ghost
[00:14:13] [CHECK] Joueur 1 est à 932.00 mètres du groupe facile
[00:14:13] [CHECK] Joueur 1 est à 1831.48 mètres du groupe rude
[00:14:23] [CHECK] Joueur 1 est à 5215.05 mètres du groupe demon
[00:14:23] [CHECK] Joueur 1 est à 2790.90 mètres du groupe ghost
[00:14:23] [CHECK] Joueur 1 est à 940.68 mètres du groupe facile
[00:14:23] [CHECK] Joueur 1 est à 1819.91 mètres du groupe rude
[00:14:33] [CHECK] Joueur 1 est à 5215.05 mètres du groupe demon
[00:14:33] [CHECK] Joueur 1 est à 2790.90 mètres du groupe ghost
[00:14:34] [CHECK] Joueur 1 est à 940.68 mètres du groupe facile
[00:14:34] [CHECK] Joueur 1 est à 1819.91 mètres du groupe rude
[00:14:44] [CHECK] Joueur 1 est à 5215.05 mètres du groupe demon
[00:14:44] [CHECK] Joueur 1 est à 2790.90 mètres du groupe ghost
[00:14:44] [CHECK] Joueur 1 est à 940.68 mètres du groupe facile
[00:14:44] [CHECK] Joueur 1 est à 1819.91 mètres du groupe rude
[00:14:54] [CHECK] Joueur 1 est à 5215.05 mètres du groupe demon
[00:14:54] [CHECK] Joueur 1 est à 2790.90 mètres du groupe ghost
[00:14:54] [CHECK] Joueur 1 est à 940.68 mètres du groupe facile
[00:14:54] [CHECK] Joueur 1 est à 1819.91 mètres du groupe rude
[00:15:04] [CHECK] Joueur 1 est à 5216.95 mètres du groupe demon
[00:15:04] [CHECK] Joueur 1 est à 2789.85 mètres du groupe ghost
[00:15:04] [CHECK] Joueur 1 est à 937.22 mètres du groupe facile
[00:15:04] [CHECK] Joueur 1 est à 1824.60 mètres du groupe rude
[00:15:14] [CHECK] Joueur 1 est à 5217.39 mètres du groupe demon
[00:15:14] [CHECK] Joueur 1 est à 2789.71 mètres du groupe ghost
[00:15:14] [CHECK] Joueur 1 est à 936.49 mètres du groupe facile
[00:15:14] [CHECK] Joueur 1 est à 1825.53 mètres du groupe rude
[00:15:24] [CHECK] Joueur 1 est à 5216.54 mètres du groupe demon
[00:15:24] [CHECK] Joueur 1 est à 2787.94 mètres du groupe ghost
[00:15:24] [CHECK] Joueur 1 est à 936.57 mètres du groupe facile
[00:15:24] [CHECK] Joueur 1 est à 1826.75 mètres du groupe rude
[00:15:34] [CHECK] Joueur 1 est à 5222.68 mètres du groupe demon
[00:15:34] [CHECK] Joueur 1 est à 2792.06 mètres du groupe ghost
[00:15:34] [CHECK] Joueur 1 est à 930.38 mètres du groupe facile
[00:15:34] [CHECK] Joueur 1 est à 1830.67 mètres du groupe rude
[00:15:44] [CHECK] Joueur 1 est à 5226.31 mètres du groupe demon
[00:15:44] [CHECK] Joueur 1 est à 2795.33 mètres du groupe ghost
[00:15:44] [CHECK] Joueur 1 est à 927.27 mètres du groupe facile
[00:15:44] [CHECK] Joueur 1 est à 1831.69 mètres du groupe rude
[00:15:54] [CHECK] Joueur 1 est à 5227.74 mètres du groupe demon
[00:15:54] [CHECK] Joueur 1 est à 2798.18 mètres du groupe ghost
[00:15:54] [CHECK] Joueur 1 est à 927.09 mètres du groupe facile
[00:15:54] [CHECK] Joueur 1 est à 1829.91 mètres du groupe rude
[00:16:04] [CHECK] Joueur 1 est à 5220.02 mètres du groupe demon
[00:16:04] [CHECK] Joueur 1 est à 2784.70 mètres du groupe ghost
[00:16:04] [CHECK] Joueur 1 est à 929.49 mètres du groupe facile
[00:16:04] [CHECK] Joueur 1 est à 1837.21 mètres du groupe rude
[00:16:15] [CHECK] Joueur 1 est à 5214.58 mètres du groupe demon
[00:16:15] [CHECK] Joueur 1 est à 2785.97 mètres du groupe ghost
[00:16:15] [CHECK] Joueur 1 est à 938.12 mètres du groupe facile
[00:16:15] [CHECK] Joueur 1 est à 1826.33 mètres du groupe rude
[00:16:25] [CHECK] Joueur 1 est à 5199.10 mètres du groupe demon
[00:16:25] [CHECK] Joueur 1 est à 2773.64 mètres du groupe ghost
[00:16:25] [CHECK] Joueur 1 est à 952.43 mètres du groupe facile
[00:16:25] [CHECK] Joueur 1 est à 1819.48 mètres du groupe rude
[00:16:35] [CHECK] Joueur 1 est à 5199.32 mètres du groupe demon
[00:16:35] [CHECK] Joueur 1 est à 2774.72 mètres du groupe ghost
[00:16:35] [CHECK] Joueur 1 est à 952.77 mètres du groupe facile
[00:16:35] [CHECK] Joueur 1 est à 1818.27 mètres du groupe rude
[00:16:45] [CHECK] Joueur 1 est à 5201.23 mètres du groupe demon
[00:16:45] [CHECK] Joueur 1 est à 2780.59 mètres du groupe ghost
[00:16:45] [CHECK] Joueur 1 est à 953.82 mètres du groupe facile
[00:16:45] [CHECK] Joueur 1 est à 1812.68 mètres du groupe rude
[00:16:55] [CHECK] Joueur 1 est à 5203.04 mètres du groupe demon
[00:16:55] [CHECK] Joueur 1 est à 2785.20 mètres du groupe ghost
[00:16:55] [CHECK] Joueur 1 est à 954.25 mètres du groupe facile
[00:16:55] [CHECK] Joueur 1 est à 1808.78 mètres du groupe rude
[00:17:05] [CHECK] Joueur 1 est à 5205.63 mètres du groupe demon
[00:17:05] [CHECK] Joueur 1 est à 2786.11 mètres du groupe ghost
[00:17:05] [CHECK] Joueur 1 est à 951.16 mètres du groupe facile
[00:17:05] [CHECK] Joueur 1 est à 1811.73 mètres du groupe rude
[00:17:16] [CHECK] Joueur 1 est à 5218.97 mètres du groupe demon
[00:17:16] [CHECK] Joueur 1 est à 2790.90 mètres du groupe ghost
[00:17:16] [CHECK] Joueur 1 est à 935.00 mètres du groupe facile
[00:17:16] [CHECK] Joueur 1 est à 1826.33 mètres du groupe rude
[00:17:26] [CHECK] Joueur 1 est à 5218.97 mètres du groupe demon
[00:17:26] [CHECK] Joueur 1 est à 2790.90 mètres du groupe ghost
[00:17:26] [CHECK] Joueur 1 est à 935.00 mètres du groupe facile
[00:17:26] [CHECK] Joueur 1 est à 1826.33 mètres du groupe rude
[00:17:36] [CHECK] Joueur 1 est à 5218.97 mètres du groupe demon
[00:17:36] [CHECK] Joueur 1 est à 2790.90 mètres du groupe ghost
[00:17:36] [CHECK] Joueur 1 est à 935.00 mètres du groupe facile
[00:17:36] [CHECK] Joueur 1 est à 1826.33 mètres du groupe rude
[00:17:46] [CHECK] Joueur 1 est à 5218.97 mètres du groupe demon
[00:17:46] [CHECK] Joueur 1 est à 2790.90 mètres du groupe ghost
[00:17:46] [CHECK] Joueur 1 est à 935.00 mètres du groupe facile
[00:17:46] [CHECK] Joueur 1 est à 1826.33 mètres du groupe rude
[00:17:56] [CHECK] Joueur 1 est à 5218.97 mètres du groupe demon
[00:17:56] [CHECK] Joueur 1 est à 2790.90 mètres du groupe ghost
[00:17:56] [CHECK] Joueur 1 est à 935.00 mètres du groupe facile
[00:17:56] [CHECK] Joueur 1 est à 1826.33 mètres du groupe rude
[00:18:06] [CHECK] Joueur 1 est à 5218.97 mètres du groupe demon
[00:18:06] [CHECK] Joueur 1 est à 2790.90 mètres du groupe ghost
[00:18:06] [CHECK] Joueur 1 est à 935.00 mètres du groupe facile
[00:18:07] [CHECK] Joueur 1 est à 1826.33 mètres du groupe rude
[00:18:17] [CHECK] Joueur 1 est à 5218.97 mètres du groupe demon
[00:18:17] [CHECK] Joueur 1 est à 2790.90 mètres du groupe ghost
[00:18:17] [CHECK] Joueur 1 est à 935.00 mètres du groupe facile
[00:18:17] [CHECK] Joueur 1 est à 1826.33 mètres du groupe rude
[00:18:27] [CHECK] Joueur 1 est à 5216.00 mètres du groupe demon
[00:18:27] [CHECK] Joueur 1 est à 2789.16 mètres du groupe ghost
[00:18:27] [CHECK] Joueur 1 est à 938.24 mètres du groupe facile
[00:18:27] [CHECK] Joueur 1 est à 1823.90 mètres du groupe rude
[00:18:37] [CHECK] Joueur 1 est à 5207.03 mètres du groupe demon
[00:18:37] [CHECK] Joueur 1 est à 2773.81 mètres du groupe ghost
[00:18:37] [CHECK] Joueur 1 est à 941.20 mètres du groupe facile
[00:18:37] [CHECK] Joueur 1 est à 1832.20 mètres du groupe rude
[00:18:47] [CHECK] Joueur 1 est à 5205.34 mètres du groupe demon
[00:18:47] [CHECK] Joueur 1 est à 2769.99 mètres du groupe ghost
[00:18:47] [CHECK] Joueur 1 est à 941.22 mètres du groupe facile
[00:18:47] [CHECK] Joueur 1 est à 1835.14 mètres du groupe rude
[00:18:57] [CHECK] Joueur 1 est à 5205.34 mètres du groupe demon
[00:18:57] [CHECK] Joueur 1 est à 2769.99 mètres du groupe ghost
[00:18:57] [CHECK] Joueur 1 est à 941.22 mètres du groupe facile
[00:18:57] [CHECK] Joueur 1 est à 1835.14 mètres du groupe rude
[00:19:07] [CHECK] Joueur 1 est à 5205.34 mètres du groupe demon
[00:19:07] [CHECK] Joueur 1 est à 2769.99 mètres du groupe ghost
[00:19:07] [CHECK] Joueur 1 est à 941.22 mètres du groupe facile
[00:19:07] [CHECK] Joueur 1 est à 1835.14 mètres du groupe rude
[00:19:17] [CHECK] Joueur 1 est à 5205.34 mètres du groupe demon
[00:19:17] [CHECK] Joueur 1 est à 2769.99 mètres du groupe ghost
[00:19:17] [CHECK] Joueur 1 est à 941.22 mètres du groupe facile
[00:19:17] [CHECK] Joueur 1 est à 1835.14 mètres du groupe rude
[00:19:27] [CHECK] Joueur 1 est à 5205.34 mètres du groupe demon
[00:19:27] [CHECK] Joueur 1 est à 2769.99 mètres du groupe ghost
[00:19:27] [CHECK] Joueur 1 est à 941.22 mètres du groupe facile
[00:19:27] [CHECK] Joueur 1 est à 1835.14 mètres du groupe rude
[00:19:37] [CHECK] Joueur 1 est à 5205.34 mètres du groupe demon
[00:19:37] [CHECK] Joueur 1 est à 2769.99 mètres du groupe ghost
[00:19:38] [CHECK] Joueur 1 est à 941.22 mètres du groupe facile
[00:19:38] [CHECK] Joueur 1 est à 1835.14 mètres du groupe rude
[00:19:48] [CHECK] Joueur 1 est à 5205.34 mètres du groupe demon
[00:19:48] [CHECK] Joueur 1 est à 2769.99 mètres du groupe ghost
[00:19:48] [CHECK] Joueur 1 est à 941.22 mètres du groupe facile
[00:19:48] [CHECK] Joueur 1 est à 1835.14 mètres du groupe rude
[00:19:58] [CHECK] Joueur 1 est à 5205.34 mètres du groupe demon
[00:19:58] [CHECK] Joueur 1 est à 2769.99 mètres du groupe ghost
[00:19:58] [CHECK] Joueur 1 est à 941.22 mètres du groupe facile
[00:19:58] [CHECK] Joueur 1 est à 1835.14 mètres du groupe rude
[00:20:08] [CHECK] Joueur 1 est à 5205.34 mètres du groupe demon
[00:20:08] [CHECK] Joueur 1 est à 2769.99 mètres du groupe ghost
[00:20:08] [CHECK] Joueur 1 est à 941.22 mètres du groupe facile
[00:20:08] [CHECK] Joueur 1 est à 1835.14 mètres du groupe rude
[00:20:18] [CHECK] Joueur 1 est à 5205.34 mètres du groupe demon
[00:20:18] [CHECK] Joueur 1 est à 2769.99 mètres du groupe ghost
[00:20:18] [CHECK] Joueur 1 est à 941.22 mètres du groupe facile
[00:20:18] [CHECK] Joueur 1 est à 1835.14 mètres du groupe rude
[00:20:28] [CHECK] Joueur 1 est à 5205.34 mètres du groupe demon
[00:20:28] [CHECK] Joueur 1 est à 2769.99 mètres du groupe ghost
[00:20:28] [CHECK] Joueur 1 est à 941.22 mètres du groupe facile
[00:20:28] [CHECK] Joueur 1 est à 1835.14 mètres du groupe rude
[00:20:38] [CHECK] Joueur 1 est à 5217.40 mètres du groupe demon
[00:20:38] [CHECK] Joueur 1 est à 2790.40 mètres du groupe ghost
[00:20:38] [CHECK] Joueur 1 est à 936.94 mètres du groupe facile
[00:20:38] [CHECK] Joueur 1 est à 1824.51 mètres du groupe rude
[00:20:48] [CHECK] Joueur 1 est à 5215.04 mètres du groupe demon
[00:20:48] [CHECK] Joueur 1 est à 2790.94 mètres du groupe ghost
[00:20:48] [CHECK] Joueur 1 est à 940.71 mètres du groupe facile
[00:20:48] [CHECK] Joueur 1 est à 1819.85 mètres du groupe rude
[00:20:58] [CHECK] Joueur 1 est à 5216.58 mètres du groupe demon
[00:20:58] [CHECK] Joueur 1 est à 2790.71 mètres du groupe ghost
[00:20:58] [CHECK] Joueur 1 est à 938.40 mètres du groupe facile
[00:20:58] [CHECK] Joueur 1 est à 1822.68 mètres du groupe rude
[00:21:08] [CHECK] Joueur 1 est à 5206.12 mètres du groupe demon
[00:21:08] [CHECK] Joueur 1 est à 2771.10 mètres du groupe ghost
[00:21:08] [CHECK] Joueur 1 est à 940.80 mètres du groupe facile
[00:21:08] [CHECK] Joueur 1 est à 1834.77 mètres du groupe rude
[00:21:18] [CHECK] Joueur 1 est à 5206.12 mètres du groupe demon
[00:21:18] [CHECK] Joueur 1 est à 2771.10 mètres du groupe ghost
[00:21:18] [CHECK] Joueur 1 est à 940.80 mètres du groupe facile
[00:21:18] [CHECK] Joueur 1 est à 1834.77 mètres du groupe rude
[00:21:28] [CHECK] Joueur 1 est à 5206.12 mètres du groupe demon
[00:21:28] [CHECK] Joueur 1 est à 2771.10 mètres du groupe ghost
[00:21:28] [CHECK] Joueur 1 est à 940.80 mètres du groupe facile
[00:21:28] [CHECK] Joueur 1 est à 1834.77 mètres du groupe rude
[00:21:38] [CHECK] Joueur 1 est à 5206.12 mètres du groupe demon
[00:21:38] [CHECK] Joueur 1 est à 2771.10 mètres du groupe ghost
[00:21:38] [CHECK] Joueur 1 est à 940.80 mètres du groupe facile
[00:21:38] [CHECK] Joueur 1 est à 1834.77 mètres du groupe rude
[00:21:48] [CHECK] Joueur 1 est à 5206.12 mètres du groupe demon
[00:21:48] [CHECK] Joueur 1 est à 2771.10 mètres du groupe ghost
[00:21:48] [CHECK] Joueur 1 est à 940.80 mètres du groupe facile
[00:21:48] [CHECK] Joueur 1 est à 1834.77 mètres du groupe rude
[00:21:58] [CHECK] Joueur 1 est à 5206.12 mètres du groupe demon
[00:21:58] [CHECK] Joueur 1 est à 2771.10 mètres du groupe ghost
[00:21:58] [CHECK] Joueur 1 est à 940.80 mètres du groupe facile
[00:21:58] [CHECK] Joueur 1 est à 1834.77 mètres du groupe rude
[00:22:09] [CHECK] Joueur 1 est à 5206.12 mètres du groupe demon
[00:22:09] [CHECK] Joueur 1 est à 2771.10 mètres du groupe ghost
[00:22:09] [CHECK] Joueur 1 est à 940.80 mètres du groupe facile
[00:22:09] [CHECK] Joueur 1 est à 1834.77 mètres du groupe rude
[00:22:19] [CHECK] Joueur 1 est à 5206.12 mètres du groupe demon
[00:22:19] [CHECK] Joueur 1 est à 2771.10 mètres du groupe ghost
[00:22:19] [CHECK] Joueur 1 est à 940.80 mètres du groupe facile
[00:22:19] [CHECK] Joueur 1 est à 1834.77 mètres du groupe rude
[00:22:29] [CHECK] Joueur 1 est à 5206.12 mètres du groupe demon
[00:22:29] [CHECK] Joueur 1 est à 2771.10 mètres du groupe ghost
[00:22:29] [CHECK] Joueur 1 est à 940.80 mètres du groupe facile
[00:22:29] [CHECK] Joueur 1 est à 1834.77 mètres du groupe rude
[00:22:39] [CHECK] Joueur 1 est à 5206.12 mètres du groupe demon
[00:22:39] [CHECK] Joueur 1 est à 2771.10 mètres du groupe ghost
[00:22:39] [CHECK] Joueur 1 est à 940.80 mètres du groupe facile
[00:22:39] [CHECK] Joueur 1 est à 1834.77 mètres du groupe rude
[00:22:49] [CHECK] Joueur 1 est à 5206.12 mètres du groupe demon
[00:22:49] [CHECK] Joueur 1 est à 2771.10 mètres du groupe ghost
[00:22:49] [CHECK] Joueur 1 est à 940.80 mètres du groupe facile
[00:22:49] [CHECK] Joueur 1 est à 1834.77 mètres du groupe rude
[00:22:59] [CHECK] Joueur 1 est à 5206.12 mètres du groupe demon
[00:22:59] [CHECK] Joueur 1 est à 2771.10 mètres du groupe ghost
[00:22:59] [CHECK] Joueur 1 est à 940.80 mètres du groupe facile
[00:22:59] [CHECK] Joueur 1 est à 1834.77 mètres du groupe rude
[00:23:09] [CHECK] Joueur 1 est à 5206.12 mètres du groupe demon
[00:23:09] [CHECK] Joueur 1 est à 2771.10 mètres du groupe ghost
[00:23:09] [CHECK] Joueur 1 est à 940.80 mètres du groupe facile
[00:23:09] [CHECK] Joueur 1 est à 1834.77 mètres du groupe rude
[00:23:19] [CHECK] Joueur 1 est à 5206.12 mètres du groupe demon
[00:23:19] [CHECK] Joueur 1 est à 2771.10 mètres du groupe ghost
[00:23:19] [CHECK] Joueur 1 est à 940.80 mètres du groupe facile
[00:23:19] [CHECK] Joueur 1 est à 1834.77 mètres du groupe rude
[00:23:29] [CHECK] Joueur 1 est à 5206.12 mètres du groupe demon
[00:23:29] [CHECK] Joueur 1 est à 2771.10 mètres du groupe ghost
[00:23:29] [CHECK] Joueur 1 est à 940.80 mètres du groupe facile
[00:23:30] [CHECK] Joueur 1 est à 1834.77 mètres du groupe rude
[00:23:40] [CHECK] Joueur 1 est à 5206.12 mètres du groupe demon
[00:23:40] [CHECK] Joueur 1 est à 2771.10 mètres du groupe ghost
[00:23:40] [CHECK] Joueur 1 est à 940.80 mètres du groupe facile
[00:23:40] [CHECK] Joueur 1 est à 1834.77 mètres du groupe rude
[00:23:50] [CHECK] Joueur 1 est à 5206.12 mètres du groupe demon
[00:23:50] [CHECK] Joueur 1 est à 2771.10 mètres du groupe ghost
[00:23:50] [CHECK] Joueur 1 est à 940.80 mètres du groupe facile
[00:23:50] [CHECK] Joueur 1 est à 1834.77 mètres du groupe rude
[00:24:00] [CHECK] Joueur 1 est à 5206.12 mètres du groupe demon
[00:24:00] [CHECK] Joueur 1 est à 2771.10 mètres du groupe ghost
[00:24:00] [CHECK] Joueur 1 est à 940.80 mètres du groupe facile
[00:24:00] [CHECK] Joueur 1 est à 1834.77 mètres du groupe rude
[00:24:10] [CHECK] Joueur 1 est à 5206.12 mètres du groupe demon
[00:24:10] [CHECK] Joueur 1 est à 2771.10 mètres du groupe ghost
[00:24:10] [CHECK] Joueur 1 est à 940.80 mètres du groupe facile
[00:24:10] [CHECK] Joueur 1 est à 1834.77 mètres du groupe rude
[00:24:20] [CHECK] Joueur 1 est à 5206.12 mètres du groupe demon
[00:24:20] [CHECK] Joueur 1 est à 2771.10 mètres du groupe ghost
[00:24:20] [CHECK] Joueur 1 est à 940.80 mètres du groupe facile
[00:24:20] [CHECK] Joueur 1 est à 1834.77 mètres du groupe rude
[00:24:30] [CHECK] Joueur 1 est à 5206.12 mètres du groupe demon
[00:24:30] [CHECK] Joueur 1 est à 2771.10 mètres du groupe ghost
[00:24:30] [CHECK] Joueur 1 est à 940.80 mètres du groupe facile
[00:24:30] [CHECK] Joueur 1 est à 1834.77 mètres du groupe rude
[00:24:40] [CHECK] Joueur 1 est à 5206.12 mètres du groupe demon
[00:24:40] [CHECK] Joueur 1 est à 2771.10 mètres du groupe ghost
[00:24:40] [CHECK] Joueur 1 est à 940.80 mètres du groupe facile
[00:24:40] [CHECK] Joueur 1 est à 1834.77 mètres du groupe rude
[00:24:50] [CHECK] Joueur 1 est à 5206.12 mètres du groupe demon
[00:24:50] [CHECK] Joueur 1 est à 2771.10 mètres du groupe ghost
[00:24:50] [CHECK] Joueur 1 est à 940.80 mètres du groupe facile
[00:24:50] [CHECK] Joueur 1 est à 1834.77 mètres du groupe rude
[00:25:00] [CHECK] Joueur 1 est à 5206.12 mètres du groupe demon
[00:25:00] [CHECK] Joueur 1 est à 2771.10 mètres du groupe ghost
[00:25:00] [CHECK] Joueur 1 est à 940.80 mètres du groupe facile
[00:25:00] [CHECK] Joueur 1 est à 1834.77 mètres du groupe rude
[00:25:10] [CHECK] Joueur 1 est à 5206.12 mètres du groupe demon
[00:25:10] [CHECK] Joueur 1 est à 2771.10 mètres du groupe ghost
[00:25:10] [CHECK] Joueur 1 est à 940.80 mètres du groupe facile
[00:25:10] [CHECK] Joueur 1 est à 1834.77 mètres du groupe rude
[00:25:20] [CHECK] Joueur 1 est à 5206.12 mètres du groupe demon
[00:25:20] [CHECK] Joueur 1 est à 2771.10 mètres du groupe ghost
[00:25:20] [CHECK] Joueur 1 est à 940.80 mètres du groupe facile
[00:25:20] [CHECK] Joueur 1 est à 1834.77 mètres du groupe rude
[00:25:30] [CHECK] Joueur 1 est à 5206.12 mètres du groupe demon
[00:25:30] [CHECK] Joueur 1 est à 2771.10 mètres du groupe ghost
[00:25:30] [CHECK] Joueur 1 est à 940.80 mètres du groupe facile
[00:25:30] [CHECK] Joueur 1 est à 1834.77 mètres du groupe rude
[00:25:40] [CHECK] Joueur 1 est à 5206.12 mètres du groupe demon
[00:25:40] [CHECK] Joueur 1 est à 2771.10 mètres du groupe ghost
[00:25:41] [CHECK] Joueur 1 est à 940.80 mètres du groupe facile
[00:25:41] [CHECK] Joueur 1 est à 1834.77 mètres du groupe rude
[00:25:51] [CHECK] Joueur 1 est à 5206.12 mètres du groupe demon
[00:25:51] [CHECK] Joueur 1 est à 2771.10 mètres du groupe ghost
[00:25:51] [CHECK] Joueur 1 est à 940.80 mètres du groupe facile
[00:25:51] [CHECK] Joueur 1 est à 1834.77 mètres du groupe rude
[00:26:01] [CHECK] Joueur 1 est à 5206.12 mètres du groupe demon
[00:26:01] [CHECK] Joueur 1 est à 2771.10 mètres du groupe ghost
[00:26:01] [CHECK] Joueur 1 est à 940.80 mètres du groupe facile
[00:26:01] [CHECK] Joueur 1 est à 1834.77 mètres du groupe rude
[00:26:11] [CHECK] Joueur 1 est à 5209.04 mètres du groupe demon
[00:26:11] [CHECK] Joueur 1 est à 2775.50 mètres du groupe ghost
[00:26:11] [CHECK] Joueur 1 est à 939.39 mètres du groupe facile
[00:26:11] [CHECK] Joueur 1 est à 1832.93 mètres du groupe rude
[00:26:21] [CHECK] Joueur 1 est à 5215.67 mètres du groupe demon
[00:26:21] [CHECK] Joueur 1 est à 2791.62 mètres du groupe ghost
[00:26:21] [CHECK] Joueur 1 est à 940.26 mètres du groupe facile
[00:26:21] [CHECK] Joueur 1 est à 1819.85 mètres du groupe rude
[00:26:31] [CHECK] Joueur 1 est à 5210.33 mètres du groupe demon
[00:26:31] [CHECK] Joueur 1 est à 2781.84 mètres du groupe ghost
[00:26:31] [CHECK] Joueur 1 est à 941.56 mètres du groupe facile
[00:26:31] [CHECK] Joueur 1 est à 1825.66 mètres du groupe rude
[00:26:41] [CHECK] Joueur 1 est à 5215.12 mètres du groupe demon
[00:26:41] [CHECK] Joueur 1 est à 2790.99 mètres du groupe ghost
[00:26:41] [CHECK] Joueur 1 est à 940.63 mètres du groupe facile
[00:26:41] [CHECK] Joueur 1 est à 1819.90 mètres du groupe rude
[00:26:51] [CHECK] Joueur 1 est à 5215.12 mètres du groupe demon
[00:26:51] [CHECK] Joueur 1 est à 2790.99 mètres du groupe ghost
[00:26:51] [CHECK] Joueur 1 est à 940.63 mètres du groupe facile
[00:26:51] [CHECK] Joueur 1 est à 1819.90 mètres du groupe rude
[00:27:01] [CHECK] Joueur 1 est à 5215.12 mètres du groupe demon
[00:27:01] [CHECK] Joueur 1 est à 2790.99 mètres du groupe ghost
[00:27:01] [CHECK] Joueur 1 est à 940.63 mètres du groupe facile
[00:27:01] [CHECK] Joueur 1 est à 1819.90 mètres du groupe rude
[00:27:11] [CHECK] Joueur 1 est à 5215.12 mètres du groupe demon
[00:27:11] [CHECK] Joueur 1 est à 2790.99 mètres du groupe ghost
[00:27:11] [CHECK] Joueur 1 est à 940.63 mètres du groupe facile
[00:27:11] [CHECK] Joueur 1 est à 1819.90 mètres du groupe rude
[00:27:21] [CHECK] Joueur 1 est à 5215.12 mètres du groupe demon
[00:27:21] [CHECK] Joueur 1 est à 2790.99 mètres du groupe ghost
[00:27:21] [CHECK] Joueur 1 est à 940.63 mètres du groupe facile
[00:27:21] [CHECK] Joueur 1 est à 1819.90 mètres du groupe rude
[00:27:31] [CHECK] Joueur 1 est à 5215.12 mètres du groupe demon
[00:27:31] [CHECK] Joueur 1 est à 2790.99 mètres du groupe ghost
[00:27:31] [CHECK] Joueur 1 est à 940.63 mètres du groupe facile
[00:27:31] [CHECK] Joueur 1 est à 1819.90 mètres du groupe rude
[00:27:41] [CHECK] Joueur 1 est à 5215.12 mètres du groupe demon
[00:27:41] [CHECK] Joueur 1 est à 2790.99 mètres du groupe ghost
[00:27:41] [CHECK] Joueur 1 est à 940.63 mètres du groupe facile
[00:27:41] [CHECK] Joueur 1 est à 1819.90 mètres du groupe rude
[00:27:51] [CHECK] Joueur 1 est à 5200.98 mètres du groupe demon
[00:27:51] [CHECK] Joueur 1 est à 2778.82 mètres du groupe ghost
[00:27:51] [CHECK] Joueur 1 est à 953.02 mètres du groupe facile
[00:27:51] [CHECK] Joueur 1 est à 1814.89 mètres du groupe rude
[00:28:01] [CHECK] Joueur 1 est à 5199.09 mètres du groupe demon
[00:28:01] [CHECK] Joueur 1 est à 2774.41 mètres du groupe ghost
[00:28:01] [CHECK] Joueur 1 est à 952.87 mètres du groupe facile
[00:28:02] [CHECK] Joueur 1 est à 1818.40 mètres du groupe rude
[00:28:12] [CHECK] Joueur 1 est à 5200.76 mètres du groupe demon
[00:28:12] [CHECK] Joueur 1 est à 2782.62 mètres du groupe ghost
[00:28:12] [CHECK] Joueur 1 est à 955.85 mètres du groupe facile
[00:28:12] [CHECK] Joueur 1 est à 1808.77 mètres du groupe rude
[00:28:22] [CHECK] Joueur 1 est à 5212.85 mètres du groupe demon
[00:28:22] [CHECK] Joueur 1 est à 2787.83 mètres du groupe ghost
[00:28:22] [CHECK] Joueur 1 est à 941.69 mètres du groupe facile
[00:28:22] [CHECK] Joueur 1 est à 1820.99 mètres du groupe rude
[00:28:32] [CHECK] Joueur 1 est à 5216.13 mètres du groupe demon
[00:28:32] [CHECK] Joueur 1 est à 2787.52 mètres du groupe ghost
[00:28:32] [CHECK] Joueur 1 est à 936.87 mètres du groupe facile
[00:28:32] [CHECK] Joueur 1 est à 1826.78 mètres du groupe rude
[00:28:42] [CHECK] Joueur 1 est à 5223.64 mètres du groupe demon
[00:28:42] [CHECK] Joueur 1 est à 2790.81 mètres du groupe ghost
[00:28:42] [CHECK] Joueur 1 est à 928.17 mètres du groupe facile
[00:28:42] [CHECK] Joueur 1 est à 1834.11 mètres du groupe rude
[00:28:52] [CHECK] Joueur 1 est à 5227.03 mètres du groupe demon
[00:28:52] [CHECK] Joueur 1 est à 2798.62 mètres du groupe ghost
[00:28:52] [CHECK] Joueur 1 est à 928.41 mètres du groupe facile
[00:28:52] [CHECK] Joueur 1 est à 1828.07 mètres du groupe rude
[00:29:02] [CHECK] Joueur 1 est à 5220.24 mètres du groupe demon
[00:29:02] [CHECK] Joueur 1 est à 2792.87 mètres du groupe ghost
[00:29:02] [CHECK] Joueur 1 est à 934.51 mètres du groupe facile
[00:29:02] [CHECK] Joueur 1 est à 1825.37 mètres du groupe rude
[00:29:12] [CHECK] Joueur 1 est à 5207.58 mètres du groupe demon
[00:29:12] [CHECK] Joueur 1 est à 2773.95 mètres du groupe ghost
[00:29:12] [CHECK] Joueur 1 est à 940.45 mètres du groupe facile
[00:29:12] [CHECK] Joueur 1 est à 1832.99 mètres du groupe rude
[00:29:22] [CHECK] Joueur 1 est à 5207.71 mètres du groupe demon
[00:29:22] [CHECK] Joueur 1 est à 2773.35 mètres du groupe ghost
[00:29:22] [CHECK] Joueur 1 est à 939.97 mètres du groupe facile
[00:29:22] [CHECK] Joueur 1 est à 1834.01 mètres du groupe rude
[00:29:32] [CHECK] Joueur 1 est à 5217.41 mètres du groupe demon
[00:29:32] [CHECK] Joueur 1 est à 2774.10 mètres du groupe ghost
[00:29:32] [CHECK] Joueur 1 est à 926.50 mètres du groupe facile
[00:29:32] [CHECK] Joueur 1 est à 1848.92 mètres du groupe rude
[00:29:42] [CHECK] Joueur 1 est à 5217.69 mètres du groupe demon
[00:29:42] [CHECK] Joueur 1 est à 2774.21 mètres du groupe ghost
[00:29:42] [CHECK] Joueur 1 est à 926.30 mètres du groupe facile
[00:29:42] [CHECK] Joueur 1 est à 1849.09 mètres du groupe rude
[00:29:52] [CHECK] Joueur 1 est à 5372.40 mètres du groupe demon
[00:29:52] [CHECK] Joueur 1 est à 2812.36 mètres du groupe ghost
[00:29:52] [CHECK] Joueur 1 est à 732.97 mètres du groupe facile
[00:29:52] [CHECK] Joueur 1 est à 2057.30 mètres du groupe rude
[00:30:02] [CHECK] Joueur 1 est à 5686.78 mètres du groupe demon
[00:30:02] [CHECK] Joueur 1 est à 3013.53 mètres du groupe ghost
[00:30:02] [CHECK] Joueur 1 est à 402.57 mètres du groupe facile
[00:30:02] [CHECK] Joueur 1 est à 2334.26 mètres du groupe rude
[00:30:12] [CHECK] Joueur 1 est à 5961.93 mètres du groupe demon
[00:30:12] [CHECK] Joueur 1 est à 3195.90 mètres du groupe ghost
[00:30:12] [CHECK] Joueur 1 est à 164.96 mètres du groupe facile
[00:30:12] [CHECK] Joueur 1 est à 2604.64 mètres du groupe rude
[00:30:22] [CHECK] Joueur 1 est à 6249.57 mètres du groupe demon
[00:30:22] [CHECK] Joueur 1 est à 3361.63 mètres du groupe ghost
[00:30:22] [CHECK] Joueur 1 est à 372.87 mètres du groupe facile
[00:30:22] [CHECK] Joueur 1 est à 2966.22 mètres du groupe rude
[00:30:32] [CHECK] Joueur 1 est à 6545.11 mètres du groupe demon
[00:30:32] [CHECK] Joueur 1 est à 3565.77 mètres du groupe ghost
[00:30:32] [CHECK] Joueur 1 est à 702.35 mètres du groupe facile
[00:30:32] [CHECK] Joueur 1 est à 3310.89 mètres du groupe rude
[00:30:42] [CHECK] Joueur 1 est à 6626.26 mètres du groupe demon
[00:30:42] [CHECK] Joueur 1 est à 3540.65 mètres du groupe ghost
[00:30:42] [CHECK] Joueur 1 est à 998.17 mètres du groupe facile
[00:30:42] [CHECK] Joueur 1 est à 3584.37 mètres du groupe rude
[00:30:53] [CHECK] Joueur 1 est à 6556.49 mètres du groupe demon
[00:30:53] [CHECK] Joueur 1 est à 3450.58 mètres du groupe ghost
[00:30:53] [CHECK] Joueur 1 est à 1024.59 mètres du groupe facile
[00:30:53] [CHECK] Joueur 1 est à 3587.66 mètres du groupe rude
[00:31:03] [CHECK] Joueur 1 est à 6593.01 mètres du groupe demon
[00:31:03] [CHECK] Joueur 1 est à 3477.99 mètres du groupe ghost
[00:31:03] [CHECK] Joueur 1 est à 1065.11 mètres du groupe facile
[00:31:03] [CHECK] Joueur 1 est à 3631.20 mètres du groupe rude
[00:31:13] [CHECK] Joueur 1 est à 6552.47 mètres du groupe demon
[00:31:13] [CHECK] Joueur 1 est à 3447.59 mètres du groupe ghost
[00:31:13] [CHECK] Joueur 1 est à 1019.67 mètres du groupe facile
[00:31:13] [CHECK] Joueur 1 est à 3582.38 mètres du groupe rude
[00:31:23] [CHECK] Joueur 1 est à 6285.72 mètres du groupe demon
[00:31:23] [CHECK] Joueur 1 est à 3182.35 mètres du groupe ghost
[00:31:23] [CHECK] Joueur 1 est à 946.10 mètres du groupe facile
[00:31:23] [CHECK] Joueur 1 est à 3421.99 mètres du groupe rude
[00:31:33] [CHECK] Joueur 1 est à 6007.19 mètres du groupe demon
[00:31:33] [CHECK] Joueur 1 est à 2896.94 mètres du groupe ghost
[00:31:33] [CHECK] Joueur 1 est à 974.32 mètres du groupe facile
[00:31:33] [CHECK] Joueur 1 est à 3290.74 mètres du groupe rude
[00:31:43] [CHECK] Joueur 1 est à 6043.80 mètres du groupe demon
[00:31:43] [CHECK] Joueur 1 est à 2932.99 mètres du groupe ghost
[00:31:43] [CHECK] Joueur 1 est à 970.31 mètres du groupe facile
[00:31:43] [CHECK] Joueur 1 est à 3310.44 mètres du groupe rude
[00:31:53] [CHECK] Joueur 1 est à 6043.80 mètres du groupe demon
[00:31:53] [CHECK] Joueur 1 est à 2932.99 mètres du groupe ghost
[00:31:53] [CHECK] Joueur 1 est à 970.31 mètres du groupe facile
[00:31:53] [CHECK] Joueur 1 est à 3310.44 mètres du groupe rude
[00:32:03] [CHECK] Joueur 1 est à 6043.80 mètres du groupe demon
[00:32:03] [CHECK] Joueur 1 est à 2932.99 mètres du groupe ghost
[00:32:03] [CHECK] Joueur 1 est à 970.31 mètres du groupe facile
[00:32:03] [CHECK] Joueur 1 est à 3310.44 mètres du groupe rude
[00:32:13] [CHECK] Joueur 1 est à 6043.80 mètres du groupe demon
[00:32:13] [CHECK] Joueur 1 est à 2932.99 mètres du groupe ghost
[00:32:13] [CHECK] Joueur 1 est à 970.31 mètres du groupe facile
[00:32:13] [CHECK] Joueur 1 est à 3310.44 mètres du groupe rude
[00:32:23] [CHECK] Joueur 1 est à 6043.80 mètres du groupe demon
[00:32:23] [CHECK] Joueur 1 est à 2932.99 mètres du groupe ghost
[00:32:23] [CHECK] Joueur 1 est à 970.31 mètres du groupe facile
[00:32:23] [CHECK] Joueur 1 est à 3310.44 mètres du groupe rude
[00:32:33] [CHECK] Joueur 1 est à 6043.80 mètres du groupe demon
[00:32:33] [CHECK] Joueur 1 est à 2932.99 mètres du groupe ghost
[00:32:33] [CHECK] Joueur 1 est à 970.31 mètres du groupe facile
[00:32:33] [CHECK] Joueur 1 est à 3310.44 mètres du groupe rude
[00:32:43] [CHECK] Joueur 1 est à 6043.80 mètres du groupe demon
[00:32:43] [CHECK] Joueur 1 est à 2932.99 mètres du groupe ghost
[00:32:43] [CHECK] Joueur 1 est à 970.31 mètres du groupe facile
[00:32:43] [CHECK] Joueur 1 est à 3310.44 mètres du groupe rude
[00:32:53] [CHECK] Joueur 1 est à 6043.80 mètres du groupe demon
[00:32:53] [CHECK] Joueur 1 est à 2932.99 mètres du groupe ghost
[00:32:53] [CHECK] Joueur 1 est à 970.31 mètres du groupe facile
[00:32:53] [CHECK] Joueur 1 est à 3310.44 mètres du groupe rude
[00:33:03] [CHECK] Joueur 1 est à 6043.80 mètres du groupe demon
[00:33:03] [CHECK] Joueur 1 est à 2932.99 mètres du groupe ghost
[00:33:04] [CHECK] Joueur 1 est à 970.31 mètres du groupe facile
[00:33:04] [CHECK] Joueur 1 est à 3310.44 mètres du groupe rude
[00:33:14] [CHECK] Joueur 1 est à 6043.80 mètres du groupe demon
[00:33:14] [CHECK] Joueur 1 est à 2932.99 mètres du groupe ghost
[00:33:14] [CHECK] Joueur 1 est à 970.31 mètres du groupe facile
[00:33:14] [CHECK] Joueur 1 est à 3310.44 mètres du groupe rude
[00:33:24] [CHECK] Joueur 1 est à 6043.80 mètres du groupe demon
[00:33:24] [CHECK] Joueur 1 est à 2932.99 mètres du groupe ghost
[00:33:24] [CHECK] Joueur 1 est à 970.31 mètres du groupe facile
[00:33:24] [CHECK] Joueur 1 est à 3310.44 mètres du groupe rude
[00:33:34] [CHECK] Joueur 1 est à 6043.80 mètres du groupe demon
[00:33:34] [CHECK] Joueur 1 est à 2932.99 mètres du groupe ghost
[00:33:34] [CHECK] Joueur 1 est à 970.31 mètres du groupe facile
[00:33:34] [CHECK] Joueur 1 est à 3310.44 mètres du groupe rude
[00:33:44] [CHECK] Joueur 1 est à 6043.80 mètres du groupe demon
[00:33:44] [CHECK] Joueur 1 est à 2932.99 mètres du groupe ghost
[00:33:44] [CHECK] Joueur 1 est à 970.31 mètres du groupe facile
[00:33:44] [CHECK] Joueur 1 est à 3310.44 mètres du groupe rude
[00:33:54] [CHECK] Joueur 1 est à 6043.80 mètres du groupe demon
[00:33:54] [CHECK] Joueur 1 est à 2932.99 mètres du groupe ghost
[00:33:54] [CHECK] Joueur 1 est à 970.31 mètres du groupe facile
[00:33:54] [CHECK] Joueur 1 est à 3310.44 mètres du groupe rude
[00:34:04] [CHECK] Joueur 1 est à 6043.80 mètres du groupe demon
[00:34:04] [CHECK] Joueur 1 est à 2932.99 mètres du groupe ghost
[00:34:04] [CHECK] Joueur 1 est à 970.31 mètres du groupe facile
[00:34:04] [CHECK] Joueur 1 est à 3310.44 mètres du groupe rude
[00:34:14] [CHECK] Joueur 1 est à 6043.80 mètres du groupe demon
[00:34:14] [CHECK] Joueur 1 est à 2932.99 mètres du groupe ghost
[00:34:14] [CHECK] Joueur 1 est à 970.31 mètres du groupe facile
[00:34:14] [CHECK] Joueur 1 est à 3310.44 mètres du groupe rude
[00:34:25] [CHECK] Joueur 1 est à 6043.80 mètres du groupe demon
[00:34:25] [CHECK] Joueur 1 est à 2932.99 mètres du groupe ghost
[00:34:25] [CHECK] Joueur 1 est à 970.31 mètres du groupe facile
[00:34:25] [CHECK] Joueur 1 est à 3310.44 mètres du groupe rude
[00:34:35] [CHECK] Joueur 1 est à 6043.80 mètres du groupe demon
[00:34:35] [CHECK] Joueur 1 est à 2932.99 mètres du groupe ghost
[00:34:35] [CHECK] Joueur 1 est à 970.31 mètres du groupe facile
[00:34:35] [CHECK] Joueur 1 est à 3310.44 mètres du groupe rude
[00:34:45] [CHECK] Joueur 1 est à 6043.80 mètres du groupe demon
[00:34:45] [CHECK] Joueur 1 est à 2932.99 mètres du groupe ghost
[00:34:45] [CHECK] Joueur 1 est à 970.31 mètres du groupe facile
[00:34:45] [CHECK] Joueur 1 est à 3310.44 mètres du groupe rude
[00:34:55] [CHECK] Joueur 1 est à 6043.80 mètres du groupe demon
[00:34:55] [CHECK] Joueur 1 est à 2932.99 mètres du groupe ghost
[00:34:55] [CHECK] Joueur 1 est à 970.31 mètres du groupe facile
[00:34:55] [CHECK] Joueur 1 est à 3310.44 mètres du groupe rude
[00:35:05] [CHECK] Joueur 1 est à 6043.80 mètres du groupe demon
[00:35:05] [CHECK] Joueur 1 est à 2932.99 mètres du groupe ghost
[00:35:05] [CHECK] Joueur 1 est à 970.31 mètres du groupe facile
[00:35:05] [CHECK] Joueur 1 est à 3310.44 mètres du groupe rude
[00:35:15] [CHECK] Joueur 1 est à 6043.80 mètres du groupe demon
[00:35:15] [CHECK] Joueur 1 est à 2932.99 mètres du groupe ghost
[00:35:15] [CHECK] Joueur 1 est à 970.31 mètres du groupe facile
[00:35:15] [CHECK] Joueur 1 est à 3310.44 mètres du groupe rude
[00:35:25] [CHECK] Joueur 1 est à 6043.80 mètres du groupe demon
[00:35:25] [CHECK] Joueur 1 est à 2932.99 mètres du groupe ghost
[00:35:25] [CHECK] Joueur 1 est à 970.31 mètres du groupe facile
[00:35:25] [CHECK] Joueur 1 est à 3310.44 mètres du groupe rude
[00:35:35] [CHECK] Joueur 1 est à 6043.80 mètres du groupe demon
[00:35:35] [CHECK] Joueur 1 est à 2932.99 mètres du groupe ghost
[00:35:35] [CHECK] Joueur 1 est à 970.31 mètres du groupe facile
[00:35:35] [CHECK] Joueur 1 est à 3310.44 mètres du groupe rude
[00:35:45] [CHECK] Joueur 1 est à 6043.80 mètres du groupe demon
[00:35:45] [CHECK] Joueur 1 est à 2932.99 mètres du groupe ghost
[00:35:45] [CHECK] Joueur 1 est à 970.31 mètres du groupe facile
[00:35:46] [CHECK] Joueur 1 est à 3310.44 mètres du groupe rude
[00:35:56] [CHECK] Joueur 1 est à 6043.80 mètres du groupe demon
[00:35:56] [CHECK] Joueur 1 est à 2932.99 mètres du groupe ghost
[00:35:56] [CHECK] Joueur 1 est à 970.31 mètres du groupe facile
[00:35:56] [CHECK] Joueur 1 est à 3310.44 mètres du groupe rude
[00:36:06] [CHECK] Joueur 1 est à 6043.80 mètres du groupe demon
[00:36:06] [CHECK] Joueur 1 est à 2932.99 mètres du groupe ghost
[00:36:06] [CHECK] Joueur 1 est à 970.31 mètres du groupe facile
[00:36:06] [CHECK] Joueur 1 est à 3310.44 mètres du groupe rude
[00:36:16] [CHECK] Joueur 1 est à 6043.80 mètres du groupe demon
[00:36:16] [CHECK] Joueur 1 est à 2932.99 mètres du groupe ghost
[00:36:16] [CHECK] Joueur 1 est à 970.31 mètres du groupe facile
[00:36:16] [CHECK] Joueur 1 est à 3310.44 mètres du groupe rude
[00:36:26] [CHECK] Joueur 1 est à 6043.80 mètres du groupe demon
[00:36:26] [CHECK] Joueur 1 est à 2932.99 mètres du groupe ghost
[00:36:26] [CHECK] Joueur 1 est à 970.31 mètres du groupe facile
[00:36:26] [CHECK] Joueur 1 est à 3310.44 mètres du groupe rude
[00:36:36] [CHECK] Joueur 1 est à 6043.80 mètres du groupe demon
[00:36:36] [CHECK] Joueur 1 est à 2932.99 mètres du groupe ghost
[00:36:36] [CHECK] Joueur 1 est à 970.31 mètres du groupe facile
[00:36:36] [CHECK] Joueur 1 est à 3310.44 mètres du groupe rude
[00:36:46] [CHECK] Joueur 1 est à 6043.80 mètres du groupe demon
[00:36:46] [CHECK] Joueur 1 est à 2932.99 mètres du groupe ghost
[00:36:46] [CHECK] Joueur 1 est à 970.31 mètres du groupe facile
[00:36:46] [CHECK] Joueur 1 est à 3310.44 mètres du groupe rude
[00:36:56] [CHECK] Joueur 1 est à 6043.80 mètres du groupe demon
[00:36:56] [CHECK] Joueur 1 est à 2932.99 mètres du groupe ghost
[00:36:56] [CHECK] Joueur 1 est à 970.31 mètres du groupe facile
[00:36:56] [CHECK] Joueur 1 est à 3310.44 mètres du groupe rude
[00:37:06] [CHECK] Joueur 1 est à 6043.80 mètres du groupe demon
[00:37:06] [CHECK] Joueur 1 est à 2932.99 mètres du groupe ghost
[00:37:06] [CHECK] Joueur 1 est à 970.31 mètres du groupe facile
[00:37:06] [CHECK] Joueur 1 est à 3310.44 mètres du groupe rude
[00:37:16] [CHECK] Joueur 1 est à 6043.80 mètres du groupe demon
[00:37:16] [CHECK] Joueur 1 est à 2932.99 mètres du groupe ghost
[00:37:16] [CHECK] Joueur 1 est à 970.31 mètres du groupe facile
[00:37:16] [CHECK] Joueur 1 est à 3310.44 mètres du groupe rude
[00:37:26] [CHECK] Joueur 1 est à 6043.80 mètres du groupe demon
[00:37:26] [CHECK] Joueur 1 est à 2932.99 mètres du groupe ghost
[00:37:26] [CHECK] Joueur 1 est à 970.31 mètres du groupe facile
[00:37:26] [CHECK] Joueur 1 est à 3310.44 mètres du groupe rude
[00:37:36] [CHECK] Joueur 1 est à 6043.80 mètres du groupe demon
[00:37:36] [CHECK] Joueur 1 est à 2932.99 mètres du groupe ghost
[00:37:36] [CHECK] Joueur 1 est à 970.31 mètres du groupe facile
[00:37:36] [CHECK] Joueur 1 est à 3310.44 mètres du groupe rude
[00:37:47] [CHECK] Joueur 1 est à 6043.80 mètres du groupe demon
[00:37:47] [CHECK] Joueur 1 est à 2932.99 mètres du groupe ghost
[00:37:47] [CHECK] Joueur 1 est à 970.31 mètres du groupe facile
[00:37:47] [CHECK] Joueur 1 est à 3310.44 mètres du groupe rude
[00:37:57] [CHECK] Joueur 1 est à 6043.80 mètres du groupe demon
[00:37:57] [CHECK] Joueur 1 est à 2932.99 mètres du groupe ghost
[00:37:57] [CHECK] Joueur 1 est à 970.31 mètres du groupe facile
[00:37:57] [CHECK] Joueur 1 est à 3310.44 mètres du groupe rude
[00:38:07] [CHECK] Joueur 1 est à 6043.91 mètres du groupe demon
[00:38:07] [CHECK] Joueur 1 est à 2933.23 mètres du groupe ghost
[00:38:07] [CHECK] Joueur 1 est à 969.95 mètres du groupe facile
[00:38:07] [CHECK] Joueur 1 est à 3310.22 mètres du groupe rude
[00:38:17] [CHECK] Joueur 1 est à 6047.87 mètres du groupe demon
[00:38:17] [CHECK] Joueur 1 est à 2936.82 mètres du groupe ghost
[00:38:17] [CHECK] Joueur 1 est à 970.63 mètres du groupe facile
[00:38:17] [CHECK] Joueur 1 est à 3313.14 mètres du groupe rude
[00:38:27] [CHECK] Joueur 1 est à 6047.29 mètres du groupe demon
[00:38:27] [CHECK] Joueur 1 est à 2935.33 mètres du groupe ghost
[00:38:27] [CHECK] Joueur 1 est à 973.30 mètres du groupe facile
[00:38:27] [CHECK] Joueur 1 est à 3314.85 mètres du groupe rude
[00:38:37] [CHECK] Joueur 1 est à 6047.29 mètres du groupe demon
[00:38:37] [CHECK] Joueur 1 est à 2935.33 mètres du groupe ghost
[00:38:37] [CHECK] Joueur 1 est à 973.30 mètres du groupe facile
[00:38:37] [CHECK] Joueur 1 est à 3314.85 mètres du groupe rude
[00:38:47] [CHECK] Joueur 1 est à 6047.29 mètres du groupe demon
[00:38:47] [CHECK] Joueur 1 est à 2935.33 mètres du groupe ghost
[00:38:47] [CHECK] Joueur 1 est à 973.30 mètres du groupe facile
[00:38:47] [CHECK] Joueur 1 est à 3314.85 mètres du groupe rude
[00:38:57] [CHECK] Joueur 1 est à 6047.29 mètres du groupe demon
[00:38:57] [CHECK] Joueur 1 est à 2935.33 mètres du groupe ghost
[00:38:57] [CHECK] Joueur 1 est à 973.30 mètres du groupe facile
[00:38:57] [CHECK] Joueur 1 est à 3314.85 mètres du groupe rude
[00:39:07] [CHECK] Joueur 1 est à 6047.29 mètres du groupe demon
[00:39:07] [CHECK] Joueur 1 est à 2935.33 mètres du groupe ghost
[00:39:07] [CHECK] Joueur 1 est à 973.30 mètres du groupe facile
[00:39:07] [CHECK] Joueur 1 est à 3314.85 mètres du groupe rude
[00:39:17] [CHECK] Joueur 1 est à 6047.29 mètres du groupe demon
[00:39:17] [CHECK] Joueur 1 est à 2935.33 mètres du groupe ghost
[00:39:17] [CHECK] Joueur 1 est à 973.30 mètres du groupe facile
[00:39:17] [CHECK] Joueur 1 est à 3314.85 mètres du groupe rude
[00:39:27] [CHECK] Joueur 1 est à 6047.29 mètres du groupe demon
[00:39:27] [CHECK] Joueur 1 est à 2935.33 mètres du groupe ghost
[00:39:27] [CHECK] Joueur 1 est à 973.30 mètres du groupe facile
[00:39:27] [CHECK] Joueur 1 est à 3314.85 mètres du groupe rude
[00:39:37] [CHECK] Joueur 1 est à 6047.29 mètres du groupe demon
[00:39:37] [CHECK] Joueur 1 est à 2935.33 mètres du groupe ghost
[00:39:38] [CHECK] Joueur 1 est à 973.30 mètres du groupe facile
[00:39:38] [CHECK] Joueur 1 est à 3314.85 mètres du groupe rude
[00:39:48] [CHECK] Joueur 1 est à 6047.29 mètres du groupe demon
[00:39:48] [CHECK] Joueur 1 est à 2935.33 mètres du groupe ghost
[00:39:48] [CHECK] Joueur 1 est à 973.30 mètres du groupe facile
[00:39:48] [CHECK] Joueur 1 est à 3314.85 mètres du groupe rude
[00:39:58] [CHECK] Joueur 1 est à 6047.07 mètres du groupe demon
[00:39:58] [CHECK] Joueur 1 est à 2935.03 mètres du groupe ghost
[00:39:58] [CHECK] Joueur 1 est à 973.61 mètres du groupe facile
[00:39:58] [CHECK] Joueur 1 est à 3314.97 mètres du groupe rude
[00:40:08] [CHECK] Joueur 1 est à 6047.07 mètres du groupe demon
[00:40:08] [CHECK] Joueur 1 est à 2935.03 mètres du groupe ghost
[00:40:08] [CHECK] Joueur 1 est à 973.61 mètres du groupe facile
[00:40:08] [CHECK] Joueur 1 est à 3314.97 mètres du groupe rude
[00:40:18] [CHECK] Joueur 1 est à 6047.07 mètres du groupe demon
[00:40:18] [CHECK] Joueur 1 est à 2935.03 mètres du groupe ghost
[00:40:18] [CHECK] Joueur 1 est à 973.61 mètres du groupe facile
[00:40:18] [CHECK] Joueur 1 est à 3314.97 mètres du groupe rude
[00:40:28] [CHECK] Joueur 1 est à 6047.07 mètres du groupe demon
[00:40:28] [CHECK] Joueur 1 est à 2935.03 mètres du groupe ghost
[00:40:28] [CHECK] Joueur 1 est à 973.61 mètres du groupe facile
[00:40:28] [CHECK] Joueur 1 est à 3314.97 mètres du groupe rude
[00:40:38] [CHECK] Joueur 1 est à 6047.07 mètres du groupe demon
[00:40:38] [CHECK] Joueur 1 est à 2935.03 mètres du groupe ghost
[00:40:38] [CHECK] Joueur 1 est à 973.61 mètres du groupe facile
[00:40:38] [CHECK] Joueur 1 est à 3314.97 mètres du groupe rude
[00:40:48] [CHECK] Joueur 1 est à 6047.07 mètres du groupe demon
[00:40:48] [CHECK] Joueur 1 est à 2935.03 mètres du groupe ghost
[00:40:49] [CHECK] Joueur 1 est à 973.61 mètres du groupe facile
[00:40:49] [CHECK] Joueur 1 est à 3314.97 mètres du groupe rude
[00:40:59] [CHECK] Joueur 1 est à 6047.07 mètres du groupe demon
[00:40:59] [CHECK] Joueur 1 est à 2935.03 mètres du groupe ghost
[00:40:59] [CHECK] Joueur 1 est à 973.61 mètres du groupe facile
[00:40:59] [CHECK] Joueur 1 est à 3314.97 mètres du groupe rude
[00:41:09] [CHECK] Joueur 1 est à 6047.07 mètres du groupe demon
[00:41:09] [CHECK] Joueur 1 est à 2935.03 mètres du groupe ghost
[00:41:09] [CHECK] Joueur 1 est à 973.61 mètres du groupe facile
[00:41:09] [CHECK] Joueur 1 est à 3314.97 mètres du groupe rude
[00:41:19] [CHECK] Joueur 1 est à 6047.07 mètres du groupe demon
[00:41:19] [CHECK] Joueur 1 est à 2935.03 mètres du groupe ghost
[00:41:19] [CHECK] Joueur 1 est à 973.61 mètres du groupe facile
[00:41:19] [CHECK] Joueur 1 est à 3314.97 mètres du groupe rude
[00:41:29] [CHECK] Joueur 1 est à 6047.07 mètres du groupe demon
[00:41:29] [CHECK] Joueur 1 est à 2935.03 mètres du groupe ghost
[00:41:29] [CHECK] Joueur 1 est à 973.61 mètres du groupe facile
[00:41:29] [CHECK] Joueur 1 est à 3314.97 mètres du groupe rude
[00:41:39] [CHECK] Joueur 1 est à 6047.07 mètres du groupe demon
[00:41:39] [CHECK] Joueur 1 est à 2935.03 mètres du groupe ghost
[00:41:39] [CHECK] Joueur 1 est à 973.61 mètres du groupe facile
[00:41:39] [CHECK] Joueur 1 est à 3314.97 mètres du groupe rude
[00:41:49] [CHECK] Joueur 1 est à 6047.07 mètres du groupe demon
[00:41:49] [CHECK] Joueur 1 est à 2935.03 mètres du groupe ghost
[00:41:49] [CHECK] Joueur 1 est à 973.61 mètres du groupe facile
[00:41:49] [CHECK] Joueur 1 est à 3314.97 mètres du groupe rude
[00:41:59] [CHECK] Joueur 1 est à 6047.07 mètres du groupe demon
[00:41:59] [CHECK] Joueur 1 est à 2935.03 mètres du groupe ghost
[00:41:59] [CHECK] Joueur 1 est à 973.61 mètres du groupe facile
[00:41:59] [CHECK] Joueur 1 est à 3314.97 mètres du groupe rude
[00:42:09] [CHECK] Joueur 1 est à 6047.07 mètres du groupe demon
[00:42:09] [CHECK] Joueur 1 est à 2935.03 mètres du groupe ghost
[00:42:09] [CHECK] Joueur 1 est à 973.61 mètres du groupe facile
[00:42:09] [CHECK] Joueur 1 est à 3314.97 mètres du groupe rude
[00:42:19] [CHECK] Joueur 1 est à 6047.07 mètres du groupe demon
[00:42:19] [CHECK] Joueur 1 est à 2935.03 mètres du groupe ghost
[00:42:19] [CHECK] Joueur 1 est à 973.61 mètres du groupe facile
[00:42:19] [CHECK] Joueur 1 est à 3314.97 mètres du groupe rude
[00:42:29] [CHECK] Joueur 1 est à 6047.07 mètres du groupe demon
[00:42:29] [CHECK] Joueur 1 est à 2935.03 mètres du groupe ghost
[00:42:30] [CHECK] Joueur 1 est à 973.61 mètres du groupe facile
[00:42:30] [CHECK] Joueur 1 est à 3314.97 mètres du groupe rude
[00:42:40] [CHECK] Joueur 1 est à 6047.07 mètres du groupe demon
[00:42:40] [CHECK] Joueur 1 est à 2935.03 mètres du groupe ghost
[00:42:40] [CHECK] Joueur 1 est à 973.61 mètres du groupe facile
[00:42:40] [CHECK] Joueur 1 est à 3314.97 mètres du groupe rude
[00:42:50] [CHECK] Joueur 1 est à 6047.07 mètres du groupe demon
[00:42:50] [CHECK] Joueur 1 est à 2935.03 mètres du groupe ghost
[00:42:50] [CHECK] Joueur 1 est à 973.61 mètres du groupe facile
[00:42:50] [CHECK] Joueur 1 est à 3314.97 mètres du groupe rude
[00:43:00] [CHECK] Joueur 1 est à 6047.07 mètres du groupe demon
[00:43:00] [CHECK] Joueur 1 est à 2935.03 mètres du groupe ghost
[00:43:00] [CHECK] Joueur 1 est à 973.61 mètres du groupe facile
[00:43:00] [CHECK] Joueur 1 est à 3314.97 mètres du groupe rude
[00:43:10] [CHECK] Joueur 1 est à 6047.07 mètres du groupe demon
[00:43:10] [CHECK] Joueur 1 est à 2935.03 mètres du groupe ghost
[00:43:10] [CHECK] Joueur 1 est à 973.61 mètres du groupe facile
[00:43:10] [CHECK] Joueur 1 est à 3314.97 mètres du groupe rude
[00:43:20] [CHECK] Joueur 1 est à 6047.07 mètres du groupe demon
[00:43:20] [CHECK] Joueur 1 est à 2935.03 mètres du groupe ghost
[00:43:20] [CHECK] Joueur 1 est à 973.61 mètres du groupe facile
[00:43:20] [CHECK] Joueur 1 est à 3314.97 mètres du groupe rude
[00:43:30] [CHECK] Joueur 1 est à 6047.07 mètres du groupe demon
[00:43:30] [CHECK] Joueur 1 est à 2935.03 mètres du groupe ghost
[00:43:30] [CHECK] Joueur 1 est à 973.61 mètres du groupe facile
[00:43:30] [CHECK] Joueur 1 est à 3314.97 mètres du groupe rude
[00:43:40] [CHECK] Joueur 1 est à 6047.07 mètres du groupe demon
[00:43:40] [CHECK] Joueur 1 est à 2935.03 mètres du groupe ghost
[00:43:40] [CHECK] Joueur 1 est à 973.61 mètres du groupe facile
[00:43:40] [CHECK] Joueur 1 est à 3314.97 mètres du groupe rude
[00:43:50] [CHECK] Joueur 1 est à 6047.07 mètres du groupe demon
[00:43:50] [CHECK] Joueur 1 est à 2935.03 mètres du groupe ghost
[00:43:50] [CHECK] Joueur 1 est à 973.61 mètres du groupe facile
[00:43:50] [CHECK] Joueur 1 est à 3314.97 mètres du groupe rude
[00:44:00] [CHECK] Joueur 1 est à 6046.25 mètres du groupe demon
[00:44:00] [CHECK] Joueur 1 est à 2933.71 mètres du groupe ghost
[00:44:00] [CHECK] Joueur 1 est à 975.21 mètres du groupe facile
[00:44:00] [CHECK] Joueur 1 est à 3315.70 mètres du groupe rude
[00:44:10] [CHECK] Joueur 1 est à 6046.13 mètres du groupe demon
[00:44:10] [CHECK] Joueur 1 est à 2933.28 mètres du groupe ghost
[00:44:10] [CHECK] Joueur 1 est à 976.14 mètres du groupe facile
[00:44:10] [CHECK] Joueur 1 est à 3316.34 mètres du groupe rude
[00:44:20] [CHECK] Joueur 1 est à 6045.85 mètres du groupe demon
[00:44:20] [CHECK] Joueur 1 est à 2933.02 mètres du groupe ghost
[00:44:20] [CHECK] Joueur 1 est à 976.12 mètres du groupe facile
[00:44:20] [CHECK] Joueur 1 est à 3316.13 mètres du groupe rude
[00:44:31] [CHECK] Joueur 1 est à 5985.23 mètres du groupe demon
[00:44:31] [CHECK] Joueur 1 est à 2871.67 mètres du groupe ghost
[00:44:31] [CHECK] Joueur 1 est à 988.35 mètres du groupe facile
[00:44:31] [CHECK] Joueur 1 est à 3287.60 mètres du groupe rude
[00:44:41] [CHECK] Joueur 1 est à 5970.97 mètres du groupe demon
[00:44:41] [CHECK] Joueur 1 est à 2857.25 mètres du groupe ghost
[00:44:41] [CHECK] Joueur 1 est à 991.82 mètres du groupe facile
[00:44:41] [CHECK] Joueur 1 est à 3281.10 mètres du groupe rude
[00:44:51] [CHECK] Joueur 1 est à 5974.91 mètres du groupe demon
[00:44:51] [CHECK] Joueur 1 est à 2861.58 mètres du groupe ghost
[00:44:51] [CHECK] Joueur 1 est à 989.79 mètres du groupe facile
[00:44:51] [CHECK] Joueur 1 est à 3282.05 mètres du groupe rude
[00:45:01] [CHECK] Joueur 1 est à 5974.91 mètres du groupe demon
[00:45:01] [CHECK] Joueur 1 est à 2861.58 mètres du groupe ghost
[00:45:01] [CHECK] Joueur 1 est à 989.79 mètres du groupe facile
[00:45:01] [CHECK] Joueur 1 est à 3282.05 mètres du groupe rude
[00:45:11] [CHECK] Joueur 1 est à 6042.52 mètres du groupe demon
[00:45:11] [CHECK] Joueur 1 est à 2932.56 mètres du groupe ghost
[00:45:11] [CHECK] Joueur 1 est à 968.00 mètres du groupe facile
[00:45:11] [CHECK] Joueur 1 est à 3307.87 mètres du groupe rude
[00:45:21] [CHECK] Joueur 1 est à 6042.52 mètres du groupe demon
[00:45:21] [CHECK] Joueur 1 est à 2932.56 mètres du groupe ghost
[00:45:21] [CHECK] Joueur 1 est à 968.00 mètres du groupe facile
[00:45:21] [CHECK] Joueur 1 est à 3307.87 mètres du groupe rude
[00:45:31] [CHECK] Joueur 1 est à 6042.52 mètres du groupe demon
[00:45:31] [CHECK] Joueur 1 est à 2932.56 mètres du groupe ghost
[00:45:31] [CHECK] Joueur 1 est à 968.00 mètres du groupe facile
[00:45:31] [CHECK] Joueur 1 est à 3307.87 mètres du groupe rude
[00:45:41] [CHECK] Joueur 1 est à 6042.52 mètres du groupe demon
[00:45:41] [CHECK] Joueur 1 est à 2932.56 mètres du groupe ghost
[00:45:41] [CHECK] Joueur 1 est à 968.00 mètres du groupe facile
[00:45:41] [CHECK] Joueur 1 est à 3307.87 mètres du groupe rude
[00:45:51] [CHECK] Joueur 1 est à 6042.52 mètres du groupe demon
[00:45:51] [CHECK] Joueur 1 est à 2932.56 mètres du groupe ghost
[00:45:51] [CHECK] Joueur 1 est à 968.00 mètres du groupe facile
[00:45:51] [CHECK] Joueur 1 est à 3307.87 mètres du groupe rude
[00:46:01] [CHECK] Joueur 1 est à 6042.52 mètres du groupe demon
[00:46:01] [CHECK] Joueur 1 est à 2932.56 mètres du groupe ghost
[00:46:01] [CHECK] Joueur 1 est à 968.00 mètres du groupe facile
[00:46:01] [CHECK] Joueur 1 est à 3307.87 mètres du groupe rude
[00:46:11] [CHECK] Joueur 1 est à 6042.52 mètres du groupe demon
[00:46:11] [CHECK] Joueur 1 est à 2932.56 mètres du groupe ghost
[00:46:11] [CHECK] Joueur 1 est à 968.00 mètres du groupe facile
[00:46:11] [CHECK] Joueur 1 est à 3307.87 mètres du groupe rude
[00:46:22] [CHECK] Joueur 1 est à 6042.52 mètres du groupe demon
[00:46:22] [CHECK] Joueur 1 est à 2932.56 mètres du groupe ghost
[00:46:22] [CHECK] Joueur 1 est à 968.00 mètres du groupe facile
[00:46:22] [CHECK] Joueur 1 est à 3307.87 mètres du groupe rude
[00:46:32] [CHECK] Joueur 1 est à 6042.52 mètres du groupe demon
[00:46:32] [CHECK] Joueur 1 est à 2932.56 mètres du groupe ghost
[00:46:32] [CHECK] Joueur 1 est à 968.00 mètres du groupe facile
[00:46:32] [CHECK] Joueur 1 est à 3307.87 mètres du groupe rude
[00:46:42] [CHECK] Joueur 1 est à 6042.52 mètres du groupe demon
[00:46:42] [CHECK] Joueur 1 est à 2932.56 mètres du groupe ghost
[00:46:42] [CHECK] Joueur 1 est à 968.00 mètres du groupe facile
[00:46:42] [CHECK] Joueur 1 est à 3307.87 mètres du groupe rude
[00:46:52] [CHECK] Joueur 1 est à 6042.52 mètres du groupe demon
[00:46:52] [CHECK] Joueur 1 est à 2932.56 mètres du groupe ghost
[00:46:52] [CHECK] Joueur 1 est à 968.00 mètres du groupe facile
[00:46:52] [CHECK] Joueur 1 est à 3307.87 mètres du groupe rude
[00:47:02] [CHECK] Joueur 1 est à 6042.52 mètres du groupe demon
[00:47:02] [CHECK] Joueur 1 est à 2932.56 mètres du groupe ghost
[00:47:02] [CHECK] Joueur 1 est à 968.00 mètres du groupe facile
[00:47:02] [CHECK] Joueur 1 est à 3307.87 mètres du groupe rude
[00:47:12] [CHECK] Joueur 1 est à 6042.52 mètres du groupe demon
[00:47:12] [CHECK] Joueur 1 est à 2932.56 mètres du groupe ghost
[00:47:12] [CHECK] Joueur 1 est à 968.00 mètres du groupe facile
[00:47:12] [CHECK] Joueur 1 est à 3307.87 mètres du groupe rude
[00:47:22] [CHECK] Joueur 1 est à 6042.52 mètres du groupe demon
[00:47:22] [CHECK] Joueur 1 est à 2932.56 mètres du groupe ghost
[00:47:22] [CHECK] Joueur 1 est à 968.00 mètres du groupe facile
[00:47:22] [CHECK] Joueur 1 est à 3307.87 mètres du groupe rude
[00:47:32] [CHECK] Joueur 1 est à 6042.52 mètres du groupe demon
[00:47:32] [CHECK] Joueur 1 est à 2932.56 mètres du groupe ghost
[00:47:32] [CHECK] Joueur 1 est à 968.00 mètres du groupe facile
[00:47:32] [CHECK] Joueur 1 est à 3307.87 mètres du groupe rude
[00:47:42] [CHECK] Joueur 1 est à 6042.52 mètres du groupe demon
[00:47:42] [CHECK] Joueur 1 est à 2932.56 mètres du groupe ghost
[00:47:42] [CHECK] Joueur 1 est à 968.00 mètres du groupe facile
[00:47:42] [CHECK] Joueur 1 est à 3307.87 mètres du groupe rude
[00:47:52] [CHECK] Joueur 1 est à 6042.52 mètres du groupe demon
[00:47:52] [CHECK] Joueur 1 est à 2932.56 mètres du groupe ghost
[00:47:52] [CHECK] Joueur 1 est à 968.00 mètres du groupe facile
[00:47:52] [CHECK] Joueur 1 est à 3307.87 mètres du groupe rude
[00:48:02] [CHECK] Joueur 1 est à 6042.52 mètres du groupe demon
[00:48:02] [CHECK] Joueur 1 est à 2932.56 mètres du groupe ghost
[00:48:02] [CHECK] Joueur 1 est à 968.00 mètres du groupe facile
[00:48:02] [CHECK] Joueur 1 est à 3307.87 mètres du groupe rude
[00:48:12] [CHECK] Joueur 1 est à 6042.52 mètres du groupe demon
[00:48:12] [CHECK] Joueur 1 est à 2932.56 mètres du groupe ghost
[00:48:12] [CHECK] Joueur 1 est à 968.00 mètres du groupe facile
[00:48:12] [CHECK] Joueur 1 est à 3307.87 mètres du groupe rude
[00:48:22] [CHECK] Joueur 1 est à 6042.52 mètres du groupe demon
[00:48:22] [CHECK] Joueur 1 est à 2932.56 mètres du groupe ghost
[00:48:22] [CHECK] Joueur 1 est à 968.00 mètres du groupe facile
[00:48:22] [CHECK] Joueur 1 est à 3307.87 mètres du groupe rude
[00:48:33] [CHECK] Joueur 1 est à 6042.52 mètres du groupe demon
[00:48:33] [CHECK] Joueur 1 est à 2932.56 mètres du groupe ghost
[00:48:33] [CHECK] Joueur 1 est à 968.00 mètres du groupe facile
[00:48:33] [CHECK] Joueur 1 est à 3307.87 mètres du groupe rude
[00:48:43] [CHECK] Joueur 1 est à 6042.52 mètres du groupe demon
[00:48:43] [CHECK] Joueur 1 est à 2932.56 mètres du groupe ghost
[00:48:43] [CHECK] Joueur 1 est à 968.00 mètres du groupe facile
[00:48:43] [CHECK] Joueur 1 est à 3307.87 mètres du groupe rude
[00:48:53] [CHECK] Joueur 1 est à 6042.52 mètres du groupe demon
[00:48:53] [CHECK] Joueur 1 est à 2932.56 mètres du groupe ghost
[00:48:53] [CHECK] Joueur 1 est à 968.00 mètres du groupe facile
[00:48:53] [CHECK] Joueur 1 est à 3307.87 mètres du groupe rude
[00:49:03] [CHECK] Joueur 1 est à 6042.52 mètres du groupe demon
[00:49:03] [CHECK] Joueur 1 est à 2932.56 mètres du groupe ghost
[00:49:03] [CHECK] Joueur 1 est à 968.00 mètres du groupe facile
[00:49:03] [CHECK] Joueur 1 est à 3307.87 mètres du groupe rude
[00:49:13] [CHECK] Joueur 1 est à 6042.52 mètres du groupe demon
[00:49:13] [CHECK] Joueur 1 est à 2932.56 mètres du groupe ghost
[00:49:13] [CHECK] Joueur 1 est à 968.00 mètres du groupe facile
[00:49:13] [CHECK] Joueur 1 est à 3307.87 mètres du groupe rude
[00:49:23] [CHECK] Joueur 1 est à 6042.52 mètres du groupe demon
[00:49:23] [CHECK] Joueur 1 est à 2932.56 mètres du groupe ghost
[00:49:23] [CHECK] Joueur 1 est à 968.00 mètres du groupe facile
[00:49:23] [CHECK] Joueur 1 est à 3307.87 mètres du groupe rude
[00:49:33] [CHECK] Joueur 1 est à 6042.52 mètres du groupe demon
[00:49:33] [CHECK] Joueur 1 est à 2932.56 mètres du groupe ghost
[00:49:33] [CHECK] Joueur 1 est à 968.00 mètres du groupe facile
[00:49:33] [CHECK] Joueur 1 est à 3307.87 mètres du groupe rude
[00:49:43] [CHECK] Joueur 1 est à 6042.52 mètres du groupe demon
[00:49:43] [CHECK] Joueur 1 est à 2932.56 mètres du groupe ghost
[00:49:43] [CHECK] Joueur 1 est à 968.00 mètres du groupe facile
[00:49:43] [CHECK] Joueur 1 est à 3307.87 mètres du groupe rude
[00:49:53] [CHECK] Joueur 1 est à 6042.52 mètres du groupe demon
[00:49:53] [CHECK] Joueur 1 est à 2932.56 mètres du groupe ghost
[00:49:53] [CHECK] Joueur 1 est à 968.00 mètres du groupe facile
[00:49:53] [CHECK] Joueur 1 est à 3307.87 mètres du groupe rude
[00:50:03] [CHECK] Joueur 1 est à 6042.52 mètres du groupe demon
[00:50:03] [CHECK] Joueur 1 est à 2932.56 mètres du groupe ghost
[00:50:03] [CHECK] Joueur 1 est à 968.00 mètres du groupe facile
[00:50:03] [CHECK] Joueur 1 est à 3307.87 mètres du groupe rude
[00:50:13] [CHECK] Joueur 1 est à 6042.52 mètres du groupe demon
[00:50:13] [CHECK] Joueur 1 est à 2932.56 mètres du groupe ghost
[00:50:13] [CHECK] Joueur 1 est à 968.00 mètres du groupe facile
[00:50:13] [CHECK] Joueur 1 est à 3307.87 mètres du groupe rude
[00:50:23] [CHECK] Joueur 1 est à 6042.52 mètres du groupe demon
[00:50:23] [CHECK] Joueur 1 est à 2932.56 mètres du groupe ghost
[00:50:23] [CHECK] Joueur 1 est à 968.00 mètres du groupe facile
[00:50:23] [CHECK] Joueur 1 est à 3307.87 mètres du groupe rude
[00:50:33] [CHECK] Joueur 1 est à 6042.52 mètres du groupe demon
[00:50:33] [CHECK] Joueur 1 est à 2932.56 mètres du groupe ghost
[00:50:33] [CHECK] Joueur 1 est à 968.00 mètres du groupe facile
[00:50:33] [CHECK] Joueur 1 est à 3307.87 mètres du groupe rude
[00:50:44] [CHECK] Joueur 1 est à 6042.52 mètres du groupe demon
[00:50:44] [CHECK] Joueur 1 est à 2932.56 mètres du groupe ghost
[00:50:44] [CHECK] Joueur 1 est à 968.00 mètres du groupe facile
[00:50:44] [CHECK] Joueur 1 est à 3307.87 mètres du groupe rude
[00:50:54] [CHECK] Joueur 1 est à 6042.52 mètres du groupe demon
[00:50:54] [CHECK] Joueur 1 est à 2932.56 mètres du groupe ghost
[00:50:54] [CHECK] Joueur 1 est à 968.00 mètres du groupe facile
[00:50:54] [CHECK] Joueur 1 est à 3307.87 mètres du groupe rude
[00:51:04] [CHECK] Joueur 1 est à 6042.52 mètres du groupe demon
[00:51:04] [CHECK] Joueur 1 est à 2932.56 mètres du groupe ghost
[00:51:04] [CHECK] Joueur 1 est à 968.00 mètres du groupe facile
[00:51:04] [CHECK] Joueur 1 est à 3307.87 mètres du groupe rude
[00:51:14] [CHECK] Joueur 1 est à 6042.52 mètres du groupe demon
[00:51:14] [CHECK] Joueur 1 est à 2932.56 mètres du groupe ghost
[00:51:14] [CHECK] Joueur 1 est à 968.00 mètres du groupe facile
[00:51:14] [CHECK] Joueur 1 est à 3307.87 mètres du groupe rude
[00:51:24] [CHECK] Joueur 1 est à 6042.52 mètres du groupe demon
[00:51:24] [CHECK] Joueur 1 est à 2932.56 mètres du groupe ghost
[00:51:24] [CHECK] Joueur 1 est à 968.00 mètres du groupe facile
[00:51:24] [CHECK] Joueur 1 est à 3307.87 mètres du groupe rude
[00:51:34] [CHECK] Joueur 1 est à 6042.52 mètres du groupe demon
[00:51:34] [CHECK] Joueur 1 est à 2932.56 mètres du groupe ghost
[00:51:34] [CHECK] Joueur 1 est à 968.00 mètres du groupe facile
[00:51:34] [CHECK] Joueur 1 est à 3307.87 mètres du groupe rude
[00:51:44] [CHECK] Joueur 1 est à 6042.52 mètres du groupe demon
[00:51:44] [CHECK] Joueur 1 est à 2932.56 mètres du groupe ghost
[00:51:44] [CHECK] Joueur 1 est à 968.00 mètres du groupe facile
[00:51:44] [CHECK] Joueur 1 est à 3307.87 mètres du groupe rude
[00:51:54] [CHECK] Joueur 1 est à 6042.52 mètres du groupe demon
[00:51:54] [CHECK] Joueur 1 est à 2932.56 mètres du groupe ghost
[00:51:54] [CHECK] Joueur 1 est à 968.00 mètres du groupe facile
[00:51:54] [CHECK] Joueur 1 est à 3307.87 mètres du groupe rude
[00:52:04] [CHECK] Joueur 1 est à 6042.52 mètres du groupe demon
[00:52:04] [CHECK] Joueur 1 est à 2932.56 mètres du groupe ghost
[00:52:04] [CHECK] Joueur 1 est à 968.00 mètres du groupe facile
[00:52:04] [CHECK] Joueur 1 est à 3307.87 mètres du groupe rude
[00:52:14] [CHECK] Joueur 1 est à 6042.52 mètres du groupe demon
[00:52:14] [CHECK] Joueur 1 est à 2932.56 mètres du groupe ghost
[00:52:14] [CHECK] Joueur 1 est à 968.00 mètres du groupe facile
[00:52:14] [CHECK] Joueur 1 est à 3307.87 mètres du groupe rude
[00:52:24] [CHECK] Joueur 1 est à 6042.52 mètres du groupe demon
[00:52:24] [CHECK] Joueur 1 est à 2932.56 mètres du groupe ghost
[00:52:24] [CHECK] Joueur 1 est à 968.00 mètres du groupe facile
[00:52:24] [CHECK] Joueur 1 est à 3307.87 mètres du groupe rude
[00:52:34] [CHECK] Joueur 1 est à 6042.52 mètres du groupe demon
[00:52:34] [CHECK] Joueur 1 est à 2932.56 mètres du groupe ghost
[00:52:34] [CHECK] Joueur 1 est à 968.00 mètres du groupe facile
[00:52:34] [CHECK] Joueur 1 est à 3307.87 mètres du groupe rude
[00:52:45] [CHECK] Joueur 1 est à 6042.52 mètres du groupe demon
[00:52:45] [CHECK] Joueur 1 est à 2932.56 mètres du groupe ghost
[00:52:45] [CHECK] Joueur 1 est à 968.00 mètres du groupe facile
[00:52:45] [CHECK] Joueur 1 est à 3307.87 mètres du groupe rude
[00:52:55] [CHECK] Joueur 1 est à 6042.52 mètres du groupe demon
[00:52:55] [CHECK] Joueur 1 est à 2932.56 mètres du groupe ghost
[00:52:55] [CHECK] Joueur 1 est à 968.00 mètres du groupe facile
[00:52:55] [CHECK] Joueur 1 est à 3307.87 mètres du groupe rude
[00:53:05] [CHECK] Joueur 1 est à 6042.52 mètres du groupe demon
[00:53:05] [CHECK] Joueur 1 est à 2932.56 mètres du groupe ghost
[00:53:05] [CHECK] Joueur 1 est à 968.00 mètres du groupe facile
[00:53:05] [CHECK] Joueur 1 est à 3307.87 mètres du groupe rude
[00:53:15] [CHECK] Joueur 1 est à 6042.52 mètres du groupe demon
[00:53:15] [CHECK] Joueur 1 est à 2932.56 mètres du groupe ghost
[00:53:15] [CHECK] Joueur 1 est à 968.00 mètres du groupe facile
[00:53:15] [CHECK] Joueur 1 est à 3307.87 mètres du groupe rude
[00:53:25] [CHECK] Joueur 1 est à 6042.52 mètres du groupe demon
[00:53:25] [CHECK] Joueur 1 est à 2932.56 mètres du groupe ghost
[00:53:25] [CHECK] Joueur 1 est à 968.00 mètres du groupe facile
[00:53:25] [CHECK] Joueur 1 est à 3307.87 mètres du groupe rude
[00:53:35] [CHECK] Joueur 1 est à 6042.52 mètres du groupe demon
[00:53:35] [CHECK] Joueur 1 est à 2932.56 mètres du groupe ghost
[00:53:35] [CHECK] Joueur 1 est à 968.00 mètres du groupe facile
[00:53:35] [CHECK] Joueur 1 est à 3307.87 mètres du groupe rude
[00:53:45] [CHECK] Joueur 1 est à 6042.52 mètres du groupe demon
[00:53:45] [CHECK] Joueur 1 est à 2932.56 mètres du groupe ghost
[00:53:45] [CHECK] Joueur 1 est à 968.00 mètres du groupe facile
[00:53:45] [CHECK] Joueur 1 est à 3307.87 mètres du groupe rude
[00:53:55] [CHECK] Joueur 1 est à 6042.52 mètres du groupe demon
[00:53:55] [CHECK] Joueur 1 est à 2932.56 mètres du groupe ghost
[00:53:55] [CHECK] Joueur 1 est à 968.00 mètres du groupe facile
[00:53:55] [CHECK] Joueur 1 est à 3307.87 mètres du groupe rude
[00:54:05] [CHECK] Joueur 1 est à 6042.52 mètres du groupe demon
[00:54:05] [CHECK] Joueur 1 est à 2932.56 mètres du groupe ghost
[00:54:05] [CHECK] Joueur 1 est à 968.00 mètres du groupe facile
[00:54:05] [CHECK] Joueur 1 est à 3307.87 mètres du groupe rude
[00:54:15] [CHECK] Joueur 1 est à 6042.52 mètres du groupe demon
[00:54:15] [CHECK] Joueur 1 est à 2932.56 mètres du groupe ghost
[00:54:15] [CHECK] Joueur 1 est à 968.00 mètres du groupe facile
[00:54:15] [CHECK] Joueur 1 est à 3307.87 mètres du groupe rude
[00:54:25] [CHECK] Joueur 1 est à 6042.52 mètres du groupe demon
[00:54:25] [CHECK] Joueur 1 est à 2932.56 mètres du groupe ghost
[00:54:25] [CHECK] Joueur 1 est à 968.00 mètres du groupe facile
[00:54:25] [CHECK] Joueur 1 est à 3307.87 mètres du groupe rude
[00:54:35] [CHECK] Joueur 1 est à 6042.52 mètres du groupe demon
[00:54:35] [CHECK] Joueur 1 est à 2932.56 mètres du groupe ghost
[00:54:35] [CHECK] Joueur 1 est à 968.00 mètres du groupe facile
[00:54:35] [CHECK] Joueur 1 est à 3307.87 mètres du groupe rude
[00:54:46] [CHECK] Joueur 1 est à 6042.52 mètres du groupe demon
[00:54:46] [CHECK] Joueur 1 est à 2932.56 mètres du groupe ghost
[00:54:46] [CHECK] Joueur 1 est à 968.00 mètres du groupe facile
[00:54:46] [CHECK] Joueur 1 est à 3307.87 mètres du groupe rude
[00:54:56] [CHECK] Joueur 1 est à 6042.52 mètres du groupe demon
[00:54:56] [CHECK] Joueur 1 est à 2932.56 mètres du groupe ghost
[00:54:56] [CHECK] Joueur 1 est à 968.00 mètres du groupe facile
[00:54:56] [CHECK] Joueur 1 est à 3307.87 mètres du groupe rude
[00:55:06] [CHECK] Joueur 1 est à 6042.52 mètres du groupe demon
[00:55:06] [CHECK] Joueur 1 est à 2932.56 mètres du groupe ghost
[00:55:06] [CHECK] Joueur 1 est à 968.00 mètres du groupe facile
[00:55:06] [CHECK] Joueur 1 est à 3307.87 mètres du groupe rude
[00:55:16] [CHECK] Joueur 1 est à 6042.52 mètres du groupe demon
[00:55:16] [CHECK] Joueur 1 est à 2932.56 mètres du groupe ghost
[00:55:16] [CHECK] Joueur 1 est à 968.00 mètres du groupe facile
[00:55:16] [CHECK] Joueur 1 est à 3307.87 mètres du groupe rude
[00:55:26] [CHECK] Joueur 1 est à 6042.52 mètres du groupe demon
[00:55:26] [CHECK] Joueur 1 est à 2932.56 mètres du groupe ghost
[00:55:26] [CHECK] Joueur 1 est à 968.00 mètres du groupe facile
[00:55:27] [CHECK] Joueur 1 est à 3307.87 mètres du groupe rude
[00:55:37] [CHECK] Joueur 1 est à 6042.52 mètres du groupe demon
[00:55:37] [CHECK] Joueur 1 est à 2932.56 mètres du groupe ghost
[00:55:37] [CHECK] Joueur 1 est à 968.00 mètres du groupe facile
[00:55:37] [CHECK] Joueur 1 est à 3307.87 mètres du groupe rude
[00:55:47] [CHECK] Joueur 1 est à 6042.52 mètres du groupe demon
[00:55:47] [CHECK] Joueur 1 est à 2932.56 mètres du groupe ghost
[00:55:47] [CHECK] Joueur 1 est à 968.00 mètres du groupe facile
[00:55:47] [CHECK] Joueur 1 est à 3307.87 mètres du groupe rude
[00:55:57] [CHECK] Joueur 1 est à 6042.52 mètres du groupe demon
[00:55:57] [CHECK] Joueur 1 est à 2932.56 mètres du groupe ghost
[00:55:57] [CHECK] Joueur 1 est à 968.00 mètres du groupe facile
[00:55:57] [CHECK] Joueur 1 est à 3307.87 mètres du groupe rude
[00:56:07] [CHECK] Joueur 1 est à 6042.52 mètres du groupe demon
[00:56:07] [CHECK] Joueur 1 est à 2932.56 mètres du groupe ghost
[00:56:07] [CHECK] Joueur 1 est à 968.00 mètres du groupe facile
[00:56:08] [CHECK] Joueur 1 est à 3307.87 mètres du groupe rude
[00:56:18] [CHECK] Joueur 1 est à 6042.52 mètres du groupe demon
[00:56:18] [CHECK] Joueur 1 est à 2932.56 mètres du groupe ghost
[00:56:18] [CHECK] Joueur 1 est à 968.00 mètres du groupe facile
[00:56:18] [CHECK] Joueur 1 est à 3307.87 mètres du groupe rude
[00:56:28] [CHECK] Joueur 1 est à 6042.52 mètres du groupe demon
[00:56:28] [CHECK] Joueur 1 est à 2932.56 mètres du groupe ghost
[00:56:28] [CHECK] Joueur 1 est à 968.00 mètres du groupe facile
[00:56:28] [CHECK] Joueur 1 est à 3307.87 mètres du groupe rude
[00:56:38] [CHECK] Joueur 1 est à 6042.52 mètres du groupe demon
[00:56:38] [CHECK] Joueur 1 est à 2932.56 mètres du groupe ghost
[00:56:38] [CHECK] Joueur 1 est à 968.00 mètres du groupe facile
[00:56:38] [CHECK] Joueur 1 est à 3307.87 mètres du groupe rude
[00:56:48] [CHECK] Joueur 1 est à 6042.52 mètres du groupe demon
[00:56:48] [CHECK] Joueur 1 est à 2932.56 mètres du groupe ghost
[00:56:48] [CHECK] Joueur 1 est à 968.00 mètres du groupe facile
[00:56:48] [CHECK] Joueur 1 est à 3307.87 mètres du groupe rude
[00:56:58] [CHECK] Joueur 1 est à 6042.52 mètres du groupe demon
[00:56:58] [CHECK] Joueur 1 est à 2932.56 mètres du groupe ghost
[00:56:58] [CHECK] Joueur 1 est à 968.00 mètres du groupe facile
[00:56:58] [CHECK] Joueur 1 est à 3307.87 mètres du groupe rude
[00:57:08] [CHECK] Joueur 1 est à 6042.52 mètres du groupe demon
[00:57:08] [CHECK] Joueur 1 est à 2932.56 mètres du groupe ghost
[00:57:08] [CHECK] Joueur 1 est à 968.00 mètres du groupe facile
[00:57:08] [CHECK] Joueur 1 est à 3307.87 mètres du groupe rude
[00:57:18] [CHECK] Joueur 1 est à 6042.52 mètres du groupe demon
[00:57:18] [CHECK] Joueur 1 est à 2932.56 mètres du groupe ghost
[00:57:18] [CHECK] Joueur 1 est à 968.00 mètres du groupe facile
[00:57:18] [CHECK] Joueur 1 est à 3307.87 mètres du groupe rude
[01:02:09] [CHECK] Joueur 2 est à 5059.08 mètres du groupe demon
[01:02:09] [CHECK] Joueur 2 est à 2285.24 mètres du groupe ghost
[01:02:09] [CHECK] Joueur 2 est à 1092.16 mètres du groupe facile
[01:02:09] [CHECK] Joueur 2 est à 2346.13 mètres du groupe rude
[01:02:19] [CHECK] Joueur 2 est à 4445.68 mètres du groupe demon
[01:02:19] [CHECK] Joueur 2 est à 1927.94 mètres du groupe ghost
[01:02:19] [CHECK] Joueur 2 est à 1654.40 mètres du groupe facile
[01:02:19] [CHECK] Joueur 2 est à 2029.18 mètres du groupe rude
[01:02:29] [CHECK] Joueur 2 est à 4445.68 mètres du groupe demon
[01:02:29] [CHECK] Joueur 2 est à 1927.94 mètres du groupe ghost
[01:02:29] [CHECK] Joueur 2 est à 1654.40 mètres du groupe facile
[01:02:29] [CHECK] Joueur 2 est à 2029.18 mètres du groupe rude
[01:02:39] [CHECK] Joueur 2 est à 4445.68 mètres du groupe demon
[01:02:39] [CHECK] Joueur 2 est à 1927.94 mètres du groupe ghost
[01:02:39] [CHECK] Joueur 2 est à 1654.40 mètres du groupe facile
[01:02:39] [CHECK] Joueur 2 est à 2029.18 mètres du groupe rude
[01:02:49] [CHECK] Joueur 2 est à 6035.30 mètres du groupe demon
[01:02:49] [CHECK] Joueur 2 est à 2924.79 mètres du groupe ghost
[01:02:49] [CHECK] Joueur 2 est à 970.46 mètres du groupe facile
[01:02:50] [CHECK] Joueur 2 est à 3305.27 mètres du groupe rude
[01:03:00] [CHECK] Joueur 2 est à 6028.96 mètres du groupe demon
[01:03:00] [CHECK] Joueur 2 est à 2920.09 mètres du groupe ghost
[01:03:00] [CHECK] Joueur 2 est à 966.73 mètres du groupe facile
[01:03:00] [CHECK] Joueur 2 est à 3298.35 mètres du groupe rude
[01:03:10] [CHECK] Joueur 2 est à 5888.75 mètres du groupe demon
[01:03:10] [CHECK] Joueur 2 est à 2789.11 mètres du groupe ghost
[01:03:10] [CHECK] Joueur 2 est à 972.40 mètres du groupe facile
[01:03:10] [CHECK] Joueur 2 est à 3209.81 mètres du groupe rude
[01:03:20] [CHECK] Joueur 2 est à 5881.58 mètres du groupe demon
[01:03:20] [CHECK] Joueur 2 est à 2783.31 mètres du groupe ghost
[01:03:20] [CHECK] Joueur 2 est à 970.82 mètres du groupe facile
[01:03:20] [CHECK] Joueur 2 est à 3203.42 mètres du groupe rude
[01:03:30] [CHECK] Joueur 2 est à 5881.57 mètres du groupe demon
[01:03:30] [CHECK] Joueur 2 est à 2783.30 mètres du groupe ghost
[01:03:30] [CHECK] Joueur 2 est à 970.82 mètres du groupe facile
[01:03:30] [CHECK] Joueur 2 est à 3203.42 mètres du groupe rude
[01:03:40] [CHECK] Joueur 2 est à 5881.58 mètres du groupe demon
[01:03:40] [CHECK] Joueur 2 est à 2783.31 mètres du groupe ghost
[01:03:40] [CHECK] Joueur 2 est à 970.82 mètres du groupe facile
[01:03:40] [CHECK] Joueur 2 est à 3203.42 mètres du groupe rude
[01:03:50] [CHECK] Joueur 2 est à 5881.58 mètres du groupe demon
[01:03:50] [CHECK] Joueur 2 est à 2783.31 mètres du groupe ghost
[01:03:50] [CHECK] Joueur 2 est à 970.82 mètres du groupe facile
[01:03:50] [CHECK] Joueur 2 est à 3203.42 mètres du groupe rude
[01:04:00] [CHECK] Joueur 2 est à 5881.58 mètres du groupe demon
[01:04:00] [CHECK] Joueur 2 est à 2783.31 mètres du groupe ghost
[01:04:00] [CHECK] Joueur 2 est à 970.82 mètres du groupe facile
[01:04:00] [CHECK] Joueur 2 est à 3203.42 mètres du groupe rude
[01:04:10] [CHECK] Joueur 2 est à 5881.58 mètres du groupe demon
[01:04:10] [CHECK] Joueur 2 est à 2783.31 mètres du groupe ghost
[01:04:10] [CHECK] Joueur 2 est à 970.82 mètres du groupe facile
[01:04:10] [CHECK] Joueur 2 est à 3203.42 mètres du groupe rude
[01:04:20] [CHECK] Joueur 2 est à 5881.58 mètres du groupe demon
[01:04:20] [CHECK] Joueur 2 est à 2783.31 mètres du groupe ghost
[01:04:20] [CHECK] Joueur 2 est à 970.82 mètres du groupe facile
[01:04:20] [CHECK] Joueur 2 est à 3203.42 mètres du groupe rude
[01:04:30] [CHECK] Joueur 2 est à 3867.28 mètres du groupe demon
[01:04:30] [CHECK] Joueur 2 est à 1553.50 mètres du groupe ghost
[01:04:30] [CHECK] Joueur 2 est à 4625.41 mètres du groupe facile
[01:04:30] [CHECK] Joueur 2 est à 5143.41 mètres du groupe rude
[01:04:40] [CHECK] Joueur 2 est à 3862.46 mètres du groupe demon
[01:04:40] [CHECK] Joueur 2 est à 1547.72 mètres du groupe ghost
[01:04:40] [CHECK] Joueur 2 est à 4621.35 mètres du groupe facile
[01:04:40] [CHECK] Joueur 2 est à 5137.31 mètres du groupe rude
[01:04:50] [CHECK] Joueur 2 est à 3855.29 mètres du groupe demon
[01:04:50] [CHECK] Joueur 2 est à 1538.24 mètres du groupe ghost
[01:04:50] [CHECK] Joueur 2 est à 4614.60 mètres du groupe facile
[01:04:50] [CHECK] Joueur 2 est à 5127.81 mètres du groupe rude
[01:05:00] [CHECK] Joueur 2 est à 3856.73 mètres du groupe demon
[01:05:00] [CHECK] Joueur 2 est à 1537.34 mètres du groupe ghost
[01:05:00] [CHECK] Joueur 2 est à 4612.79 mètres du groupe facile
[01:05:00] [CHECK] Joueur 2 est à 5126.96 mètres du groupe rude
[01:05:10] [CHECK] Joueur 2 est à 3847.77 mètres du groupe demon
[01:05:10] [CHECK] Joueur 2 est à 1545.38 mètres du groupe ghost
[01:05:10] [CHECK] Joueur 2 est à 4626.74 mètres du groupe facile
[01:05:10] [CHECK] Joueur 2 est à 5134.61 mètres du groupe rude
[01:05:20] [CHECK] Joueur 2 est à 3868.75 mètres du groupe demon
[01:05:20] [CHECK] Joueur 2 est à 1564.50 mètres du groupe ghost
[01:05:20] [CHECK] Joueur 2 est à 4636.95 mètres du groupe facile
[01:05:20] [CHECK] Joueur 2 est à 5154.16 mètres du groupe rude
[01:05:31] [CHECK] Joueur 2 est à 3892.29 mètres du groupe demon
[01:05:31] [CHECK] Joueur 2 est à 1596.19 mètres du groupe ghost
[01:05:31] [CHECK] Joueur 2 est à 4660.11 mètres du groupe facile
[01:05:31] [CHECK] Joueur 2 est à 5186.26 mètres du groupe rude
[01:05:41] [CHECK] Joueur 2 est à 3894.02 mètres du groupe demon
[01:05:41] [CHECK] Joueur 2 est à 1579.45 mètres du groupe ghost
[01:05:41] [CHECK] Joueur 2 est à 4639.97 mètres du groupe facile
[01:05:41] [CHECK] Joueur 2 est à 5169.60 mètres du groupe rude
[01:05:51] [CHECK] Joueur 2 est à 5889.58 mètres du groupe demon
[01:05:51] [CHECK] Joueur 2 est à 2787.10 mètres du groupe ghost
[01:05:51] [CHECK] Joueur 2 est à 980.25 mètres du groupe facile
[01:05:51] [CHECK] Joueur 2 est à 3216.73 mètres du groupe rude
[01:06:01] [CHECK] Joueur 2 est à 5732.03 mètres du groupe demon
[01:06:01] [CHECK] Joueur 2 est à 2611.63 mètres du groupe ghost
[01:06:01] [CHECK] Joueur 2 est à 1087.77 mètres du groupe facile
[01:06:01] [CHECK] Joueur 2 est à 3187.02 mètres du groupe rude
[01:06:11] [CHECK] Joueur 2 est à 5453.31 mètres du groupe demon
[01:06:11] [CHECK] Joueur 2 est à 2346.51 mètres du groupe ghost
[01:06:11] [CHECK] Joueur 2 est à 1202.67 mètres du groupe facile
[01:06:11] [CHECK] Joueur 2 est à 3051.09 mètres du groupe rude
[01:06:21] [CHECK] Joueur 2 est à 5101.18 mètres du groupe demon
[01:06:21] [CHECK] Joueur 2 est à 1831.79 mètres du groupe ghost
[01:06:21] [CHECK] Joueur 2 est à 1821.14 mètres du groupe facile
[01:06:21] [CHECK] Joueur 2 est à 3335.45 mètres du groupe rude
[01:06:31] [CHECK] Joueur 2 est à 4803.10 mètres du groupe demon
[01:06:31] [CHECK] Joueur 2 est à 1381.98 mètres du groupe ghost
[01:06:31] [CHECK] Joueur 2 est à 2666.21 mètres du groupe facile
[01:06:31] [CHECK] Joueur 2 est à 3916.76 mètres du groupe rude
[01:06:41] [CHECK] Joueur 2 est à 4274.75 mètres du groupe demon
[01:06:41] [CHECK] Joueur 2 est à 990.82 mètres du groupe ghost
[01:06:41] [CHECK] Joueur 2 est à 3447.28 mètres du groupe facile
[01:06:41] [CHECK] Joueur 2 est à 4304.05 mètres du groupe rude
[01:06:51] [CHECK] Joueur 2 est à 3931.50 mètres du groupe demon
[01:06:51] [CHECK] Joueur 2 est à 1269.29 mètres du groupe ghost
[01:06:51] [CHECK] Joueur 2 est à 4258.76 mètres du groupe facile
[01:06:51] [CHECK] Joueur 2 est à 4852.62 mètres du groupe rude
[01:07:01] [CHECK] Joueur 2 est à 3769.39 mètres du groupe demon
[01:07:01] [CHECK] Joueur 2 est à 1435.28 mètres du groupe ghost
[01:07:01] [CHECK] Joueur 2 est à 4547.51 mètres du groupe facile
[01:07:01] [CHECK] Joueur 2 est à 5024.87 mètres du groupe rude
[01:07:11] [CHECK] Joueur 2 est à 3608.01 mètres du groupe demon
[01:07:11] [CHECK] Joueur 2 est à 1502.51 mètres du groupe ghost
[01:07:11] [CHECK] Joueur 2 est à 4694.29 mètres du groupe facile
[01:07:11] [CHECK] Joueur 2 est à 5072.32 mètres du groupe rude
[01:07:21] [CHECK] Joueur 2 est à 3636.85 mètres du groupe demon
[01:07:21] [CHECK] Joueur 2 est à 1474.55 mètres du groupe ghost
[01:07:21] [CHECK] Joueur 2 est à 4652.74 mètres du groupe facile
[01:07:21] [CHECK] Joueur 2 est à 5050.29 mètres du groupe rude
[01:07:31] [CHECK] Joueur 2 est à 3650.14 mètres du groupe demon
[01:07:31] [CHECK] Joueur 2 est à 1488.39 mètres du groupe ghost
[01:07:31] [CHECK] Joueur 2 est à 4661.74 mètres du groupe facile
[01:07:31] [CHECK] Joueur 2 est à 5065.19 mètres du groupe rude
[01:07:41] [CHECK] Joueur 2 est à 3632.71 mètres du groupe demon
[01:07:41] [CHECK] Joueur 2 est à 1473.13 mètres du groupe ghost
[01:07:41] [CHECK] Joueur 2 est à 4653.03 mètres du groupe facile
[01:07:41] [CHECK] Joueur 2 est à 5048.41 mètres du groupe rude
[01:07:51] [CHECK] Joueur 2 est à 3636.26 mètres du groupe demon
[01:07:51] [CHECK] Joueur 2 est à 1475.10 mètres du groupe ghost
[01:07:52] [CHECK] Joueur 2 est à 4653.54 mètres du groupe facile
[01:07:52] [CHECK] Joueur 2 est à 5050.55 mètres du groupe rude
[01:08:02] [CHECK] Joueur 2 est à 3652.15 mètres du groupe demon
[01:08:02] [CHECK] Joueur 2 est à 1473.74 mètres du groupe ghost
[01:08:02] [CHECK] Joueur 2 est à 4645.27 mètres du groupe facile
[01:08:02] [CHECK] Joueur 2 est à 5051.59 mètres du groupe rude
[01:08:12] [CHECK] Joueur 2 est à 3638.26 mètres du groupe demon
[01:08:12] [CHECK] Joueur 2 est à 1486.77 mètres du groupe ghost
[01:08:12] [CHECK] Joueur 2 est à 4665.15 mètres du groupe facile
[01:08:12] [CHECK] Joueur 2 est à 5062.04 mètres du groupe rude
[01:08:22] [CHECK] Joueur 2 est à 3651.74 mètres du groupe demon
[01:08:22] [CHECK] Joueur 2 est à 1535.95 mètres du groupe ghost
[01:08:22] [CHECK] Joueur 2 est à 4711.70 mètres du groupe facile
[01:08:22] [CHECK] Joueur 2 est à 5110.45 mètres du groupe rude
[01:08:32] [CHECK] Joueur 2 est à 3855.76 mètres du groupe demon
[01:08:32] [CHECK] Joueur 2 est à 1724.24 mètres du groupe ghost
[01:08:32] [CHECK] Joueur 2 est à 4825.46 mètres du groupe facile
[01:08:32] [CHECK] Joueur 2 est à 5310.99 mètres du groupe rude
[01:08:42] [CHECK] Joueur 2 est à 3877.35 mètres du groupe demon
[01:08:42] [CHECK] Joueur 2 est à 1964.21 mètres du groupe ghost
[01:08:42] [CHECK] Joueur 2 est à 5085.76 mètres du groupe facile
[01:08:42] [CHECK] Joueur 2 est à 5541.80 mètres du groupe rude
[01:08:52] [CHECK] Joueur 2 est à 3870.45 mètres du groupe demon
[01:08:52] [CHECK] Joueur 2 est à 1967.12 mètres du groupe ghost
[01:08:52] [CHECK] Joueur 2 est à 5091.98 mètres du groupe facile
[01:08:52] [CHECK] Joueur 2 est à 5544.00 mètres du groupe rude
[01:09:02] [CHECK] Joueur 2 est à 4001.12 mètres du groupe demon
[01:09:02] [CHECK] Joueur 2 est à 2047.71 mètres du groupe ghost
[01:09:02] [CHECK] Joueur 2 est à 5124.77 mètres du groupe facile
[01:09:02] [CHECK] Joueur 2 est à 5632.33 mètres du groupe rude
[01:09:12] [CHECK] Joueur 2 est à 3997.67 mètres du groupe demon
[01:09:12] [CHECK] Joueur 2 est à 1981.24 mètres du groupe ghost
[01:09:12] [CHECK] Joueur 2 est à 5049.06 mètres du groupe facile
[01:09:12] [CHECK] Joueur 2 est à 5567.39 mètres du groupe rude
[01:09:22] [CHECK] Joueur 2 est à 3850.51 mètres du groupe demon
[01:09:22] [CHECK] Joueur 2 est à 1764.38 mètres du groupe ghost
[01:09:22] [CHECK] Joueur 2 est à 4872.73 mètres du groupe facile
[01:09:22] [CHECK] Joueur 2 est à 5348.50 mètres du groupe rude
[01:09:32] [CHECK] Joueur 2 est à 3844.96 mètres du groupe demon
[01:09:32] [CHECK] Joueur 2 est à 1593.97 mètres du groupe ghost
[01:09:32] [CHECK] Joueur 2 est à 4683.16 mètres du groupe facile
[01:09:32] [CHECK] Joueur 2 est à 5182.61 mètres du groupe rude
[01:09:42] [CHECK] Joueur 2 est à 3936.07 mètres du groupe demon
[01:09:42] [CHECK] Joueur 2 est à 1468.28 mètres du groupe ghost
[01:09:42] [CHECK] Joueur 2 est à 4487.58 mètres du groupe facile
[01:09:42] [CHECK] Joueur 2 est à 5058.52 mètres du groupe rude
[01:09:52] [CHECK] Joueur 2 est à 3893.31 mètres du groupe demon
[01:09:52] [CHECK] Joueur 2 est à 1386.88 mètres du groupe ghost
[01:09:52] [CHECK] Joueur 2 est à 4420.77 mètres du groupe facile
[01:09:52] [CHECK] Joueur 2 est à 4976.89 mètres du groupe rude
[01:10:02] [CHECK] Joueur 2 est à 3892.77 mètres du groupe demon
[01:10:02] [CHECK] Joueur 2 est à 1384.93 mètres du groupe ghost
[01:10:02] [CHECK] Joueur 2 est à 4418.87 mètres du groupe facile
[01:10:02] [CHECK] Joueur 2 est à 4974.99 mètres du groupe rude
[01:12:03] [CHECK] Joueur 3 est à 4445.68 mètres du groupe demon
[01:12:03] [CHECK] Joueur 3 est à 1927.95 mètres du groupe ghost
[01:12:03] [CHECK] Joueur 3 est à 1654.41 mètres du groupe facile
[01:12:03] [CHECK] Joueur 3 est à 2029.18 mètres du groupe rude
[01:12:13] [CHECK] Joueur 3 est à 4445.68 mètres du groupe demon
[01:12:13] [CHECK] Joueur 3 est à 1927.94 mètres du groupe ghost
[01:12:13] [CHECK] Joueur 3 est à 1654.40 mètres du groupe facile
[01:12:13] [CHECK] Joueur 3 est à 2029.18 mètres du groupe rude
[01:12:23] [CHECK] Joueur 3 est à 3892.74 mètres du groupe demon
[01:12:23] [CHECK] Joueur 3 est à 1384.91 mètres du groupe ghost
[01:12:23] [CHECK] Joueur 3 est à 4418.86 mètres du groupe facile
[01:12:23] [CHECK] Joueur 3 est à 4974.96 mètres du groupe rude
[01:12:33] [CHECK] Joueur 3 est à 3892.74 mètres du groupe demon
[01:12:33] [CHECK] Joueur 3 est à 1384.91 mètres du groupe ghost
[01:12:33] [CHECK] Joueur 3 est à 4418.86 mètres du groupe facile
[01:12:33] [CHECK] Joueur 3 est à 4974.96 mètres du groupe rude
