[00:00:03] [CHECK] Joueur 1 est à 3210.37 mètres du groupe demon
[00:00:03] [CHECK] Joueur 1 est à 5346.53 mètres du groupe rude
[00:00:03] [CHECK] Joueur 1 est à 5228.45 mètres du groupe facile
[00:00:03] [CHECK] Joueur 1 est à 1913.47 mètres du groupe ghost
[00:00:13] [CHECK] Joueur 1 est à 3210.37 mètres du groupe demon
[00:00:13] [CHECK] Joueur 1 est à 5346.53 mètres du groupe rude
[00:00:13] [CHECK] Joueur 1 est à 5228.45 mètres du groupe facile
[00:00:13] [CHECK] Joueur 1 est à 1913.47 mètres du groupe ghost
[00:00:23] [CHECK] Joueur 1 est à 3210.34 mètres du groupe demon
[00:00:23] [CHECK] Joueur 1 est à 5346.48 mètres du groupe rude
[00:00:23] [CHECK] Joueur 1 est à 5228.41 mètres du groupe facile
[00:00:23] [CHECK] Joueur 1 est à 1913.43 mètres du groupe ghost
[00:00:33] [CHECK] Joueur 1 est à 6432.62 mètres du groupe demon
[00:00:33] [CHECK] Joueur 1 est à 2989.23 mètres du groupe rude
[00:00:33] [CHECK] Joueur 1 est à 393.06 mètres du groupe facile
[00:00:33] [CHECK] Joueur 1 est à 3590.18 mètres du groupe ghost
[00:00:43] [CHECK] Joueur 1 est à 6434.79 mètres du groupe demon
[00:00:43] [CHECK] Joueur 1 est à 2980.55 mètres du groupe rude
[00:00:43] [CHECK] Joueur 1 est à 387.62 mètres du groupe facile
[00:00:43] [CHECK] Joueur 1 est à 3598.06 mètres du groupe ghost
[00:00:53] [CHECK] Joueur 1 est à 6434.79 mètres du groupe demon
[00:00:53] [CHECK] Joueur 1 est à 2980.55 mètres du groupe rude
[00:00:53] [CHECK] Joueur 1 est à 387.62 mètres du groupe facile
[00:00:53] [CHECK] Joueur 1 est à 3598.06 mètres du groupe ghost
[00:01:03] [CHECK] Joueur 1 est à 6434.79 mètres du groupe demon
[00:01:03] [CHECK] Joueur 1 est à 2980.55 mètres du groupe rude
[00:01:03] [CHECK] Joueur 1 est à 387.62 mètres du groupe facile
[00:01:04] [CHECK] Joueur 1 est à 3598.06 mètres du groupe ghost
[00:01:14] [CHECK] Joueur 1 est à 6434.79 mètres du groupe demon
[00:01:14] [CHECK] Joueur 1 est à 2980.55 mètres du groupe rude
[00:01:14] [CHECK] Joueur 1 est à 387.62 mètres du groupe facile
[00:01:14] [CHECK] Joueur 1 est à 3598.06 mètres du groupe ghost
[00:01:24] [CHECK] Joueur 1 est à 6435.40 mètres du groupe demon
[00:01:24] [CHECK] Joueur 1 est à 2994.96 mètres du groupe rude
[00:01:24] [CHECK] Joueur 1 est à 397.70 mètres du groupe facile
[00:01:24] [CHECK] Joueur 1 est à 3590.57 mètres du groupe ghost
[00:01:34] [CHECK] Joueur 1 est à 6758.13 mètres du groupe demon
[00:01:34] [CHECK] Joueur 1 est à 3225.16 mètres du groupe rude
[00:01:34] [CHECK] Joueur 1 est à 692.45 mètres du groupe facile
[00:01:34] [CHECK] Joueur 1 est à 3898.65 mètres du groupe ghost
[00:01:44] [CHECK] Joueur 1 est à 6757.89 mètres du groupe demon
[00:01:44] [CHECK] Joueur 1 est à 3225.20 mètres du groupe rude
[00:01:44] [CHECK] Joueur 1 est à 692.31 mètres du groupe facile
[00:01:44] [CHECK] Joueur 1 est à 3898.31 mètres du groupe ghost
[00:01:54] [CHECK] Joueur 1 est à 6757.90 mètres du groupe demon
[00:01:54] [CHECK] Joueur 1 est à 3225.21 mètres du groupe rude
[00:01:54] [CHECK] Joueur 1 est à 692.32 mètres du groupe facile
[00:01:54] [CHECK] Joueur 1 est à 3898.33 mètres du groupe ghost
[00:02:04] [CHECK] Joueur 1 est à 6757.90 mètres du groupe demon
[00:02:04] [CHECK] Joueur 1 est à 3225.21 mètres du groupe rude
[00:02:04] [CHECK] Joueur 1 est à 692.32 mètres du groupe facile
[00:02:04] [CHECK] Joueur 1 est à 3898.33 mètres du groupe ghost
[00:02:14] [CHECK] Joueur 1 est à 6757.90 mètres du groupe demon
[00:02:14] [CHECK] Joueur 1 est à 3225.21 mètres du groupe rude
[00:02:14] [CHECK] Joueur 1 est à 692.32 mètres du groupe facile
[00:02:14] [CHECK] Joueur 1 est à 3898.33 mètres du groupe ghost
[00:02:24] [CHECK] Joueur 1 est à 6757.90 mètres du groupe demon
[00:02:24] [CHECK] Joueur 1 est à 3225.21 mètres du groupe rude
[00:02:24] [CHECK] Joueur 1 est à 692.32 mètres du groupe facile
[00:02:24] [CHECK] Joueur 1 est à 3898.33 mètres du groupe ghost
[00:02:34] [CHECK] Joueur 1 est à 6758.89 mètres du groupe demon
[00:02:34] [CHECK] Joueur 1 est à 3225.14 mètres du groupe rude
[00:02:34] [CHECK] Joueur 1 est à 692.96 mètres du groupe facile
[00:02:34] [CHECK] Joueur 1 est à 3899.74 mètres du groupe ghost
[00:02:44] [CHECK] Joueur 1 est à 6762.24 mètres du groupe demon
[00:02:44] [CHECK] Joueur 1 est à 3225.40 mètres du groupe rude
[00:02:44] [CHECK] Joueur 1 est à 695.30 mètres du groupe facile
[00:02:44] [CHECK] Joueur 1 est à 3904.23 mètres du groupe ghost
[00:02:54] [CHECK] Joueur 1 est à 4967.38 mètres du groupe demon
[00:02:54] [CHECK] Joueur 1 est à 2637.35 mètres du groupe rude
[00:02:54] [CHECK] Joueur 1 est à 1346.55 mètres du groupe facile
[00:02:54] [CHECK] Joueur 1 est à 2016.89 mètres du groupe ghost
[00:03:04] [CHECK] Joueur 1 est à 4960.85 mètres du groupe demon
[00:03:04] [CHECK] Joueur 1 est à 2636.36 mètres du groupe rude
[00:03:04] [CHECK] Joueur 1 est à 1352.58 mètres du groupe facile
[00:03:04] [CHECK] Joueur 1 est à 2010.60 mètres du groupe ghost
[00:03:14] [CHECK] Joueur 1 est à 4964.75 mètres du groupe demon
[00:03:14] [CHECK] Joueur 1 est à 2637.91 mètres du groupe rude
[00:03:14] [CHECK] Joueur 1 est à 1349.52 mètres du groupe facile
[00:03:14] [CHECK] Joueur 1 est à 2013.96 mètres du groupe ghost
[00:03:24] [CHECK] Joueur 1 est à 4970.67 mètres du groupe demon
[00:03:24] [CHECK] Joueur 1 est à 2635.33 mètres du groupe rude
[00:03:24] [CHECK] Joueur 1 est à 1341.77 mètres du groupe facile
[00:03:24] [CHECK] Joueur 1 est à 2021.58 mètres du groupe ghost
[00:03:34] [CHECK] Joueur 1 est à 4970.67 mètres du groupe demon
[00:03:34] [CHECK] Joueur 1 est à 2635.33 mètres du groupe rude
[00:03:34] [CHECK] Joueur 1 est à 1341.77 mètres du groupe facile
[00:03:35] [CHECK] Joueur 1 est à 2021.58 mètres du groupe ghost
[00:03:45] [CHECK] Joueur 1 est à 4970.67 mètres du groupe demon
[00:03:45] [CHECK] Joueur 1 est à 2635.33 mètres du groupe rude
[00:03:45] [CHECK] Joueur 1 est à 1341.77 mètres du groupe facile
[00:03:45] [CHECK] Joueur 1 est à 2021.58 mètres du groupe ghost
[00:03:55] [CHECK] Joueur 1 est à 4970.67 mètres du groupe demon
[00:03:55] [CHECK] Joueur 1 est à 2635.33 mètres du groupe rude
[00:03:55] [CHECK] Joueur 1 est à 1341.77 mètres du groupe facile
[00:03:55] [CHECK] Joueur 1 est à 2021.58 mètres du groupe ghost
[00:04:05] [CHECK] Joueur 1 est à 4970.67 mètres du groupe demon
[00:04:05] [CHECK] Joueur 1 est à 2635.33 mètres du groupe rude
[00:04:05] [CHECK] Joueur 1 est à 1341.77 mètres du groupe facile
[00:04:05] [CHECK] Joueur 1 est à 2021.58 mètres du groupe ghost
[00:04:15] [CHECK] Joueur 1 est à 4970.67 mètres du groupe demon
[00:04:15] [CHECK] Joueur 1 est à 2635.33 mètres du groupe rude
[00:04:15] [CHECK] Joueur 1 est à 1341.77 mètres du groupe facile
[00:04:15] [CHECK] Joueur 1 est à 2021.58 mètres du groupe ghost
[00:04:25] [CHECK] Joueur 1 est à 4970.67 mètres du groupe demon
[00:04:25] [CHECK] Joueur 1 est à 2635.33 mètres du groupe rude
[00:04:25] [CHECK] Joueur 1 est à 1341.77 mètres du groupe facile
[00:04:25] [CHECK] Joueur 1 est à 2021.58 mètres du groupe ghost
[00:04:35] [CHECK] Joueur 1 est à 4970.67 mètres du groupe demon
[00:04:35] [CHECK] Joueur 1 est à 2635.33 mètres du groupe rude
[00:04:35] [CHECK] Joueur 1 est à 1341.77 mètres du groupe facile
[00:04:35] [CHECK] Joueur 1 est à 2021.58 mètres du groupe ghost
[00:04:45] [CHECK] Joueur 1 est à 4970.67 mètres du groupe demon
[00:04:45] [CHECK] Joueur 1 est à 2635.33 mètres du groupe rude
[00:04:45] [CHECK] Joueur 1 est à 1341.77 mètres du groupe facile
[00:04:45] [CHECK] Joueur 1 est à 2021.58 mètres du groupe ghost
[00:04:55] [CHECK] Joueur 1 est à 4970.67 mètres du groupe demon
[00:04:55] [CHECK] Joueur 1 est à 2635.33 mètres du groupe rude
[00:04:55] [CHECK] Joueur 1 est à 1341.77 mètres du groupe facile
[00:04:55] [CHECK] Joueur 1 est à 2021.58 mètres du groupe ghost
[00:05:05] [CHECK] Joueur 1 est à 4970.67 mètres du groupe demon
[00:05:05] [CHECK] Joueur 1 est à 2635.33 mètres du groupe rude
[00:05:05] [CHECK] Joueur 1 est à 1341.77 mètres du groupe facile
[00:05:05] [CHECK] Joueur 1 est à 2021.58 mètres du groupe ghost
[00:05:15] [CHECK] Joueur 1 est à 4970.67 mètres du groupe demon
[00:05:15] [CHECK] Joueur 1 est à 2635.33 mètres du groupe rude
[00:05:15] [CHECK] Joueur 1 est à 1341.77 mètres du groupe facile
[00:05:15] [CHECK] Joueur 1 est à 2021.58 mètres du groupe ghost
[00:05:25] [CHECK] Joueur 1 est à 4970.67 mètres du groupe demon
[00:05:25] [CHECK] Joueur 1 est à 2635.33 mètres du groupe rude
[00:05:25] [CHECK] Joueur 1 est à 1341.77 mètres du groupe facile
[00:05:25] [CHECK] Joueur 1 est à 2021.58 mètres du groupe ghost
[00:05:35] [CHECK] Joueur 1 est à 4970.67 mètres du groupe demon
[00:05:35] [CHECK] Joueur 1 est à 2635.33 mètres du groupe rude
[00:05:35] [CHECK] Joueur 1 est à 1341.77 mètres du groupe facile
[00:05:35] [CHECK] Joueur 1 est à 2021.58 mètres du groupe ghost
[00:05:45] [CHECK] Joueur 1 est à 4970.67 mètres du groupe demon
[00:05:45] [CHECK] Joueur 1 est à 2635.33 mètres du groupe rude
[00:05:45] [CHECK] Joueur 1 est à 1341.77 mètres du groupe facile
[00:05:45] [CHECK] Joueur 1 est à 2021.58 mètres du groupe ghost
[00:05:56] [CHECK] Joueur 1 est à 4970.67 mètres du groupe demon
[00:05:56] [CHECK] Joueur 1 est à 2635.33 mètres du groupe rude
[00:05:56] [CHECK] Joueur 1 est à 1341.77 mètres du groupe facile
[00:05:56] [CHECK] Joueur 1 est à 2021.58 mètres du groupe ghost
[00:06:06] [CHECK] Joueur 1 est à 4970.67 mètres du groupe demon
[00:06:06] [CHECK] Joueur 1 est à 2635.33 mètres du groupe rude
[00:06:06] [CHECK] Joueur 1 est à 1341.77 mètres du groupe facile
[00:06:06] [CHECK] Joueur 1 est à 2021.58 mètres du groupe ghost
[00:06:16] [CHECK] Joueur 1 est à 4970.67 mètres du groupe demon
[00:06:16] [CHECK] Joueur 1 est à 2635.33 mètres du groupe rude
[00:06:16] [CHECK] Joueur 1 est à 1341.77 mètres du groupe facile
[00:06:16] [CHECK] Joueur 1 est à 2021.58 mètres du groupe ghost
[00:06:26] [CHECK] Joueur 1 est à 4970.67 mètres du groupe demon
[00:06:26] [CHECK] Joueur 1 est à 2635.33 mètres du groupe rude
[00:06:26] [CHECK] Joueur 1 est à 1341.77 mètres du groupe facile
[00:06:26] [CHECK] Joueur 1 est à 2021.58 mètres du groupe ghost
[00:06:36] [CHECK] Joueur 1 est à 4970.67 mètres du groupe demon
[00:06:36] [CHECK] Joueur 1 est à 2635.33 mètres du groupe rude
[00:06:36] [CHECK] Joueur 1 est à 1341.77 mètres du groupe facile
[00:06:36] [CHECK] Joueur 1 est à 2021.58 mètres du groupe ghost
[00:06:46] [CHECK] Joueur 1 est à 4970.67 mètres du groupe demon
[00:06:46] [CHECK] Joueur 1 est à 2635.33 mètres du groupe rude
[00:06:46] [CHECK] Joueur 1 est à 1341.77 mètres du groupe facile
[00:06:46] [CHECK] Joueur 1 est à 2021.58 mètres du groupe ghost
[00:06:56] [CHECK] Joueur 1 est à 4970.67 mètres du groupe demon
[00:06:56] [CHECK] Joueur 1 est à 2635.33 mètres du groupe rude
[00:06:56] [CHECK] Joueur 1 est à 1341.77 mètres du groupe facile
[00:06:56] [CHECK] Joueur 1 est à 2021.58 mètres du groupe ghost
[00:07:06] [CHECK] Joueur 1 est à 4970.67 mètres du groupe demon
[00:07:06] [CHECK] Joueur 1 est à 2635.33 mètres du groupe rude
[00:07:06] [CHECK] Joueur 1 est à 1341.77 mètres du groupe facile
[00:07:06] [CHECK] Joueur 1 est à 2021.58 mètres du groupe ghost
[00:07:16] [CHECK] Joueur 1 est à 4970.67 mètres du groupe demon
[00:07:16] [CHECK] Joueur 1 est à 2635.33 mètres du groupe rude
[00:07:16] [CHECK] Joueur 1 est à 1341.77 mètres du groupe facile
[00:07:16] [CHECK] Joueur 1 est à 2021.58 mètres du groupe ghost
[00:07:26] [CHECK] Joueur 1 est à 4970.67 mètres du groupe demon
[00:07:26] [CHECK] Joueur 1 est à 2635.33 mètres du groupe rude
[00:07:26] [CHECK] Joueur 1 est à 1341.77 mètres du groupe facile
[00:07:26] [CHECK] Joueur 1 est à 2021.58 mètres du groupe ghost
[00:07:36] [CHECK] Joueur 1 est à 4970.67 mètres du groupe demon
[00:07:36] [CHECK] Joueur 1 est à 2635.33 mètres du groupe rude
[00:07:36] [CHECK] Joueur 1 est à 1341.77 mètres du groupe facile
[00:07:36] [CHECK] Joueur 1 est à 2021.58 mètres du groupe ghost
[00:07:46] [CHECK] Joueur 1 est à 4970.67 mètres du groupe demon
[00:07:46] [CHECK] Joueur 1 est à 2635.33 mètres du groupe rude
[00:07:46] [CHECK] Joueur 1 est à 1341.77 mètres du groupe facile
[00:07:46] [CHECK] Joueur 1 est à 2021.58 mètres du groupe ghost
[00:07:56] [CHECK] Joueur 1 est à 4970.67 mètres du groupe demon
[00:07:56] [CHECK] Joueur 1 est à 2635.33 mètres du groupe rude
[00:07:56] [CHECK] Joueur 1 est à 1341.77 mètres du groupe facile
[00:07:56] [CHECK] Joueur 1 est à 2021.58 mètres du groupe ghost
[00:08:06] [CHECK] Joueur 1 est à 4970.67 mètres du groupe demon
[00:08:06] [CHECK] Joueur 1 est à 2635.33 mètres du groupe rude
[00:08:07] [CHECK] Joueur 1 est à 1341.77 mètres du groupe facile
[00:08:07] [CHECK] Joueur 1 est à 2021.58 mètres du groupe ghost
[00:08:17] [CHECK] Joueur 1 est à 4970.67 mètres du groupe demon
[00:08:17] [CHECK] Joueur 1 est à 2635.33 mètres du groupe rude
[00:08:17] [CHECK] Joueur 1 est à 1341.77 mètres du groupe facile
[00:08:17] [CHECK] Joueur 1 est à 2021.58 mètres du groupe ghost
[00:08:27] [CHECK] Joueur 1 est à 4970.67 mètres du groupe demon
[00:08:27] [CHECK] Joueur 1 est à 2635.33 mètres du groupe rude
[00:08:27] [CHECK] Joueur 1 est à 1341.77 mètres du groupe facile
[00:08:27] [CHECK] Joueur 1 est à 2021.58 mètres du groupe ghost
[00:08:37] [CHECK] Joueur 1 est à 4970.67 mètres du groupe demon
[00:08:37] [CHECK] Joueur 1 est à 2635.33 mètres du groupe rude
[00:08:37] [CHECK] Joueur 1 est à 1341.77 mètres du groupe facile
[00:08:37] [CHECK] Joueur 1 est à 2021.58 mètres du groupe ghost
[00:08:47] [CHECK] Joueur 1 est à 4970.67 mètres du groupe demon
[00:08:47] [CHECK] Joueur 1 est à 2635.33 mètres du groupe rude
[00:08:47] [CHECK] Joueur 1 est à 1341.77 mètres du groupe facile
[00:08:47] [CHECK] Joueur 1 est à 2021.58 mètres du groupe ghost
[00:08:57] [CHECK] Joueur 1 est à 4970.67 mètres du groupe demon
[00:08:57] [CHECK] Joueur 1 est à 2635.33 mètres du groupe rude
[00:08:57] [CHECK] Joueur 1 est à 1341.77 mètres du groupe facile
[00:08:57] [CHECK] Joueur 1 est à 2021.58 mètres du groupe ghost
[00:09:07] [CHECK] Joueur 1 est à 4970.67 mètres du groupe demon
[00:09:07] [CHECK] Joueur 1 est à 2635.33 mètres du groupe rude
[00:09:07] [CHECK] Joueur 1 est à 1341.77 mètres du groupe facile
[00:09:07] [CHECK] Joueur 1 est à 2021.58 mètres du groupe ghost
[00:09:17] [CHECK] Joueur 1 est à 4970.67 mètres du groupe demon
[00:09:17] [CHECK] Joueur 1 est à 2635.33 mètres du groupe rude
[00:09:17] [CHECK] Joueur 1 est à 1341.77 mètres du groupe facile
[00:09:17] [CHECK] Joueur 1 est à 2021.58 mètres du groupe ghost
[00:09:27] [CHECK] Joueur 1 est à 4970.67 mètres du groupe demon
[00:09:27] [CHECK] Joueur 1 est à 2635.33 mètres du groupe rude
[00:09:27] [CHECK] Joueur 1 est à 1341.77 mètres du groupe facile
[00:09:27] [CHECK] Joueur 1 est à 2021.58 mètres du groupe ghost
[00:09:37] [CHECK] Joueur 1 est à 4970.67 mètres du groupe demon
[00:09:37] [CHECK] Joueur 1 est à 2635.33 mètres du groupe rude
[00:09:37] [CHECK] Joueur 1 est à 1341.77 mètres du groupe facile
[00:09:37] [CHECK] Joueur 1 est à 2021.58 mètres du groupe ghost
[00:09:47] [CHECK] Joueur 1 est à 4970.67 mètres du groupe demon
[00:09:47] [CHECK] Joueur 1 est à 2635.33 mètres du groupe rude
[00:09:47] [CHECK] Joueur 1 est à 1341.77 mètres du groupe facile
[00:09:47] [CHECK] Joueur 1 est à 2021.58 mètres du groupe ghost
[00:09:57] [CHECK] Joueur 1 est à 4970.67 mètres du groupe demon
[00:09:57] [CHECK] Joueur 1 est à 2635.33 mètres du groupe rude
[00:09:57] [CHECK] Joueur 1 est à 1341.77 mètres du groupe facile
[00:09:57] [CHECK] Joueur 1 est à 2021.58 mètres du groupe ghost
[00:10:07] [CHECK] Joueur 1 est à 4970.67 mètres du groupe demon
[00:10:07] [CHECK] Joueur 1 est à 2635.33 mètres du groupe rude
[00:10:07] [CHECK] Joueur 1 est à 1341.77 mètres du groupe facile
[00:10:07] [CHECK] Joueur 1 est à 2021.58 mètres du groupe ghost
[00:10:17] [CHECK] Joueur 1 est à 4970.67 mètres du groupe demon
[00:10:17] [CHECK] Joueur 1 est à 2635.33 mètres du groupe rude
[00:10:17] [CHECK] Joueur 1 est à 1341.77 mètres du groupe facile
[00:10:17] [CHECK] Joueur 1 est à 2021.58 mètres du groupe ghost
[00:10:27] [CHECK] Joueur 1 est à 4970.67 mètres du groupe demon
[00:10:27] [CHECK] Joueur 1 est à 2635.33 mètres du groupe rude
[00:10:27] [CHECK] Joueur 1 est à 1341.77 mètres du groupe facile
[00:10:27] [CHECK] Joueur 1 est à 2021.58 mètres du groupe ghost
[00:10:37] [CHECK] Joueur 1 est à 4970.67 mètres du groupe demon
[00:10:37] [CHECK] Joueur 1 est à 2635.33 mètres du groupe rude
[00:10:37] [CHECK] Joueur 1 est à 1341.77 mètres du groupe facile
[00:10:37] [CHECK] Joueur 1 est à 2021.58 mètres du groupe ghost
[00:10:48] [CHECK] Joueur 1 est à 4970.67 mètres du groupe demon
[00:10:48] [CHECK] Joueur 1 est à 2635.33 mètres du groupe rude
[00:10:48] [CHECK] Joueur 1 est à 1341.77 mètres du groupe facile
[00:10:48] [CHECK] Joueur 1 est à 2021.58 mètres du groupe ghost
[00:12:18] [CHECK] Joueur 2 est à 5059.08 mètres du groupe demon
[00:12:18] [CHECK] Joueur 2 est à 2346.13 mètres du groupe rude
[00:12:18] [CHECK] Joueur 2 est à 1092.16 mètres du groupe facile
[00:12:18] [CHECK] Joueur 2 est à 2285.24 mètres du groupe ghost
[00:12:28] [CHECK] Joueur 2 est à 4445.68 mètres du groupe demon
[00:12:28] [CHECK] Joueur 2 est à 2029.18 mètres du groupe rude
[00:12:28] [CHECK] Joueur 2 est à 1654.40 mètres du groupe facile
[00:12:28] [CHECK] Joueur 2 est à 1927.94 mètres du groupe ghost
[00:12:38] [CHECK] Joueur 2 est à 4445.68 mètres du groupe demon
[00:12:38] [CHECK] Joueur 2 est à 2029.18 mètres du groupe rude
[00:12:38] [CHECK] Joueur 2 est à 1654.40 mètres du groupe facile
[00:12:38] [CHECK] Joueur 2 est à 1927.94 mètres du groupe ghost
[00:12:48] [CHECK] Joueur 2 est à 4445.68 mètres du groupe demon
[00:12:48] [CHECK] Joueur 2 est à 2029.18 mètres du groupe rude
[00:12:48] [CHECK] Joueur 2 est à 1654.40 mètres du groupe facile
[00:12:48] [CHECK] Joueur 2 est à 1927.94 mètres du groupe ghost
[00:12:58] [CHECK] Joueur 2 est à 4445.68 mètres du groupe demon
[00:12:58] [CHECK] Joueur 2 est à 2029.18 mètres du groupe rude
[00:12:58] [CHECK] Joueur 2 est à 1654.40 mètres du groupe facile
[00:12:58] [CHECK] Joueur 2 est à 1927.94 mètres du groupe ghost
[00:13:08] [CHECK] Joueur 2 est à 4445.68 mètres du groupe demon
[00:13:08] [CHECK] Joueur 2 est à 2029.18 mètres du groupe rude
[00:13:08] [CHECK] Joueur 2 est à 1654.40 mètres du groupe facile
[00:13:08] [CHECK] Joueur 2 est à 1927.94 mètres du groupe ghost
[00:13:18] [CHECK] Joueur 2 est à 4970.69 mètres du groupe demon
[00:13:18] [CHECK] Joueur 2 est à 2635.33 mètres du groupe rude
[00:13:18] [CHECK] Joueur 2 est à 1341.76 mètres du groupe facile
[00:13:18] [CHECK] Joueur 2 est à 2021.59 mètres du groupe ghost
[00:13:28] [CHECK] Joueur 2 est à 4970.69 mètres du groupe demon
[00:13:28] [CHECK] Joueur 2 est à 2635.33 mètres du groupe rude
[00:13:28] [CHECK] Joueur 2 est à 1341.76 mètres du groupe facile
[00:13:28] [CHECK] Joueur 2 est à 2021.59 mètres du groupe ghost
[00:13:38] [CHECK] Joueur 2 est à 4970.69 mètres du groupe demon
[00:13:38] [CHECK] Joueur 2 est à 2635.33 mètres du groupe rude
[00:13:38] [CHECK] Joueur 2 est à 1341.76 mètres du groupe facile
[00:13:38] [CHECK] Joueur 2 est à 2021.59 mètres du groupe ghost
[00:13:48] [CHECK] Joueur 2 est à 4970.69 mètres du groupe demon
[00:13:48] [CHECK] Joueur 2 est à 2635.33 mètres du groupe rude
[00:13:48] [CHECK] Joueur 2 est à 1341.76 mètres du groupe facile
[00:13:48] [CHECK] Joueur 2 est à 2021.59 mètres du groupe ghost
[00:13:59] [CHECK] Joueur 2 est à 4970.69 mètres du groupe demon
[00:13:59] [CHECK] Joueur 2 est à 2635.33 mètres du groupe rude
[00:13:59] [CHECK] Joueur 2 est à 1341.76 mètres du groupe facile
[00:13:59] [CHECK] Joueur 2 est à 2021.59 mètres du groupe ghost
[00:14:09] [CHECK] Joueur 2 est à 4970.69 mètres du groupe demon
[00:14:09] [CHECK] Joueur 2 est à 2635.33 mètres du groupe rude
[00:14:09] [CHECK] Joueur 2 est à 1341.76 mètres du groupe facile
[00:14:09] [CHECK] Joueur 2 est à 2021.59 mètres du groupe ghost
[00:14:19] [CHECK] Joueur 2 est à 4970.69 mètres du groupe demon
[00:14:19] [CHECK] Joueur 2 est à 2635.33 mètres du groupe rude
[00:14:19] [CHECK] Joueur 2 est à 1341.76 mètres du groupe facile
[00:14:19] [CHECK] Joueur 2 est à 2021.59 mètres du groupe ghost
[00:14:29] [CHECK] Joueur 2 est à 4970.69 mètres du groupe demon
[00:14:29] [CHECK] Joueur 2 est à 2635.33 mètres du groupe rude
[00:14:29] [CHECK] Joueur 2 est à 1341.76 mètres du groupe facile
[00:14:29] [CHECK] Joueur 2 est à 2021.59 mètres du groupe ghost
[00:14:39] [CHECK] Joueur 2 est à 4970.69 mètres du groupe demon
[00:14:39] [CHECK] Joueur 2 est à 2635.33 mètres du groupe rude
[00:14:39] [CHECK] Joueur 2 est à 1341.76 mètres du groupe facile
[00:14:39] [CHECK] Joueur 2 est à 2021.59 mètres du groupe ghost
[00:14:49] [CHECK] Joueur 2 est à 4970.69 mètres du groupe demon
[00:14:49] [CHECK] Joueur 2 est à 2635.33 mètres du groupe rude
[00:14:49] [CHECK] Joueur 2 est à 1341.76 mètres du groupe facile
[00:14:49] [CHECK] Joueur 2 est à 2021.59 mètres du groupe ghost
[00:14:59] [CHECK] Joueur 2 est à 4970.69 mètres du groupe demon
[00:14:59] [CHECK] Joueur 2 est à 2635.33 mètres du groupe rude
[00:14:59] [CHECK] Joueur 2 est à 1341.76 mètres du groupe facile
[00:14:59] [CHECK] Joueur 2 est à 2021.59 mètres du groupe ghost
[00:15:09] [CHECK] Joueur 2 est à 4970.69 mètres du groupe demon
[00:15:09] [CHECK] Joueur 2 est à 2635.33 mètres du groupe rude
[00:15:09] [CHECK] Joueur 2 est à 1341.76 mètres du groupe facile
[00:15:09] [CHECK] Joueur 2 est à 2021.59 mètres du groupe ghost
[00:19:30] [CHECK] Joueur 3 est à 5059.08 mètres du groupe demon
[00:19:30] [CHECK] Joueur 3 est à 2346.13 mètres du groupe rude
[00:19:30] [CHECK] Joueur 3 est à 1092.16 mètres du groupe facile
[00:19:30] [CHECK] Joueur 3 est à 2285.24 mètres du groupe ghost
[00:19:40] [CHECK] Joueur 3 est à 5941.43 mètres du groupe demon
[00:19:40] [CHECK] Joueur 3 est à 2442.54 mètres du groupe rude
[00:19:40] [CHECK] Joueur 3 est à 178.88 mètres du groupe facile
[00:19:40] [CHECK] Joueur 3 est à 3268.39 mètres du groupe ghost
[00:19:50] [CHECK] Joueur 3 est à 5941.43 mètres du groupe demon
[00:19:50] [CHECK] Joueur 3 est à 2442.54 mètres du groupe rude
[00:19:50] [CHECK] Joueur 3 est à 178.88 mètres du groupe facile
[00:19:50] [CHECK] Joueur 3 est à 3268.39 mètres du groupe ghost
[00:20:00] [CHECK] Joueur 3 est à 4970.70 mètres du groupe demon
[00:20:00] [CHECK] Joueur 3 est à 2635.33 mètres du groupe rude
[00:20:00] [CHECK] Joueur 3 est à 1341.75 mètres du groupe facile
[00:20:00] [CHECK] Joueur 3 est à 2021.61 mètres du groupe ghost
[00:20:10] [CHECK] Joueur 3 est à 4972.47 mètres du groupe demon
[00:20:10] [CHECK] Joueur 3 est à 2637.74 mètres du groupe rude
[00:20:10] [CHECK] Joueur 3 est à 1341.50 mètres du groupe facile
[00:20:10] [CHECK] Joueur 3 est à 2022.12 mètres du groupe ghost
[00:20:20] [CHECK] Joueur 3 est à 4972.47 mètres du groupe demon
[00:20:20] [CHECK] Joueur 3 est à 2637.74 mètres du groupe rude
[00:20:21] [CHECK] Joueur 3 est à 1341.50 mètres du groupe facile
[00:20:21] [CHECK] Joueur 3 est à 2022.12 mètres du groupe ghost
[00:20:31] [CHECK] Joueur 3 est à 4972.47 mètres du groupe demon
[00:20:31] [CHECK] Joueur 3 est à 2637.74 mètres du groupe rude
[00:20:31] [CHECK] Joueur 3 est à 1341.50 mètres du groupe facile
[00:20:31] [CHECK] Joueur 3 est à 2022.12 mètres du groupe ghost
[00:20:41] [CHECK] Joueur 3 est à 4972.47 mètres du groupe demon
[00:20:41] [CHECK] Joueur 3 est à 2637.74 mètres du groupe rude
[00:20:41] [CHECK] Joueur 3 est à 1341.50 mètres du groupe facile
[00:20:41] [CHECK] Joueur 3 est à 2022.12 mètres du groupe ghost
[00:20:51] [CHECK] Joueur 3 est à 4972.47 mètres du groupe demon
[00:20:51] [CHECK] Joueur 3 est à 2637.74 mètres du groupe rude
[00:20:51] [CHECK] Joueur 3 est à 1341.50 mètres du groupe facile
[00:20:51] [CHECK] Joueur 3 est à 2022.12 mètres du groupe ghost
[00:21:01] [CHECK] Joueur 3 est à 4972.47 mètres du groupe demon
[00:21:01] [CHECK] Joueur 3 est à 2637.74 mètres du groupe rude
[00:21:01] [CHECK] Joueur 3 est à 1341.50 mètres du groupe facile
[00:21:01] [CHECK] Joueur 3 est à 2022.12 mètres du groupe ghost
[00:21:11] [CHECK] Joueur 3 est à 4972.47 mètres du groupe demon
[00:21:11] [CHECK] Joueur 3 est à 2637.74 mètres du groupe rude
[00:21:11] [CHECK] Joueur 3 est à 1341.50 mètres du groupe facile
[00:21:11] [CHECK] Joueur 3 est à 2022.12 mètres du groupe ghost
[00:21:21] [CHECK] Joueur 3 est à 4972.47 mètres du groupe demon
[00:21:21] [CHECK] Joueur 3 est à 2637.74 mètres du groupe rude
[00:21:21] [CHECK] Joueur 3 est à 1341.50 mètres du groupe facile
[00:21:21] [CHECK] Joueur 3 est à 2022.12 mètres du groupe ghost
[00:21:31] [CHECK] Joueur 3 est à 4972.47 mètres du groupe demon
[00:21:31] [CHECK] Joueur 3 est à 2637.74 mètres du groupe rude
[00:21:31] [CHECK] Joueur 3 est à 1341.50 mètres du groupe facile
[00:21:31] [CHECK] Joueur 3 est à 2022.12 mètres du groupe ghost
[00:21:41] [CHECK] Joueur 3 est à 4972.47 mètres du groupe demon
[00:21:41] [CHECK] Joueur 3 est à 2637.74 mètres du groupe rude
[00:21:41] [CHECK] Joueur 3 est à 1341.50 mètres du groupe facile
[00:21:41] [CHECK] Joueur 3 est à 2022.12 mètres du groupe ghost
[00:21:51] [CHECK] Joueur 3 est à 4972.47 mètres du groupe demon
[00:21:51] [CHECK] Joueur 3 est à 2637.74 mètres du groupe rude
[00:21:51] [CHECK] Joueur 3 est à 1341.50 mètres du groupe facile
[00:21:51] [CHECK] Joueur 3 est à 2022.12 mètres du groupe ghost
[00:22:01] [CHECK] Joueur 3 est à 4972.47 mètres du groupe demon
[00:22:01] [CHECK] Joueur 3 est à 2637.74 mètres du groupe rude
[00:22:01] [CHECK] Joueur 3 est à 1341.50 mètres du groupe facile
[00:22:01] [CHECK] Joueur 3 est à 2022.12 mètres du groupe ghost
[00:22:11] [CHECK] Joueur 3 est à 4972.47 mètres du groupe demon
[00:22:11] [CHECK] Joueur 3 est à 2637.74 mètres du groupe rude
[00:22:11] [CHECK] Joueur 3 est à 1341.50 mètres du groupe facile
[00:22:11] [CHECK] Joueur 3 est à 2022.12 mètres du groupe ghost
[00:22:21] [CHECK] Joueur 3 est à 4972.47 mètres du groupe demon
[00:22:21] [CHECK] Joueur 3 est à 2637.74 mètres du groupe rude
[00:22:21] [CHECK] Joueur 3 est à 1341.50 mètres du groupe facile
[00:22:21] [CHECK] Joueur 3 est à 2022.12 mètres du groupe ghost
[00:22:31] [CHECK] Joueur 3 est à 4972.47 mètres du groupe demon
[00:22:31] [CHECK] Joueur 3 est à 2637.74 mètres du groupe rude
[00:22:31] [CHECK] Joueur 3 est à 1341.50 mètres du groupe facile
[00:22:31] [CHECK] Joueur 3 est à 2022.12 mètres du groupe ghost
[00:22:41] [CHECK] Joueur 3 est à 4972.47 mètres du groupe demon
[00:22:41] [CHECK] Joueur 3 est à 2637.74 mètres du groupe rude
[00:22:41] [CHECK] Joueur 3 est à 1341.50 mètres du groupe facile
[00:22:41] [CHECK] Joueur 3 est à 2022.12 mètres du groupe ghost
[00:22:51] [CHECK] Joueur 3 est à 4972.47 mètres du groupe demon
[00:22:51] [CHECK] Joueur 3 est à 2637.74 mètres du groupe rude
[00:22:52] [CHECK] Joueur 3 est à 1341.50 mètres du groupe facile
[00:22:52] [CHECK] Joueur 3 est à 2022.12 mètres du groupe ghost
[00:23:02] [CHECK] Joueur 3 est à 4972.47 mètres du groupe demon
[00:23:02] [CHECK] Joueur 3 est à 2637.74 mètres du groupe rude
[00:23:02] [CHECK] Joueur 3 est à 1341.50 mètres du groupe facile
[00:23:02] [CHECK] Joueur 3 est à 2022.12 mètres du groupe ghost
[00:23:12] [CHECK] Joueur 3 est à 4972.47 mètres du groupe demon
[00:23:12] [CHECK] Joueur 3 est à 2637.74 mètres du groupe rude
[00:23:12] [CHECK] Joueur 3 est à 1341.50 mètres du groupe facile
[00:23:12] [CHECK] Joueur 3 est à 2022.12 mètres du groupe ghost
[00:23:22] [CHECK] Joueur 3 est à 4972.47 mètres du groupe demon
[00:23:22] [CHECK] Joueur 3 est à 2637.74 mètres du groupe rude
[00:23:22] [CHECK] Joueur 3 est à 1341.50 mètres du groupe facile
[00:23:22] [CHECK] Joueur 3 est à 2022.12 mètres du groupe ghost
[00:23:32] [CHECK] Joueur 3 est à 4972.47 mètres du groupe demon
[00:23:32] [CHECK] Joueur 3 est à 2637.74 mètres du groupe rude
[00:23:32] [CHECK] Joueur 3 est à 1341.50 mètres du groupe facile
[00:23:32] [CHECK] Joueur 3 est à 2022.12 mètres du groupe ghost
[00:23:42] [CHECK] Joueur 3 est à 4972.47 mètres du groupe demon
[00:23:42] [CHECK] Joueur 3 est à 2637.74 mètres du groupe rude
[00:23:42] [CHECK] Joueur 3 est à 1341.50 mètres du groupe facile
[00:23:42] [CHECK] Joueur 3 est à 2022.12 mètres du groupe ghost
[00:23:52] [CHECK] Joueur 3 est à 4972.47 mètres du groupe demon
[00:23:52] [CHECK] Joueur 3 est à 2637.74 mètres du groupe rude
[00:23:52] [CHECK] Joueur 3 est à 1341.50 mètres du groupe facile
[00:23:52] [CHECK] Joueur 3 est à 2022.12 mètres du groupe ghost
[00:24:02] [CHECK] Joueur 3 est à 4972.47 mètres du groupe demon
[00:24:02] [CHECK] Joueur 3 est à 2637.74 mètres du groupe rude
[00:24:02] [CHECK] Joueur 3 est à 1341.50 mètres du groupe facile
[00:24:02] [CHECK] Joueur 3 est à 2022.12 mètres du groupe ghost
[00:24:12] [CHECK] Joueur 3 est à 4972.47 mètres du groupe demon
[00:24:12] [CHECK] Joueur 3 est à 2637.74 mètres du groupe rude
[00:24:12] [CHECK] Joueur 3 est à 1341.50 mètres du groupe facile
[00:24:12] [CHECK] Joueur 3 est à 2022.12 mètres du groupe ghost
[00:24:22] [CHECK] Joueur 3 est à 4972.47 mètres du groupe demon
[00:24:22] [CHECK] Joueur 3 est à 2637.74 mètres du groupe rude
[00:24:22] [CHECK] Joueur 3 est à 1341.50 mètres du groupe facile
[00:24:22] [CHECK] Joueur 3 est à 2022.12 mètres du groupe ghost
[00:24:32] [CHECK] Joueur 3 est à 4972.47 mètres du groupe demon
[00:24:32] [CHECK] Joueur 3 est à 2637.74 mètres du groupe rude
[00:24:32] [CHECK] Joueur 3 est à 1341.50 mètres du groupe facile
[00:24:32] [CHECK] Joueur 3 est à 2022.12 mètres du groupe ghost
[00:24:42] [CHECK] Joueur 3 est à 4972.47 mètres du groupe demon
[00:24:42] [CHECK] Joueur 3 est à 2637.74 mètres du groupe rude
[00:24:42] [CHECK] Joueur 3 est à 1341.50 mètres du groupe facile
[00:24:42] [CHECK] Joueur 3 est à 2022.12 mètres du groupe ghost
[00:24:52] [CHECK] Joueur 3 est à 4972.47 mètres du groupe demon
[00:24:52] [CHECK] Joueur 3 est à 2637.74 mètres du groupe rude
[00:24:52] [CHECK] Joueur 3 est à 1341.50 mètres du groupe facile
[00:24:52] [CHECK] Joueur 3 est à 2022.12 mètres du groupe ghost
[00:25:02] [CHECK] Joueur 3 est à 4972.47 mètres du groupe demon
[00:25:02] [CHECK] Joueur 3 est à 2637.74 mètres du groupe rude
[00:25:02] [CHECK] Joueur 3 est à 1341.50 mètres du groupe facile
[00:25:02] [CHECK] Joueur 3 est à 2022.12 mètres du groupe ghost
[00:25:12] [CHECK] Joueur 3 est à 4972.47 mètres du groupe demon
[00:25:12] [CHECK] Joueur 3 est à 2637.74 mètres du groupe rude
[00:25:12] [CHECK] Joueur 3 est à 1341.50 mètres du groupe facile
[00:25:12] [CHECK] Joueur 3 est à 2022.12 mètres du groupe ghost
[00:25:22] [CHECK] Joueur 3 est à 4972.47 mètres du groupe demon
[00:25:22] [CHECK] Joueur 3 est à 2637.74 mètres du groupe rude
[00:25:22] [CHECK] Joueur 3 est à 1341.50 mètres du groupe facile
[00:25:22] [CHECK] Joueur 3 est à 2022.12 mètres du groupe ghost
[00:25:33] [CHECK] Joueur 3 est à 4972.47 mètres du groupe demon
[00:25:33] [CHECK] Joueur 3 est à 2637.74 mètres du groupe rude
[00:25:33] [CHECK] Joueur 3 est à 1341.50 mètres du groupe facile
[00:25:33] [CHECK] Joueur 3 est à 2022.12 mètres du groupe ghost
[00:25:43] [CHECK] Joueur 3 est à 4972.47 mètres du groupe demon
[00:25:43] [CHECK] Joueur 3 est à 2637.74 mètres du groupe rude
[00:25:43] [CHECK] Joueur 3 est à 1341.50 mètres du groupe facile
[00:25:43] [CHECK] Joueur 3 est à 2022.12 mètres du groupe ghost
[00:25:53] [CHECK] Joueur 3 est à 4972.47 mètres du groupe demon
[00:25:53] [CHECK] Joueur 3 est à 2637.74 mètres du groupe rude
[00:25:53] [CHECK] Joueur 3 est à 1341.50 mètres du groupe facile
[00:25:53] [CHECK] Joueur 3 est à 2022.12 mètres du groupe ghost
[00:26:03] [CHECK] Joueur 3 est à 4972.47 mètres du groupe demon
[00:26:03] [CHECK] Joueur 3 est à 2637.74 mètres du groupe rude
[00:26:03] [CHECK] Joueur 3 est à 1341.50 mètres du groupe facile
[00:26:03] [CHECK] Joueur 3 est à 2022.12 mètres du groupe ghost
[00:26:13] [CHECK] Joueur 3 est à 4972.47 mètres du groupe demon
[00:26:13] [CHECK] Joueur 3 est à 2637.74 mètres du groupe rude
[00:26:13] [CHECK] Joueur 3 est à 1341.50 mètres du groupe facile
[00:26:13] [CHECK] Joueur 3 est à 2022.12 mètres du groupe ghost
[00:26:23] [CHECK] Joueur 3 est à 4972.47 mètres du groupe demon
[00:26:23] [CHECK] Joueur 3 est à 2637.74 mètres du groupe rude
[00:26:23] [CHECK] Joueur 3 est à 1341.50 mètres du groupe facile
[00:26:23] [CHECK] Joueur 3 est à 2022.12 mètres du groupe ghost
[00:26:33] [CHECK] Joueur 3 est à 4972.47 mètres du groupe demon
[00:26:33] [CHECK] Joueur 3 est à 2637.74 mètres du groupe rude
[00:26:33] [CHECK] Joueur 3 est à 1341.50 mètres du groupe facile
[00:26:33] [CHECK] Joueur 3 est à 2022.12 mètres du groupe ghost
[00:26:43] [CHECK] Joueur 3 est à 4972.47 mètres du groupe demon
[00:26:43] [CHECK] Joueur 3 est à 2637.74 mètres du groupe rude
[00:26:43] [CHECK] Joueur 3 est à 1341.50 mètres du groupe facile
[00:26:43] [CHECK] Joueur 3 est à 2022.12 mètres du groupe ghost
[00:26:53] [CHECK] Joueur 3 est à 4972.47 mètres du groupe demon
[00:26:53] [CHECK] Joueur 3 est à 2637.74 mètres du groupe rude
[00:26:53] [CHECK] Joueur 3 est à 1341.50 mètres du groupe facile
[00:26:53] [CHECK] Joueur 3 est à 2022.12 mètres du groupe ghost
[00:27:03] [CHECK] Joueur 3 est à 4972.47 mètres du groupe demon
[00:27:03] [CHECK] Joueur 3 est à 2637.74 mètres du groupe rude
[00:27:03] [CHECK] Joueur 3 est à 1341.50 mètres du groupe facile
[00:27:03] [CHECK] Joueur 3 est à 2022.12 mètres du groupe ghost
[00:27:13] [CHECK] Joueur 3 est à 4972.47 mètres du groupe demon
[00:27:13] [CHECK] Joueur 3 est à 2637.74 mètres du groupe rude
[00:27:13] [CHECK] Joueur 3 est à 1341.50 mètres du groupe facile
[00:27:13] [CHECK] Joueur 3 est à 2022.12 mètres du groupe ghost
[00:27:23] [CHECK] Joueur 3 est à 4972.47 mètres du groupe demon
[00:27:23] [CHECK] Joueur 3 est à 2637.74 mètres du groupe rude
[00:27:23] [CHECK] Joueur 3 est à 1341.50 mètres du groupe facile
[00:27:23] [CHECK] Joueur 3 est à 2022.12 mètres du groupe ghost
[00:27:33] [CHECK] Joueur 3 est à 4972.47 mètres du groupe demon
[00:27:33] [CHECK] Joueur 3 est à 2637.74 mètres du groupe rude
[00:27:33] [CHECK] Joueur 3 est à 1341.50 mètres du groupe facile
[00:27:33] [CHECK] Joueur 3 est à 2022.12 mètres du groupe ghost
[00:27:43] [CHECK] Joueur 3 est à 4972.47 mètres du groupe demon
[00:27:43] [CHECK] Joueur 3 est à 2637.74 mètres du groupe rude
[00:27:43] [CHECK] Joueur 3 est à 1341.50 mètres du groupe facile
[00:27:43] [CHECK] Joueur 3 est à 2022.12 mètres du groupe ghost
[00:27:53] [CHECK] Joueur 3 est à 4972.47 mètres du groupe demon
[00:27:53] [CHECK] Joueur 3 est à 2637.74 mètres du groupe rude
[00:27:53] [CHECK] Joueur 3 est à 1341.50 mètres du groupe facile
[00:27:53] [CHECK] Joueur 3 est à 2022.12 mètres du groupe ghost
[00:28:04] [CHECK] Joueur 3 est à 4972.47 mètres du groupe demon
[00:28:04] [CHECK] Joueur 3 est à 2637.74 mètres du groupe rude
[00:28:04] [CHECK] Joueur 3 est à 1341.50 mètres du groupe facile
[00:28:04] [CHECK] Joueur 3 est à 2022.12 mètres du groupe ghost
[00:28:14] [CHECK] Joueur 3 est à 4972.47 mètres du groupe demon
[00:28:14] [CHECK] Joueur 3 est à 2637.74 mètres du groupe rude
[00:28:14] [CHECK] Joueur 3 est à 1341.50 mètres du groupe facile
[00:28:14] [CHECK] Joueur 3 est à 2022.12 mètres du groupe ghost
[00:28:24] [CHECK] Joueur 3 est à 4972.47 mètres du groupe demon
[00:28:24] [CHECK] Joueur 3 est à 2637.74 mètres du groupe rude
[00:28:24] [CHECK] Joueur 3 est à 1341.50 mètres du groupe facile
[00:28:24] [CHECK] Joueur 3 est à 2022.12 mètres du groupe ghost
[00:28:34] [CHECK] Joueur 3 est à 4972.47 mètres du groupe demon
[00:28:34] [CHECK] Joueur 3 est à 2637.74 mètres du groupe rude
[00:28:34] [CHECK] Joueur 3 est à 1341.50 mètres du groupe facile
[00:28:34] [CHECK] Joueur 3 est à 2022.12 mètres du groupe ghost
[00:28:44] [CHECK] Joueur 3 est à 4972.47 mètres du groupe demon
[00:28:44] [CHECK] Joueur 3 est à 2637.74 mètres du groupe rude
[00:28:44] [CHECK] Joueur 3 est à 1341.50 mètres du groupe facile
[00:28:44] [CHECK] Joueur 3 est à 2022.12 mètres du groupe ghost
[00:28:54] [CHECK] Joueur 3 est à 4972.47 mètres du groupe demon
[00:28:54] [CHECK] Joueur 3 est à 2637.74 mètres du groupe rude
[00:28:54] [CHECK] Joueur 3 est à 1341.50 mètres du groupe facile
[00:28:54] [CHECK] Joueur 3 est à 2022.12 mètres du groupe ghost
[00:29:04] [CHECK] Joueur 3 est à 4972.47 mètres du groupe demon
[00:29:04] [CHECK] Joueur 3 est à 2637.74 mètres du groupe rude
[00:29:04] [CHECK] Joueur 3 est à 1341.50 mètres du groupe facile
[00:29:04] [CHECK] Joueur 3 est à 2022.12 mètres du groupe ghost
[00:29:14] [CHECK] Joueur 3 est à 4972.47 mètres du groupe demon
[00:29:14] [CHECK] Joueur 3 est à 2637.74 mètres du groupe rude
[00:29:14] [CHECK] Joueur 3 est à 1341.50 mètres du groupe facile
[00:29:14] [CHECK] Joueur 3 est à 2022.12 mètres du groupe ghost
[00:29:24] [CHECK] Joueur 3 est à 4972.47 mètres du groupe demon
[00:29:24] [CHECK] Joueur 3 est à 2637.74 mètres du groupe rude
[00:29:24] [CHECK] Joueur 3 est à 1341.50 mètres du groupe facile
[00:29:24] [CHECK] Joueur 3 est à 2022.12 mètres du groupe ghost
[00:29:34] [CHECK] Joueur 3 est à 4972.47 mètres du groupe demon
[00:29:34] [CHECK] Joueur 3 est à 2637.74 mètres du groupe rude
[00:29:34] [CHECK] Joueur 3 est à 1341.50 mètres du groupe facile
[00:29:34] [CHECK] Joueur 3 est à 2022.12 mètres du groupe ghost
[00:29:44] [CHECK] Joueur 3 est à 4972.47 mètres du groupe demon
[00:29:44] [CHECK] Joueur 3 est à 2637.74 mètres du groupe rude
[00:29:44] [CHECK] Joueur 3 est à 1341.50 mètres du groupe facile
[00:29:44] [CHECK] Joueur 3 est à 2022.12 mètres du groupe ghost
[00:29:54] [CHECK] Joueur 3 est à 4972.47 mètres du groupe demon
[00:29:54] [CHECK] Joueur 3 est à 2637.74 mètres du groupe rude
[00:29:54] [CHECK] Joueur 3 est à 1341.50 mètres du groupe facile
[00:29:54] [CHECK] Joueur 3 est à 2022.12 mètres du groupe ghost
[00:30:04] [CHECK] Joueur 3 est à 4972.47 mètres du groupe demon
[00:30:04] [CHECK] Joueur 3 est à 2637.74 mètres du groupe rude
[00:30:04] [CHECK] Joueur 3 est à 1341.50 mètres du groupe facile
[00:30:04] [CHECK] Joueur 3 est à 2022.12 mètres du groupe ghost
[00:30:15] [CHECK] Joueur 3 est à 4972.47 mètres du groupe demon
[00:30:15] [CHECK] Joueur 3 est à 2637.74 mètres du groupe rude
[00:30:15] [CHECK] Joueur 3 est à 1341.50 mètres du groupe facile
[00:30:15] [CHECK] Joueur 3 est à 2022.12 mètres du groupe ghost
[00:30:25] [CHECK] Joueur 3 est à 4972.47 mètres du groupe demon
[00:30:25] [CHECK] Joueur 3 est à 2637.74 mètres du groupe rude
[00:30:25] [CHECK] Joueur 3 est à 1341.50 mètres du groupe facile
[00:30:25] [CHECK] Joueur 3 est à 2022.12 mètres du groupe ghost
[00:30:35] [CHECK] Joueur 3 est à 4972.47 mètres du groupe demon
[00:30:35] [CHECK] Joueur 3 est à 2637.74 mètres du groupe rude
[00:30:35] [CHECK] Joueur 3 est à 1341.50 mètres du groupe facile
[00:30:35] [CHECK] Joueur 3 est à 2022.12 mètres du groupe ghost
[00:30:45] [CHECK] Joueur 3 est à 4972.47 mètres du groupe demon
[00:30:45] [CHECK] Joueur 3 est à 2637.74 mètres du groupe rude
[00:30:45] [CHECK] Joueur 3 est à 1341.50 mètres du groupe facile
[00:30:45] [CHECK] Joueur 3 est à 2022.12 mètres du groupe ghost
[00:30:55] [CHECK] Joueur 3 est à 4972.47 mètres du groupe demon
[00:30:55] [CHECK] Joueur 3 est à 2637.74 mètres du groupe rude
[00:30:55] [CHECK] Joueur 3 est à 1341.50 mètres du groupe facile
[00:30:55] [CHECK] Joueur 3 est à 2022.12 mètres du groupe ghost
[00:31:05] [CHECK] Joueur 3 est à 4972.47 mètres du groupe demon
[00:31:05] [CHECK] Joueur 3 est à 2637.74 mètres du groupe rude
[00:31:05] [CHECK] Joueur 3 est à 1341.50 mètres du groupe facile
[00:31:05] [CHECK] Joueur 3 est à 2022.12 mètres du groupe ghost
[00:31:15] [CHECK] Joueur 3 est à 4972.47 mètres du groupe demon
[00:31:15] [CHECK] Joueur 3 est à 2637.74 mètres du groupe rude
[00:31:15] [CHECK] Joueur 3 est à 1341.50 mètres du groupe facile
[00:31:15] [CHECK] Joueur 3 est à 2022.12 mètres du groupe ghost
[00:31:25] [CHECK] Joueur 3 est à 4972.47 mètres du groupe demon
[00:31:25] [CHECK] Joueur 3 est à 2637.74 mètres du groupe rude
[00:31:25] [CHECK] Joueur 3 est à 1341.50 mètres du groupe facile
[00:31:25] [CHECK] Joueur 3 est à 2022.12 mètres du groupe ghost
[00:31:35] [CHECK] Joueur 3 est à 4970.66 mètres du groupe demon
[00:31:35] [CHECK] Joueur 3 est à 2633.80 mètres du groupe rude
[00:31:35] [CHECK] Joueur 3 est à 1340.79 mètres du groupe facile
[00:31:35] [CHECK] Joueur 3 est à 2022.43 mètres du groupe ghost
[00:31:45] [CHECK] Joueur 3 est à 4970.66 mètres du groupe demon
[00:31:45] [CHECK] Joueur 3 est à 2633.80 mètres du groupe rude
[00:31:45] [CHECK] Joueur 3 est à 1340.79 mètres du groupe facile
[00:31:45] [CHECK] Joueur 3 est à 2022.43 mètres du groupe ghost
[00:31:55] [CHECK] Joueur 3 est à 4970.66 mètres du groupe demon
[00:31:55] [CHECK] Joueur 3 est à 2633.80 mètres du groupe rude
[00:31:55] [CHECK] Joueur 3 est à 1340.79 mètres du groupe facile
[00:31:55] [CHECK] Joueur 3 est à 2022.43 mètres du groupe ghost
[00:32:05] [CHECK] Joueur 3 est à 4970.66 mètres du groupe demon
[00:32:05] [CHECK] Joueur 3 est à 2633.80 mètres du groupe rude
[00:32:05] [CHECK] Joueur 3 est à 1340.79 mètres du groupe facile
[00:32:05] [CHECK] Joueur 3 est à 2022.43 mètres du groupe ghost
[00:32:15] [CHECK] Joueur 3 est à 4970.66 mètres du groupe demon
[00:32:15] [CHECK] Joueur 3 est à 2633.80 mètres du groupe rude
[00:32:15] [CHECK] Joueur 3 est à 1340.79 mètres du groupe facile
[00:32:15] [CHECK] Joueur 3 est à 2022.43 mètres du groupe ghost
[00:32:25] [CHECK] Joueur 3 est à 4970.66 mètres du groupe demon
[00:32:25] [CHECK] Joueur 3 est à 2633.80 mètres du groupe rude
[00:32:25] [CHECK] Joueur 3 est à 1340.79 mètres du groupe facile
[00:32:25] [CHECK] Joueur 3 est à 2022.43 mètres du groupe ghost
[00:32:36] [CHECK] Joueur 3 est à 4970.66 mètres du groupe demon
[00:32:36] [CHECK] Joueur 3 est à 2633.80 mètres du groupe rude
[00:32:36] [CHECK] Joueur 3 est à 1340.79 mètres du groupe facile
[00:32:36] [CHECK] Joueur 3 est à 2022.43 mètres du groupe ghost
[00:32:46] [CHECK] Joueur 3 est à 4970.66 mètres du groupe demon
[00:32:46] [CHECK] Joueur 3 est à 2633.80 mètres du groupe rude
[00:32:46] [CHECK] Joueur 3 est à 1340.79 mètres du groupe facile
[00:32:46] [CHECK] Joueur 3 est à 2022.43 mètres du groupe ghost
[00:32:56] [CHECK] Joueur 3 est à 4970.66 mètres du groupe demon
[00:32:56] [CHECK] Joueur 3 est à 2633.80 mètres du groupe rude
[00:32:56] [CHECK] Joueur 3 est à 1340.79 mètres du groupe facile
[00:32:56] [CHECK] Joueur 3 est à 2022.43 mètres du groupe ghost
[00:33:06] [CHECK] Joueur 3 est à 4970.66 mètres du groupe demon
[00:33:06] [CHECK] Joueur 3 est à 2633.80 mètres du groupe rude
[00:33:06] [CHECK] Joueur 3 est à 1340.79 mètres du groupe facile
[00:33:06] [CHECK] Joueur 3 est à 2022.43 mètres du groupe ghost
[00:33:16] [CHECK] Joueur 3 est à 4970.66 mètres du groupe demon
[00:33:16] [CHECK] Joueur 3 est à 2633.80 mètres du groupe rude
[00:33:16] [CHECK] Joueur 3 est à 1340.79 mètres du groupe facile
[00:33:16] [CHECK] Joueur 3 est à 2022.43 mètres du groupe ghost
[00:33:26] [CHECK] Joueur 3 est à 4970.66 mètres du groupe demon
[00:33:26] [CHECK] Joueur 3 est à 2633.80 mètres du groupe rude
[00:33:26] [CHECK] Joueur 3 est à 1340.79 mètres du groupe facile
[00:33:26] [CHECK] Joueur 3 est à 2022.43 mètres du groupe ghost
[00:33:36] [CHECK] Joueur 3 est à 4970.66 mètres du groupe demon
[00:33:36] [CHECK] Joueur 3 est à 2633.80 mètres du groupe rude
[00:33:36] [CHECK] Joueur 3 est à 1340.79 mètres du groupe facile
[00:33:36] [CHECK] Joueur 3 est à 2022.43 mètres du groupe ghost
[00:33:46] [CHECK] Joueur 3 est à 4970.66 mètres du groupe demon
[00:33:46] [CHECK] Joueur 3 est à 2633.80 mètres du groupe rude
[00:33:46] [CHECK] Joueur 3 est à 1340.79 mètres du groupe facile
[00:33:46] [CHECK] Joueur 3 est à 2022.43 mètres du groupe ghost
[00:33:56] [CHECK] Joueur 3 est à 4970.66 mètres du groupe demon
[00:33:56] [CHECK] Joueur 3 est à 2633.80 mètres du groupe rude
[00:33:56] [CHECK] Joueur 3 est à 1340.79 mètres du groupe facile
[00:33:56] [CHECK] Joueur 3 est à 2022.43 mètres du groupe ghost
[00:34:06] [CHECK] Joueur 3 est à 4970.66 mètres du groupe demon
[00:34:06] [CHECK] Joueur 3 est à 2633.80 mètres du groupe rude
[00:34:06] [CHECK] Joueur 3 est à 1340.79 mètres du groupe facile
[00:34:06] [CHECK] Joueur 3 est à 2022.43 mètres du groupe ghost
[00:34:16] [CHECK] Joueur 3 est à 4970.66 mètres du groupe demon
[00:34:16] [CHECK] Joueur 3 est à 2633.80 mètres du groupe rude
[00:34:16] [CHECK] Joueur 3 est à 1340.79 mètres du groupe facile
[00:34:16] [CHECK] Joueur 3 est à 2022.43 mètres du groupe ghost
[00:34:26] [CHECK] Joueur 3 est à 4970.66 mètres du groupe demon
[00:34:26] [CHECK] Joueur 3 est à 2633.80 mètres du groupe rude
[00:34:26] [CHECK] Joueur 3 est à 1340.79 mètres du groupe facile
[00:34:26] [CHECK] Joueur 3 est à 2022.43 mètres du groupe ghost
[00:34:37] [CHECK] Joueur 3 est à 4970.66 mètres du groupe demon
[00:34:37] [CHECK] Joueur 3 est à 2633.80 mètres du groupe rude
[00:34:37] [CHECK] Joueur 3 est à 1340.79 mètres du groupe facile
[00:34:37] [CHECK] Joueur 3 est à 2022.43 mètres du groupe ghost
[00:34:47] [CHECK] Joueur 3 est à 4970.66 mètres du groupe demon
[00:34:47] [CHECK] Joueur 3 est à 2633.80 mètres du groupe rude
[00:34:47] [CHECK] Joueur 3 est à 1340.79 mètres du groupe facile
[00:34:47] [CHECK] Joueur 3 est à 2022.43 mètres du groupe ghost
[00:34:57] [CHECK] Joueur 3 est à 4970.66 mètres du groupe demon
[00:34:57] [CHECK] Joueur 3 est à 2633.80 mètres du groupe rude
[00:34:57] [CHECK] Joueur 3 est à 1340.79 mètres du groupe facile
[00:34:57] [CHECK] Joueur 3 est à 2022.43 mètres du groupe ghost
[00:35:07] [CHECK] Joueur 3 est à 4970.66 mètres du groupe demon
[00:35:07] [CHECK] Joueur 3 est à 2633.80 mètres du groupe rude
[00:35:07] [CHECK] Joueur 3 est à 1340.79 mètres du groupe facile
[00:35:07] [CHECK] Joueur 3 est à 2022.43 mètres du groupe ghost
[00:35:17] [CHECK] Joueur 3 est à 4970.66 mètres du groupe demon
[00:35:17] [CHECK] Joueur 3 est à 2633.80 mètres du groupe rude
[00:35:17] [CHECK] Joueur 3 est à 1340.79 mètres du groupe facile
[00:35:17] [CHECK] Joueur 3 est à 2022.43 mètres du groupe ghost
[00:35:27] [CHECK] Joueur 3 est à 4970.66 mètres du groupe demon
[00:35:27] [CHECK] Joueur 3 est à 2633.80 mètres du groupe rude
[00:35:27] [CHECK] Joueur 3 est à 1340.79 mètres du groupe facile
[00:35:27] [CHECK] Joueur 3 est à 2022.43 mètres du groupe ghost
[00:35:37] [CHECK] Joueur 3 est à 4970.66 mètres du groupe demon
[00:35:37] [CHECK] Joueur 3 est à 2633.80 mètres du groupe rude
[00:35:37] [CHECK] Joueur 3 est à 1340.79 mètres du groupe facile
[00:35:37] [CHECK] Joueur 3 est à 2022.43 mètres du groupe ghost
[00:35:47] [CHECK] Joueur 3 est à 4970.66 mètres du groupe demon
[00:35:47] [CHECK] Joueur 3 est à 2633.80 mètres du groupe rude
[00:35:47] [CHECK] Joueur 3 est à 1340.79 mètres du groupe facile
[00:35:47] [CHECK] Joueur 3 est à 2022.43 mètres du groupe ghost
[00:35:57] [CHECK] Joueur 3 est à 4970.66 mètres du groupe demon
[00:35:57] [CHECK] Joueur 3 est à 2633.80 mètres du groupe rude
[00:35:57] [CHECK] Joueur 3 est à 1340.79 mètres du groupe facile
[00:35:57] [CHECK] Joueur 3 est à 2022.43 mètres du groupe ghost
[00:36:07] [CHECK] Joueur 3 est à 4970.66 mètres du groupe demon
[00:36:07] [CHECK] Joueur 3 est à 2633.80 mètres du groupe rude
[00:36:07] [CHECK] Joueur 3 est à 1340.79 mètres du groupe facile
[00:36:07] [CHECK] Joueur 3 est à 2022.43 mètres du groupe ghost
[00:36:17] [CHECK] Joueur 3 est à 4970.66 mètres du groupe demon
[00:36:17] [CHECK] Joueur 3 est à 2633.80 mètres du groupe rude
[00:36:17] [CHECK] Joueur 3 est à 1340.79 mètres du groupe facile
[00:36:17] [CHECK] Joueur 3 est à 2022.43 mètres du groupe ghost
[00:36:28] [CHECK] Joueur 3 est à 4970.66 mètres du groupe demon
[00:36:28] [CHECK] Joueur 3 est à 2633.80 mètres du groupe rude
[00:36:28] [CHECK] Joueur 3 est à 1340.79 mètres du groupe facile
[00:36:28] [CHECK] Joueur 3 est à 2022.43 mètres du groupe ghost
[00:36:38] [CHECK] Joueur 3 est à 4970.66 mètres du groupe demon
[00:36:38] [CHECK] Joueur 3 est à 2633.80 mètres du groupe rude
[00:36:38] [CHECK] Joueur 3 est à 1340.79 mètres du groupe facile
[00:36:38] [CHECK] Joueur 3 est à 2022.43 mètres du groupe ghost
[00:36:48] [CHECK] Joueur 3 est à 4970.66 mètres du groupe demon
[00:36:48] [CHECK] Joueur 3 est à 2633.80 mètres du groupe rude
[00:36:48] [CHECK] Joueur 3 est à 1340.79 mètres du groupe facile
[00:36:48] [CHECK] Joueur 3 est à 2022.43 mètres du groupe ghost
[00:36:58] [CHECK] Joueur 3 est à 4970.66 mètres du groupe demon
[00:36:58] [CHECK] Joueur 3 est à 2633.80 mètres du groupe rude
[00:36:58] [CHECK] Joueur 3 est à 1340.79 mètres du groupe facile
[00:36:58] [CHECK] Joueur 3 est à 2022.43 mètres du groupe ghost
[00:37:08] [CHECK] Joueur 3 est à 4970.66 mètres du groupe demon
[00:37:08] [CHECK] Joueur 3 est à 2633.80 mètres du groupe rude
[00:37:08] [CHECK] Joueur 3 est à 1340.79 mètres du groupe facile
[00:37:08] [CHECK] Joueur 3 est à 2022.43 mètres du groupe ghost
[00:37:18] [CHECK] Joueur 3 est à 4970.66 mètres du groupe demon
[00:37:18] [CHECK] Joueur 3 est à 2633.80 mètres du groupe rude
[00:37:18] [CHECK] Joueur 3 est à 1340.79 mètres du groupe facile
[00:37:18] [CHECK] Joueur 3 est à 2022.43 mètres du groupe ghost
[00:37:28] [CHECK] Joueur 3 est à 4970.66 mètres du groupe demon
[00:37:28] [CHECK] Joueur 3 est à 2633.80 mètres du groupe rude
[00:37:28] [CHECK] Joueur 3 est à 1340.79 mètres du groupe facile
[00:37:28] [CHECK] Joueur 3 est à 2022.43 mètres du groupe ghost
[00:39:38] [CHECK] Joueur 4 est à 5059.08 mètres du groupe demon
[00:39:38] [CHECK] Joueur 4 est à 2346.13 mètres du groupe rude
[00:39:38] [CHECK] Joueur 4 est à 1092.16 mètres du groupe facile
[00:39:38] [CHECK] Joueur 4 est à 2285.24 mètres du groupe ghost
[00:39:48] [CHECK] Joueur 4 est à 5941.43 mètres du groupe demon
[00:39:48] [CHECK] Joueur 4 est à 2442.54 mètres du groupe rude
[00:39:48] [CHECK] Joueur 4 est à 178.88 mètres du groupe facile
[00:39:48] [CHECK] Joueur 4 est à 3268.39 mètres du groupe ghost
[00:39:58] [CHECK] Joueur 4 est à 4970.66 mètres du groupe demon
[00:39:58] [CHECK] Joueur 4 est à 2633.80 mètres du groupe rude
[00:39:58] [CHECK] Joueur 4 est à 1340.79 mètres du groupe facile
[00:39:58] [CHECK] Joueur 4 est à 2022.43 mètres du groupe ghost
[00:40:08] [CHECK] Joueur 4 est à 4970.66 mètres du groupe demon
[00:40:08] [CHECK] Joueur 4 est à 2633.80 mètres du groupe rude
[00:40:08] [CHECK] Joueur 4 est à 1340.79 mètres du groupe facile
[00:40:09] [CHECK] Joueur 4 est à 2022.43 mètres du groupe ghost
[00:40:19] [CHECK] Joueur 4 est à 4972.17 mètres du groupe demon
[00:40:19] [CHECK] Joueur 4 est à 2634.36 mètres du groupe rude
[00:40:19] [CHECK] Joueur 4 est à 1339.59 mètres du groupe facile
[00:40:19] [CHECK] Joueur 4 est à 2023.72 mètres du groupe ghost
[00:40:29] [CHECK] Joueur 4 est à 4973.83 mètres du groupe demon
[00:40:29] [CHECK] Joueur 4 est à 2633.99 mètres du groupe rude
[00:40:29] [CHECK] Joueur 4 est à 1337.64 mètres du groupe facile
[00:40:29] [CHECK] Joueur 4 est à 2025.68 mètres du groupe ghost
[00:40:39] [CHECK] Joueur 4 est à 4973.83 mètres du groupe demon
[00:40:39] [CHECK] Joueur 4 est à 2633.99 mètres du groupe rude
[00:40:39] [CHECK] Joueur 4 est à 1337.64 mètres du groupe facile
[00:40:39] [CHECK] Joueur 4 est à 2025.68 mètres du groupe ghost
[00:40:49] [CHECK] Joueur 4 est à 4973.83 mètres du groupe demon
[00:40:49] [CHECK] Joueur 4 est à 2633.99 mètres du groupe rude
[00:40:49] [CHECK] Joueur 4 est à 1337.64 mètres du groupe facile
[00:40:49] [CHECK] Joueur 4 est à 2025.68 mètres du groupe ghost
[00:40:59] [CHECK] Joueur 4 est à 4973.83 mètres du groupe demon
[00:40:59] [CHECK] Joueur 4 est à 2633.99 mètres du groupe rude
[00:40:59] [CHECK] Joueur 4 est à 1337.64 mètres du groupe facile
[00:40:59] [CHECK] Joueur 4 est à 2025.68 mètres du groupe ghost
[00:41:09] [CHECK] Joueur 4 est à 4973.83 mètres du groupe demon
[00:41:09] [CHECK] Joueur 4 est à 2633.99 mètres du groupe rude
[00:41:09] [CHECK] Joueur 4 est à 1337.64 mètres du groupe facile
[00:41:09] [CHECK] Joueur 4 est à 2025.68 mètres du groupe ghost
[00:41:19] [CHECK] Joueur 4 est à 4973.83 mètres du groupe demon
[00:41:19] [CHECK] Joueur 4 est à 2633.99 mètres du groupe rude
[00:41:19] [CHECK] Joueur 4 est à 1337.64 mètres du groupe facile
[00:41:19] [CHECK] Joueur 4 est à 2025.68 mètres du groupe ghost
[00:41:29] [CHECK] Joueur 4 est à 4975.24 mètres du groupe demon
[00:41:29] [CHECK] Joueur 4 est à 2633.26 mètres du groupe rude
[00:41:29] [CHECK] Joueur 4 est à 1335.70 mètres du groupe facile
[00:41:29] [CHECK] Joueur 4 est à 2027.59 mètres du groupe ghost
[00:41:39] [CHECK] Joueur 4 est à 4975.25 mètres du groupe demon
[00:41:39] [CHECK] Joueur 4 est à 2633.26 mètres du groupe rude
[00:41:39] [CHECK] Joueur 4 est à 1335.69 mètres du groupe facile
[00:41:39] [CHECK] Joueur 4 est à 2027.60 mètres du groupe ghost
